  680556 10/18/95  3:00  1/ 1/** ..... 3   14734   14734       1 NONE        2 OPEN  DIALU TYMNET     PRODIGY         .                   
  688173 11/14/95  2:58  1/ 1/** ..... 2    9473    2170       1 NONE        3 OPEN  XCOM  TYMNET     PRODIGY         -CALLED 12/17       
  689529 11/17/95 16:59  1/ 1/** ..... 3       0       0       1 NONE        2 OPEN  DIALU TYMNET     PRODIGY         .                   
  689555 11/17/95 18:03  1/ 1/** ..... 2   23247   11263       1 NONE        1 OPEN  XCOM  TYMNET     PRODIGY         @DAYS PURSUE        
  697079 12/15/95 13:02  1/ 1/** ..... 1       0    6044       1 NONE        3 OPEN  NODE  TYMNET     PRODIGY                             
  697167 12/15/95 17:36 12/17/95 11:54 2   19570    4447      92 NODE RLOD   1 CLSD  XCOM  TYMNET     PRODIGY         LOAD MIDS           
  697310 12/16/95 12:42  1/ 1/** ..... 3   17351   10600       1 NONE        2 OPEN  DIALU TYMNET     PRODIGY         REINICK             
  697376 12/17/95  0:31  1/ 1/** ..... 3   13552   14111       1 NONE        2 OPEN  DIALU TYMNET     PRODIGY                             
  697408 12/17/95  6:05  1/ 1/** ..... 3   10255   10255       1 NONE        2 OPEN  DIALU TYMNET     PRODIGY                             
  697409 12/17/95  6:11 12/17/95 11:32 3   10122   15170      94 DOCUMENTN   2 CLSD  DIALU TYMNET     PRODIGY                             
  697410 12/17/95  6:12  1/ 1/** ..... 3    2711    2711       1 NONE        2 OPEN  DIALU TYMNET     PRODIGY                             
  697447 12/17/95 17:28  1/ 1/** ..... 3   14317   12314       1 NONE        2 OPEN  DIALU TYMNET     PRODIGY         DFRD TILL 12/18AM   
  680272 10/17/95  3:52 10/17/95 18:25 3   13164       0      95 NTF/CWT     2 CLSD  DIALU TYMNET     PRODIGY END USE                     
  680105 10/16/95 14:36 10/18/95 17:46 3    4725    4725      11 BOARD       2 CLSD  DIALU TYMNET     PRODIGY         .                   
  680467 10/17/95 18:02 10/18/95 16:45 3    3516    3516      16 REPL/ENGN   2 CLSD  DIALU TYMNET     PRODIGY         .                   
  680560 10/18/95  3:17 10/18/95  9:37 3   14717   14717      95 NTF/CWT     2 CLSD  DIALU TYMNET     PRODIGY         .                   
  680842 10/19/95  2:18 10/19/95 15:21 2    1838   12406      31 SYNC MODEM  1 CLSD  XCOM  TYMNET     PRODIGY         !!!!!!              
  681136 10/20/95  1:21 10/20/95  2:13 3   13434   13434      97 REF-OTH-TK  2 CLSD  DIALU TYMNET     PRODIGY                             
  681387 10/20/95 17:02 10/21/95  2:11 3   14650   14650      30 ASYC MODEM  2 CLSD  DIALU TYMNET     PRODIGY         .                   
  681576 10/21/95  9:05 10/21/95 20:49 3   10574   10574      30 ASYC MODEM  2 CLSD  DIALU TYMNET     PRODIGY         .                   
  681636 10/21/95 18:02 10/21/95 19:35 3   12236    2501      43 CHANGE      2 CLSD  DIALU TYMNET     PRODIGY         .                   
  680772 10/18/95 19:25 10/23/95 18:14 3    7175   14277      50 DIAL-UP     2 CLSD  DIALU TYMNET     PRODIGY         .                   
  681759 10/22/95 16:28 10/23/95  3:48 3    4475    4475      30 ASYC MODEM  2 CLSD  DIALU TYMNET     PRODIGY         HOWARD CLARK        
  681794 10/22/95 23:38 10/23/95 18:03 3    3054    3054      30 ASYC MODEM  2 CLSD  DIALU TYMNET     PRODIGY                             
  681795 10/23/95  0:06 10/23/95 19:19 3    6362    6362      30 ASYC MODEM  2 CLSD  DIALU TYMNET     PRODIGY         STEVE VEST          
  681983 10/23/95 14:02 10/23/95 14:46 3    4751    4751      92 NODE RLOD   2 CLSD  DIALU TYMNET     PRODIGY                             
  682013 10/23/95 15:31 10/23/95 16:21 3   15413   15413      95 NTF/CWT     2 CLSD  DIALU TYMNET     PRODIGY         MAG/PRODIGY         
  682059 10/23/95 18:46 10/23/95 22:03 3   10122   15170      31 SYNC MODEM  2 CLSD  DIALU TYMNET     PRODIGY                             
  680125 10/16/95 15:19 10/24/95 17:05 3   13625   13625      80 PROJECT     2 CLSD  DIALU TYMNET     PRODIGY         PLS CLS/10-24       
  682155 10/24/95  2:31 10/24/95  3:55 2    8943   16776      90 SLT RLOD    1 CLSD  XCOM  TYMNET     PRODIGY                             
  682188 10/24/95  5:30 10/24/95  6:02 1       0    4722      92 NODE RLOD   1 CLSD  NODE  TYMNET     PRODIGY                             
  682200 10/24/95  6:25 10/25/95 18:27 1       0   17363     101 HUMAN ERR   1 CLSD  NODE  TYMNET     PRODIGY         .                   
  682757 10/25/95 15:06 10/25/95 17:32 3    4513       0      97 REF-OTH-TK  2 CLSD  DIALU TYMNET     PRODIGY                             
  682100 10/23/95 21:50 10/26/95 17:08 3       0    2431     101 HUMAN ERR   1 CLSD  DIALU TYMNET     PRODIGY         CALL GTE BUS OFF    
  682916 10/26/95  0:29 10/26/95  4:14 2   19085    7131      98 CWT         1 CLSD  XCOM  TYMNET     PRODIGY         .                   
  682969 10/26/95  6:52 10/26/95 18:25 3    4475    4475      30 ASYC MODEM  2 CLSD  DIALU TYMNET     PRODIGY         SPRINGFLD, IL       
  682103 10/23/95 21:56 10/27/95 19:05 3    7455    7455      30 ASYC MODEM  2 CLSD  DIALU TYMNET     PRODIGY                             
  682917 10/26/95  0:26 10/27/95 15:04 3    7060    7060      30 ASYC MODEM  2 CLSD  DIALU TYMNET     PRODIGY         DAN MCLAUGHLIN      
  683580 10/27/95 21:16 10/28/95 21:02 3   14222   14222      93 NDUMP&RLOD  1 CLSD  DIALU TYMNET     PRODIGY         .                   
  683659 10/28/95  9:55 10/28/95 15:29 1       0    7026      94 DOCUMENTN   1 CLSD  NODE  TYMNET     PRODIGY         PLS ACCEPT          
  683278 10/27/95  3:31 10/29/95 15:25 3    5727    3774      30 ASYC MODEM  1 CLSD  DIALU TYMNET     PRODIGY         TRY CLS 10/29       
  683686 10/28/95 17:42 10/29/95  4:58 3   14172   14172      97 REF-OTH-TK  2 CLSD  DIALU TYMNET     PRODIGY         DAVE BRESNAY        
  683745 10/29/95  5:17 10/29/95 15:44 1       0   11276      97 REF-OTH-TK  1 CLSD  NODE  TYMNET     PRODIGY                             
  682932 10/26/95  2:34 10/30/95 20:34 3    7666    7666      30 ASYC MODEM  2 CLSD  DIALU TYMNET     PRODIGY                             
  683233 10/26/95 22:46 10/30/95  2:57 3   12477   12477      30 ASYC MODEM  2 CLSD  DIALU TYMNET     PRODIGY                             
  683591 10/27/95 23:25 10/30/95  5:28 3   11054   11054       1 NONE        2 CLSD  DIALU TYMNET     PRODIGY                             
  683868 10/30/95  6:13 10/30/95 20:19 3   13572   14121      30 ASYC MODEM  2 CLSD  DIALU TYMNET     PRODIGY         TIM WOELBLING       
  653865  7/10/95 22:18 11/ 1/95 17:20 2   19087   13562      44 DOWNTIME    3 CLSD  XCOM  TYMNET     PRODIGY         $CM2CLBK            
  658587  7/26/95  8:12 11/ 1/95 18:45 2   10164   12435      94 DOCUMENTN   3 CLSD  XCOM  TYMNET     PRODIGY                             
  681052 10/19/95 16:53 11/ 1/95 15:59 2    5948   13563      90 SLT RLOD    1 CLSD  XCOM  TYMNET     PRODIGY         .                   
  682106 10/23/95 22:16 11/ 1/95 20:05 2   12323   14503      42 HWARE/VNDR  3 CLSD  XCOM  TYMNET     PRODIGY         PRODIGY2CB          
  684526 11/ 1/95  7:17 11/ 1/95 10:48 1       0    5253     101 HUMAN ERR   1 CLSD  ISIS  TYMNET     PRODIGY                             
  684595 11/ 1/95 13:28 11/ 1/95 14:22 1       0   10147     100 P/L RESET   1 CLSD  ISIS  TYMNET     PRODIGY                             
  684606 11/ 1/95 14:15 11/ 1/95 14:47 1       0    7171     100 P/L RESET   1 CLSD  ISIS  TYMNET     PRODIGY                             
  684646 11/ 1/95 16:29 11/ 1/95 17:12 1       0   15613     100 P/L RESET   1 CLSD  NODE  TYMNET     PRODIGY                             
  683735 10/29/95  3:12 11/ 2/95 20:03 3    4340    4340      30 ASYC MODEM  2 CLSD  DIALU TYMNET     PRODIGY         .                   
  684762 11/ 2/95  1:23 11/ 2/95 17:58 3   15461   15461      30 ASYC MODEM  2 CLSD  DIALU TYMNET     PRODIGY         D.WALSH             
  684796 11/ 2/95  3:49 11/ 2/95 23:15 3   13772   13772      30 ASYC MODEM  2 CLSD  DIALU TYMNET     PRODIGY                             
  684827 11/ 2/95  7:00 11/ 2/95 17:57 3    5734   13357      10 PWR SUPPLY  2 CLSD  DIALU TYMNET     PRODIGY                             
  684997 11/ 2/95 16:57 11/ 2/95 21:03 3    7060    7060      97 REF-OTH-TK  1 CLSD  DIALU TYMNET     PRODIGY         ED IVY              
  685076 11/ 2/95 22:43 11/ 3/95 21:33 3   14066   14066      30 ASYC MODEM  2 CLSD  DIALU TYMNET     PRODIGY         .                   
  685290 11/ 3/95 15:14 11/ 3/95 23:45 3   14252   14252      95 NTF/CWT     2 CLSD  DIALU TYMNET     PRODIGY         J.GRIX              
  685453 11/ 4/95  5:29 11/ 4/95  5:51 3   13172   13172      80 PROJECT     2 CLSD  DIALU TYMNET     PRODIGY                             
  685531 11/ 4/95 19:44 11/ 5/95  2:49 3    4722    4722      95 NTF/CWT     2 CLSD  DIALU TYMNET     PRODIGY         DAVE MALMBERG       
  685585 11/ 5/95  4:38 11/ 5/95  5:09 3    7455    7455      30 ASYC MODEM  2 CLSD  DIALU TYMNET     PRODIGY                             
  685640 11/ 5/95 19:43 11/ 6/95  6:28 3   16746   14160     101 HUMAN ERR   2 CLSD  DIALU TYMNET     PRODIGY                             
  684183 10/31/95  2:48 11/ 7/95  2:07 3    3457    3457      30 ASYC MODEM  2 CLSD  DIALU TYMNET     PRODIGY         JP MOORE            
  685668 11/ 6/95  0:19 11/ 7/95  2:31 3    2163   12361      30 ASYC MODEM  2 CLSD  DIALU TYMNET     PRODIGY                             
  685682 11/ 6/95  1:51 11/ 7/95 16:00 3    7712    3114      30 ASYC MODEM  2 CLSD  DIALU TYMNET     PRODIGY         JEFF GREENER        
  686328 11/ 7/95 16:28 11/ 8/95 23:53 3    6003    5773      30 ASYC MODEM  2 CLSD  DIALU TYMNET     PRODIGY         .                   
  685004 11/ 2/95 17:17 11/ 9/95 17:22 2   19085    7131      20 CONFIG CHG  1 CLSD  XCOM  TYMNET     PRODIGY         TRY 2 CL 11/10      
  686450 11/ 8/95  2:20 11/ 9/95  3:23 3   14151   14151      30 ASYC MODEM  2 CLSD  DIALU TYMNET     PRODIGY         M.DORIAN            
  686701 11/ 8/95 17:26 11/ 9/95  2:06 3    2301    2301      31 SYNC MODEM  2 CLSD  DIALU TYMNET     PRODIGY         .                   
  684681 11/ 1/95 18:43 11/10/95 17:28 3   15377   15377      50 DIAL-UP     2 CLSD  DIALU TYMNET     PRODIGY         .                   
  686824 11/ 9/95  3:23 11/10/95 15:39 3   13164       0      30 ASYC MODEM  2 CLSD  DIALU TYMNET     PRODIGY ENDUSER SIOUX CITY IA       
  687344 11/10/95 15:50 11/10/95 20:23 2   23140    7131      31 SYNC MODEM  1 CLSD  XCOM  TYMNET     PRODIGY         DAN MCLAULIN        
  687423 11/10/95 19:35 11/10/95 22:49 3    5603    5603      30 ASYC MODEM  2 CLSD  DIALU TYMNET     PRODIGY         .                   
  686871 11/ 9/95  7:24 11/11/95  0:30 1       0    2640      92 NODE RLOD   1 CLSD  ISIS  TYMNET     PRODIGY         CLOSE 11/10         
  687437 11/10/95 20:17 11/11/95  2:15 3   14161   11430      95 NTF/CWT     2 CLSD  DIALU TYMNET     PRODIGY                             
  687524 11/11/95  7:08 11/11/95  9:21 1       0   11452      98 CWT         1 CLSD  NODE  TYMNET     PRODIGY                             
  687575 11/11/95 15:07 11/11/95 16:41 3   14501   14501      92 NODE RLOD   1 CLSD  DIALU TYMNET     PRODIGY                             
  687669 11/12/95 11:31 11/12/95 14:22 3   15412   15412      97 REF-OTH-TK  2 CLSD  DIALU TYMNET     PRODIGY         LOOK DUP TKT        
  687699 11/12/95 14:16 11/12/95 15:16 3       0    6106      97 REF-OTH-TK  2 CLSD  DIALU TYMNET     PRODIGY                             
  687709 11/12/95 15:20 11/12/95 16:54 3    6013    6013      97 REF-OTH-TK  2 CLSD  DIALU TYMNET     PRODIGY                             
  687745 11/12/95 22:13 11/13/95  0:14 3    7272    7272     100 P/L RESET   2 CLSD  DIALU TYMNET     PRODIGY                             
  687751 11/12/95 23:06 11/12/95 23:13 3    4713    4713     100 P/L RESET   2 CLSD  DIALU TYMNET     PRODIGY                             
  687602 11/11/95 18:41 11/13/95 23:52 3   14151   14151      30 ASYC MODEM  2 CLSD  DIALU TYMNET     PRODIGY         .                   
  687677 11/12/95 12:08 11/13/95 23:25 3   13560    4153      30 ASYC MODEM  2 CLSD  DIALU TYMNET     PRODIGY         SAMMY 11:AM         
  687776 11/13/95  1:22 11/13/95  5:13 3   14470   14470      95 NTF/CWT     2 CLSD  DIALU TYMNET     PRODIGY                             
  687808 11/13/95  4:26 11/13/95 19:42 3   14066   14066      30 ASYC MODEM  2 CLSD  DIALU TYMNET     PRODIGY         DEF TIL 11/13       
  687653 11/12/95  6:53 11/14/95 18:31 3    7675    7675      30 ASYC MODEM  2 CLSD  DIALU TYMNET     PRODIGY                             
  687674 11/12/95 11:57 11/14/95 16:48 3    4751    4751      30 ASYC MODEM  2 CLSD  DIALU TYMNET     PRODIGY         CLARK 9:AM          
  687846 11/13/95  8:14 11/15/95  0:50 3    7157    7157      30 ASYC MODEM  2 CLSD  DIALU TYMNET     PRODIGY                             
  688099 11/13/95 21:27 11/15/95  2:54 3   14734   14734      30 ASYC MODEM  2 CLSD  DIALU TYMNET     PRODIGY         JACK PIERSON!!!!!   
  688332 11/14/95 14:15 11/15/95  1:25 3    5671    5671      30 ASYC MODEM  2 CLSD  DIALU TYMNET     PRODIGY         DENNIS WALSH        
  688336 11/14/95 14:33 11/14/95 14:50 1       0    4255      97 REF-OTH-TK  1 CLSD  NODE  TYMNET     PRODIGY                             
  688614 11/15/95  0:48 11/15/95  2:12 3   14507   14507      97 REF-OTH-TK  2 CLSD  DIALU TYMNET     PRODIGY                             
  688510 11/14/95 20:17 11/16/95  0:08 3   14507   14507      95 NTF/CWT     2 CLSD  DIALU TYMNET     PRODIGY         .                   
  689176 11/16/95 16:00 11/16/95 20:39 3   14174   14174      92 NODE RLOD   1 CLSD  DIALU TYMNET     PRODIGY         .                   
  689007 11/16/95  3:33 11/17/95  7:53 3   12024   12024      95 NTF/CWT     2 CLSD  DIALU TYMNET     PRODIGY         GIL/PRODIGY/TU      
  689318 11/17/95  2:48 11/17/95 17:51 3   11052   11052      30 ASYC MODEM  2 CLSD  DIALU TYMNET     PRODIGY                             
  689630 11/18/95  0:33 11/18/95  4:15 3       0   16642      95 NTF/CWT     2 CLSD  DIALU TYMNET     PRODIGY                             
  689658 11/18/95  4:20 11/18/95 17:26 3    4713    4713      95 NTF/CWT     2 CLSD  DIALU TYMNET     PRODIGY         ERIC H.             
  689725 11/18/95 20:25 11/18/95 23:08 1       0    7340      92 NODE RLOD   1 CLSD  NODE  TYMNET     PRODIGY         HOWARD CLARK        
  689636 11/18/95  2:02 11/19/95 23:05 2   23274   17401      11 BOARD       2 CLSD  XCOM  TYMNET     PRODIGY         TOMMY CULBERSON.    
  689799 11/19/95 11:49 11/19/95 20:35 2   23298   10602      42 HWARE/VNDR  1 CLSD  XCOM  TYMNET     PRODIGY         JOHN M              
  689807 11/19/95 13:22 11/19/95 15:20 3    2617    2617      92 NODE RLOD   1 CLSD  DIALU TYMNET     PRODIGY                             
  689726 11/18/95 20:30 11/20/95 17:13 3   11014   11014      30 ASYC MODEM  2 CLSD  DIALU TYMNET     PRODIGY         WACO TX             
  689749 11/19/95  0:22 11/20/95 19:54 3    7306    7306      30 ASYC MODEM  2 CLSD  DIALU TYMNET     PRODIGY         ROCK ISL DIALUP     
  689775 11/19/95  3:53 11/20/95 17:11 1       0    6022      92 NODE RLOD   1 CLSD  NODE  TYMNET     PRODIGY         M OSTEEN            
  689920 11/20/95  6:07 11/20/95 17:19 3    4220    4220      30 ASYC MODEM  2 CLSD  DIALU TYMNET     PRODIGY         11/20 AM 9EST       
  689950 11/20/95  7:58 11/20/95 10:08 3   11254   11254      92 NODE RLOD   2 CLSD  DIALU TYMNET     PRODIGY                             
  689499 11/17/95 15:43 11/21/95 23:00 1   23273   17401      90 SLT RLOD    1 CLSD  XCOM  TYMNET     PRODIGY         .                   
  689567 11/17/95 18:30 11/21/95 20:03 3   13572   14121      30 ASYC MODEM  2 CLSD  DIALU TYMNET     PRODIGY         .                   
  690437 11/21/95 13:23 11/21/95 19:21 1       0    3137      95 NTF/CWT     1 CLSD  NODE  TYMNET     PRODIGY         NODE DOWN           
  690490 11/21/95 15:17 11/21/95 19:47 3    4770    4770      98 CWT         2 CLSD  DIALU TYMNET     PRODIGY         BOB LUKAS           
  690268 11/21/95  4:23 11/22/95  7:41 3   13552   14111      30 ASYC MODEM  2 CLSD  DIALU TYMNET     PRODIGY                             
  690612 11/21/95 21:14 11/22/95  3:43 3    7126    7126      30 ASYC MODEM  2 CLSD  DIALU TYMNET     PRODIGY         .                   
  690843 11/22/95 15:11 11/22/95 16:09 3   14650   14650      20 CONFIG CHG  2 CLSD  DIALU TYMNET     PRODIGY                             
  690858 11/22/95 16:17 11/23/95 16:25 3    6754    6754      30 ASYC MODEM  2 CLSD  DIALU TYMNET     PRODIGY                             
  690936 11/22/95 21:27 11/24/95 22:28 3   14734   14734      97 REF-OTH-TK  2 CLSD  DIALU TYMNET     PRODIGY         M.RENSIMER          
  691527 11/25/95  3:04 11/25/95 15:03 3   11015   11015      95 NTF/CWT     2 CLSD  DIALU TYMNET     PRODIGY                             
  691530 11/25/95  3:11 11/25/95  5:57 3    3204    3204      30 ASYC MODEM  2 CLSD  DIALU TYMNET     PRODIGY                             
  691541 11/25/95  6:18 11/25/95  7:17 1       0    4722      92 NODE RLOD   1 CLSD  NODE  TYMNET     PRODIGY                             
  691602 11/25/95 17:43 11/25/95 18:17 1       0    5671      97 REF-OTH-TK  1 CLSD  DIALU TYMNET     PRODIGY         NODE DOWN!!         
  691613 11/25/95 20:26 11/26/95  2:59 1       0    4722      95 NTF/CWT     1 CLSD  NODE  TYMNET     PRODIGY         MONITOR 03:00       
  691666 11/26/95  4:27 11/26/95 13:59 3    4722    4722      92 NODE RLOD   2 CLSD  DIALU TYMNET     PRODIGY                             
  690267 11/21/95  4:21 11/27/95 21:48 3    4330    4330      12 CABLE       2 CLSD  DIALU TYMNET     PRODIGY         DAN MCLAUGHLI8N     
  691381 11/24/95 14:00 11/27/95 19:18 1       0   15267      30 ASYC MODEM  2 CLSD  DIALU TYMNET     PRODIGY         DEFERRED/MONDAY     
  691629 11/25/95 22:19 11/27/95 19:09 3   15304   11326      30 ASYC MODEM  2 CLSD  DIALU TYMNET     PRODIGY         11/27 CANADA        
  691731 11/26/95 23:32 11/27/95  0:25 3   15525   15525      30 ASYC MODEM  2 CLSD  DIALU TYMNET     PRODIGY                             
  691750 11/27/95  2:10 11/27/:43 3   11273   11273      30 ASYC MODEM  2 CLSD  DIALU TYMNET     PRODIGY                             
  691797 11/27/95  5:20 11/27/95 15:01 3   13164       0      95 NTF/CWT     2 CLSD  DIALU TYMNET     PRODIGY/ENDUSER 9AM 11/27 9AM       
  691712 11/26/95 19:55 11/28/95 20:21 3    3775    3775      30 ASYC MODEM  2 CLSD  DIALU TYMNET     PRODIGY         JOHN FORD           
  691725 11/26/95 23:15 11/28/95 12:55 3   12513    5753      30 ASYC MODEM  2 CLSD  DIALU TYMNET     PRODIGY         GARY MACK           
  691732 11/26/95 23:46 11/28/95 20:24 3   13110   13110      30 ASYC MODEM  2 CLSD  DIALU TYMNET     PRODIGY                             
  692070 11/28/95  0:54 11/28/95 21:05 3   11267   11267      30 ASYC MODEM  2 CLSD  DIALU TYMNET     PRODIGY                             
  692293 11/28/95 18:19 11/28/95 19:32 1       0    7465      98 CWT         1 CLSD  NODE  TYMNET     PRODIGY                             
  691798 11/27/95  5:28 11/29/95 21:45 3    7272    7272      92 NODE RLOD   2 CLSD  DIALU TYMNET     PRODIGY         .                   
  692349 11/28/95 20:38 11/29/95  3:41 3   13724   13724      95 NTF/CWT     2 CLSD  DIALU TYMNET     PRODIGY         .                   
  692592 11/29/95 15:14 11/29/95 16:30 3   15613   15613     100 P/L RESET   2 CLSD  DIALU TYMNET     PRODIGY         NWEST..MON !!       
  692614 11/29/95 16:13 11/29/95 17:00 1       0    4722      92 NODE RLOD   1 CLSD  NODE  TYMNET     PRODIGY                             
  692694 11/29/95 19:46 11/29/95 23:31 2   12639   12431      80 PROJECT     1 CLSD  XCOM  TYMNET     PRODIGY                             
  692221 11/28/95 15:20 11/30/95 13:52 3   15504   15504      50 DIAL-UP     2 CLSD  DIALU TYMNET     PRODIGY         @DAYS CLOSE         
  693018 11/30/95 17:18 11/30/95 19:01 1       0    5253      97 REF-OTH-TK  1 CLSD  NODE  TYMNET     PRODIGY                             
  692749 11/30/95  0:40 12/ 1/95  5:34 3    7005    7005      30 ASYC MODEM  2 CLSD  DIALU TYMNET     PRODIGY         KENOSHA, WI         
  693056 11/30/95 18:59 12/ 1/95 19:46 3    5253    5253      30 ASYC MODEM  2 CLSD  DIALU TYMNET     PRODIGY         .                   
  693114 11/30/95 22:53 12/ 1/95 22:55 3   13625   13625      30 ASYC MODEM  2 CLSD  DIALU TYMNET     PRODIGY         .                   
  693638 12/ 3/95 11:11 12/ 3/95 15:30 3   11452   11452      50 DIAL-UP     2 CLSD  DIALU TYMNET     PRODIGY         .                   
  691000 11/23/95  3:45 12/ 4/95 18:47 3   13620   13620      30 ASYC MODEM  2 CLSD  DIALU TYMNET     PRODIGY         11/23 8AM EDT       
  693420 12/ 1/95 17:59 12/ 5/95  0:00 3    2347    2347      30 ASYC MODEM  2 CLSD  DIALU TYMNET     PRODIGY         BILL GROVER         
  693687 12/ 3/95 20:14 12/ 4/95 16:56 3   16324   16324      30 ASYC MODEM  2 CLSD  DIALU TYMNET     PRODIGY                             
  693696 12/ 3/95 21:59 12/ 4/95 18:29 3    7455    7455      30 ASYC MODEM  2 CLSD  DIALU TYMNET     PRODIGY         JERRY MON AM        
  694001 12/ 4/95 23:17 12/ 5/95  0:08 1       0    6221      97 REF-OTH-TK  1 CLSD  NODE  TYMNET     PRODIGY                             
  693755 12/ 4/95  6:29 12/ 5/95  3:34 3    4513    4513      30 ASYC MODEM  2 CLSD  DIALU TYMNET     PRODIGY                             
  693900 12/ 4/95 15:08 12/ 5/95 19:24 3    4757    4757      30 ASYC MODEM  2 CLSD  DIALU TYMNET     PRODIGY                             
  694029 12/ 5/95  1:18 12/ 5/95  7:29 3   12320   12320      92 NODE RLOD   1 CLSD  DIALU TYMNET     PRODIGY         PURSUE 11:00PM      
  694066 12/ 5/95  3:06 12/ 5/95 21:08 2   14261    3137     101 HUMAN ERR   1 CLSD  XCOM  TYMNET     PRODIGY         .ATN: DCM           
  694067 12/ 5/95  3:10 12/ 5/95  3:55 2   12695   10573      97 REF-OTH-TK  1 CLSD  XCOM  TYMNET     PRODIGY                             
  694208 12/ 5/95 13:34 12/ 5/95 21:09 3   12320   12320      80 PROJECT     2 CLSD  DIALU TYMNET     PRODIGY         .                   
  682292 10/24/95 13:01 12/ 6/95 16:04 3   14703   14703     101 HUMAN ERR   4 CLSD  DIALU TYMNET     PRODIGY         BELIOT, WI          
  694099 12/ 5/95  6:20 12/ 6/95  3:26 3   13774   13774      80 PROJECT     2 CLSD  DIALU TYMNET     PRODIGY         GARY MACK           
  689912 11/20/95  4:53 12/ 7/95 18:58 3   14470   14470      11 BOARD       2 CLSD  DIALU TYMNET     PRODIGY         TIM WOELBLING       
  692745 11/29/95 23:45 12/ 7/95 20:22 2   12323   14503      95 NTF/CWT     1 CLSD  XCOM  TYMNET     PRODIGY         STEVE FEMINELLA     
  693720 12/ 4/95  2:13 12/ 7/95 19:33 3   10273   13606      30 ASYC MODEM  2 CLSD  DIALU TYMNET     PRODIGY         LINCOLN, NEB.       
  694367 12/ 5/95 22:13 12/ 7/95 14:25 2    4193    7144      43 CHANGE      1 CLSD  XCOM  TYMNET     PRODIGY         #DAYS PURSUE        
  694791 12/ 7/95 13:46 12/ 7/95 14:30 1       0   12513      97 REF-OTH-TK  1 CLSD  ISIS  TYMNET     PRODIGY                             
  689182 11/16/95 16:18 12/ 8/95 19:31 2   12663   17373      62 VALIDATION  1 CLSD  XCOM  TYMNET     PRODIGY         [DAYS PURSUE]       
  693995 12/ 4/95 23:05 12/ 8/95 14:29 2   13770   13563      91 SDUMP&RLOD  1 CLSD  XCOM  TYMNET     PRODIGY         ATTN RANDY          
  694930 12/ 8/95  1:37 12/ 8/95 15:03 2    5945   12014      11 BOARD       2 CLSD  XCOM  TYMNET     PRODIGY         .                   
  694960 12/ 8/95  4:03 12/ 8/95 22:38 1       0   12007      90 SLT RLOD    2 CLSD  NODE  TYMNET     PRODIGY         .                   
  695060 12/ 8/95 12:37 12/ 8/95 21:43 3    2711    2711      30 ASYC MODEM  2 CLSD  DIALU TYMNET     PRODIGY         .                   
  695237 12/ 9/95  0:19 12/ 9/95 14:36 3    5727    5727      95 NTF/CWT     2 CLSD  DIALU TYMNET     PRODIGY         .                   
  695386 12/10/95  0:58 12/10/95 14:45 3   12460   12460      92 NODE RLOD   2 CLSD  DIALU TYMNET     PRODIGY         .                   
  695408 12/10/95  5:28 12/10/95 16:21 3       0       0      95 NTF/CWT     2 CLSD  DIALU TYMNET     PRODIGY                             
  695411 12/10/95  6:00 12/10/95 21:20 3    7455    7455      30 ASYC MODEM  2 CLSD  DIALU TYMNET     PRODIGY         .                   
  695459 12/10/95 18:33 12/10/95 18:42 1       0    4107      97 REF-OTH-TK  1 CLSD  NODE  TYMNET     PRODIGY                             
  695300 12/ 9/95  8:59 12/11/95 20:59 3   13354   13354      30 ASYC MODEM  2 CLSD  DIALU TYMNET     PRODIGY         .                   
  695410 12/10/95  5:33 12/11/95  3:36 3    7666    7666      30 ASYC MODEM  2 CLSD  DIALU TYMNET     PRODIGY         DAVID MCDANIEL      
  695484 12/10/95 21:07 12/11/95 10:38 3   10133   10133     100 P/L RESET   2 CLSD  DIALU TYMNET     PRODIGY         BUDDY WINGARD       
  690175 11/20/95 19:25 12/12/95 18:48 3   10600   10600      11 BOARD       2 CLSD  DIALU TYMNET     PRODIGY         PHILLIP SANCHEZ     
  695220 12/ 8/95 23:41 12/12/95  6:59 2   16951    4447      20 CONFIG CHG  2 CLSD  XCOM  TYMNET     PRODIGY         CLS 6 PM EST 12/11  
  695299 12/ 9/95  9:01 12/12/95 16:21 3   10601   14015      30 ASYC MODEM  2 CLSD  DIALU TYMNET     PRODIGY         .                   
  695586 12/11/95  8:14 12/12/95 19:45 3   11753   11753      30 ASYC MODEM  2 CLSD  DIALU TYMNET     PRODIGY                             
  695857 12/11/95 23:13 12/12/95 20:46 3   13303   13303      30 ASYC MODEM  2 CLSD  DIALU TYMNET     PRODIGY         CARBONDALE, IL.     
  695461 12/10/95 18:52 12/13/95 19:06 3   14142   14142      50 DIAL-UP     2 CLSD  DIALU TYMNET     PRODIGY         DEFRRD 12/11        
  695541 12/11/95  3:57 12/13/95  1:40 3   12425   12425      30 ASYC MODEM  2 CLSD  DIALU TYMNET     PRODIGY         .                   
  695489 12/10/95 22:12 12/14/95  2:54 3   12534   12534      30 ASYC MODEM  2 CLSD  DIALU TYMNET     PRODIGY                             
  696465 12/13/95 17:25 12/14/95 16:06 2   19570    4447      42 HWARE/VNDR  1 CLSD  XCOM  TYMNET     PRODIGY         MAG/PRODIGY         
  696652 12/14/95  8:04 12/14/95 15:11 3   10255   10255      95 NTF/CWT     2 CLSD  DIALU TYMNET     PRODIGY         RAJ/PRODIGY         
  695833 12/11/95 21:17 12/15/95 14:36 3   10353   10353      30 ASYC MODEM  2 CLSD  DIALU TYMNET     PRODIGY         .                   
  696632 12/14/95  6:28 12/15/95 20:22 3    7457    7457      30 ASYC MODEM  2 CLSD  DIALU TYMNET     PRODIGY         LOU QUINTINO        
  696952 12/15/95  3:32 12/15/95 10:26 1       0   12007      92 NODE RLOD   1 CLSD  NODE  TYMNET     PRODIGY         MONITOR             
  696950 12/15/95  3:42 12/15/95  4:12 2   23258    5275      20 CONFIG CHG  1 CLSD  XCOM  TYMNET     PRODIGY                             
  696958 12/15/95  3:46 12/15/95  4:12 2   23257    5275      20 CONFIG CHG  1 CLSD  XCOM  TYMNET     PRODIGY                             
  696968 12/15/95  6:04 12/15/95 10:23 3   17351   10600      95 NTF/CWT     2 CLSD  DIALU TYMNET     PRODIGY                             
  664398  8/17/95  3:37  1/ 1/** ..... 3   11251   11251       1 NONE        2 OPEN  DIALU TYMNET     PRODIGY         TAR/AOL ENDLOSER    
  680346 10/17/95 10:15 10/17/95 20:12 1       0   13256      92 NODE RLOD   1 CLSD  ISIS  TYMNET     PRODIGY         CM2CB2CLS           
  680500 10/17/95 21:54 10/17/95 23:20 1       0    7404      92 NODE RLOD   1 CLSD  NODE  TYMNET     PRODIGY         .                   
  680275 10/17/95  4:44 10/18/95 20:49 1       0   11752      52 DIGITAL     1 CLSD  ISIS  TYMNET     PRODIGY         .                   
  680375 10/17/95 12:44 10/18/95 20:44 3    6003    5773      92 NODE RLOD   2 CLSD  DIALU TYMNET     PRODIGY         .                   
  680496 10/17/95 21:29 10/18/95 13:32 1       0   11430      71 UNSCHD OUT  1 CLSD  NODE  TYMNET     PRODIGY         PLS CLSD/10-18      
  680516 10/18/95  0:03 10/18/95  7:28 1       0    7404      71 UNSCHD OUT  1 CLSD  NODE  TYMNET     PRODIGY         .                   
  680710 10/18/95 15:59 10/19/95 17:27 3    7206    2326      12 CABLE       1 CLSD  DIALU TYMNET     PRODIGY         .                   
  681093 10/19/95 19:33 10/19/95 22:30 1       0   10560      92 NODE RLOD   1 CLSD  NODE  TYMNET     PRODIGY         .                   
  681032 10/19/95 15:54 10/20/95 21:42 1       0   11753      93 NDUMP&RLOD  1 CLSD  NODE  TYMNET     PRODIGY         .                   
  681058 10/19/95 17:11 10/21/95 19:32 1       0    3547      51 ANALOG      1 CLSD  NODE  TYMNET     PRODIGY         .                   
  681774 10/22/95 19:41 10/23/95  2:26 1       0    2565      71 UNSCHD OUT  1 CLSD  ISIS  TYMNET     PRODIGY         .                   
  681815 10/23/95  2:39 10/23/95  8:45 1       0   10516      72 CUST. SITE  1 CLSD  ISIS  TYMNET     PRODIGY         &PRODIGY 2CLBK      
  681974 10/23/95 13:35 10/23/95 18:57 1       0    4504      71 UNSCHD OUT  1 CLSD  ISIS  TYMNET     PRODIGY         SAMMY LEUNG         
  682263 10/24/95 11:00 10/24/95 22:33 1       0    7650      93 NDUMP&RLOD  1 CLSD  ISIS  TYMNET     PRODIGY         I/H ALAN C ???      
  682288 10/24/95 12:47 10/24/95 14:41 1       0   14215     100 P/L RESET   1 CLSD  DIALU TYMNET     PRODIGY                             
  682289 10/24/95 12:56 10/24/95 15:35 1       0    3643      71 UNSCHD OUT  1 CLSD  ISIS  TYMNET     PRODIGY         JOHN GRIX           
  682400 10/24/95 17:52 10/26/95 15:03 3   10255   10255      30 ASYC MODEM  2 CLSD  DIALU TYMNET     PRODIGY         10/26AM CALL CM     
  682706 10/25/95 13:03 10/26/95 14:47 1       0    7507      71 UNSCHD OUT  1 CLSD  ISIS  TYMNET     PRODIGY         !!!!!!              
  682888 10/25/95 22:12 10/26/95  5:25 1       0    2630      92 NODE RLOD   1 CLSD  NODE  TYMNET     FPRODIGY        .                   
  682753 10/25/95 14:58 10/27/95  0:23 3    4513    4513      50 DIAL-UP     2 CLSD  DIALU TYMNET     PRODIGY         .                   
  683219 10/26/95 20:55 10/27/95  3:50 1       0    3774      93 NDUMP&RLOD  1 CLSD  NODE  TYMNET     PRODIGY         $CL CM AM           
  683449 10/27/95 14:56 10/27/95 17:22 1       0    2371      71 UNSCHD OUT  1 CLSD  ISIS  TYMNET     PRODIGY         HOWARD CLARK        
  683036 10/26/95 10:10 10/28/95  8:06 1       0    7650      92 NODE RLOD   4 CLSD  NODE  TYMNET     PRODIGY         BOOT SW SORTED      
  683596 10/27/95 23:57 10/28/95  6:18 1       0    6130      71 UNSCHD OUT  1 CLSD  NODE  TYMNET     PRODIGY         .                   
  683678 10/28/95 15:05 10/28/95 18:51 1       0    5253      93 NDUMP&RLOD  1 CLSD  NODE  TYMNET     PRODIGY         D MCDANIEL          
  683690 10/28/95 18:44 10/28/95 23:53 1    4507    3153      71 UNSCHD OUT  1 CLSD  NODE  TYMNET     PRODIGY         GREG NATALINO       
  683748 10/29/95  5:59 10/29/95 10:23 1       0    4262      92 NODE RLOD   1 CLSD  NODE  TYMNET     PRODIGY                             
  682766 10/25/95 15:35 10/30/95 16:21 3    3733    3733      30 ASYC MODEM  2 CLSD  DIALU TYMNET     PRODIGY         PLS CLS 10-30       
  681954 10/23/95 12:17 10/30/95 16:44 1       0   11121      80 PROJECT     4 CLSD  NODE  TYMNET     PRODIGY         NL 28/10 OUT        
  683770 10/29/95 13:15 10/30/95 22:00 1       0   11300      11 BOARD       1 CLSD  SWTCH TYMNET     PRODIGY         J.GREENER           
  684532 11/ 1/95  7:48 11/ 1/95 15:41 1       0    4365     100 P/L RESET   1 CLSD  ISIS  TYMNET     PRODIGY         NODES DOWN          
  684694 11/ 1/95 19:33 11/ 1/95 22:45 1       0   10221      71 UNSCHD OUT  1 CLSD  NODE  TYMNET     PRODIGY         JAMES BROUGH        
  685011 11/ 2/95 17:58 11/ 2/95 20:41 1       0    7466      71 UNSCHD OUT  1 CLSD  NODE  TYMNET     PRODIGY         KEITH JOHNSON       
  685002 11/ 2/95 17:14 11/ 2/95 23:58 3    7060    7060      10 PWR SUPPLY  2 CLSD  DIALU TYMNET     PRODIGY         ED IVY              
  683854 10/30/95  4:11 11/ 3/95 10:14 1       0   11053      12 CABLE       1 CLSD  ISIS  TYMNET     PRODIGY         BANGKOK             
  685294 11/ 3/95 15:29 11/ 3/95 22:10 1       0    2565      71 UNSCHD OUT  1 CLSD  NODE  TYMNET     PRODIGY         ROBERT KORB         
  685512 11/ 4/95 15:21 11/ 4/95 21:48 1       0    7126      71 UNSCHD OUT  1 CLSD  NODE  TYMNET     PRODIGY         .                   
  685384 11/ 3/95 22:04 11/ 6/95 13:39 1    6162    2124      11 BOARD       1 CLSD  NODE  TYMNET     PRODIGY         .                   
  686434 11/ 7/95 23:57 11/ 8/95  5:34 1       0    5634      71 UNSCHD OUT  1 CLSD  ISIS  TYMNET     PRODIGY         .                   
  686718 11/ 8/95 18:25 11/ 8/95 22:03 1       0    4044      71 UNSCHD OUT  1 CLSD  NODE  TYMNET     PRODIGY         DAVID SWANSON       
  686705 11/ 8/95 17:35 11/ 9/95 12:51 1       0   11356      71 UNSCHD OUT  1 CLSD  NODE  TYMNET     PRODIGY         .                   
  686873 11/ 9/95  7:34 11/ 9/95 20:16 3   11003   11003      95 NTF/CWT     2 CLSD  DIALU TYMNET     PRODIGY                             
  687511 11/11/95  4:04 11/11/95 20:12 1       0   13720      11 BOARD       1 CLSD  NODE  TYMNET     PRODIGY         RON BARDIN          
  687556 11/11/95 11:18 11/11/95 17:49 1       0    5063      92 NODE RLOD   1 CLSD  ISIS  TYMNET     PRODIGY         KEITH JOHNSON       
  687567 11/11/95 14:32 11/11/95 20:37 1       0    3243      71 UNSCHD OUT  1 CLSD  ISIS  TYMNET     PRODIGY         .                   
  687548 11/11/95  9:32 11/11/95 21:02 1       0   12577      71 UNSCHD OUT  1 CLSD  ISIS  TYMNET     PRODIGY         LARRY GREEN         
  687603 11/11/95 18:41 11/11/95 23:06 1       0   11013      92 NODE RLOD   1 CLSD  ISIS  TYMNET     PRODIGY         .                   
  687600 11/11/95 18:17 11/11/95 22:01 1       0   10726      10 PWR SUPPLY  1 CLSD  ISIS  TYMNET     PRODIGY                             
  687607 11/11/95 19:18 11/12/95 17:05 1       0   11315      10 PWR SUPPLY  1 CLSD  ISIS  TYMNET     PRODIGY         .                   
  687616 11/11/95 21:49 11/12/95  1:54 1       0   11252      11 BOARD       1 CLSD  NODE  TYMNET     PRODIGY         .                   
  687639 11/12/95  0:58 11/12/95  2:52 1       0    5264      71 UNSCHD OUT  1 CLSD  NODE  TYMNET     PRODIGY         .                   
  687641 11/12/95  1:19 11/12/95 15:53 1       0    2435      71 UNSCHD OUT  1 CLSD  NODE  TYMNET     PRODIGY         .                   
  687652 11/12/95  6:51 11/12/95 17:02 1       0    4044      71 UNSCHD OUT  1 CLSD  ISIS  TYMNET     PRODIGY         .                   
  687666 11/12/95  8:14 11/12/95 16:18 1       0   11405      71 UNSCHD OUT  1 CLSD  ISIS  TYMNET     PRODIGY         .                   
  687684 11/12/95 12:48 11/12/95 19:40 1       0   11003      71 UNSCHD OUT  1 CLSD  NODE  TYMNET     PRODIGY         KELLY KANE          
  687598 11/11/95 18:12 11/12/95 20:22 1       0   15412      92 NODE RLOD   1 CLSD  ISIS  TYMNET     PRODIGY         REID KIER           
  687679 11/12/95 12:41 11/12/95 22:03 1       0    4557      71 UNSCHD OUT  1 CLSD  NODE  TYMNET     PRODIGY         KELLY KANE          
  687721 11/12/95 18:46 11/12/95 22:38 1       0    7042      71 UNSCHD OUT  1 CLSD  NODE  TYMNET     PRODIGY         ERIC HASENSTAB      
  687719 11/12/95 17:16 11/12/95 21:47 1       0    2443      44 DOWNTIME    1 CLSD  NODE  TYMNET     PRODIGY         PHILLIP SANCHEZ     
  687700 11/12/95 14:11 11/12/95 20:38 1       0   15011      71 UNSCHD OUT  1 CLSD  NODE  TYMNET     PRODIGY         JIM BURGESS         
  687578 11/11/95 15:32 11/13/95 12:35 3   12513    5753      71 UNSCHD OUT  2 CLSD  DIALU TYMNET     PRODIGY         DAYS CLS 11/13      
  687650 11/12/95  6:46 11/13/95 23:52 1       0   10113      71 UNSCHD OUT  1 CLSD  ISIS  TYMNET     PRODIGY         W.PORT POWER OUT    
  688331 11/14/95 14:06 11/15/95  4:04 1    3706    3044      71 UNSCHD OUT  1 CLSD  NODE  TYMNET     PRODIGY         PHILLIP SANCHEZ     
  688372 11/14/95 16:23 11/15/95  0:09 1       0    2233      71 UNSCHD OUT  1 CLSD  NODE  TYMNET     PRODIGY         .                   
  688884 11/15/95 16:50 11/15/95 21:47 1       0    3204      71 UNSCHD OUT  1 CLSD  NODE  TYMNET     PRODIGY         .                   
  688981 11/16/95  0:24 11/16/95 10:50 1       0   11266      50 DIAL-UP     1 CLSD  NODE  TYMNET     PRODIGY         .                   
  689200 11/16/95 17:05 11/17/95 13:25 3   12533   10463      20 CONFIG CHG  1 CLSD  DIALU TYMNET     PRODIGY                             
  689494 11/17/95 15:35 11/17/95 19:17 1       0   11014      71 UNSCHD OUT  1 CLSD  NODE  TYMNET     PRODIGY         DAN MCLAUGHLIN      
  689553 11/17/95 17:57 11/17/95 19:12 1       0    7340      80 PROJECT     1 CLSD  ISIS  TYMNET     PRODIGY         TIM WOELBLING.      
  689535 11/17/95 17:18 11/20/95  6:13 1       0    4722      71 UNSCHD OUT  2 CLSD  ISIS  TYMNET     PRODIGY         MON TIL 11/20       
  690888 11/22/95 17:17 11/22/95 21:30 1       0    4305      95 NTF/CWT     1 CLSD  NODE  TYMNET     PRODIGY         HOWARD CLARK        
  690914 11/22/95 19:11 11/22/95 20:49 1       0    7455      92 NODE RLOD   1 CLSD  NODE  TYMNET     PRODIGY         GERALD WILBUR       
  690962 11/23/95  0:37 11/23/95  9:21 1       0    7031      71 UNSCHD OUT  1 CLSD  NODE  TYMNET     PRODIGY         FE/CLINT YOKLEY     
  691194 11/23/95 20:16 11/24/95  4:21 1       0   11015      92 NODE RLOD   1 CLSD  NODE  TYMNET     PRODIGY         NODE 11015&17123    
  691201 11/23/95 21:38 11/24/95  8:32 1   10072    4556      11 BOARD       1 CLSD  NODE  TYMNET     PRODIGY         WALNUT CREEK 4 NDS  
  691594 11/25/95 17:22 11/25/95 18:23 3    4722    4722      97 REF-OTH-TK  2 CLSD  DIALU TYMNET     PRODIGY         NODE DOWN!!         
  691591 11/25/95 17:05 11/25/95 20:19 1       0    4425      71 UNSCHD OUT  1 CLSD  NODE  TYMNET     PRODIGY         2 NODES DOWN        
  691591 11/25/95 17:05 11/25/95 20:19 1       0    4425      71 UNSCHD OUT  1 CLSD  NODE  TYMNET     PRODIGY         2 NODES DOWN        
  691834 11/27/95  9:11 11/27/95 18:25 1       0    5013      71 UNSCHD OUT  1 CLSD  ISIS  TYMNET     PRODIGY         RAPID CITY          
  691641 11/26/95  1:21 11/28/95 18:15 3   11003   11003      30 ASYC MODEM  2 CLSD  DIALU TYMNET     PRODIGY         BANGOR ME D/UP      
  692237 11/28/95 15:44 11/28/95 21:50 3   14317   12314      92 NODE RLOD   2 CLSD  DIALU TYMNET     PRODIGY         CUCK HERMAN         
  692407 11/29/95  1:22 11/29/95 23:02 1       0    2071      52 DIGITAL     1 CLSD  NODE  TYMNET     PRODIGY         CLOSE? NDS UP       
  692407 11/29/95  1:22 11/29/95 23:02 1       0    2071      52 DIGITAL     1 CLSD  NODE  TYMNET     PRODIGY         CLOSE? NDS UP       
  693279 12/ 1/95 10:26 12/ 1/95 18:50 1       0   12544      12 CABLE       1 CLSD  ISIS  TYMNET     PRODIGY         WISCONSIN           
  693616 12/ 3/95  3:29 12/ 5/95 16:06 3   11003   11003      30 ASYC MODEM  2 CLSD  DIALU TYMNET     PRODIGY         .                   
  694070 12/ 5/95  3:20 12/ 6/95 12:51 3    7434    7434      30 ASYC MODEM  2 CLSD  DIALU TYMNET     PRODIGY                             
  694267 12/ 5/95 16:33 12/ 8/95  3:10 1       0    7434      20 CONFIG CHG  1 CLSD  NODE  TYMNET     PRODIGY         DAVE MALMBERG       
  694606 12/ 6/95 19:41 12/ 7/95 13:55 1       0   15442      51 ANALOG      1 CLSD  NODE  TYMNET     PRODIGY         .                   
  694696 12/ 7/95  4:04 12/ 8/95  2:52 1       0    4722      92 NODE RLOD   1 CLSD  ISIS  TYMNET     PRODIGY         JAMES BROUGH        
  695261 12/ 9/95  3:04 12/ 9/95 11:41 1       0    3774      92 NODE RLOD   1 CLSD  NODE  TYMNET     PRODIGY         .                   
  695261 12/ 9/95  3:04 12/ 9/95 11:41 1       0    3774      92 NODE RLOD   1 CLSD  NODE  TYMNET     PRODIGY         .                   
  695340 12/ 9/95 15:47 12/ 9/95 17:14 1       0    3344      71 UNSCHD OUT  1 CLSD  ISIS  TYMNET     PRODIGY         GLENN WILCOS        
  695135 12/ 8/95 17:11 12/11/95 16:07 3    3461   14147      30 ASYC MODEM  2 CLSD  DIALU TYMNET     PRODIGY         DENNIS WALSH        
  695175 12/ 8/95 20:03 12/11/95 15:31 3   13653    3653      30 ASYC MODEM  1 CLSD  DIALU TYMNET     PRODIGY         12/11 AM CLOSE      
  695513 12/11/95  1:55 12/11/95  9:55 1    5534    4411      71 UNSCHD OUT  1 CLSD  ISIS  TYMNET     PRODIGY         ERIC UNGERN         
  655670  7/17/95  3:04 12/12/95 19:51 1    3706    3044      80 PROJECT     2 CLSD  NODE  TYMNET     PRODIGY         PROJECT             
  695449 12/10/95 17:44 12/13/95 14:48 1       0    6407      80 PROJECT     1 CLSD  NODE  TYMNET     PRODIGY         ATTN:J DONAHUE      
  695805 12/11/95 19:03 12/13/95 14:42 1   10474    3505      71 UNSCHD OUT  1 CLSD  NODE  TYMNET     PRODIGY         KATHY HAS TKT       
  695805 12/11/95 19:03 12/13/95 14:42 1   10474    3505      71 UNSCHD OUT  1 CLSD  NODE  TYMNET     PRODIGY         KATHY HAS TKT       
  695975 12/12/95 10:08 12/13/95 19:13 1       0   11052      71 UNSCHD OUT  1 CLSD  ISIS  TYMNET     PRODIGY         .                   
  696048 12/12/95 14:49 12/13/95  3:01 1       0    3522      92 NODE RLOD   1 CLSD  NODE  TYMNET     PRODIGY         JAMES BROUGH        
  696040 12/12/95 14:17 12/13/95 16:06 1       0   13354      71 UNSCHD OUT  1 CLSD  NODE  TYMNET     PRODIGY         DAVE MALMBERG       
  696532 12/13/95 21:55 12/14/95  8:38 3   11271   11271      95 NTF/CWT     2 CLSD  DIALU TYMNET     PRODIGY         KEVIN LAMBERT       
  696541 12/13/95 22:27 12/14/95  9:32 3   10255   10255      97 REF-OTH-TK  2 CLSD  DIALU TYMNET     PRODIGY         DAYS CALL CM        
  696782 12/14/95 15:32 12/14/95 19:44 1       0    3774      95 NTF/CWT     1 CLSD  NODE  TYMNET     PRODIGY         GEORGE SAMMONS      
D&