tup
Frame 1 user PJ: (PJ)PAM 
Frame 5 user PERPOPER: (SYS)SYSLOG 
Frame 7 user MAIL: (MAIL)MAILER 
Sun,  3-Dec-95 10:59:59 UT
Frame 28 user MAIL: (MAIL)MAILER 
Sun,  3-Dec-95 11:59:59 UT
Frame 31 user MAIL: (MAIL)MAILER 
Sun,  3-Dec-95 13:00:00 UT
Frame 20 user MAIL: (MAIL)MAILER 
Sun,  3-Dec-95 13:59:59 UT
Frame 22 user MAIL: (MAIL)MAILER 
Sun,  3-Dec-95 15:00:02 UT
Frame 32 user MAIL: (MAIL)MAILER 
Sun,  3-Dec-95 15:59:59 UT
Frame 30 user MAIL: (MAIL)MAILER 
Frame 32 user PERPOPER: (SYS)REDSAT 
Sun,  3-Dec-95 17:00:02 UT
Frame 17 user MAIL: (MAIL)MAILER 
Sun,  3-Dec-95 17:59:59 UT
Frame 21 user MAIL: (MAIL)MAILER 
Sun,  3-Dec-95 18:59:59 UT
Frame 14 user MAIL: (MAIL)MAILER 
Sun,  3-Dec-95 19:59:59 UT
Frame 34 user MAIL: (MAIL)MAILER 
Sun,  3-Dec-95 20:59:59 UT
Frame 21 user MAIL: (MAIL)MAILER 
Sun,  3-Dec-95 21:59:59 UT
Frame 36 user MAIL: (MAIL)MAILER 
Sun,  3-Dec-95 22:59:59 UT
Frame 26 user MAIL: (MAIL)MAILER 
Sun,  3-Dec-95 23:59:59 UT
Frame 24 user MAIL: (MAIL)MAILER 
Frame 38 user PERPOPER: (SYS)REDSAT 
Mon,  4-Dec-95  1:00:00 UT
Frame 40 user MAIL: (MAIL)MAILER 
Mon,  4-Dec-95  1:59:59 UT
Frame 46 user MAIL: (MAIL)MAILER 
Mon,  4-Dec-95  2:59:59 UT
Frame 49 user MAIL: (MAIL)MAILER 
Mon,  4-Dec-95  3:59:59 UT
Frame 35 user MAIL: (MAIL)MAILER 
Mon,  4-Dec-95  5:00:00 UT
Frame 45 user MAIL: (MAIL)MAILER 
Mon,  4-Dec-95  5:59:59 UT
Frame 43 user MAIL: (MAIL)MAILER 
Mon,  4-Dec-95  7:00:06 UT
Frame 49 user MAIL: (MAIL)MAILER 
Mon,  4-Dec-95  8:00:00 UT
Frame 71 user MAIL: (MAIL)MAILER 
Frame 72 user PERPOPER: (SYS)REDSAT 
Mon,  4-Dec-95  9:00:00 UT
Frame 47 user MAIL: (MAIL)MAILER 
Mon,  4-Dec-95 10:00:01 UT
Frame 101 user MAIL: (MAIL)MAILER 
Mon,  4-Dec-95 10:59:59 UT
Frame 101 user MAIL: (MAIL)MAILER 
Mon,  4-Dec-95 11:59:59 UT
Frame 72 user MAIL: (MAIL)MAILER 
Mon,  4-Dec-95 13:00:00 UT
Frame 31 user MAIL: (MAIL)MAILER 
Mon,  4-Dec-95 13:59:59 UT
Frame 95 user MAIL: (MAIL)MAILER 
Mon,  4-Dec-95 15:00:01 UT
Frame 76 user MAIL: (MAIL)MAILER 
Mon,  4-Dec-95 16:00:00 UT
Frame 112 user MAIL: (MAIL)MAILER 
Frame 115 user PERPOPER: (SYS)REDSAT 
Mon,  4-Dec-95 17:00:00 UT
Frame 71 user MAIL: (MAIL)MAILER 
Mon,  4-Dec-95 18:00:00 UT
Frame 97 user MAIL: (MAIL)MAILER 
Mon,  4-Dec-95 19:00:00 UT
Frame 73 user MAIL: (MAIL)MAILER 
Mon,  4-Dec-95 19:36:04 UT notice to quit
Mon,  4-Dec-95 22:40:54 UT system startup
Frame 1 user PJ: (PJ)PAM 
Frame 5 user PERPOPER: (SYS)SYSLOG 
Frame 7 user MAIL: (MAIL)MAILER 
Mon,  4-Dec-95 23:00:02 UT
Frame 53 user MAIL: (MAIL)MAILER 
Tue,  5-Dec-95  0:00:08 UT
Frame 41 user MAIL: (MAIL)MAILER 
Frame 49 user PERPOPER: (SYS)REDSAT 
Tue,  5-Dec-95  1:00:12 UT
Frame 92 user MAIL: (MAIL)MAILER 
Tue,  5-Dec-95  2:00:05 UT
Frame 41 user MAIL: (MAIL)MAILER 
Tue,  5-Dec-95  3:00:04 UT
Frame 25 user MAIL: (MAIL)MAILER 
Tue,  5-Dec-95  4:00:00 UT
Frame 48 user MAIL: (MAIL)MAILER 
Tue,  5-Dec-95  5:00:00 UT
Frame 38 user MAIL: (MAIL)MAILER 
Tue,  5-Dec-95  6:00:00 UT
Frame 53 user MAIL: (MAIL)MAILER 
Tue,  5-Dec-95  6:59:59 UT
Frame 22 user MAIL: (MAIL)MAILER 
Tue,  5-Dec-95  7:59:59 UT
Frame 77 user MAIL: (MAIL)MAILER 
Frame 78 user PERPOPER: (SYS)REDSAT 
Tue,  5-Dec-95  8:59:59 UT
Frame 97 user MAIL: (MAIL)MAILER 
Tue,  5-Dec-95 10:00:00 UT
Frame 47 user MAIL: (MAIL)MAILER 
Tue,  5-Dec-95 11:00:00 UT
Frame 36 user MAIL: (MAIL)MAILER 
Tue,  5-Dec-95 12:00:00 UT
Frame 16 user MAIL: (MAIL)MAILER 
Tue,  5-Dec-95 13:00:00 UT
Frame 93 user MAIL: (MAIL)MAILER 
Tue,  5-Dec-95 14:00:00 UT
Frame 91 user MAIL: (MAIL)MAILER 
Tue,  5-Dec-95 15:00:00 UT
Frame 86 user MAIL: (MAIL)MAILER 
Tue,  5-Dec-95 16:00:00 UT
Frame 102 user MAIL: (MAIL)MAILER 
Frame 115 user PERPOPER: (SYS)REDSAT 
Tue,  5-Dec-95 16:30:40 UT system startup
Frame 1 user PJ: (PJ)PAM 
Frame 5 user PERPOPER: (SYS)SYSLOG 
Frame 7 user MAIL: (MAIL)MAILER 
Frame 8 user PERPOPER: (SYS)REDSAT 
Tue,  5-Dec-95 17:00:03 UT
Frame 71 user MAIL: (MAIL)MAILER 
Tue,  5-Dec-95 18:00:00 UT
Frame 14 user MAIL: (MAIL)MAILER 
Tue,  5-Dec-95 19:00:01 UT
Frame 56 user MAIL: (MAIL)MAILER 
Tue,  5-Dec-95 20:00:01 UT
Frame 65 user MAIL: (MAIL)MAILER 
Tue,  5-Dec-95 21:00:00 UT
Frame 7 user MAIL: (MAIL)MAILER 
Tue,  5-Dec-95 22:06:44 UT system startup
Frame 1 user PJ: (PJ)PAM 
Frame 5 user PERPOPER: (SYS)SYSLOG 
Frame 7 user MAIL: (MAIL)MAILER 
Tue,  5-Dec-95 23:00:03 UT
Frame 43 user MAIL: (MAIL)MAILER 
Wed,  6-Dec-95  0:00:01 UT
Frame 29 user MAIL: (MAIL)MAILER 
Frame 33 user PERPOPER: (SYS)REDSAT 
Wed,  6-Dec-95  1:00:02 UT
Frame 38 user MAIL: (MAIL)MAILER 
Wed,  6-Dec-95  2:00:02 UT
Frame 8 user MAIL: (MAIL)MAILER 
Wed,  6-Dec-95  3:00:00 UT
Frame 28 user MAIL: (MAIL)MAILER 
Wed,  6-Dec-95  4:00:00 UT
Frame 56 user MAIL: (MAIL)MAILER 
Wed,  6-Dec-95  5:00:00 UT
Frame 43 user MAIL: (MAIL)MAILER 
Wed,  6-Dec-95  6:00:00 UT
Frame 44 user MAIL: (MAIL)MAILER 
Wed,  6-Dec-95  7:00:00 UT
Frame 38 user MAIL: (MAIL)MAILER 
Wed,  6-Dec-95  7:01:19 UT
Frame 5 user PERPOPER: LOGOUT status 4,1 exit
Wed,  6-Dec-95  7:01:19 UT notice to quit
Wed,  6-Dec-95 11:05:46 UT system startup
Frame 1 user PJ: (PJ)PAM 
Frame 5 user PERPOPER: (SYS)SYSLOG 
Frame 7 user MAIL: (MAIL)MAILER 
Wed,  6-Dec-95 12:00:00 UT
Frame 66 user MAIL: (MAIL)MAILER 
Wed,  6-Dec-95 13:00:01 UT
Frame 105 user MAIL: (MAIL)MAILER 
Wed,  6-Dec-95 14:00:02 UT
Frame 110 user MAIL: (MAIL)MAILER 
Wed,  6-Dec-95 15:00:01 UT
Frame 92 user MAIL: (MAIL)MAILER 
Wed,  6-Dec-95 16:00:01 UT
Frame 75 user MAIL: (MAIL)MAILER 
Frame 103 user PERPOPER: (SYS)REDSAT 
Wed,  6-Dec-95 17:00:00 UT
Frame 107 user MAIL: (MAIL)MAILER 
Wed,  6-Dec-95 18:00:00 UT
Frame 67 user MAIL: (MAIL)MAILER 
Wed,  6-Dec-95 19:00:03 UT
Frame 71 user MAIL: (MAIL)MAILER 
Wed,  6-Dec-95 20:00:02 UT
Frame 34 user MAIL: (MAIL)MAILER 
Wed,  6-Dec-95 21:00:00 UT
Frame 84 user MAIL: (MAIL)MAILER 
Wed,  6-Dec-95 22:00:00 UT
Frame 64 user MAIL: (MAIL)MAILER 
Wed,  6-Dec-95 22:59:59 UT
Frame 28 user MAIL: (MAIL)MAILER 
Thu,  7-Dec-95  0:00:01 UT
Frame 70 user MAIL: (MAIL)MAILER 
Frame 73 user PERPOPER: (SYS)REDSAT 
Thu,  7-Dec-95  1:00:06 UT
Frame 47 user MAIL: (MAIL)MAILER 
Thu,  7-Dec-95  2:00:01 UT
Frame 60 user MAIL: (MAIL)MAILER 
Thu,  7-Dec-95  3:00:00 UT
Frame 70 user MAIL: (MAIL)MAILER 
Thu,  7-Dec-95  3:59:59 UT
Frame 35 user MAIL: (MAIL)MAILER 
Thu,  7-Dec-95  4:59:59 UT
Frame 36 user MAIL: (MAIL)MAILER 
Thu,  7-Dec-95  6:00:00 UT
Frame 57 user MAIL: (MAIL)MAILER 
Thu,  7-Dec-95  7:00:00 UT
Frame 48 user MAIL: (MAIL)MAILER 
Thu,  7-Dec-95  8:00:00 UT
Frame 12 user MAIL: (MAIL)MAILER 
Frame 66 user PERPOPER: (SYS)REDSAT 
Thu,  7-Dec-95  9:00:00 UT
Frame 76 user MAIL: (MAIL)MAILER 
Thu,  7-Dec-95 10:00:01 UT
Frame 69 user MAIL: (MAIL)MAILER 
Thu,  7-Dec-95 10:34:36 UT system startup
Frame 1 user PJ: (PJ)PAM 
Frame 5 user PERPOPER: (SYS)SYSLOG 
Frame 7 user MAIL: (MAIL)MAILER 
Thu,  7-Dec-95 11:00:01 UT
Frame 87 user MAIL: (MAIL)MAILER 
Thu,  7-Dec-95 12:00:01 UT
Frame 42 user MAIL: (MAIL)MAILER 
Thu,  7-Dec-95 13:00:01 UT
Frame 95 user MAIL: (MAIL)MAILER 
Thu,  7-Dec-95 14:00:00 UT
Frame 92 user MAIL: (MAIL)MAILER 
Thu,  7-Dec-95 15:00:03 UT
Frame 99 user MAIL: (MAIL)MAILER 
Thu,  7-Dec-95 15:59:59 UT
Frame 82 user MAIL: (MAIL)MAILER 
Frame 115 user PERPOPER: (SYS)REDSAT 
Thu,  7-Dec-95 17:00:00 UT
Frame 49 user MAIL: (MAIL)MAILER 
Thu,  7-Dec-95 18:00:01 UT
Frame 39 user MAIL: (MAIL)MAILER 
Thu,  7-Dec-95 19:00:00 UT
Frame 77 user MAIL: (MAIL)MAILER 
Thu,  7-Dec-95 20:00:03 UT
Frame 10 user MAIL: (MAIL)MAILER 
Thu,  7-Dec-95 20:59:59 UT
Frame 13 user MAIL: (MAIL)MAILER 
Thu,  7-Dec-95 21:59:59 UT
Frame 56 user MAIL: (MAIL)MAILER 
Thu,  7-Dec-95 22:59:59 UT
Frame 19 user MAIL: (MAIL)MAILER 
Thu,  7-Dec-95 23:59:59 UT
Frame 25 user MAIL: (MAIL)MAILER 
Frame 26 user PERPOPER: (SYS)REDSAT 
Fri,  8-Dec-95  1:00:00 UT
Frame 46 user MAIL: (MAIL)MAILER 
Fri,  8-Dec-95  1:59:59 UT
Frame 43 user MAIL: (MAIL)MAILER 
Fri,  8-Dec-95  2:59:59 UT
Frame 13 user MAIL: (MAIL)MAILER 
Fri,  8-Dec-95  3:59:59 UT
Frame 45 user MAIL: (MAIL)MAILER 
Fri,  8-Dec-95  5:00:00 UT
Frame 38 user MAIL: (MAIL)MAILER 
Fri,  8-Dec-95  6:00:07 UT
Frame 36 user MAIL: (MAIL)MAILER 
Fri,  8-Dec-95  7:00:00 UT
Frame 38 user MAIL: (MAIL)MAILER 
Fri,  8-Dec-95  8:00:00 UT
Frame 33 user MAIL: (MAIL)MAILER 
Frame 43 user PERPOPER: (SYS)REDSAT 
Fri,  8-Dec-95  9:00:01 UT
Frame 52 user MAIL: (MAIL)MAILER 
Fri,  8-Dec-95 10:00:00 UT
Frame 69 user MAIL: (MAIL)MAILER 
Fri,  8-Dec-95 11:00:00 UT
Frame 83 user MAIL: (MAIL)MAILER 
Fri,  8-Dec-95 12:00:00 UT
Frame 30 user MAIL: (MAIL)MAILER 
Fri,  8-Dec-95 13:00:00 UT
Frame 90 user MAIL: (MAIL)MAILER 
Fri,  8-Dec-95 14:00:00 UT
Frame 112 user MAIL: (MAIL)MAILER 
Fri,  8-Dec-95 15:00:00 UT
Frame 110 user MAIL: (MAIL)MAILER 
Fri,  8-Dec-95 16:00:02 UT
Frame 55 user MAIL: (MAIL)MAILER 
Frame 88 user PERPOPER: (SYS)REDSAT 
Fri,  8-Dec-95 17:00:01 UT
Frame 86 user MAIL: (MAIL)MAILER 
Fri,  8-Dec-95 18:00:00 UT
Frame 73 user MAIL: (MAIL)MAILER 
Fri,  8-Dec-95 19:00:01 UT
Frame 33 user MAIL: (MAIL)MAILER 
Fri,  8-Dec-95 19:59:59 UT
Frame 17 user MAIL: (MAIL)MAILER 
Fri,  8-Dec-95 21:00:02 UT
Frame 17 user MAIL: (MAIL)MAILER 
Fri,  8-Dec-95 21:59:59 UT
Frame 64 user MAIL: (MAIL)MAILER 
Fri,  8-Dec-95 23:00:00 UT
Frame 35 user MAIL: (MAIL)MAILER 
Fri,  8-Dec-95 23:59:59 UT
Frame 19 user MAIL: (MAIL)MAILER 
Frame 57 user PERPOPER: (SYS)REDSAT 
Sat,  9-Dec-95  1:00:00 UT
Frame 22 user MAIL: (MAIL)MAILER 
Sat,  9-Dec-95  1:59:59 UT
Frame 19 user MAIL: (MAIL)MAILER 
Sat,  9-Dec-95  3:00:00 UT
Frame 23 user MAIL: (MAIL)MAILER 
Sat,  9-Dec-95  4:00:02 UT
Frame 20 user MAIL: (MAIL)MAILER 
Sat,  9-Dec-95  5:00:00 UT
Frame 13 user MAIL: (MAIL)MAILER 
Sat,  9-Dec-95  6:00:00 UT
Frame 30 user MAIL: (MAIL)MAILER 
Sat,  9-Dec-95  7:00:01 UT
Frame 21 user MAIL: (MAIL)MAILER 
Sat,  9-Dec-95  8:00:00 UT
Frame 36 user MAIL: (MAIL)MAILER 
Frame 38 user PERPOPER: (SYS)REDSAT 
Sat,  9-Dec-95  9:00:00 UT
Frame 36 user MAIL: (MAIL)MAILER 
Sat,  9-Dec-95 10:00:00 UT
Frame 31 user MAIL: (MAIL)MAILER 
Sat,  9-Dec-95 11:00:00 UT
Frame 12 user MAIL: (MAIL)MAILER 
Sat,  9-Dec-95 12:00:00 UT
Frame 22 user MAIL: (MAIL)MAILER 
Sat,  9-Dec-95 13:00:00 UT
Frame 19 user MAIL: (MAIL)MAILER 
Sat,  9-Dec-95 14:00:00 UT
Frame 28 user MAIL: (MAIL)MAILER 
Sat,  9-Dec-95 15:00:03 UT
Frame 8 user MAIL: (MAIL)MAILER 
Sat,  9-Dec-95 16:00:01 UT
Frame 45 user MAIL: (MAIL)MAILER 
Frame 49 user PERPOPER: (SYS)REDSAT 
Sat,  9-Dec-95 17:00:00 UT
Frame 8 user MAIL: (MAIL)MAILER 
Sat,  9-Dec-95 18:00:01 UT
Frame 22 user MAIL: (MAIL)MAILER 
Sat,  9-Dec-95 18:59:59 UT
Frame 31 user MAIL: (MAIL)MAILER 
Sat,  9-Dec-95 20:00:02 UT
Frame 27 user MAIL: (MAIL)MAILER 
Sat,  9-Dec-95 20:59:59 UT
Frame 20 user MAIL: (MAIL)MAILER 
Sat,  9-Dec-95 22:00:01 UT
Frame 25 user MAIL: (MAIL)MAILER 
Sat,  9-Dec-95 22:59:59 UT
Frame 23 user MAIL: (MAIL)MAILER 
Sat,  9-Dec-95 23:59:59 UT
Frame 17 user MAIL: (MAIL)MAILER 
Frame 24 user PERPOPER: (SYS)REDSAT 
Sun, 10-Dec-95  0:59:59 UT
Frame 27 user MAIL: (MAIL)MAILER 
Sun, 10-Dec-95  2:00:00 UT
Frame 38 user MAIL: (MAIL)MAILER 
Sun, 10-Dec-95  2:59:59 UT
Frame 19 user MAIL: (MAIL)MAILER 
Sun, 10-Dec-95  4:00:00 UT
Frame 25 user MAIL: (MAIL)MAILER 
Sun, 10-Dec-95  5:00:00 UT
Frame 13 user MAIL: (MAIL)MAILER 
Sun, 10-Dec-95  5:59:59 UT
Frame 13 user MAIL: (MAIL)MAILER 
Sun, 10-Dec-95  7:00:00 UT
Frame 13 user MAIL: (MAIL)MAILER 
Sun, 10-Dec-95  7:00:10 UT
Frame 5 user PERPOPER: LOGOUT status 4,1 exit
Sun, 10-Dec-95  7:00:11 UT notice to quit
Sun, 10-Dec-95 10:37:31 UT system startup
Frame 1 user PJ: (PJ)PAM 
Frame 5 user PERPOPER: (SYS)SYSLOG 
Frame 7 user MAIL: (MAIL)MAILER 
Sun, 10-Dec-95 10:59:59 UT
Frame 8 user MAIL: (MAIL)MAILER 
Sun, 10-Dec-95 12:00:00 UT
Frame 8 user MAIL: (MAIL)MAILER 
Sun, 10-Dec-95 13:00:00 UT
Frame 15 user MAIL: (MAIL)MAILER 
Sun, 10-Dec-95 14:00:00 UT
Frame 11 user MAIL: (MAIL)MAILER 
Sun, 10-Dec-95 15:00:00 UT
Frame 27 user MAIL: (MAIL)MAILER 
Sun, 10-Dec-95 16:00:00 UT
Frame 8 user MAIL: (MAIL)MAILER 
Frame 23 user PERPOPER: (SYS)REDSAT 
Sun, 10-Dec-95 16:59:59 UT
Frame 8 user MAIL: (MAIL)MAILER 
Sun, 10-Dec-95 18:00:01 UT
Frame 36 user MAIL: (MAIL)MAILER 
Sun, 10-Dec-95 19:00:00 UT
Frame 19 user MAIL: (MAIL)MAILER 
Sun, 10-Dec-95 20:00:00 UT
Frame 40 user MAIL: (MAIL)MAILER 
Sun, 10-Dec-95 21:00:00 UT
Frame 23 user MAIL: (MAIL)MAILER 
Sun, 10-Dec-95 22:00:00 UT
Frame 27 user MAIL: (MAIL)MAILER 
Sun, 10-Dec-95 22:46:31 UT system startup
Frame 1 user PJ: (PJ)PAM 
Frame 5 user PERPOPER: (SYS)SYSLOG 
Frame 7 user MAIL: (MAIL)MAILER 
Sun, 10-Dec-95 22:59:59 UT
Frame 28 user MAIL: (MAIL)MAILER 
Sun, 10-Dec-95 23:59:59 UT
Frame 25 user MAIL: (MAIL)MAILER 
Frame 27 user PERPOPER: (SYS)REDSAT 
Mon, 11-Dec-95  1:00:00 UT
Frame 16 user MAIL: (MAIL)MAILER 
Mon, 11-Dec-95  2:00:07 UT
Frame 38 user MAIL: (MAIL)MAILER 
Mon, 11-Dec-95  3:00:02 UT
Frame 21 user MAIL: (MAIL)MAILER 
Mon, 11-Dec-95  4:00:00 UT
Frame 38 user MAIL: (MAIL)MAILER 
Mon, 11-Dec-95  4:59:59 UT
Frame 41 user MAIL: (MAIL)MAILER 
Mon, 11-Dec-95  6:00:02 UT
Frame 30 user MAIL: (MAIL)MAILER 
Mon, 11-Dec-95  7:00:04 UT
Frame 44 user MAIL: (MAIL)MAILER 
Mon, 11-Dec-95  8:00:04 UT
Frame 26 user MAIL: (MAIL)MAILER 
Frame 62 user PERPOPER: (SYS)REDSAT 
Mon, 11-Dec-95  9:00:00 UT
Frame 105 user MAIL: (MAIL)MAILER 
Mon, 11-Dec-95 10:00:00 UT
Frame 101 user MAIL: (MAIL)MAILER 
Mon, 11-Dec-95 10:59:59 UT
Frame 63 user MAIL: (MAIL)MAILER 
Mon, 11-Dec-95 12:00:01 UT
Frame 89 user MAIL: (MAIL)MAILER 
Mon, 11-Dec-95 13:00:00 UT
Frame 103 user MAIL: (MAIL)MAILER 
Mon, 11-Dec-95 14:00:00 UT
Frame 109 user MAIL: (MAIL)MAILER 
Mon, 11-Dec-95 15:00:02 UT
Frame 90 user MAIL: (MAIL)MAILER 
Mon, 11-Dec-95 16:00:00 UT
Frame 36 user MAIL: (MAIL)MAILER 
Frame 105 user PERPOPER: (SYS)REDSAT 
Mon, 11-Dec-95 16:59:59 UT
Frame 43 user MAIL: (MAIL)MAILER 
Mon, 11-Dec-95 18:00:03 UT
Frame 48 user MAIL: (MAIL)MAILER 
Mon, 11-Dec-95 19:00:02 UT
Frame 85 user MAIL: (MAIL)MAILER 
Mon, 11-Dec-95 20:00:02 UT
Frame 49 user MAIL: (MAIL)MAILER 
Mon, 11-Dec-95 21:00:02 UT
Frame 52 user MAIL: (MAIL)MAILER 
Mon, 11-Dec-95 22:00:00 UT
Frame 15 user MAIL: (MAIL)MAILER 
Mon, 11-Dec-95 23:00:01 UT
Frame 28 user MAIL: (MAIL)MAILER 
Tue, 12-Dec-95  0:00:03 UT
Frame 51 user MAIL: (MAIL)MAILER 
Frame 52 user PERPOPER: (SYS)REDSAT 
Tue, 12-Dec-95  1:00:03 UT
Frame 46 user MAIL: (MAIL)MAILER 
Tue, 12-Dec-95  2:00:01 UT
Frame 25 user MAIL: (MAIL)MAILER 
Tue, 12-Dec-95  3:00:00 UT
Frame 27 user MAIL: (MAIL)MAILER 
Tue, 12-Dec-95  4:00:00 UT
Frame 16 user MAIL: (MAIL)MAILER 
Tue, 12-Dec-95  5:00:00 UT
Frame 17 user MAIL: (MAIL)MAILER 
Tue, 12-Dec-95  6:00:00 UT
Frame 17 user MAIL: (MAIL)MAILER 
Tue, 12-Dec-95  7:00:03 UT
Frame 75 user MAIL: (MAIL)MAILER 
Tue, 12-Dec-95  8:00:00 UT
Frame 21 user MAIL: (MAIL)MAILER 
Frame 36 user PERPOPER: (SYS)REDSAT 
Tue, 12-Dec-95  8:59:59 UT
Frame 101 user MAIL: (MAIL)MAILER 
Tue, 12-Dec-95 10:00:01 UT
Frame 69 user MAIL: (MAIL)MAILER 
Tue, 12-Dec-95 10:59:59 UT
Frame 20 user MAIL: (MAIL)MAILER 
Tue, 12-Dec-95 12:00:00 UT
Frame 22 user MAIL: (MAIL)MAILER 
Tue, 12-Dec-95 13:00:00 UT
Frame 14 user MAIL: (MAIL)MAILER 
Tue, 12-Dec-95 14:00:02 UT
Frame 12 user MAIL: (MAIL)MAILER 
Tue, 12-Dec-95 15:00:02 UT
Frame 114 user MAIL: (MAIL)MAILER 
Tue, 12-Dec-95 15:59:59 UT
Frame 100 user MAIL: (MAIL)MAILER 
Frame 114 user PERPOPER: (SYS)REDSAT 
Tue, 12-Dec-95 16:59:59 UT
Frame 103 user MAIL: (MAIL)MAILER 
Tue, 12-Dec-95 18:00:02 UT
Frame 23 user MAIL: (MAIL)MAILER 
Tue, 12-Dec-95 18:59:59 UT
Frame 54 user MAIL: (MAIL)MAILER 
Tue, 12-Dec-95 20:00:02 UT
Frame 13 user MAIL: (MAIL)MAILER 
Tue, 12-Dec-95 21:00:00 UT
Frame 95 user MAIL: (MAIL)MAILER 
Tue, 12-Dec-95 22:00:01 UT
Frame 31 user MAIL: (MAIL)MAILER 
Tue, 12-Dec-95 23:00:00 UT
Frame 39 user MAIL: (MAIL)MAILER 
Wed, 13-Dec-95  0:00:03 UT
Frame 61 user MAIL: (MAIL)MAILER 
Frame 62 user PERPOPER: (SYS)REDSAT 
Wed, 13-Dec-95  1:00:00 UT
Frame 13 user MAIL: (MAIL)MAILER 
Wed, 13-Dec-95  2:00:00 UT
Frame 72 user MAIL: (MAIL)MAILER 
Wed, 13-Dec-95  3:00:00 UT
Frame 20 user MAIL: (MAIL)MAILER 
Wed, 13-Dec-95  4:00:03 UT
Frame 33 user MAIL: (MAIL)MAILER 
Wed, 13-Dec-95  5:00:00 UT
Frame 32 user MAIL: (MAIL)MAILER 
Wed, 13-Dec-95  6:00:00 UT
Frame 19 user MAIL: (MAIL)MAILER 
Wed, 13-Dec-95  7:00:03 UT
Frame 22 user MAIL: (MAIL)MAILER 
Wed, 13-Dec-95  8:00:01 UT
Frame 83 user MAIL: (MAIL)MAILER 
Frame 85 user PERPOPER: (SYS)REDSAT 
Wed, 13-Dec-95  8:36:26 UT system startup
Frame 1 user PJ: (PJ)PAM 
Frame 5 user PERPOPER: (SYS)SYSLOG 
Frame 7 user MAIL: (MAIL)MAILER 
Frame 8 user PERPOPER: (SYS)REDSAT 
Wed, 13-Dec-95  9:00:01 UT
Frame 85 user MAIL: (MAIL)MAILER 
Wed, 13-Dec-95 10:00:00 UT
Frame 24 user MAIL: (MAIL)MAILER 
Wed, 13-Dec-95 11:00:00 UT
Frame 16 user MAIL: (MAIL)MAILER 
Wed, 13-Dec-95 12:00:00 UT
Frame 41 user MAIL: (MAIL)MAILER 
Wed, 13-Dec-95 13:00:00 UT
Frame 82 user MAIL: (MAIL)MAILER 
Wed, 13-Dec-95 14:00:00 UT
Frame 116 user MAIL: (MAIL)MAILER 
Wed, 13-Dec-95 15:00:01 UT
Frame 24 user MAIL: (MAIL)MAILER 
Wed, 13-Dec-95 16:00:01 UT
Frame 44 user MAIL: (MAIL)MAILER 
Frame 75 user PERPOPER: (SYS)REDSAT 
Wed, 13-Dec-95 17:00:00 UT
Frame 36 user MAIL: (MAIL)MAILER 
Wed, 13-Dec-95 18:00:01 UT
Frame 71 user MAIL: (MAIL)MAILER 
Wed, 13-Dec-95 19:00:00 UT
Frame 16 user MAIL: (MAIL)MAILER 
Wed, 13-Dec-95 20:00:02 UT
Frame 63 user MAIL: (MAIL)MAILER 
Wed, 13-Dec-95 21:00:02 UT
Frame 27 user MAIL: (MAIL)MAILER 
Wed, 13-Dec-95 22:00:00 UT
Frame 62 user MAIL: (MAIL)MAILER 
Wed, 13-Dec-95 23:00:02 UT
Frame 48 user MAIL: (MAIL)MAILER 
Thu, 14-Dec-95  0:00:02 UT
Frame 54 user MAIL: (MAIL)MAILER 
Frame 44 user PERPOPER: (SYS)REDSAT 
Thu, 14-Dec-95  1:00:08 UT
Frame 59 user MAIL: (MAIL)MAILER 
Thu, 14-Dec-95  2:00:01 UT
Frame 30 user MAIL: (MAIL)MAILER 
Thu, 14-Dec-95  3:00:02 UT
Frame 8 user MAIL: (MAIL)MAILER 
Thu, 14-Dec-95  4:00:01 UT
Frame 41 user MAIL: (MAIL)MAILER 
Thu, 14-Dec-95  5:00:01 UT
Frame 15 user MAIL: (MAIL)MAILER 
Thu, 1495  6:00:00 UT
Frame 41 user MAIL: (MAIL)MAILER 
Thu, 14-Dec-95  7:00:00 UT
Frame 53 user MAIL: (MAIL)MAILER 
Thu, 14-Dec-95  8:00:00 UT
Frame 36 user MAIL: (MAIL)MAILER 
Frame 72 user PERPOPER: (SYS)REDSAT 
Thu, 14-Dec-95  9:00:00 UT
Frame 51 user MAIL: (MAIL)MAILER 
Thu, 14-Dec-95  9:59:59 UT
Frame 37 user MAIL: (MAIL)MAILER 
Thu, 14-Dec-95 11:00:00 UT
Frame 78 user MAIL: (MAIL)MAILER 
Thu, 14-Dec-95 12:00:02 UT
Frame 11 user MAIL: (MAIL)MAILER 
Thu, 14-Dec-95 13:00:02 UT
Frame 97 user MAIL: (MAIL)MAILER 
Thu, 14-Dec-95 14:00:02 UT
Frame 103 user MAIL: (MAIL)MAILER 
Thu, 14-Dec-95 15:00:01 UT
Frame 110 user MAIL: (MAIL)MAILER 
Thu, 14-Dec-95 15:59:59 UT
Frame 19 user MAIL: (MAIL)MAILER 
Frame 115 user PERPOPER: (SYS)REDSAT 
Thu, 14-Dec-95 17:00:01 UT
Frame 114 user MAIL: (MAIL)MAILER 
Thu, 14-Dec-95 18:00:00 UT
Frame 68 user MAIL: (MAIL)MAILER 
Thu, 14-Dec-95 19:00:02 UT
Frame 81 user MAIL: (MAIL)MAILER 
Thu, 14-Dec-95 20:00:00 UT
Frame 17 user MAIL: (MAIL)MAILER 
Thu, 14-Dec-95 21:00:01 UT
Frame 83 user MAIL: (MAIL)MAILER 
Thu, 14-Dec-95 22:00:00 UT
Frame 20 user MAIL: (MAIL)MAILER 
Thu, 14-Dec-95 23:00:00 UT
Frame 37 user MAIL: (MAIL)MAILER 
Fri, 15-Dec-95  0:00:03 UT
Frame 59 user MAIL: (MAIL)MAILER 
Frame 61 user PERPOPER: (SYS)REDSAT 
Fri, 15-Dec-95  1:00:03 UT
Frame 32 user MAIL: (MAIL)MAILER 
Fri, 15-Dec-95  2:00:00 UT
Frame 27 user MAIL: (MAIL)MAILER 
Fri, 15-Dec-95  3:00:02 UT
Frame 31 user MAIL: (MAIL)MAILER 
Fri, 15-Dec-95  4:00:01 UT
Frame 47 user MAIL: (MAIL)MAILER 
Fri, 15-Dec-95  5:00:00 UT
Frame 30 user MAIL: (MAIL)MAILER 
Fri, 15-Dec-95  6:00:04 UT
Frame 61 user MAIL: (MAIL)MAILER 
Fri, 15-Dec-95  7:00:05 UT
Frame 68 user MAIL: (MAIL)MAILER 
Fri, 15-Dec-95  8:00:00 UT
Frame 46 user MAIL: (MAIL)MAILER 
Frame 79 user PERPOPER: (SYS)REDSAT 
Fri, 15-Dec-95  9:00:01 UT
Frame 73 user MAIL: (MAIL)MAILER 
Fri, 15-Dec-95 10:00:00 UT
Frame 91 user MAIL: (MAIL)MAILER 
Fri, 15-Dec-95 11:00:01 UT
Frame 103 user MAIL: (MAIL)MAILER 
Fri, 15-Dec-95 12:00:02 UT
Frame 68 user MAIL: (MAIL)MAILER 
Fri, 15-Dec-95 13:00:00 UT
Frame 77 user MAIL: (MAIL)MAILER 
Fri, 15-Dec-95 14:00:02 UT
Frame 114 user MAIL: (MAIL)MAILER 
Fri, 15-Dec-95 15:00:01 UT
Frame 105 user MAIL: (MAIL)MAILER 
Fri, 15-Dec-95 16:00:00 UT
Frame 46 user MAIL: (MAIL)MAILER 
Frame 58 user PERPOPER: (SYS)REDSAT 
Fri, 15-Dec-95 17:00:00 UT
Frame 73 user MAIL: (MAIL)MAILER 
Fri, 15-Dec-95 18:00:02 UT
Frame 28 user MAIL: (MAIL)MAILER 
Fri, 15-Dec-95 19:00:01 UT
Frame 13 user MAIL: (MAIL)MAILER 
Fri, 15-Dec-95 20:00:04 UT
Frame 29 user MAIL: (MAIL)MAILER 
Fri, 15-Dec-95 21:00:00 UT
Frame 7 user MAIL: (MAIL)MAILER 
Fri, 15-Dec-95 22:00:01 UT
Frame 30 user MAIL: (MAIL)MAILER 
Fri, 15-Dec-95 23:00:03 UT
Frame 12 user MAIL: (MAIL)MAILER 
Sat, 16-Dec-95  0:00:01 UT
Frame 11 user MAIL: (MAIL)MAILER 
Frame 35 user PERPOPER: (SYS)REDSAT 
Sat, 16-Dec-95  1:00:03 UT
Frame 33 user MAIL: (MAIL)MAILER 
Sat, 16-Dec-95  2:00:00 UT
Frame 49 user MAIL: (MAIL)MAILER 
Sat, 16-Dec-95  3:00:00 UT
Frame 27 user MAIL: (MAIL)MAILER 
Sat, 16-Dec-95  4:00:00 UT
Frame 7 user MAIL: (MAIL)MAILER 
Sat, 16-Dec-95  5:00:02 UT
Frame 37 user MAIL: (MAIL)MAILER 
Sat, 16-Dec-95  6:00:00 UT
Frame 30 user MAIL: (MAIL)MAILER 
Sat, 16-Dec-95  7:00:02 UT
Frame 37 user MAIL: (MAIL)MAILER 
Sat, 16-Dec-95  8:00:00 UT
Frame 12 user MAIL: (MAIL)MAILER 
Frame 24 user PERPOPER: (SYS)REDSAT 
Sat, 16-Dec-95  9:00:00 UT
Frame 22 user MAIL: (MAIL)MAILER 
Sat, 16-Dec-95 10:00:01 UT
Frame 9 user MAIL: (MAIL)MAILER 
Sat, 16-Dec-95 11:00:00 UT
Frame 35 user MAIL: (MAIL)MAILER 
Sat, 16-Dec-95 12:00:01 UT
Frame 30 user MAIL: (MAIL)MAILER 
Sat, 16-Dec-95 13:00:00 UT
Frame 25 user MAIL: (MAIL)MAILER 
Sat, 16-Dec-95 14:00:00 UT
Frame 14 user MAIL: (MAIL)MAILER 
Sat, 16-Dec-95 15:00:00 UT
Frame 14 user MAIL: (MAIL)MAILER 
Sat, 16-Dec-95 16:00:00 UT
Frame 9 user MAIL: (MAIL)MAILER 
Frame 15 user PERPOPER: (SYS)REDSAT 
Sat, 16-Dec-95 17:00:00 UT
Frame 14 user MAIL: (MAIL)MAILER 
Sat, 16-Dec-95 18:00:01 UT
Frame 10 user MAIL: (MAIL)MAILER 
Sat, 16-Dec-95 19:00:00 UT
Frame 34 user MAIL: (MAIL)MAILER 
Sat, 16-Dec-95 20:00:00 UT
Frame 15 user MAIL: (MAIL)MAILER 
Sat, 16-Dec-95 21:00:00 UT
Frame 7 user MAIL: (MAIL)MAILER 
Sat, 16-Dec-95 22:00:00 UT
Frame 18 user MAIL: (MAIL)MAILER 
Sat, 16-Dec-95 23:00:00 UT
Frame 10 user MAIL: (MAIL)MAILER 
Sun, 17-Dec-95  0:00:00 UT
Frame 9 user MAIL: (MAIL)MAILER 
Frame 24 user PERPOPER: (SYS)REDSAT 
Sun, 17-Dec-95  1:00:00 UT
Frame 22 user MAIL: (MAIL)MAILER 
Sun, 17-Dec-95  2:00:00 UT
Frame 20 user MAIL: (MAIL)MAILER 
Sun, 17-Dec-95  3:00:02 UT
Frame 15 user MAIL: (MAIL)MAILER 
Sun, 17-Dec-95  4:00:00 UT
Frame 27 user MAIL: (MAIL)MAILER 
Sun, 17-Dec-95  5:00:01 UT
Frame 9 user MAIL: (MAIL)MAILER 
Sun, 17-Dec-95  6:00:02 UT
Frame 35 user MAIL: (MAIL)MAILER 
Sun, 17-Dec-95  6:59:32 UT notice to quit
Sun, 17-Dec-95 10:06:11 UT system startup
Frame 1 user PJ: (PJ)PAM 
Frame 5 user PERPOPER: (SYS)SYSLOG 
Frame 7 user MAIL: (MAIL)MAILER 
Sun, 17-Dec-95 10:59:59 UT
Frame 27 user MAIL: (MAIL)MAILER 
Sun, 17-Dec-95 11:59:59 UT
Frame 16 user MAIL: (MAIL)MAILER 
Sun, 17-Dec-95 13:00:01 UT
Frame 27 user MAIL: (MAIL)MAILER 
Sun, 17-Dec-95 13:59:59 UT
Frame 18 user MAIL: (MAIL)MAILER 
Sun, 17-Dec-95 15:00:00 UT
Frame 11 user MAIL: (MAIL)MAILER 
Sun, 17-Dec-95 15:59:59 UT
Frame 26 user MAIL: (MAIL)MAILER 
Frame 27 user PERPOPER: (SYS)REDSAT 
Sun, 17-Dec-95 17:00:00 UT
Frame 17 user MAIL: (MAIL)MAILER 
Sun, 17-Dec-95 18:00:00 UT
Frame 14 user MAIL: (MAIL)MAILER 
Sun, 17-Dec-95 18:59:59 UT
Frame 31 user MAIL: (MAIL)MAILER 
Sun, 17-Dec-95 20:00:00 UT
Frame 13 user MAIL: (MAIL)MAILER 
Sun, 17-Dec-95 20:59:59 UT
Frame 35 user MAIL: (MAIL)MAILER 
Sun, 17-Dec-95 22:00:00 UT
Frame 9 user MAIL: (MAIL)MAILER 
Sun, 17-Dec-95 23:00:00 UT
Frame 20 user MAIL: (MAIL)MAILER 
Mon, 18-Dec-95  0:00:01 UT
Frame 17 user MAIL: (MAIL)MAILER 
Frame 22 user PERPOPER: (SYS)REDSAT 
Mon, 18-Dec-95  0:10:42 UT notice to quit
Mon, 18-Dec-95  0:24:01 UT system startup
Frame 5 user PJ: (PJ)PAM 
Frame 7 user PERPOPER: (SYS)SYSLOG 
Frame 8 user MAIL: (MAIL)MAILER 
Frame 9 user PERPOPER: (SYS)REDSAT 
Mon, 18-Dec-95  1:00:00 UT
Frame 8 user MAIL: (MAIL)MAILER 
Mon, 18-Dec-95  2:00:00 UT
Frame 8 user MAIL: (MAIL)MAILER 
Mon, 18-Dec-95  3:00:00 UT
Frame 8 user MAIL: (MAIL)MAILER 
Mon, 18-Dec-95  4:00:00 UT
Frame 8 user MAIL: (MAIL)MAILER 
Mon, 18-Dec-95  4:17:40 UT
Frame 7 user PERPOPER: LOGOUT status 4,1 exit
Mon, 18-Dec-95  4:17:40 UT notice to quit
Mon, 18-Dec-95  4:20:45 UT system startup
Frame 1 user PJ: (PJ)PAM 
Frame 5 user PERPOPER: (SYS)SYSLOG 
Frame 7 user MAIL: (MAIL)MAILER 
Mon, 18-Dec-95  5:00:00 UT
Frame 8 user MAIL: (MAIL)MAILER 
6!9XI