
: 
: 
: 
: 
SYSTEM UNAVAILABLE
: 
SYSTEM UNAVAILABLE
: 
SYSTEM UNAVAILABLE
: 
SYSTEM UNAVAILABLE
: 
SYSTEM UNAVAILABLE
: 
SYSTEM UNAVAILABLE
: 
CIRCUIT ZAPPED - ABORTING,  SYSTEM 23

: 
CIRCUIT ZAPPED - ABORTING,  SYSTEM 23

: 
CIRCUIT ZAPPED - ABORTING,  SYSTEM 23

: 
"COPY TO" AND "COPY FROM" SYSTEM MUST NOT BE THE SAME.

: 
"COPY TO" AND "COPY FROM" SYSTEM MUST NOT BE THE SAME.

: 
"COPY TO" AND "COPY FROM" SYSTEM MUST NOT BE THE SAME.

: 
CIRCUIT ZAPPED - ABORTING,  SYSTEM 30

: 
CIRCUIT ZAPPED - ABORTING,  SYSTEM 30

: 
CIRCUIT ZAPPED - ABORTING,  SYSTEM 30

: 
SYSTEM UNAVAILABLE
: 
SYSTEM UNAVAILABLE
: 
SYSTEM UNAVAILABLE
: 
REPLACING FILE (NTS:33)TII05.R35

COPY STARTING

(NTS:26)TII05.R35 COPIED TO (NTS:33)TII05.R35

1544094 (1319062) CHARS. TRANSMITTED

: 
REPLACING FILE (NTS:33)TII05.I35

COPY STARTING

(NTS:26)TII05.I35 COPIED TO (NTS:33)TII05.I35

64463 (56041) CHARS. TRANSMITTED

: 
REPLACING FILE (NTS:33)TII05.P35

COPY STARTING

(NTS:26)TII05.P35 COPIED TO (NTS:33)TII05.P35

2813 (2355) CHARS. TRANSMITTED

: 
REPLACING FILE (NTS:34)TII05.R35

COPY STARTING

(NTS:26)TII05.R35 COPIED TO (NTS:34)TII05.R35

1544094 (1319062) CHARS. TRANSMITTED

: 
COPY STARTING

(NTS:26)TII05.I35 COPIED TO (NTS:34)TII05.I35

64463 (56041) CHARS. TRANSMITTED

: 
REPLACING FILE (NTS:34)TII05.P35

COPY STARTING

(NTS:26)TII05.P35 COPIED TO (NTS:34)TII05.P35

2813 (2355) CHARS. TRANSMITTED

: 
REPLACING FILE (NTS:37)TII05.R35

COPY STARTING

(NTS:26)TII05.R35 COPIED TO (NTS:37)TII05.R35

1544094 (1319062) CHARS. TRANSMITTED

: 
REPLACING FILE (NTS:37)TII05.I35

COPY STARTING

(NTS:26)TII05.I35 COPIED TO (NTS:37)TII05.I35

64463 (56041) CHARS. TRANSMITTED

: 
REPLACING FILE (NTS:37)TII05.P35

COPY STARTING

(NTS:26)TII05.P35 COPIED TO (NTS:37)TII05.P35

2813 (2355) CHARS. TRANSMITTED

: 
REPLACING FILE (NTS:38)TII05.R35

COPY STARTING

(NTS:26)TII05.R35 COPIED TO (NTS:38)TII05.R35

1544094 (1319062) CHARS. TRANSMITTED

: 
COPY STARTING

(NTS:26)TII05.I35 COPIED TO (NTS:38)TII05.I35

64463 (56041) CHARS. TRANSMITTED

: 
REPLACING FILE (NTS:38)TII05.P35

COPY STARTING

(NTS:26)TII05.P35 COPIED TO (NTS:38)TII05.P35

2813 (2355) CHARS. TRANSMITTED

: 
COPY STARTING

TRANSFER ABORTED DUE TO ERROR WRITING: TII05.R35
: 
COPY STARTING

(NTS:26)TII05.I35 COPIED TO (NTS:56)TII05.I35

64463 (56041) CHARS. TRANSMITTED

: 
REPLACING FILE (NTS:56)TII05.P35

COPY STARTING

(NTS:26)TII05.P35 COPIED TO (NTS:56)TII05.P35

2813 (2355) CHARS. TRANSMITTED

: 
CIRCUIT ZAPPED - ABORTING,  SYSTEM 74

: 
CIRCUIT ZAPPED - ABORTING,  SYSTEM 74

: 
CIRCUIT ZAPPED - ABORTING,  SYSTEM 74

: 