-systat

TYMSHARE F26-P035/E01-1 1-25-91 at 11:02:03 on Wed Jan 19,1994
109 jobs in use out of 116!  1 detached

JOB  TYMNET    PORT  PROG  PAGES  STATE     TRU  CONNECT USER NAME
 8  Fairfax    #174 1022F4 134    RN      29.95  0:01:00 ENFE +$
10  Dallas0554 #42  1022F4 132    TI    2868.99  4:33:04 TELECOMSUP +$
13  MUX-1800   #166 1022F4 144    TI     148.63  0:27:07 NTS +$
18  Cup-C-2456 #143 RECORD   4    SL    9709.76 48:31:11 NTS +$
19  MUX-1800   #177 1022F4 144    TI     131.07  0:35:55 NTS +$
20  Nicholson  #162 1022F4 134    TI    4431.56 71:02:47 NTS +$
24  Atlanta    #140 1022F4 144    TI     729.86  0:59:15 ENFE +$
25  Nicholson  #173 1022F4 146    TI    3072.50 48:51:19 NTS +$
29  Nicholson  #165 1022F4 146    RN     467.17  0:10:55 NTS +$
30   -10721-   #137 1022F4 138    SW     328.76  0:10:10 WNFE +$
33   -02756-   #163 1022F4 132    TI     497.40  0:26:44 CNFE +$
40  Fairfax    #134 1022F4 132    TI     810.00  1:30:50 TELECOMSUP +$
45  Fairfax    #130 1022F4 132    TI      73.44  0:25:54 ENFE +$
49   -05744-   #125 1022F4 132    TI   26526.50 10:56:54 TELECOMSUP +$
50  Fairfax    #117 1022F4 144    RN    2096.11  2:08:51 ENFE +$
56  DETACHED        1022F4 134    ^C      37.48  0:00:19 WNFE +$
63  Fairfax    #104 1022F4 132    TI     530.57  0:34:12 CNFE +$
65  MUX-5666   #101 1022F4 132    TI     237.12  0:23:25 ENFE +$
69   -13367-   #75  1022F4 144    RN     411.71  0:22:40 CNFE +$
80   -05744-   #62  1022F4 132    TI     711.39  1:22:16 TELECOMSUP +$
83* Cup-C-2456 #201 SYSTAT  32    RN       1.50  0:00:05 NTS +$
84  Fairfax    #61  1022F4 132    TI     266.95  0:32:51 ENFE +$
86   -06367-   #110 1022F4 136    TI      85.10  0:05:10 ENFE +$
89  Fairfax    #56  1022F4 144    TI      97.77  0:02:43 ENFE +$
90  Dallas0554 #51  1022F4 132    RN    2211.46  1:21:17 TELECOMSUP +$
91  Alhambra   #50  1022F4 138    RN     128.16  0:05:04 WNFE +$
92  Nicholson  #55  1022F4 144    RN   10107.73 51:58:41 NTS +$
101 MUX-5666   #44  1022F4 144    TI      85.87  0:03:58 ENFE +$
102 Fairfax    #41  1022F4 134    TI      30.89  0:01:50 ENFE +$
103 Fairfax    #153 1022F4 136    TI    1923.79  2:19:58 ENFE +$
110 Fairfax    #33  INIT    44    ^C       4.04  0:01:44 ENFE +
+ means TYMSHARE inhouse user
$ means RUN ONLY program

Users=109 Det=1 [31,8], Queues: RUN=25 DIO=6 TIO=70 IO=0 SPC=8

--exi
