-r(spl)find
FIND version 23
Target 1: hugh
Target 2: 
Search in: *.*

CONSOL.LST
LSTSL.CMD
REPORT.DOC
REPORT.PUB
REPORT.TTL
REPORT.ALL
REPORT.3M
MORE.129
DIAGS.MEM
DIAGS.
ESCAL.PRO
ATT.HLP
CFBS.
ESCAL.DOC
ACCESS.TRU
PO.
TSI.DIA
TSFILE.
MBASE.GED
MBASE.GID
MBASE.INF
MBASE.DOC
PRG.MAN
TSIGED.*Binary
PSM.DOC
BRNGUP.UUT
LOOPBK.PLG
ANZ.
CLS.SAV*Binary
CLS.SAI
TSI.TST
BATBAC.DOC
TCK.DOC
ONTYME.DOC
MCODE.DOC
HDLCPU.HEX
HDLCPU.P00
HDLCPU.P01
HDLCPU.P02
HDLCPU.P03
HDLCPU.P04
HDLCPU.P05
HDLCPU.P06
HDLCPU.P07
HDLCPU.SRC
MERLIN.DOC
BB2613.DOC
BOOT09.DOC
CPUTST.DOC
FORTRA.DOC
LOADII.DOC
MRLN04.DOC
PROP.DOC
SHOW.DOC
TYMFIL.DOC
LOADII.CMD
LOADII.FTF
LOADII.SAV*Binary
ADR2.DOC
BUBNET.DOC
CAF8.DOC
CAPACE.DOC
COPYPC.DOC
DECMAC.DOC
DUSAGE.DOC
ER2LOG.DOC
FX4CNV.DOC
AEX25.TST
MORE.TST
TSI.TYM
TIMER1.CMD
TIME2.DOC
SERIAL.SUN
FULL.CON
TPUT14.TYM
TPUT14.CMD
TRACE.LIB
CONVRT.LIB
FRING.LIB
OINSTA.LIB
SDLC02.MLO
NTSNET.CFG
TSI.AUS
040289.
033089.
032189.
022289.
{Page 1}
...
      NSCMS.B/FLAHERTY  NSCMS.B/HENSLEY  NSCMS.B/HUGH~ES  NSCMS.B/LARKIN 

122988.
BURNED.
122288.
{Page 9}
...
      NSCMS.B/HENSLEY  NSCMS.B/HUGH~ES  NSCMS.B/LARKIN  NSCMS.B/MARKIM 

STEVEN.ASY
SEP29.
YOUNG.
082488.
072588.
060789.
FHWTRC.202
081489.
121989.
SIOCHK.301
SIOLK1.301
E0CRSH.301
SIOSIO.CMD
TUMS.TIX*Binary
TUMS.MSG*Null
STATUS.FEB
STATUS.129
ASYNC.REL*Binary
STATUS.123
INIT.SAI
INIT.REL*Binary
INIT.COM
STDDFS.PUB
SUP.DOC
SUP.PUB
SUP.APP
SUP.PRT
SUP.TTL
V.32
STATUS.TSI
DESCAL.DOC
SUP.SER
SUP.MSC
SUP.CLO
SUP.TIK
TSITST.
ASYNC.
MACIII.CFB
XGOODG.LST
STATUS.SIO
BATCH.DMC
BATCH.CMD
56DSU.DOC
DOIT00.TST
CFB119.DOC
INTEG.DOC
ASYNC.DOC
REP1.DOC
INIT.VAS*Binary
INIT.SAV*Binary
TIM.DOC*Binary
HDLC25.HEX
HDLC25.P00
HDLC25.P01
HDLC25.P02
HDLC25.P03
HDLC25.P04
HDLC25.SRC
HDLCDF.DEF*Binary
HDLCDF.MAP*Null
HDLCDF.OL1
HDLCDF.OL2
HDLCDF.SRC
HDLCN.HEX
HDLCN.SRC
NODE.DOC
ATOB.DOC
CONSAT.DOC
NSR01.DOC
PATCH.DOC*Binary
TELAID.LOW*Binary
TELAID.SHR*Binary
APPEAL.DOC
BAIL.DOC
CA6502.DOC
CA8048.DOC
CAZ80.DOC
CLMICR.DOC
CSLG2.DOC
TUNNEL.GED
TUNNEL.GID
LASER.PRT
TIME3.DOC
TIMING.APP
MACIII.10M
MACIII.8M
MINI.CON
DUAL.CON
TPUT15.TYM
TPUTBG.CMD
TPUTBG.TYM
BUFFER.LIB
FINISH.LIB
MBUFER.LIB
PATCH.LIB
STATUS.LIB
TIKTOK.LIB
CONSAT.GID
041989.
{Page 1}
...
          TO>            Dan Gauvin                    Ben Hugh~es
...
          TO>            Dan Gauvin                    Ben Hugh~es

TURBO.PRJ
BULLET.SAE
060889.
MBTEST.PAT
061789.
{Page 16}
...
      NSCMS.B/DOYLE  NSCMS.B/FLAHERTY  NSCMS.B/HENSLEY  NSCMS.B/HUGH~ES 
...
        nscms.b/hensley@ontyme.Tymnet.com, nscms.b/hugh~es@ontyme.Tymnet.com,

{Page 19}
...
        nscms.b/hensley@ontyme.Tymnet.com, nscms.b/hugh~es@ontyme.Tymnet.com,
...
    nscms.b/hensley@ontyme.tymnet.COM, nscms.b/hugh~es@ontyme.tymnet.COM,

PATCH.BUG
081589.
100689.
ENGDMP.
ENGDMP.DOC
PRINT.PRT
SUPR.PIR
PIR.ENG
SITE.PRP
HNYWEL.DOC
SIMON.
CRASH.
DOC.
COMSUP.DOC
SYSTEM.
XFER.DOC
SYSTEM.USR*Binary
CLOAK.DOC*Binary
CLOAK.SAV*Binary
5DMA.DOC
DMSC.DOC
DOIT01.TST
ARC.B2A
AUXIO.SAV*Binary
CFB122.DOC
DIFF.TST*Null
FIREBE.TST
DSKINI.DOC
FORMAT.DOC
DXPI.DOC
CIPHER.DOC
GENREQ.DOC
NODGEN.DOC
CIPHER.SAV*Binary
BIONIC.DOC
CA6800.DOC
{Page 3}
...
Hugh~es 1802 & 1804                  8048 & 8085

CA8085.DOC
SIO.INI
IHSPAT.TST
OCHDLC.P04
OCHDLC.P00
OCHDLC.P01
OCHDLC.P02
OCHDLC.P03
OCHDLC.HEX
OCHDLC.SRC
OCHDLC.OLD
TIME4.DOC
MACII.COR
MACII.DYN
SUPLOD.DOC
ARING.LIB
BID.LIB
CRASH.LIB
DATIME.LIB
041389.
032389.
{Page 4}
...
      NSCMS.B/DOYLE  NSCMS.B/FLAHERTY  NSCMS.B/HENSLEY  NSCMS.B/HUGH~ES 

BRUCE.X25
031489.
SEALAN.
GROUP.MAR
012589.
121588.
{Page 5}
...
      NSCMS.B/FLAHERTY  NSCMS.B/HENSLEY  NSCMS.B/HUGH~ES  NSCMS.B/LARKIN 

LOAD.ATC
111688.
TYMOPS.
FINAL.LOG
AUG.TCK
082688.
042289.
{Page 6}
...
          TO>            Dan Gauvin                    Ben Hugh~es

072088.
071888.
062888.
062188.
060388.
053188.
051289.
{Page 1}
...
      NSCMS.B/DOYLE  NSCMS.B/FLAHERTY  NSCMS.B/HENSLEY  NSCMS.B/HUGH~ES 

LIST.ECO
STUDER.
060989.
062089.
{Page 4}
...
  CC: P/NELSON  B/SHEPHERD  T/KOCHMANN  UKNS.HUGH~ES 
...
Can  you check into this and respond  something back to  Laurie Hugh~es
(UKNS.HUGH~ES)  by  the  end of  the week.   No one  expects it  to  be

062789.
{Page 9}
...
  CC: T/KOCHMANN  P/NELSON  B/SHEPHERD  UKNS.HUGH~ES 

BRUCE.WED
070189.
070889.
071789.
{Page 1}
...
  CC: T/KOCHMANN  B/SHEPHERD  UKNS.HUGH~ES 
...
COPIES>    UKNS.HUGH~ES
...
  CC: UKNS.HUGH~ES  UKNS.LEEWAKE  B/SHEPHERD  T/KOCHMANN  P/NELSON 
...
        NSC.T/KOCHMANN@Ontyme.Tymnet, UKNS.HUGH~ES@Ontyme.Tymnet    
...
Can  you check into this and respond  something back to  Laurie Hugh~es
(UKNS.HUGH~ES)  by  the  end of  the week.   No one  expects it  to  be
...
  CC: UKNS.HUGH~ES  UKNS.LEEWAKE  M/JASTRZEBSKI  B/SHEPHERD 
...
TO>        Laurie Hugh~es

072689.
080789.
{Page 5}
...
      NSCMS.B/FLAHERTY  NSCMS.B/HENSLEY  NSCMS.B/HUGH~ES  NSCMS.B/LAMAR 

LEE.
081689.
{Page 1}
...
      NSCMS.B/FLAHERTY  NSCMS.B/HENSLEY  NSCMS.B/HUGH~ES  NSCMS.B/LAMAR 

HOLD.FSC
091589.
{Page 1}
...
      NSCMS.B/DOYLE  NSCMS.B/FLAHERTY  NSCMS.B/HENSLEY  NSCMS.B/HUGH~ES 

FIRM.108
HSBC.REL*Binary
PROD.SUP
101689.
TONY.
102589.
110689.
SIO.CMD
SIO.TYM
121489.
XCOM3.WRT
OUCH.301
JOHN.
PREPRO.SKY
LEDS.DOC
NODES.BUB
GATEWY.INF
PMANLY.*Binary
CUSR.MAN
XRAY.ATC
HVU.
BLOCK.
MICRO4.DOC
JVS.DOC
DOIT02.TST
PEAK.INI*Binary
PEAK.HLP
RB.DOC
TOSHI.DOC
TSTAR.DOC
EBUS.DOC
PPL.DOC
XMODEM.DOC
LIBRAR.DOC
HDIAG.HEX
HDIAG.P00
HDIAG.P01
HDIAG.P02
HDIAG.P03
HDIAG.P04
HDIAG.SRC
README.DOC
DMSC04.DOC
FORSAV.DOC
MBOARD.DOC
SFTP.DOC
CA1000.DOC
CA4040.DOC
{Page 3}
...
Hugh~es 1802 & 1804                  8048 & 8085

MACI.COR
CPUIII.12M
UNIX.SYS
DARRAY.LIB
OFRONT.LIB
START.LIB
041489.
040589.
{Page 3}
...
      NSCMS.B/DOYLE  NSCMS.B/FLAHERTY  NSCMS.B/HENSLEY  NSCMS.B/HUGH~ES 

HKSBC.192
MRSCOT.
032489.
031589.
030689.
010889.
110888.
101188.
092688.
JULY.SBR
072188.
071988.
ECO.
071288.
NOTE.
062988.
062288.
061388.
NT2245.TYM
NT2245.COG
NT2245.CMD
NT2245.LOG
NT2245.MER
NT2245.LOD
NT2245.C00
NT2245.BND*Binary
053189.B
TYMSYN.HBC
NRESET.112
NTXRLN.112
FHW.202
SDLWED.BUG
062189.
LK2161.C01
LK2161.T01
BARRY.HKB
GAUVIN.
062889.
{Page 1}
...
          Chang, B.J.              Hugh~es, Joanne      7488
...
          Faubion, Charles         Hugh~es, Joanne      7488

063089.
XRAY.GGY
071189.
{Page 1}
...
      NSCMS.B/HENSLEY  NSCMS.B/HUGH~ES  NSCMS.B/LAMAR  NSCMS.B/LARKIN 

JOE.
072789.
080189.
{Page 1}
...
      NSCMS.B/HUGH~ES  NSCMS.B/LAMAR  NSCMS.B/LARKIN  NSCMS.B/MARKIM 

080889.
081089.
NSR.FRM
090789.
101089.
030790.
{Page 3}
...
             BERIT             X 274     HUGH~             X 423

JULY.BAK
JULY.
COMP.CMD
LOADIT.SAV*Binary
SYMS.DOC
SYMS.ALL
SYMS.TTL
SYMS.PUB
015PEA.002*Binary
PROM.PIR
HDLC.P25
JEFF.
EMSCOM.SAV*Binary
TSICIO.DOC
TSIGID.*Binary
MICRO.DTA
XCOM.
XCOM03.P01
HDLC.TTE
SLCOP.TYM
SLCOP.CMD
ATCXXX.DOC
CHECK.SAV*Binary
HDLC.DOC
BBBBBB.DOC
MEMACS.DOC
APSS.DOC
S18.DOC
HDLC.ADR
HDLC.HEX
HDLC.SRC
ATC.DOC
SUPCLK.DOC
ZEN.HGH*Binary
CA2000.DOC
CA8008.DOC
CAPPS8.DOC
160587.TST
MICRO.DYN
ATC.CON
MICRO.CON
BBFLET.LIB
STATL.LIB
FRING2.LIB
MAC.FIX
FRANCE.AIR
031689.
030789.
{Page 2}
...
      UKNS.HUGH~ES  CSUK.R/TEWS 

{Page 3}
...
                UKNS>Witherden, UKNS.Hugh~es, CSUK.R/Tews, CSD.V/Harris

SYMS.TSI
020189.
012789.
{Page 2}
...
      NSCMS.B/HENSLEY  NSCMS.B/HUGH~ES  NSCMS.B/LARKIN  NSCMS.B/MARKIM 

APSS.PWR
121088.
111188.
110988.
110288.
101988.
101288.
092788.
100388.
083088.
{Page 1}
...
to beat out major sales efforts from such companies as Hugh~es

090288.
081988.
081288.
085588.
RICK.ATC
080388.
073188.
TTE.
062388.
061488.
MORGAN.
BEDELL.
052389.
SLKILL.CMD
SDLSAT.BUG
CODE.MTG
062289.
LE2161.MER
LE2161.CMD
LE2161.BND*Binary
LE2161.C01
LE2161.C00
LE2161.T00
LE2161.TYM
LE2161.C02
LE2161.T01
TIFCLK.LOG
TIFCLK.C01
080989.
081189.
{Page 1}
...
  CC: UKNS.H/MORGAN  T/KOCHMANN  UKNS.HUGH~ES 
...
COPIES>    UKNS.Hugh~es

{Page 4}
...
Laurie Hugh~es has all the details regarding the "TSI/SPirit with Mbase" and

081889.
090189.
100289.
EMERY.301
MAIL.
TELRAT.PUB
PUB.DIF
SLSIO4.TYM
SLSIO4.CMD
JIM.
PREORD.
SKYWAK.DOC
SKYWAK.APX
SKYWAK.PUB
SKYWAK.FLO
SKYWAK.TBL
SKYWAK.FUN
SKYWAK.OVR
SKYWAK.PHY
SKYWAK.GLS
SKYWAK.TTL
PUB.
SKYWAK.MSC
SKYWAK.ENV
SKYWAK.THP
SKYWAK.ILL
SKYWAK.ADJ
SKYWAK.ASS
ISIS.
ISIS.SKY*Binary
PSWD83.*Binary
TELRAT.DOC
CFB.RAC
CFB.ROC
CFB.GDC
CFB.120
CFB.MNP
PIES.DOC
S.TST
ACCEPT.DOC
PROLIT.DOC
ISISDB.DOC
CFB.SDS
CFB.X25
CFB.XPC
CFB.XPD
CFB.102
CFB.100
CFB.ART
NOTES.DOC
CON.DOC
TSIBUL.HEX
TSIBUL.P00
TSIBUL.P01
TSIBUL.P07
TSIBUL.SRC
BB2044.DOC
FORLIB.DOC
TIME0.DOC
TPUT37.CMD
FRNTND.LIB
FRONT.LIB
INSTAT.LIB
OUTNUM.LIB
SPY.LIB
MAIL.DON
040789.
031089.
{Page 4}
...
      NSCMS.B/DOYLE  NSCMS.B/FLAHERTY  NSCMS.B/HENSLEY  NSCMS.B/HUGH~ES 

{Page 5}
...
      UKNS.HUGH~ES  CSUK.R/TEWS 
...
            UKNS.Witherden, UKNS.Hugh~es, CSUK.R/Tews, CSD.V/Harris

022789.
{Page 1}
...
      NSCMS.B/FLAHERTY  NSCMS.B/HENSLEY  NSCMS.B/HUGH~ES  NSCMS.B/LARKIN 

TELRAT.FED
DISORD.
013089.
011989.
010488.
112188.
CHU.
100488.
TELRAT.LAB
091988.
HMR.
082988.MOR
082988.
ENROLL.TTE
082288.
061588.
FAIL.ATC
060589.
NEWOPC.202
RESOCP.112
RESOCP.202
A2161.C01
A2161.T01
XMTCLK.P12
INCW.P12
080389.
08159.*Null
082189.
XMTCLK.202
INCW.202
082889.
PICO18.BUG
BT.BAK
BT.SUP
HEXDEC.LST
OUTLIN.SKY*Binary
PAUL.
V35.
DIRIT.INI
FCOS.
2MEG.BAK
SPIRIT.
OUTLIN.
SPIRIT.TST
3270.TYM
HOSTS.BUB
LESSON.TTE
PICO.DOC
BB2612.DOC
DISK.DOC
I2IS09.DOC
MRLN03.DOC
CA1802.DOC
CA68K.DOC
CA9900.DOC
TIMINS.CMD
TIME1.DOC
TPUT38.CMD
TPUT99.CMD
TPUT99.TYM
RDECOD.LIB
TIMOUT.LIB
032789.
PAUL.SDN
032089.
DON.1
030289.
022189.
{Page 1}
...
      UKNS.HUGH~ES  CSUK.R/TEWS 
...
            UKNS.Hugh~es

{Page 6}
...
      UKNS.HUGH~ES  CSUK.R/TEWS 

{Page 7}
...
               UKNS.Witherden, UKNS.Hugh~es, CSD.V/Harris, CSD.R/Hews
...
      NSCMS.B/DOYLE  NSCMS.B/FLAHERTY  NSCMS.B/HENSLEY  NSCMS.B/HUGH~ES 

021289.
{Page 1}
...
ukns.hugh~es

{Page 7}
...
      NSCMS.B/HENSLEY  NSCMS.B/HUGH~ES  NSCMS.B/LARKIN  NSCMS.B/MARKIM 
...
SUBJECT>   MACOM CP9000 X.25 (HUGH~ES NETWORK SYSTEMS)
...
MACOM CP9000 (HUGH~ES NETWORK SYSTEMS.) I WOULD GREATLY APPRECIATE

{Page 13}
...
      UKNS.HUGH~ES  CSUK.R/TEWS 

{Page 14}
...
     UKNS.Hugh~es
...
ukns.hugh~es
...
ukns.hugh~es

120388.
112288.
111388.
PIXLEY.
092288.
{Page 4}
...
      TYM.B/FLAHERTY  TYM.B/HENSLEY  TYM.B/HUGH~ES  TYM.B/LARKIN 

080588.
PAUL.C
DAN.
070688.
042689.
040189.
{Page 4}
...
           Ben Hugh~es

2MEG.DOC
SDLCUK.BUG
SDLNEW.BUG
SDLTHU.BUG
SDLC01.MLO
RESET.112
003TRC.202
ISITPR.BSC
LK2211.C01
LE2163.MER
LE2163.TYM
LE2163.CMD
LE2163.C00
LE2163.T00
LE2163.BND*Binary
LE2163.LOG
TIFRAP.C01
070589.
{Page 1}
...
Elaine Morris  366           Hugh~ Davis      423

LK2211.T01
HIFCLK.C01
XONXOF.
TAS.
FORD.CMD
PICO.MEM
083189.
{Page 1}
...
      NSCMS.B/DOYLE  NSCMS.B/FLAHERTY  NSCMS.B/HENSLEY  NSCMS.B/HUGH~ES 

FORD.PAL
091289.
091989.
{Page 15}
...
      NSCMS.B/HUGH~ES  NSCMS.B/LAMAR  NSCMS.B/LARKIN  NSCMS.B/MARKIM 

LAMPY.
100489.
101389.
PATSY.
PICO.MAC
103189.
112889.
113089.
121189.
121889.
122089.
122789.
SCHED.190
DON.
2MEG.CLR
041289.
STATUS.MAR
031389.
031389.MON
022389.
E0CRSH.
STATUS.OCT
102588.
101688.
STATUS.TCK
STATUS.CA2
STATUS.ALL
ASYNC.VA
091588.
STATUS.AUG
STATUS.BS
STATUS.SBR
STATUS.CAT
082588.
CHARD.TPT
072688.
071088.
062088.
053088.
051889.
NEWFHW.202
A2211.C01
A2211.T01
072589.
REVTCK.89
081589.BSC
020TEL.COM
020TEL.OUT
027TEL.COM
027TEL.OUT
PHIL.89
090589.
VALID.SUN
091489.
CILIO.
STATUS.SEP
GENE.SRA
JAMES.ESC
102489.
111489.
121389.
122289.
STATUS.190
011690.
QA.90
031490.
{Page 7}
...
      NSCMS.B/DOYLE  NSCMS.B/FLAHERTY  NSCMS.B/HENSLEY  NSCMS.B/HUGH~ES 
...
      NSCMS.B/DOYLE  NSCMS.B/FLAHERTY  NSCMS.B/HENSLEY  NSCMS.B/HUGH~ES 
...
      NSCMS.B/DOYLE  NSCMS.B/FLAHERTY  NSCMS.B/HENSLEY  NSCMS.B/HUGH~ES 

{Page 8}
...
      NSCMS.B/HUGH~ES  NSCMS.B/LARKIN  NSCMS.B/SMITH  NSCMS.B/STALLING 

032390.
19.2K
061788.
NING.
060188.
MORE.V35
042789.
050889.
{Page 2}
...
      NSCMS.B/DOYLE  NSCMS.B/FLAHERTY  NSCMS.B/HENSLEY  NSCMS.B/HUGH~ES 

051089.
{Page 6}
...
          Faubion, Charles         Hugh~es, Joanne      7488

LE2211.MER
LE2211.TYM
LE2211.C01
LE2211.T01
MAIN.VUE*Binary
WRAP.P12
LINDA.
CONSOL.XL
SERGE.
DAVID.
SECURE.FRM
SECURE.TCK
GARY.
FASBE.FRM
100589.
102389.
111389.
{Page 1}
...
      NSCMS.B/HENSLEY  NSCMS.B/HUGH~ES  NSCMS.B/LAMAR  NSCMS.B/LARKIN 

{Page 4}
...
      NSCMS.B/DOYLE  NSCMS.B/FLAHERTY  NSCMS.B/HENSLEY  NSCMS.B/HUGH~ES 

112989.
121289.
EUGENE.JOB
FHWTRC.112
FIBER.PIR
020590.
{Page 7}
...
      NSCMS.B/HUGH~ES  NSCMS.W/SCHNEIDER  NSCMS.M/KULNIS  NSCMS.K/HEMECKER 

021490.
SPARES.AF
MORE.ATC
SLSYNC.PIR
022390.
ACCESS.MSG
033190.
SANDRA.
03.*Null
041990.
071289.
{Page 9}
...
      UKNS.HUGH~ES  UKNS.LEEWAKE 
...
To:       Laurie Hugh~es                             Copies:  See CC List    
...
TO>        Laurie Hugh~es

071989.
REVIEW.RPT
RSHUT.112
INISIO.112
100989.
{Page 1}
...
      NSCMS.B/HENSLEY  NSCMS.B/HUGH~ES  NSCMS.B/LAMAR  NSCMS.B/LARKIN 

101189.
SEMINA.CS
110189.
MARKET.90
110889.
111089.
DORIS.
012190.
022790.
030190.
032690.
VISIT.
031090.
041690.
092589.
KEN.108
101789.
102689.
WINDOW.64K
110789.
111689.
UNIX.ALL
BUG.069
010290.
APPROV.PIR
100389.
101289.
MSG.01
101989.
{Page 1}
...
Hugh~ Davis      x 423            Randy McDougall x 776
...
      NSCMS.B/HUGH~ES  NSCMS.B/LAMAR  NSCMS.B/LARKIN  NSCMS.B/MARKIM 

110289.
BETA.108
PICO18.TPT
110989.
SDUMP.PCO
112089.
120889.
{Page 8}
...
      NSCMS.B/DOYLE  NSCMS.B/FLAHERTY  NSCMS.B/HENSLEY  NSCMS.B/HUGH~ES 

MISSIN.
CHOW.
STAGE.190
012990.
{Page 5}
...
      NSCMS.B/HUGH~ES  NSCMS.B/LAMAR  NSCMS.B/LARKIN  NSCMS.B/MARKIM 

021290.
022190.
JUNK.ATC
032090.
030990.
041790.
ND6121.TYM
015TEL.COM
015TEL.OUT
HSBC.108
111589.
120589.
MULTIS.TYM
MULTIS.CMD
TASKS.SM
NRZI.PIR
020790.
030690.
JAK.110
3333.DMP*Null
021390.
PICO.BUG
040290.
031990.
041190.
ND6122.TYM
I2IS11.QMB
1) "HUGH"       81

Search in: 

1) "HUGH"       81

Search in: 
-b
1444.76 tru
terminal time: 0:15:44
  