  5239343ENMC 2270817CGM          NC Crash Type           026539275622ISIS         26543468640     0
  5232782ECSG 2170814ALCATEL        FR SLOT CRASH       7081417420857960XCOM         26509914988     0
  5233134ENMC 2170814AMDAHAL        IT.AMDAHL               026526691954NODE         24890519132    40
  5162902ECSG 2170779APC EUROPE     FR APC / JBT            026509915500CONST        24890519132   139
  4888763SIRTI2170644AUTOSTRADE     IT..SIRTI           7068526522497376PBT          26010792306    80
  4505513STS  2170421AUTOSTRADE     IT..SIRTI           7046926526691944XCOM         26530885742    62
  5224972SIRTI2170811AUTOSTRADE     IT SIRTI SUP            026526691684SUP          24890519132     0
  5228011BTUK 2170812AVERY HEMEL H. FASSON NJ12542      7081326535080048DIALU        26535080302    14
  5175233FSBEL2170785AVERY RODANCHE NL AVERY RODANGE    7079226514109280ISIS         26535080546   104
  5215974BTBNL2170806BERG ELECTRONICnl Berg trace       7080626526692202ACOM         26530886248     0
  5213784CUSAF2270805BOOZ ALLEN     NC ALLEN INSTALL        026522497386FRE          24890519132    80
  5215481FSNL 2170806BOSE           NL Bose Fivemere    7081217416663916ISIS         17420857448     0
  5140844UKCS 2170769BOSTON SAFE DEPFOA MIKE COULTHARD  7076926530885996ISIS         26530885996     0
  5240941BPCSS2270818BP MARINE      ABITS TICKET        7081817408275298ISIS         17412469358     0
  5192814ENMC 2270796BT             NC LINK SWITCH          017416664430FRE          24890519132   313
  5195762BTBNL2170797BT             NL HWELL GWAY           026514109028X.75         24890519132   134
  5217683ETSG 2170807BT             GE HDLC errors      7081417420858220ATC          17416663146    52
  5201024BTSZ 2270799BT             NC 63/93 19/11          017420857442FRE          24890519132   325
  5233034CUSTM2170814BT             GE-reload           7081726522498154ISIS         26547663204     0
  5232894BTBNL2270814BT AMSTERDAM   NL IPX BT AMSTERDAM     026509915246PROJ         24890519132   110
  5220494ECSC 2170809BT BRUSSELS    BE SLOT CRASH       7081026514109546DIALU        26514108512    20
  5240383BTSZ 2170818BT EUROPE      SZ SLOT CRASH           017383109480ISIS         24890519132     7
  5230963FSGER2170813BT GERMANY     NL XPC Federal Exp      026535080050DIALU        24890519132    79
  5102311FRSPT2270750BT SWEDEN      NC STK01 DOWN       7075526514108776FRE          26522498400   120
  5213994BTSZ 2270805BT SZ          NC NLOAD 11/15          026530886508ISIS         24890519132    72
  5224314ENMC 2270811BT.GERMAY      NC 64/93 27/11          017416663140SWTCH        24890519132   255
  5224622ENMC 2270811BT.SPAIN       NC MAD01-BAY01      7081126514109026FRE          26518303596     0
  5198141INFRA2270798BT.SPAIN       NC Dump analyze     7079917412470112NODE         26518303588    23
  5238434ENMC 2270817BTBNL          NC Plan a reload        026526691682ISIS         24890519132     0
  5238854BTFR 2270817BTFR           NC RELOAD/ISA           026530886510NODE         24890519132     0
  5232684BTFR 2170814BTFRANCE       FR XPC/ CLM         7081417416663144X.PC         17416663912     0
  5239124BTGER2270817BTGER          NC Plan a reload        026535080818ISIS         24890519132    14
  5241052BTITA2270818BTTE           NC FRE ZUR/MIL          017416663144FRE          24890519132     0
  5214104FSNL 2270805BTTE           NC DCE>DTE 29.1         026535080550FRE          24890519132    91
  5200943ENMC 2270799BTTE           NC STK01 Minor      7081417416663660FRE          17416664164   142
  5222821TPVIE2270810BTTE           NC NLOAD 22/11      7081026539274866ISIS         26543468642     0
  5238972NMSUK2270817BTUK           NC NTC 15               026535080034FRE          24890519132     0
  5237483BTFR 2170817CGM            FR CGM HAMB/ISA     7081817416663400SWTCH        17416663392     0
  5230131ENMC 2270813COMNEXO        NC DUPONT/PORTO     7081417420858210ISIS         26539274598    22
  5177331ECSC 2270786COMNEXO        NC COMMEXO/22/11    7079717412469088NODE         26518302828   256
  5236721BTFR 2270816DATA,MANGMT    NC NODE DOWN        7081626526691950ISIS         26526692452     0
  5205671BTGER2170800DUPONT         GE SLOT CRASH       7080027059368036MSVO         27059368298     0
  5225362TSBNL2170811EBSCO          NL SDLC conn.           026530886258ISIS         24890519132    74
  5184053TSBNL2170790EDISCO         NL Abbot gateway    7079026535080560X.75         26535081072     0
  5214094ENMC 2270805EMI            NC EMI line         7080626535080302XCOM         26530885746    14
  5166981ENMC 2270782EMI AMSTERDAM  NC EMI Amsterdam        017420858472FRE          24890519132   551
  5225073TELCO2170811EUROCONTROL    nl Eurocontrol      7081226526691952XCOM         17416663918    14
  5225521FRCS 2170811EUROLYSINE     FR EUROLY/ISA       7081126535080806ISIS         26535081062     0
  5238054BTFR 2170817EUROLYSINE     FR COUPURE/ISA      7081726518304098OTHER        27059368032     0
  5177754FRCS 2170786EUTELSAT       FR EUTELSAT/JBT         026509914474BBXS         24890519132     0
  5237551BTBNL2170817GILLETTE       NL GILLETTE PTT         017420857960NODE         24890519132     0
  5241144ENMC 2170818GNS            sw install v32          017420857970ISIS         24890519132     0
  5224922BTBNL2170811HONEYWELL      NL ISIS-PORT 0          026522498412ACOM         24890519132    62
  5208143CUSTM2170803HONEYWELL      nl Hwell circ drps  7080326509915244CONST        26509915494     0
  5237584BTGER2170817HONEYWELL      GE 4/12OUTAGE           017420858212OTHER        24890519132   284
  5227534TELCO2170812HOYWELL        NL HONEYWELL PTT MAI7081226522498148XCOM         26530886246     0
  5213793BTHK 2170805HYUNDAI        C:HYUNDAI               026522497900OTHER        24890519132   120
  5227313TSBNL2170812ICI            nl ICI call cleared     026509915490XCOM         24890519132    69
  5238274BTGER2170817IDAC           GE Slot load            026522498410CONST        24890519132     5
  5237714BTFR 2170817JACQUET        FR SLOAD 23H            026509914474ISIS         24890519132     3
  5203932BTITA2170800KAESTLE        IT. KAESTLE         7081417416664416SDLC         26522497394   116
  5237953ENMC 2270817KBL            NC KBL INSTALL      7081826518302822NODE         17416664168     0
  5227392BTGER2270812KENNAMETAL     NC KENNA.FUERTH         026518302822FRE          24890519132    72
  5238334BTBNL2170817KLEBER         NL PTT MAINT        7081726526691426XCOM         26526691686     0
  5241234BTGER2170818LEONHARD KURZ  GE SLOT RELOAD          017420858724XCOM         24890519132     0
  5241114BTGER2170818LEONHARD KURZ  GE Reload (Project)     017420857956XCOM         24890519132     0
  5180624BTBNL2170789MEDTRONIC      NL MEDTRONIC            017404081518XCOM         24890519132   673
  5238521TELCO2170817MEDTRONIC      NL MEDTR LL PROB        02652669219456KB         24890519132     0
  5232883CUSTM2270814MEDTRONIC      NC MEDTRONIC DOWN.      026509914986ISIS         24890519132     4
  5222421TSBNL2170810MEDTRONICS     FR MEDTRONIC            026530886244XCOM         24890519132    99
  5237822BTAUS2170817MERCK SHARP & DFR MSD/CLM              026509915504XCOM         24890519132     0
  5237742NFONY2170817MIDEM          FR MIDEM /JBT           026509914976X.75         24890519132    10
  5227341ECSG 2170812MILLIPORE      FR SLOAD SUN14H     7081326514109040XCOM         26514109034    15
  4904603INFRA2170652MTSS (LABOUR MISP CMTI+EZTYM       7067226509914732CMF          26535081056     0
  5227083CUSTM2170812NAMSA          nl Namsa Italy      7081717416663916XCOM         26514109040    69
  5224894TELCO2170811NIPPON         NL 25 NOV PTT       7081226522497902HWOCL        17412469356    14
  5225123BTSWE2170811NOBEL          SW NOBEL PROC           026526692452MSVO         24890519132   131
  5230402BTUK 2170813PRESTIGE GROUP CHECK NODES         7081726514109542FRE          26526692718     8
  5239241ECSC 2170817QUINTON HAZEL LFR EDI  /JBT            026539274600OTHER        24890519132     0
  5157891ENMC 2270777SANDVICK       NC Sandvik STK-MIL  7077717420857708FRE          17420857962     0
  5232651TELCO2270814SEALAND        NC NODE DOWN        7081417412469870ISIS         17412470120     0
  5237591FSFR 2270817SENATOR LINES  NC SENATOR/JBT          017420858212ISIS         24890519132     0
  5241071BTSWE2170818SUNDS          sw SUNDS FRE            017416663920FRE          24890519132     0
  5198884BTSP 2170798TAFISA         EU TAFISA IN PO     7081426530887016XCOM         26509914978   385
  5216712NFOMX2170806THOMSON        .                   7081227046785126ISIS         17416663146    12
  5224681UKCS 2270811THORM EMI      FOA P.MCDOUGAL      7081326514109554MCP          17420858722    12
  5220572BTFR 2170809UBAF           EU UBAF  CLM        7080926522497378XCOM         26522497900     0
  5191474BTSWE2170794VOLVO          NR VOLVO DOWN       7079417420857956SDLC         17420858208     0
  5232752BTUK 2170814YVES ROCHER UK YVES I/H DB             017420857964XCOM         24890519132    61
  5231603BTBNL 470813BERG ELECTRONIC.                       0265476634729.6          24890519132    58
  5237421BTSP 1170817BRITANY FERRIESBRIT FERRIES SPN    7081717416663140XCOM         26518304112     0
  5222811BTITA2470810CHASE MANHATTANFOA BTITALY             026539274866ISIS         24890519132    60
  5241003BTBNL1170818FMC EUROPE     SLOT 2 LOAD             017412469616NODE         24890519132     0
  5180344ETSG  270789FR.GNS         FR SIO /JBT         7078917383108970NODE         17383109218     0
  5241081ECSC 2470818INT SPECIALITY PLS ACCEPT              017416663922DIALU        24890519132     0
  5218731ETSG  470807KENNAMETAL     TURN TO AFPUB       7080726543469418FRE          27055174000     0
  5237641BTITA2470817ROLLS ROYCE    PLEASE ACCEPT           017420858468XCOM         24890519132    11
  5240953ECSC 1170818SALLY LINE     SLOAD 1H DU MAT!        017412469344XCOM         24890519132     0
  5240993BTGER1170818USM TEXON      SLOT 3 LOAD             017412469610SWTCH        24890519132     0
x22>>
  