
: 
: 
: 
: 
COPY STARTING

(PAPDEV:26)ACCMSG.FTF COPIED TO (PAPDEV:34)ACCMSG.FTF

2772 (2072) CHARS. TRANSMITTED

: 
COPY STARTING

(PAPDEV:26)ALL.FTF COPIED TO (PAPDEV:34)ALL.FTF

269109 (199949) CHARS. TRANSMITTED

: 
COPY STARTING

(PAPDEV:26)ALLUPD.CMD COPIED TO (PAPDEV:34)ALLUPD.CMD

450 (510) CHARS. TRANSMITTED

: 
COPY STARTING

(PAPDEV:26)ALOAD.MAC COPIED TO (PAPDEV:34)ALOAD.MAC

8595 (5579) CHARS. TRANSMITTED

: 
COPY STARTING

(PAPDEV:26)AMOVE.FTF COPIED TO (PAPDEV:34)AMOVE.FTF

2147 (1644) CHARS. TRANSMITTED

: 
COPY STARTING

(PAPDEV:26)ANDERS.CMD COPIED TO (PAPDEV:34)ANDERS.CMD

36 (51) CHARS. TRANSMITTED

: 
COPY STARTING

(PAPDEV:26)ANDERS.FTF COPIED TO (PAPDEV:34)ANDERS.FTF

2484 (1716) CHARS. TRANSMITTED

: 
COPY STARTING

(PAPDEV:26)ARTIE.FTF COPIED TO (PAPDEV:34)ARTIE.FTF

2480 (1683) CHARS. TRANSMITTED

: 
COPY STARTING

(PAPDEV:26)B1TOST.FTF COPIED TO (PAPDEV:34)B1TOST.FTF

1908 (1459) CHARS. TRANSMITTED

: 
COPY STARTING

(PAPDEV:26)BA2PT1.FTF COPIED TO (PAPDEV:34)BA2PT1.FTF

779 (612) CHARS. TRANSMITTED

: 
COPY STARTING

(PAPDEV:26)BA2PT2.FTF COPIED TO (PAPDEV:34)BA2PT2.FTF

779 (614) CHARS. TRANSMITTED

: 
COPY STARTING

(PAPDEV:26)BADCKT.CMD COPIED TO (PAPDEV:34)BADCKT.CMD

36 (51) CHARS. TRANSMITTED

: 
COPY STARTING

(PAPDEV:26)BADCKT.FTF COPIED TO (PAPDEV:34)BADCKT.FTF

3384 (2386) CHARS. TRANSMITTED

: 
COPY STARTING

(PAPDEV:26)BADHST.CMD COPIED TO (PAPDEV:34)BADHST.CMD

36 (51) CHARS. TRANSMITTED

: 
COPY STARTING

(PAPDEV:26)BADHST.FTF COPIED TO (PAPDEV:34)BADHST.FTF

3339 (2350) CHARS. TRANSMITTED

: 
COPY STARTING

(PAPDEV:26)BADNOD.CMD COPIED TO (PAPDEV:34)BADNOD.CMD

36 (51) CHARS. TRANSMITTED

: 
COPY STARTING

(PAPDEV:26)BADNOD.FTF COPIED TO (PAPDEV:34)BADNOD.FTF

3330 (2343) CHARS. TRANSMITTED

: 
COPY STARTING

(PAPDEV:26)BEARS.CMD COPIED TO (PAPDEV:34)BEARS.CMD

36 (51) CHARS. TRANSMITTED

: 
COPY STARTING

(PAPDEV:26)BEARS.FTF COPIED TO (PAPDEV:34)BEARS.FTF

2480 (1712) CHARS. TRANSMITTED

: 
COPY STARTING

(PAPDEV:26)CANODE.CMD COPIED TO (PAPDEV:34)CANODE.CMD

36 (51) CHARS. TRANSMITTED

: 
COPY STARTING

(PAPDEV:26)CANODE.FTF COPIED TO (PAPDEV:34)CANODE.FTF

1404 (1030) CHARS. TRANSMITTED

: 
COPY STARTING

(PAPDEV:26)CCMENU.FTF COPIED TO (PAPDEV:34)CCMENU.FTF

1413 (795) CHARS. TRANSMITTED

: 
COPY STARTING

(PAPDEV:26)CDM.CMD COPIED TO (PAPDEV:34)CDM.CMD

36 (50) CHARS. TRANSMITTED

: 
COPY STARTING

(PAPDEV:26)CDM.FTF COPIED TO (PAPDEV:34)CDM.FTF

2021 (1387) CHARS. TRANSMITTED

: 
COPY STARTING

(PAPDEV:26)CHDRPT.CMD COPIED TO (PAPDEV:34)CHDRPT.CMD

95 (116) CHARS. TRANSMITTED

: 
COPY STARTING

(PAPDEV:26)CHKBAK.FTF COPIED TO (PAPDEV:34)CHKBAK.FTF

1040 (788) CHARS. TRANSMITTED

: 
COPY STARTING

(PAPDEV:26)CMPALL.CMD COPIED TO (PAPDEV:34)CMPALL.CMD

81 (101) CHARS. TRANSMITTED

: 
COPY STARTING

(PAPDEV:26)CNONLY.CMD COPIED TO (PAPDEV:34)CNONLY.CMD

36 (51) CHARS. TRANSMITTED

: 
COPY STARTING

(PAPDEV:26)CNONLY.FTF COPIED TO (PAPDEV:34)CNONLY.FTF

2948 (2069) CHARS. TRANSMITTED

: 
COPY STARTING

(PAPDEV:26)COC.FTF COPIED TO (PAPDEV:34)COC.FTF

1566 (1197) CHARS. TRANSMITTED

: 
COPY STARTING

(PAPDEV:26)COMPAQ.CMD COPIED TO (PAPDEV:34)COMPAQ.CMD

36 (51) CHARS. TRANSMITTED

: 
COPY STARTING

(PAPDEV:26)COMPAQ.FTF COPIED TO (PAPDEV:34)COMPAQ.FTF

2754 (1906) CHARS. TRANSMITTED

: 
COPY STARTING

(PAPDEV:26)COMPAX.CMD COPIED TO (PAPDEV:34)COMPAX.CMD

36 (51) CHARS. TRANSMITTED

: 
COPY STARTING

(PAPDEV:26)COMPAX.FTF COPIED TO (PAPDEV:34)COMPAX.FTF

2484 (1730) CHARS. TRANSMITTED

: 
COPY STARTING

(PAPDEV:26)CSSOPN.CMD COPIED TO (PAPDEV:34)CSSOPN.CMD

36 (51) CHARS. TRANSMITTED

: 
COPY STARTING

(PAPDEV:26)CSSOPN.FTF COPIED TO (PAPDEV:34)CSSOPN.FTF

977 (777) CHARS. TRANSMITTED

: 
COPY STARTING

(PAPDEV:26)CSURCH.CMD COPIED TO (PAPDEV:34)CSURCH.CMD

36 (51) CHARS. TRANSMITTED

: 
COPY STARTING

(PAPDEV:26)CSURCH.FTF COPIED TO (PAPDEV:34)CSURCH.FTF

3015 (2057) CHARS. TRANSMITTED

: 
COPY STARTING

(PAPDEV:26)DISNEY.FTF COPIED TO (PAPDEV:34)DISNEY.FTF

2754 (1906) CHARS. TRANSMITTED

: 
COPY STARTING

(PAPDEV:26)DMCEXE.FTF COPIED TO (PAPDEV:34)DMCEXE.FTF

630 (630) CHARS. TRANSMITTED

: 
COPY STARTING

(PAPDEV:26)ELMCHK.FTF COPIED TO (PAPDEV:34)ELMCHK.FTF

549 (520) CHARS. TRANSMITTED

: 
COPY STARTING

(PAPDEV:26)FIDEL.FTF COPIED TO (PAPDEV:34)FIDEL.FTF

2759 (1907) CHARS. TRANSMITTED

: 
COPY STARTING

(PAPDEV:26)FLMFRS.CMD COPIED TO (PAPDEV:34)FLMFRS.CMD

36 (51) CHARS. TRANSMITTED

: 
COPY STARTING

(PAPDEV:26)FLMFRS.FTF COPIED TO (PAPDEV:34)FLMFRS.FTF

2822 (1980) CHARS. TRANSMITTED

: 
COPY STARTING

(PAPDEV:26)FLMINI.CMD COPIED TO (PAPDEV:34)FLMINI.CMD

36 (51) CHARS. TRANSMITTED

: 
COPY STARTING

(PAPDEV:26)FLMINI.FTF COPIED TO (PAPDEV:34)FLMINI.FTF

3492 (2483) CHARS. TRANSMITTED

: 
COPY STARTING

(PAPDEV:26)FLMINT.FTF COPIED TO (PAPDEV:34)FLMINT.FTF

1161 (871) CHARS. TRANSMITTED

: 
COPY STARTING

(PAPDEV:26)FLMTC3.FTF COPIED TO (PAPDEV:34)FLMTC3.FTF

8033 (5318) CHARS. TRANSMITTED

: 
COPY STARTING

(PAPDEV:26)FLMTKS.CMD COPIED TO (PAPDEV:34)FLMTKS.CMD

36 (51) CHARS. TRANSMITTED

: 
COPY STARTING

(PAPDEV:26)FLMTKS.FTF COPIED TO (PAPDEV:34)FLMTKS.FTF

2295 (1669) CHARS. TRANSMITTED

: 
COPY STARTING

(PAPDEV:26)FNBCTX.CMD COPIED TO (PAPDEV:34)FNBCTX.CMD

36 (51) CHARS. TRANSMITTED

: 
COPY STARTING

(PAPDEV:26)FNBCTX.FTF COPIED TO (PAPDEV:34)FNBCTX.FTF

2817 (1942) CHARS. TRANSMITTED

: 
COPY STARTING

(PAPDEV:26)FREMON.FTF COPIED TO (PAPDEV:34)FREMON.FTF

882 (714) CHARS. TRANSMITTED

: 
COPY STARTING

(PAPDEV:26)FROPEN.FTF COPIED TO (PAPDEV:34)FROPEN.FTF

599 (482) CHARS. TRANSMITTED

: 
COPY STARTING

(PAPDEV:26)FUCKZ.FTF COPIED TO (PAPDEV:34)FUCKZ.FTF

2097 (1593) CHARS. TRANSMITTED

: 
COPY STARTING

(PAPDEV:26)GETBAK.FTF COPIED TO (PAPDEV:34)GETBAK.FTF

2624 (1877) CHARS. TRANSMITTED

: 
COPY STARTING

(PAPDEV:26)GILETE.FTF COPIED TO (PAPDEV:34)GILETE.FTF

2754 (1901) CHARS. TRANSMITTED

: 
COPY STARTING

(PAPDEV:26)GILLET.CMD COPIED TO (PAPDEV:34)GILLET.CMD

36 (51) CHARS. TRANSMITTED

: 
COPY STARTING

(PAPDEV:26)GILLET.FTF COPIED TO (PAPDEV:34)GILLET.FTF

2480 (1704) CHARS. TRANSMITTED

: 
COPY STARTING

(PAPDEV:26)HOSTWA.CMD COPIED TO (PAPDEV:34)HOSTWA.CMD

36 (51) CHARS. TRANSMITTED

: 
COPY STARTING

(PAPDEV:26)HOSTWA.FTF COPIED TO (PAPDEV:34)HOSTWA.FTF

2624 (1853) CHARS. TRANSMITTED

: 
COPY STARTING

(PAPDEV:26)INITS.CMD COPIED TO (PAPDEV:34)INITS.CMD

45 (61) CHARS. TRANSMITTED

: 
COPY STARTING

(PAPDEV:26)INITS.FTF COPIED TO (PAPDEV:34)INITS.FTF

4766 (3448) CHARS. TRANSMITTED

: 
COPY STARTING

(PAPDEV:26)INPTST.CMD COPIED TO (PAPDEV:34)INPTST.CMD

36 (51) CHARS. TRANSMITTED

: 
COPY STARTING

(PAPDEV:26)INPTST.FTF COPIED TO (PAPDEV:34)INPTST.FTF

612 (599) CHARS. TRANSMITTED

: 
COPY STARTING

(PAPDEV:26)JAPER.CMD COPIED TO (PAPDEV:34)JAPER.CMD

72 (91) CHARS. TRANSMITTED

: 
COPY STARTING

(PAPDEV:26)JIM.MAC COPIED TO (PAPDEV:34)JIM.MAC

1085 (700) CHARS. TRANSMITTED

: 
COPY STARTING

(PAPDEV:26)K.CMD COPIED TO (PAPDEV:34)K.CMD

32 (46) CHARS. TRANSMITTED

: 
COPY STARTING

(PAPDEV:26)K.FTF COPIED TO (PAPDEV:34)K.FTF

2381 (1766) CHARS. TRANSMITTED

: 
COPY STARTING

(PAPDEV:26)K2.FTF COPIED TO (PAPDEV:34)K2.FTF

26609 (19509) CHARS. TRANSMITTED

: 
COPY STARTING

(PAPDEV:26)KEYSTO.FTF COPIED TO (PAPDEV:34)KEYSTO.FTF

2763 (1909) CHARS. TRANSMITTED

: 
COPY STARTING

(PAPDEV:26)MAPDEL.CMD COPIED TO (PAPDEV:34)MAPDEL.CMD

36 (51) CHARS. TRANSMITTED

: 
COPY STARTING

(PAPDEV:26)MAPDEL.FTF COPIED TO (PAPDEV:34)MAPDEL.FTF

2025 (1433) CHARS. TRANSMITTED

: 
COPY STARTING

(PAPDEV:26)MOTOTX.CMD COPIED TO (PAPDEV:34)MOTOTX.CMD

36 (51) CHARS. TRANSMITTED

: 
COPY STARTING

(PAPDEV:26)MOTOTX.FTF COPIED TO (PAPDEV:34)MOTOTX.FTF

2624 (1847) CHARS. TRANSMITTED

: 
COPY STARTING

(PAPDEV:26)NEWCC.FTF COPIED TO (PAPDEV:34)NEWCC.FTF

1382 (733) CHARS. TRANSMITTED

: 
COPY STARTING

(PAPDEV:26)NEWMOT.CMD COPIED TO (PAPDEV:34)NEWMOT.CMD

36 (51) CHARS. TRANSMITTED

: 
COPY STARTING

(PAPDEV:26)NEWMOT.FTF COPIED TO (PAPDEV:34)NEWMOT.FTF

4041 (2678) CHARS. TRANSMITTED

: 
COPY STARTING

(PAPDEV:26)NOVAST.CMD COPIED TO (PAPDEV:34)NOVAST.CMD

36 (51) CHARS. TRANSMITTED

: 
COPY STARTING

(PAPDEV:26)NOVAST.FTF COPIED TO (PAPDEV:34)NOVAST.FTF

896 (707) CHARS. TRANSMITTED

: 
COPY STARTING

(PAPDEV:26)NOVBEC.CMD COPIED TO (PAPDEV:34)NOVBEC.CMD

36 (51) CHARS. TRANSMITTED

: 
COPY STARTING

(PAPDEV:26)NOVBEC.FTF COPIED TO (PAPDEV:34)NOVBEC.FTF

1013 (797) CHARS. TRANSMITTED

: 
COPY STARTING

(PAPDEV:26)NOVFRE.CMD COPIED TO (PAPDEV:34)NOVFRE.CMD

36 (51) CHARS. TRANSMITTED

: 
COPY STARTING

(PAPDEV:26)NOVFRE.FTF COPIED TO (PAPDEV:34)NOVFRE.FTF

972 (761) CHARS. TRANSMITTED

: 
COPY STARTING

(PAPDEV:26)NVSTAT.CMD COPIED TO (PAPDEV:34)NVSTAT.CMD

36 (51) CHARS. TRANSMITTED

: 
COPY STARTING

(PAPDEV:26)NVSTAT.FTF COPIED TO (PAPDEV:34)NVSTAT.FTF

1670 (1258) CHARS. TRANSMITTED

: 
COPY STARTING

(PAPDEV:26)OPS4.FTF COPIED TO (PAPDEV:34)OPS4.FTF

7929 (5401) CHARS. TRANSMITTED

: 
COPY STARTING

(PAPDEV:26)OPSMTD.FTF COPIED TO (PAPDEV:34)OPSMTD.FTF

5346 (3641) CHARS. TRANSMITTED

: 
COPY STARTING

(PAPDEV:26)OVR.FTF COPIED TO (PAPDEV:34)OVR.FTF

3177 (2366) CHARS. TRANSMITTED

: 
COPY STARTING

(PAPDEV:26)OVR2.FTF COPIED TO (PAPDEV:34)OVR2.FTF

3168 (2350) CHARS. TRANSMITTED

: 
COPY STARTING

(PAPDEV:26)OVRATE.CMD COPIED TO (PAPDEV:34)OVRATE.CMD

45 (61) CHARS. TRANSMITTED

: 
COPY STARTING

(PAPDEV:26)OVRATE.FTF COPIED TO (PAPDEV:34)OVRATE.FTF

3119 (2317) CHARS. TRANSMITTED

: 
COPY STARTING

(PAPDEV:26)OVRTEN.CMD COPIED TO (PAPDEV:34)OVRTEN.CMD

45 (61) CHARS. TRANSMITTED

: 
COPY STARTING

(PAPDEV:26)OVRTEN.FTF COPIED TO (PAPDEV:34)OVRTEN.FTF

3177 (2366) CHARS. TRANSMITTED

: 
COPY STARTING

(PAPDEV:26)P1.FTF COPIED TO (PAPDEV:34)P1.FTF

47142 (35062) CHARS. TRANSMITTED

: 
COPY STARTING

(PAPDEV:26)P2.FTF COPIED TO (PAPDEV:34)P2.FTF

25578 (18678) CHARS. TRANSMITTED

: 
COPY STARTING

(PAPDEV:26)P3.FTF COPIED TO (PAPDEV:34)P3.FTF

37643 (26681) CHARS. TRANSMITTED

: 
REPLACING FILE (PAPDEV:34)PAP1.MAC

COPY STARTING

(PAPDEV:26)PAP1.MAC COPIED TO (PAPDEV:34)PAP1.MAC

7196 (5120) CHARS. TRANSMITTED

: 
COPY STARTING

(PAPDEV:26)PAP193.MAC COPIED TO (PAPDEV:34)PAP193.MAC

7007 (5002) CHARS. TRANSMITTED

: 
COPY STARTING

(PAPDEV:26)PAPCMG.FTF COPIED TO (PAPDEV:34)PAPCMG.FTF

194 (198) CHARS. TRANSMITTED

: 
COPY STARTING

(PAPDEV:26)PAPDWN.FTF COPIED TO (PAPDEV:34)PAPDWN.FTF

275 (285) CHARS. TRANSMITTED

: 
COPY STARTING

(PAPDEV:26)PAPER.CMD COPIED TO (PAPDEV:34)PAPER.CMD

72 (91) CHARS. TRANSMITTED

: 
COPY STARTING

(PAPDEV:26)PAPER.FTF COPIED TO (PAPDEV:34)PAPER.FTF

159705 (122221) CHARS. TRANSMITTED

: 
COPY STARTING

(PAPDEV:26)PAPMNT.FTF COPIED TO (PAPDEV:34)PAPMNT.FTF

162 (165) CHARS. TRANSMITTED

: 
COPY STARTING

(PAPDEV:26)PAPUPD.CMD COPIED TO (PAPDEV:34)PAPUPD.CMD

144 (171) CHARS. TRANSMITTED

: 
COPY STARTING

(PAPDEV:26)PRIV.CMD COPIED TO (PAPDEV:34)PRIV.CMD

72 (91) CHARS. TRANSMITTED

: 
COPY STARTING

(PAPDEV:26)PRIV.FTF COPIED TO (PAPDEV:34)PRIV.FTF

70187 (52091) CHARS. TRANSMITTED

: 
COPY STARTING

(PAPDEV:26)PUB.CMD COPIED TO (PAPDEV:34)PUB.CMD

72 (91) CHARS. TRANSMITTED

: 
COPY STARTING

(PAPDEV:26)PUB.FTF COPIED TO (PAPDEV:34)PUB.FTF

70182 (52096) CHARS. TRANSMITTED

: 
COPY STARTING

(PAPDEV:26)QKMOV.CMD COPIED TO (PAPDEV:34)QKMOV.CMD

54 (71) CHARS. TRANSMITTED

: 
COPY STARTING

(PAPDEV:26)QKMOV.FTF COPIED TO (PAPDEV:34)QKMOV.FTF

986 (749) CHARS. TRANSMITTED

: 
COPY STARTING

(PAPDEV:26)REPORT.CMD COPIED TO (PAPDEV:34)REPORT.CMD

72 (91) CHARS. TRANSMITTED

: 
COPY STARTING

(PAPDEV:26)REPORT.FTF COPIED TO (PAPDEV:34)REPORT.FTF

83115 (62490) CHARS. TRANSMITTED

: 
COPY STARTING

(PAPDEV:26)REPUPD.CMD COPIED TO (PAPDEV:34)REPUPD.CMD

126 (151) CHARS. TRANSMITTED

: 
COPY STARTING

(PAPDEV:26)ROTARY.CMD COPIED TO (PAPDEV:34)ROTARY.CMD

36 (51) CHARS. TRANSMITTED

: 
COPY STARTING

(PAPDEV:26)ROTARY.FTF COPIED TO (PAPDEV:34)ROTARY.FTF

3353 (2316) CHARS. TRANSMITTED

: 
COPY STARTING

(PAPDEV:26)SCPTST.FTF COPIED TO (PAPDEV:34)SCPTST.FTF

3555 (2464) CHARS. TRANSMITTED

: 
COPY STARTING

(PAPDEV:26)SEAGRM.CMD COPIED TO (PAPDEV:34)SEAGRM.CMD

36 (51) CHARS. TRANSMITTED

: 
COPY STARTING

(PAPDEV:26)SEAGRM.FTF COPIED TO (PAPDEV:34)SEAGRM.FTF

2480 (1725) CHARS. TRANSMITTED

: 
COPY STARTING

(PAPDEV:26)SHDUMP.CMD COPIED TO (PAPDEV:34)SHDUMP.CMD

36 (51) CHARS. TRANSMITTED

: 
COPY STARTING

(PAPDEV:26)SHDUMP.FTF COPIED TO (PAPDEV:34)SHDUMP.FTF

1175 (862) CHARS. TRANSMITTED

: 
COPY STARTING

(PAPDEV:26)SHIFTQ.CMD COPIED TO (PAPDEV:34)SHIFTQ.CMD

36 (51) CHARS. TRANSMITTED

: 
COPY STARTING

(PAPDEV:26)SHIFTQ.FTF COPIED TO (PAPDEV:34)SHIFTQ.FTF

3708 (2638) CHARS. TRANSMITTED

: 
COPY STARTING

(PAPDEV:26)SHIFTZ.CMD COPIED TO (PAPDEV:34)SHIFTZ.CMD

36 (51) CHARS. TRANSMITTED

: 
COPY STARTING

(PAPDEV:26)SHIFTZ.FTF COPIED TO (PAPDEV:34)SHIFTZ.FTF

3722 (2654) CHARS. TRANSMITTED

: 
COPY STARTING

(PAPDEV:26)SHZFUK.FTF COPIED TO (PAPDEV:34)SHZFUK.FTF

2120 (1613) CHARS. TRANSMITTED

: 
COPY STARTING

(PAPDEV:26)SOTARY.CMD COPIED TO (PAPDEV:34)SOTARY.CMD

36 (51) CHARS. TRANSMITTED

: 
COPY STARTING

(PAPDEV:26)SOTARY.FTF COPIED TO (PAPDEV:34)SOTARY.FTF

4595 (3221) CHARS. TRANSMITTED

: 
COPY STARTING

(PAPDEV:26)STATS.CMD COPIED TO (PAPDEV:34)STATS.CMD

36 (51) CHARS. TRANSMITTED

: 
COPY STARTING

(PAPDEV:26)STATS.FTF COPIED TO (PAPDEV:34)STATS.FTF

3168 (2316) CHARS. TRANSMITTED

: 
COPY STARTING

(PAPDEV:26)STRCOM.CMD COPIED TO (PAPDEV:34)STRCOM.CMD

36 (51) CHARS. TRANSMITTED

: 
COPY STARTING

(PAPDEV:26)STRCOM.FTF COPIED TO (PAPDEV:34)STRCOM.FTF

2205 (1620) CHARS. TRANSMITTED

: 
COPY STARTING

(PAPDEV:26)SVMGMT.CMD COPIED TO (PAPDEV:34)SVMGMT.CMD

36 (51) CHARS. TRANSMITTED

: 
COPY STARTING

(PAPDEV:26)SVMGMT.FTF COPIED TO (PAPDEV:34)SVMGMT.FTF

2025 (1479) CHARS. TRANSMITTED

: 
COPY STARTING

(PAPDEV:26)TEST.CMD COPIED TO (PAPDEV:34)TEST.CMD

14 (24) CHARS. TRANSMITTED

: 
COPY STARTING

(PAPDEV:26)TICCLR.FTF COPIED TO (PAPDEV:34)TICCLR.FTF

477 (446) CHARS. TRANSMITTED

: 
COPY STARTING

(PAPDEV:26)TKOTEN.CMD COPIED TO (PAPDEV:34)TKOTEN.CMD

45 (61) CHARS. TRANSMITTED

: 
COPY STARTING

(PAPDEV:26)TKOTEN.FTF COPIED TO (PAPDEV:34)TKOTEN.FTF

3182 (2370) CHARS. TRANSMITTED

: 
COPY STARTING

(PAPDEV:26)TOTINT.CMD COPIED TO (PAPDEV:34)TOTINT.CMD

36 (51) CHARS. TRANSMITTED

: 
COPY STARTING

(PAPDEV:26)TOTINT.FTF COPIED TO (PAPDEV:34)TOTINT.FTF

2885 (2159) CHARS. TRANSMITTED

: 
COPY STARTING

(PAPDEV:26)TSURCH.CMD COPIED TO (PAPDEV:34)TSURCH.CMD

36 (51) CHARS. TRANSMITTED

: 
COPY STARTING

(PAPDEV:26)TSURCH.FTF COPIED TO (PAPDEV:34)TSURCH.FTF

1188 (874) CHARS. TRANSMITTED

: 
COPY STARTING

(PAPDEV:26)TTSNEW.FTF COPIED TO (PAPDEV:34)TTSNEW.FTF

792 (607) CHARS. TRANSMITTED

: 
COPY STARTING

(PAPDEV:26)UPEM.CMD COPIED TO (PAPDEV:34)UPEM.CMD

36 (51) CHARS. TRANSMITTED

: 
COPY STARTING

(PAPDEV:26)UPEM.FTF COPIED TO (PAPDEV:34)UPEM.FTF

1553 (1160) CHARS. TRANSMITTED

: 
COPY STARTING

(PAPDEV:26)USRNOS.CMD COPIED TO (PAPDEV:34)USRNOS.CMD

36 (51) CHARS. TRANSMITTED

: 
COPY STARTING

(PAPDEV:26)USRNOS.FTF COPIED TO (PAPDEV:34)USRNOS.FTF

1143 (853) CHARS. TRANSMITTED

: 
COPY STARTING

(PAPDEV:26)USRTMP.CMD COPIED TO (PAPDEV:34)USRTMP.CMD

36 (51) CHARS. TRANSMITTED

: 
COPY STARTING

(PAPDEV:26)USRTMP.FTF COPIED TO (PAPDEV:34)USRTMP.FTF

1103 (828) CHARS. TRANSMITTED

: 
COPY STARTING

(PAPDEV:26)WAIT.FTF COPIED TO (PAPDEV:34)WAIT.FTF

117 (113) CHARS. TRANSMITTED

: 
COPY STARTING

(PAPDEV:26)WKREVU.CMD COPIED TO (PAPDEV:34)WKREVU.CMD

45 (61) CHARS. TRANSMITTED

: 
COPY STARTING

(PAPDEV:26)WKREVU.FTF COPIED TO (PAPDEV:34)WKREVU.FTF

5301 (3772) CHARS. TRANSMITTED

: 
COPY STARTING

(PAPDEV:26)430FIX.FTF COPIED TO (PAPDEV:34)430FIX.FTF

1859 (1464) CHARS. TRANSMITTED

: 
COPY STARTING

(PAPDEV:26)450FIX.FTF COPIED TO (PAPDEV:34)450FIX.FTF

1859 (1464) CHARS. TRANSMITTED

:     