: THIS SHOULD BE THE ONLY GOOD GUY LIST USED IN THE ASSEMBLY OF VERSION
: 5.06 OF NODE CODE FOR ALL NODES IN FIRN. IF RUNNING VERSION 4.05 OF NODE
: CODE USE (FIRNCODE:22)GOODGY.LST      THANK YOU        DAG  4-17-84

:       GOOD-GUY LIST
XGG     MACRO[
:       XRAY GOODGY LIST
        GG(2,0,FNXRAYS,99)    : SUPER-PRIVILEGED USER,HIGHEST OVERRIDE NUMBER
        GG(1,0,FNXRAYP,97)      : PRIVILEGED USER,HIGH OVERRIDE NUMBER
        GG(0,0,FNXRAY,96)     : NON-PRIVILEGED USER,LOWER OVERRIDE NUMBER (FIRN)
:       ISIS GOODGY LIST
        GG(L.DISC!L.S0A!L.SYA!L.SUA!L.S0P!L.SYP!L.P,-1,FNDDTP)
        GG(L.DISC!L.S0A!L.SYA!L.SUA!L.S0P!L.SYP!L.P,-1,TYMTECH)
        GG(L.S0A!L.SYA!L.R,-1,FNDDT)
        GG(L.DISC!L.S0A!L.SYA!L.SUA!L.S0P!L.SYP!L.P,-1,ISISTECH)
        GG(L.S0A!L.SYA!L.SUA!L.S0P!L.DISC!L.SYP!L.P,-1,VALIDATE)
	GG(L.S0A!L.SYA!L.SUA!L.S0P!L.DISC!L.SYP!L.P,-1,JRINDE)
        GG(L.S0A!L.S0R!L.H!L.P,-1,GATEWAY)
        IF      SUP
        GG(L.DISC!L.S0A!L.SYA!L.SUA!L.S0P!L.SYP!L.P,NSLOT+2,RPROBE)
        GG(L.DISC!L.S0A!L.SYA!L.SUA!L.S0P!L.SYP!L.P,NSLOT+3,RERLOG)
        GG(L.DISC!L.S0A!L.SYA!L.SUA!L.S0P!L.SYP!L.P,NSLOT+4,RACCOUNT)
        GG(L.DISC!L.S0A!L.SYA!L.SUA!L.S0P!L.SYP!L.P,NSLOT+5,RSYSMSG)
        GG(L.DISC!L.S0A!L.SYA!L.SUA!L.S0P!L.SYP!L.P,NSLOT+6,RUN2)
GGPRO   GG(0,NSLOT+3002,PROBE)
GGERR   GG(0,NSLOT+3003,ERLOG)
GGACC   GG(0,NSLOT+3004,ACCOUNT)
GGSYS   GG(0,NSLOT+3005,SYSMSG1)
GGUN2   GG(0,NSLOT+3006,UN2)
        EI

        IF CONSAT
        GG(L.R,-1,VADICBUSY)
        EI

]

        END
