-r (upl)find

Target 1: arkhu

Target 2: 

search in: ###

008.    
010.    
001.    
017.    
026.    
035.    
044.    
053.    
062.    
069.    
071.    
{Page 3}...
Author          : LINDA PARKHU~RST, CHRISTINE PHAN
...
OnTyme ID       : NSC.L/PARKHU~RST, NSC.C/PHAN
...
 |   BOTH         | ORIGINATOR : LINDA PARKHU~RST           |   PATCH DATA     |
...
 |                | ONTYME : NSC.L/PARKHU~RST               |   ENGINE         |

078.    
087.    
080.    
096.    
100.    
002.    
009.    
011.    
018.    
020.    
027.    
036.    
045.    
054.    
072.    
063.    
079.    
081.    
088.    
090.    
097.    
101.    
003.    
012.    
019.    
021.    
028.    
030.    
037.    
046.    
{Page 1}...
Author          :Linda Parkhu~rst
...
OnTyme ID       :NSC.L/Parkhu~rst
...
questions regarding this notification to NSC.L/Parkhu~rst.

055.    
073.    
064.    
082.    
098.    
102.    
004.    
013.    
022.    
029.    
031.    
038.    
040.    
047.    
056.    
065.    
074.    
083.    
099.    
005.    
014.    
032.    
023.    
{Page 1}...
Author          :Linda Parkhu~rst
...
OnTyme ID       :NSC.L/Parkhu~rst
...
NSC.L/Parkhu~rst or call me at extension 8006.

041.    
048.    
050.    
057.    
075.    
066.    
039.    
084.    
093.    
104.    
006.    
015.    
024.    
033.    
042.    
049.    
051.    
058.    
060.    
067.    
076.    
{Page 1}...
Author          : LINDA PARKHU~RST, CHRISTINE PHAN
...
OnTyme ID       : NSC.L/PARKHU~RST, NSC.C/PHAN
...
 |   BOTH         | ORIGINATOR : LINDA PARKHU~RST           |   PATCH DATA     |
...
 |                | ONTYME : NSC.L/PARKHU~RST               |   ENGINE         |

094.    
105.    
007.    
025.    
034.    
043.    
059.    
061.    
052.    
016.    
070.    
068.    
79.     
086.    
095.    
1) "arkhu"      14
search in: 
-b
58.90 tru
terminal time: 0:00:56
