  5700133BTGER2171042ABBOTT         GERH ABBOTT             026518303596NODE         24890519132   121
  5715083CPSS 2171048ADVANCED ELASTOEU SLOT CRASH           026543468648XCOM         24890519132    15
  5713521BTFR 2271048ALLIED SIGNAL  NC ALLIED/NOS           017416664178FRE          24890519132    11
  5556893BTGER2270979ALLIED-SIGNAL  NC Allied-signal    7097917416663664FRE          26514109802     0
  5551083BTITA2170975AMPEX          IT SLOT DUMPED      7097926518303084CONST        26530886766     0
  5709691ENMC 2271045ANDERSEN       NC AMS01 32.2           027055174252FRE          24890519132    71
  5708242BTSZ 2171045ANDREW         SZ SLOW RESPONSE.   7104926522497136FRE          17408275558     0
  5715404BTSP 2171048APPLE          SP SLOTCRASH            026547664240CONST        24890519132     7
  5404203BTITA2170903AUTOSTRADE     IT Netval crash     7098726518303850NVAL         17416663400   107
  5626174TSNL 2171010AVERY          NL avery slow           017416664432FRE          24890519132   639
  5658242ENMC 2171023AVERY/PRESTO   FR MONIT 19/07      7102326526692204PBT          26530885738     0
  5714034BTGER2171048AXA            FR AXA/FRAME RELAY      02652249712256KB         24890519132    14
  5713702STS  2171048AXA BELBEUF    fr axa/asm          7104826509915504SDLC         26006599026     3
  5713561NTS  2171048AXA RE         FR PLS ACCEPT       7104817420858468SNA          17420858480     0
  5668724BTITA2171028BANCA NAZIONALEIT BANCA/RELOAD         026522497890XCOM         24890519132     0
  5617451BTSP 2171007BANCO SANTANDERSP FR BANCO SANTANDE7102726518304108FRE          26006597728   122
  5712123BTGER2171047BBC ENTERPRISE UK DIALUP ACCESS        026518302820DIALU        24890519132    25
  5698153BTGER2171041BERTELSMANN    GERH NET IMPLEMENTAT7104826509914478XCOM         26522498154   170
  5671181CSGER2171029BERTELSMANN    Ge Slow response    7103017420858470XCOM         26518303344    25
  5626092TSNL 2271010BOSE_GE        NC UPDATE PLS           017412470124FRE          24890519132   202
  5715751BTSP 2271048BRAUN          NC 7053 down            027055174252ISIS         24890519132     9
  5713921BTSP 2171048BT             SP N13443 S1            026518303588XCOM         24890519132     0
  5684984CUSTM2171035BT             NC.ENCN 27/94           026509914984HWOCL        24890519132     0
  5642304ENMC 2171016BT             NC N 16653 DW/UP        026547663722TURBO        24890519132   161
  5713533FSBEL2271048BT             NC BRU01 25.4       7104817420858212FRE          26526692202     0
  5528292ENMC 2270965BT             EU PLS ACCEPT       70987265099152349.6          26530886496    45
  5714234BTNL 2171048BT             NL Dial-up list         026522498410OTHER        24890519132     0
  5714614ECSC 2171048BT             NL SLOAD 13/07      7104826530886000NODE         26530886766     0
  5690931ENMC 2271037BT             NC V32 SANDRINE     7103817416663148DIALU        26530887014    15
  5714432BTGER2171048BT             GERH 023/9              02652669194819.2         24890519132    20
  5374003ENMC 2270888BT             NC STK01 FRP 28         026530885992FRE          24890519132   748
  5690754CUSTM2271037BT BASEL       NC NEW INSTALL      7103717408275556ISIS         17416663144     0
  5311472ENMC 2270859BT EUROPE      NC AMS01 28             026530885994FRE          24890519132   999
  5703024ECSC 2171043BT EUROPE      EU ELAPSE TIME      7104626522498148PAPER        17391497326    33
  5539204FSSPA2270970BT MADRID,SPAINNC ATT ANNE B       7102927046785392CONST        26509914720   593
  5699704ENMC 2171042BT MARSEILLE   FR NLOAD 13/07          017416663662OTHER        24890519132   136
  5588001FSNL 2270993BT NETHERLAND  NC AMS01 poweroutage7099326530885728FRE          26530885742     0
  5705674BTITA2271044BT ROMA        NC NLOAD 09/07      7104526522498158NODE         26006598764     0
  5713283FRCS 2171048BT TURIN       IT AXA/NOS              017412469350SDLC         24890519132     0
  5716214INFRA2171049BT.ECSC        EU CDM XNETMAP          017391497580CDM          24890519132     0
  5453221ENMC 2270926BT.EUROPE      NC PAR01-BRU01      7100126514109798FRE          26543468648   999
  5711231ETSG 2271046BTBNL          NC 2536.DMP         7104826514109026NODE         26530886754     0
  5607374NTS  2171001BTBNL          EU HOSTS GONE ON CDM7100327046785124SUP          17391498338    15
  5714791BTNL 2271048BTBNL          NC NODE DOWN        7104826535080294TURBO        26547663974    15
  5712243BTFR 2271047BTFR           NC RELOAD/ASS           026530886768ISIS         24890519132    15
  5693973ECSC 2271038BTGER          NC NLOAD 10/07      710381741666416856KB         26522498156     0
  5705153ENMC 2271044BTITA          NC V32 SANDRINE         017420857954ISIS         24890519132    76
  5709264BTGER2271045BTTE           NC NLOAD                026543469668ISIS         24890519132    61
  5399182ENMC 2270901BTTE           NC STK01-KEY01          026526692462FRE          24890519132   929
  5691634FSBEL2271037BTTE           NC NEW INS/DANE     7104126526691938ISIS         26526692450     0
  5707721CUSTM2271045BTTE           NC ZUR01-MUN01      7104517412468848FRE          17412469094     0
  5533181BTSP 2270967BTTE           NC MAD01-MIL01      7100417408275296FRE          17391497824   849
  5688864BTFR 2171036CGM            fr hamb/plt         7103726539275630PROJ         26526692714    11
  5687843FRCS 2171036CGM            FR CGM UK/PB        7104326514108530XCOM         17416663908   100
  5559751CUSTM2170978CGM            FR TELHAMB/PLT      7097826530885984XCOM         26530886752     0
  5713723FRCS 2171048CGM            FR CGM/ASS/JBT      7104826514108520OTHER        26530886504     0
  5654184NMSUK2171022CGM            FR CGM I/H G.MAC        017412469358XCOM         24890519132   116
  5706001BTITA2271044CHASE MANHATTENNC MIL01 27.4       7104526530886498FRE          26514109038     0
  5632144BTNL 2171013CHECKPOINT     NL Checkp Planned Ou7101326535080044PXL          26535080288     0
  5671534BTSWE2171029CHECKPOINT SYSTSW-Checkpoint DBU in7103526518303328XCOM         26526692720   123
  5704953FSBEL2171044CLARK HURTH COMNL Clarck modem         017416663910XCOM         24890519132     0
  5714531BTSP 2171048COMMERZBANK    GEUWB Commerzbank       026526692716FRE          24890519132    14
  5713891ECSC 2171048CONTINENTAL    GETJ CONTI              026518303342XCOM         24890519132     0
  5702872ECSC 2171043CREIT BANK OF LNL CREIT BANK       7104826522497382DIALU        26526691944    98
  5713311BTSP 2171048DSM            NL DSM node             017412469358NODE         24890519132     0
  5705714BTITA2171044DSR            GE NLOAD 07/07          026526691442PXL          24890519132     0
  5687532BTGER2171036DSR            GETL DSR/X.400      7104417416663394ONTY         26526692452   140
  5676872FSSPA2171031DURACEL        SP DURACELL         7103517420858210SDLC         26006597728   104
  5702692TSNL 2171043EDS BELGIUM    NL                      026514108780EDI          24890519132     0
  5713324BTSWE2171048EF             SW-EF project cancel    017412469358XCOM         24890519132   200
  5715591FSBEL2171048EMERY          NL.EMERY                027050979440DIALU        24890519132     9
  5166981ENMC 2270782EMI AMSTERDAM  NC EMI Amsterdam        017420858472FRE          24890519132   999
  5674603BTNL 2171030EMI MUSIC/UDEN EU EMI SEE RD           026509915498FRE          24890519132   129
  5703063ECSC 2171043EMI-COLOGNE    EU EMI MONITOR      7104826526691426FRE          26526691950     0
  5668943ECSC 2171028EMI-UDEN1      EU EMI BFD HELP         026526692200FRE          24890519132   282
  5714983CPSS 2171048EUROCONTROL    EU slot crash           026539274864XCOM         24890519132    15
  5705074ECSC 2171044EUROCONTROL    EU CPAP             7104417420857448SDLC         17420857450     0
  5715101ECSC 2171048EUROCONTROL    EU ATS TOWER DOWN   7104826543468902SDLC         26547663972    14
  5699572ECSC 2171042EUROCONTROL    EU SITA GTWAY       7104217408275822XCOM         26518303854     0
  5714573ECSC 2171048EUROCONTROL    EU cpap port prob       026530885984SDLC         24890519132     7
  5715811UK8002171048EUROCONTROL    EU AFTN LONDON      7104927055174512XCOM         25989821292     1
  5666494FSBEL2271027EUROCONTROL    NC SLOW RESPONSE        026539274594PXL          24890519132    15
  5713231ENMC 2271048EXECUTIVE TELECNC TELECARD/JBT     7104817412468842PXL          26530886248     0
  5713301BTSZ 2171048FIRMENICH      SZ NODE DOWN        7104917412469350NODE         17408275312     0
  5716243BTSP 2271049FONOCOM        NC yoyo node            017391497582ISIS         24890519132     5
  5702883BTITA2171043G.D.           IT G.D.             7104526522497384FRE          26530886254    29
  5708793BTNL 2171045GIBCO LIFE     BNL SLOT CRASH     7104526535080290XCOM         26535080550     0
  5708391BTSP 2271045GILLETTE,MADRIDNC MAD01 30.3       7104526526691940FRE          26535080288     0
  5702913TSNL 2171043H&R EUROTRANS  NL H&R DELAY            026522497640XCOM         24890519132   300
  5703233UK8002171043HONEYWELL      NL PLEASE DEAL          026522497132PADS         24890519132    15
  5674404CSGER2171030HUCKE          GETL Hucke install  7103017420857706PXL          17420857956     0
  5587102CSGER2170993HUCKE GRUPPE   GE SLOW RESPONSE    7099517416664416SDLC         26535081316    16
  5687704TSNL 2171036INTERGRAPH     CZ INTERGRAPH       7103617420858478XCOM         26514108526     0
  5559452FRSPT2170980KENNAMETAL     GE KENNAMETAL           017408275054FRE          24890519132    12
  5712072CUSTM2271047KEYSTONE       NC AMS01 26.4.260   7104717404080494FRE          17404080742     0
  5715694ECSC 2171048KNUD HANSEN KOMSW Need R.F.O           027055173744XCOM         24890519132    12
  5713943BTSP 2171048KSB            GERH X.25 Dial          026518303596XDIAL        24890519132     0
  5698583BTFR 2171041LIFE TECHNOLOGIFR Life/Ant         710452652249815014.4         26535080806     0
  5703091BTGER2271043LUCAS          NC FRK01 28.4       7104826526691936FRE          26509915246   111
  5696131ENMC 2271039MAXIM INTEGRATENC NETWORK PLAN     7104126509914980PXL          17420857708    44
  5708153BTNL 2171045MEDTRONIC BRUSSNL Medtronic BXL    7104526518304100XCOM         26518304112     0
  5685144STS  2171035MEMOREX        SW.MEMOREX          7103626518303586SDLC         26522498160    15
  5665383FRCS 2171027MERCK SHARP $ DFR MSD/PB           7102717416664178ONTY         17420857700     0
  5700013CUSTM2171042MERLONI        PO SLOT TO REGEN    7104226518302830SDLC         26518303078     0
  5694263CUSTM2171038MERLONI        SP SLOT CRASH       7103826509915492SDLC         26514108516     0
  5651121BTITA2271021NOVELL         NC MIL01 29.3       7103517408275818FRE          26514108772     1
  5706041BTFR 2271044NOVELL         NC LMI OFF MONDAY   7104426530886766FRE          26530887024     0
  5629001BTSZ 2271011NOVELL         NC NEW INSTALL      7102026006599008FRE          26530886250   157
  5714564BTFR 2171048NOVELL         fr ft/isa           7104826530885740OTHER        26530887022     0
  5708701CUSTM2271045NOVELL         NC PAR01 22.2/ISA   7104526530887008FRE          26543468908     6
  5688012BTSZ 2171036PETROCONSULTANTSZ FR SLOW RESPONSE 7104326518303600FRE          17412469870    20
  5651574BTITA2171021PIAGGIO        IT PROJECT-PIAGGIO      026518303600CMTI         24890519132     0
  5669192FRCS 2171028SCHNEIDER      FR MG/PLT/JBT       7103026535080296ONTY         26526692714     0
  5608313CSGER2171002SENATOR        GE PRINTER          7100217408275312CONST        17416663404     0
  5697953BTNL 2171041SENATOR        GETJ Senator        7104217416664420DIALU        26514109554    25
  5674943BTGER2171030SENATOR LINES  GE SENATOR/X400         026522498400OTHER        24890519132   251
  5711073BTNL 2171046SHELL          NL SHELL            7104617416664160TURBO        17420858466     0
  5713803BTNL 2171048SHELL          NL Shell datex-p        026514109548XCOM         24890519132    11
  5713161BTGER2171048SOFTWARE AG    GEUWB SAG Vienna    7104817408275564SDLC         26514109802     0
  5674222CSGER2171030SOFTWARE AG    GE RESPONSE TIME    7103117412469100SNA          17412469088    10
  5713764BTGER2271048SOFTWARE DARMSTNC NLOAD                026514109296NODE         24890519132     0
  5418183BTITA2170910SOFTWARE ITALIAIT SOFTWARE ITALIA  7097226526691946XCOM         26518302816    12
  5687451CSGER2171036TOSHIBA        GE Toshiba Line prob7103817412470116FRE          26526691698    36
  5714902BTUK 2271048VMDATA         NC BAY01 28.4           026535081312FRE          24890519132    13
  5711284BTSWE2171046WALKER         sw sload sheduled       026522498156XCOM         24890519132   146
  5715281BTBEL2271048WARNER BROTHERSNC NODE DOWN            026547663462PXL          24890519132    12
  5666432FSSPA2171027WINTERTHUR     SP WINTERTHUR       7103026535081312SNA          25998210158    30
  5648943STS  2171020Y ROCHER       FR Y.ROCHER/JBT         026514108518XCOM         24890519132    12
  5714771ECSC 2471048ARJO WIGGINS   ARJO INFORM SC          0265350802889.6          24890519132     0
  5704393ENMC  271043BANCO          ROUTER PASSWORD     7104327055174758FRE          27055175008     9
  5700784FRCS  471042KODAX          FR KOKAK/HEY/JBT        026539274338SNA          24890519132    45
  5713681BTGER 271048SENATOR LINE   NODE 14665          7104826509914986PXL          26526691432     0
  5706663CSGER 471044WANDEL & GOLTEREU WANDEL &             026547663984ACOM         24890519132   181
  5655123CSGER 471022WANDEL & GOLTERTURN TO ETSBO       7103126522498162ACOM         26522497386   195
x22>>
  