  5464144ECSC 2170932ABBOTT         HU sl reload            017420858220XCOM         24890519132     0
  5466623ECSC 2170933AMPEX          NL AMPEX CRASH          026518303340ISIS         24890519132     0
  5304152BTBNL2170853AMPEX          NL AMPEX EUROC          026509914476ISIS         24890519132   999
  5401473BTSWE2170902AMPEX          SW SLOT CRASH       7090226526691942CONST        27046785136     0
  5324783ETSBO2170866APC            FR APC/NOS          7086926522498156ATC          27050979680     0
  5441341BTFR 2170922ARJO WIGGINS   FR ARJO W/CLM       7092226514108524PROJ         26539274856     6
  5404203BTITA2170903AUTOSTRADE     IT Netval crash         026518303850NVAL         24890519132   107
  5465433ECSC 2170932AUTOSUTURE     SP Autosuture           026543468906XCOM         24890519132    12
  5439631FSBEL2270920AVERY          NC AVERY LUXEM      70931265392751189.6          26522497650   297
  5413484FSNL 2170908AVERY          NL PTT MUXKRT           02653088572856KB         24890519132   235
  5462571BTFR 2170931AXA            FR AXA              7093326530885734SDLC         17416663148     5
  5430682BTBNL2170916BERG ELECTRONICNL BERG L/L SNIP    7092226530887014ISIS         17412469354   107
  5215974TSBNL2170806BERG ELECTRONICNL BERG TRACE       7080626526692202ACOM         26530886248     0
  5439492TSBNL2170920BOSE           NL MON 21/3 BOSE    7092026530886512CONST        26530886762     0
  5444732TSBNL2170923BOSE           NL Bose             7092326526692720NODE         26530886752     0
  5465162ECSC 2170932BOSE           NL BOSE                 026535081316ISIS         24890519132     0
  5453203BTBNL2170926BOSE           ATTT. NYRON         7092626514109038ISIS         26518304098     0
  5464171ENMC 2270932BP             NC NLOAD 18/03      7093317420858728NODE         17416663148     6
  5464181ENMC 2270932BP             NC NLOAD 18/03      7093317420858738ISIS         26006597988     7
  5446621GCSCL2170924BP MARINE      sw bp marine        7092417412469358DIALU        17416664170     0
  5389881FRCS 2170895BSN            FR BSN/ISA          7089526539275114OTHER        26539275624     0
  5311912BTITA2270859BT             .                   708682654346890256KB         26535080290   239
  5446932NTS  2170924BT             GETL Retrans        709302651410852256KB         26509914480    93
  5374003ENMC 2270888BT             NC STK01 FRP 28         026530885992FRE          24890519132   363
  5466144ETSG 2170933BT BRUSSELS    NL dwload 15155     7093317416663648ISIS         17416663656     0
  5456552NSSCP2170929BT BRX (BE)    NL Brx Rotary       7092917412470114DIALU        26509914976     0
  5456712ENMC 2170929BT DENAMRK     NL MONIT 22/03      7092917420857954NODE         17420857962     0
  5311472ENMC 2270859BT EUROPE      NC AMS01 28             026530885994FRE          24890519132   331
  5435991BTSP 2270918BT EUROPE      NC MAD01 DOWN       7091926539275106FRE          26518303340    12
  5442224HTSUK2170922BT FRANCE      FR FAO BERNARD          026539275114NODE         24890519132     0
  5408854FSGER2270905BT GERMANY     NC NEW FRANK-BRUX       01740408049256KB         24890519132    90
  5432454BTSP 2270917BT MADRID      NC CONF NET PLAN    7092026509915242NODE         26539274342     0
  5355594ENMC 2170880BT SWITZERLAND SZ N7771 MAINTENANCE    026526692200ISIS         24890519132    38
  5453264FSNL 2170926BT UTRECHT     NL BT UTRECHT       7092626518303602OTHER        26518303850     0
  5459651BTBNL2170930BT ZURICH      NL N11461 DOWN      7093017420858720ISIS         26509914724     0
  5459543ENMC 2170930BT-GERMANY     GERH Raps Poller    7093317420857444ACOM         17416664432    10
  5466461BTBNL2170933BT.AMSTERDAM   NL BT.Amstedam      7093326509914986ISIS         26509915236     0
  5450453INFRA2270925BT.ERUOPE      LTCAUSE07CRSH           026522497636SWTCH        24890519132     0
  5456961CUSTM2270929BT.EUROPE      NC Swit/dump analyze7092926509914732NODE         26547662944     0
  5453221ENMC 2270926BT.EUROPE      NC PAR01-BRU01      7093226514109798FRE          26535080806    54
  5459951ENMC 2270930BT.EUROPE      NC Switch/France dwn7093026522497382SWTCH        26522497392     0
  5462104BTFR 2270931BT.V32 SERVICESNC NLOAD/NOS        7093226509915502ISIS         26509914472     9
  5456572ENMC 2270929BT/MCI         NC BAY01-FFX01      7093117416663658FRE          17412470122     0
  5412003FSFR 2270907BTFR           NC MBOARD/JBT           026522498152SWTCH        24890519132    32
  5385094FSFR 2270893BTFR           NC UPGRAD/CLM       7091026530887016OTHER        17420858478   113
  5455784CUSTM2270927BTFR           BTFR(SIO)/PLT       709302705936932856KB         26514108524    32
  5444333INFRA2270923BTFR           NC MONIT 17/03      7092326518302820NODE         26518302826     0
  5414423BTGER2270909BTGER          NC HDLC ABORTS      7091717387304298SWTCH        26530885992   102
  5443733ENMC 2270923BTGER          NC MONI 20/03       7093117416663662OTHER        17420857444    80
  5463121ENMC 2270931BTITA          NC MILAN SWITCHER   7093126543469416CONST        26543469418     0
  5462534ENMC 2270931BTITA          NC NLOAD 18/03          026526692712OTHER        24890519132     0
  5324721NMSUK2270866BTNA           NC KEY01-AMS01      7087726518303852FRE          17420858226    94
  5465592FSSPA2270932BTSPN          NC MADRID ROTARY        027050979430CONST        24890519132     0
  5457531BTSWE2270929BTSWE          NC NODE DOWN        7093026530886250OTHER        17408274528     0
  5437374BTSWE2270919BTSWE          NC V32 rotary       7092217420857958DIALU        27059368558    65
  5464254BTSWE2270932BTSWE          NC ENCN 12/94           026509914480ISIS         24890519132     0
  5464224BTSWE2270932BTSWE          NC ENCN 11/94           026509914466SDLC         24890519132     0
  5267071ENMC 2270832BTTE           NC STK01-AMS01      7084817420858474FRE          26535080558   133
  5399182ENMC 2270901BTTE           NC STK01-KEY01          026526692462FRE          24890519132   440
  5455892ENMC 2270928BTTE           NC 64Kb             709311739569239256KB         27055173996    40
  5350042NMSUK2270877BTTE           IMA PILOC           7088117391497840FRE          26539274856    40
  5453352ENMC 2170926CGM            FR CGM.SRN/PLT      7092626522498152OTHER        26530886506     0
  5401143BTFR 2170902CGM            FR CGM/PLT/EUROC    7091126509914990ISIS         26539274342     0
  5462561BTFR 2170931CGM            PO CGMLIS/NOS       7093226530885734PXL          26530886240    14
  5462784ENMC 2270931COMNEXO        NC NLOAD 2105           026535080558ISIS         24890519132     0
  5452902BTGER2170926DSR            GETL Turkpak        709261741246936256KB         26522498400     0
  5401013TSBNL2170902DYNAMAR        NL BEN CHENG            026509914210CMTI         24890519132   338
  5415693ENMC 2270909EMI            NC Discard Emi          026530886758FRE          24890519132    89
  5166981ENMC 2270782EMI AMSTERDAM  NC EMI Amsterdam    7082117420858472FRE          17416664430   573
  5348744UKCS 2270876EMI MUSIC      FAO P.MCDOUGALL         026530887026FRE          24890519132   269
  5363343UKCS 2270882EMI MUSIC      FAO P.MCDOUGALL     7088727050979438OTHER        17420857446     0
  5464982TELCO2170932EUROCONTROL    NL Eurctl Haren         026535080294XCOM         24890519132    14
  5350732BTFR 2170877EUROCONTROL    NL/EUROCTRL/NOS         026514108772XCOM         24890519132   164
  5466493BTFR 2170933GFI MR MAROIS  FR GFI/PLT              026509915232EDI          24890519132     0
  5462051ETSBO2170931GILLETTE       SP Gillette Sl crash7093126509915242XCOM         26526692708     0
  5464461TELCO2270932GNEO           NC PLN down             026522497378T1           24890519132     0
  5417803FSNL 2170910HONEYWELL      NL HONEYWELL AMSTERD7091126514108512XCOM         17420858468     0
  5464034ECSC 2170932HONEYWELL      NL slot reload          017416663914ISIS         24890519132     0
  5348282HTSUK2170876HONEYWELL      NL HWELL RESP TIME  7088826518303848XCOM         27050980456    68
  5464381TSBNL2170932JOHNSON MATTEY NL Johnson mattey       026518303336NODE         24890519132    21
  5430772CSGER2170916KENNAMETAL     GE KENNAMETAL       7092526535080562FRE          26514108778    19
  5398541ETSG 2170901KENNAMETAL     GE KENNAMETAL           017412469356FRE          24890519132   225
  5389073ECSC 2170895KSB            GE KSB FRANKENTHAL  7089526509915496XCOM         26514109796     0
  5463911BTGER2170932KSB            NL KSB OUTAGE       7093217404080742XCOM         17404080992     0
  5459701BTGER2170930KSB            NL KSB              7093126509914984XCOM         26522497648    31
  5243954BTSP 2170819LABOUR MINISTRYSP EZTYM PB         7090217416663658CMTI         26526691944     0
  5423304BTSP 2170912LABOUR MINISTRYSP CMTI CRASH       7091626530887014CMTI         26530885742    15
  5464083FSNL 2170932LANDIS         SZSDLC                  017420857440SDLC         24890519132    20
  5332963EMSG 2170869LESAFFRE       FR LESAFFRE/CLM     7086926530886506EMSGA        26535080050     0
  5464641ECSC 2170932LIFE TECHNOLIGIGETJ Life Tech.     7093326526692192DIALU        26514109796    19
  5450271TSBNL2170925MEDTRONICS     NL Medtronics       7092526509915240ISIS         26514108768     0
  5404144BTITA2170903MERLONI        IT MERLONI          7091926514109798SDLC         17420857952    13
  5415844BTITA2170909MERLONI        IT MERLONI              026535080548SDLC         24890519132     0
  5422651TELCO2170912NAMSA          NL NAMSA HOST SHUT  7092326509915498XCOM         26522498154   257
  5426684BTFR 2170915NAMSA          FR NAMSA/ISA        7091517416663654ISIS         26522497640     0
  5463104ECSC 2170931ORIGINE INTERNAEU V.32 DIAL-UP     7093226543469168DIALU        26530885746     0
  5466401TELCO2170933QAD            NL QAD              7093326509914726FRE          26509914734     0
  5435283CUSTM2270918RADIO AUSTRIA  NC CRASH/EUROC      7092326518303840ISIS         26518304102    70
  5435152BTITA2270918RANCO          NC MIL01 30.3       7091826509914464FRE          26526691946     0
  5461953BTSWE2270931RAPS V.32      NC RAPS MODEM           017420858724OUTD         24890519132   164
  5466111BTFR 2270933RATIONAL       NC Rational FRport  7093317412470118FRE          17416664168     0
  5456602INFRA2170929ROBINSON NUGENTNL Robinson Snip    7092917416663922PXL          17416664166     0
  5461693ECSC 2170931SAMSUNG        HK SAMSUNG HOST     7093117416663150SDLC         26539275116     0
  5403783BTSWE2170903SANDVIK AUSTRALSW-SANDVIK FILE TRAN7093117420857964SDLC         26535080032   203
  5415023UKCS 2170909SCIENTIFIC ATLAFAO J.CARRICK           0265099154889.6          24890519132     0
  5358603CUSTM2170881SENATOR        GE SENATOR          7088426518303344ISIS         17412469868    14
  5466511BTBNL2170933SHELL BILLINTONNL Shell Billinton      026509915488FRE          24890519132     0
  5457583ENMC 2170929SHELL BILLITON NL SHELL F/R outages    026530886758FRE          24890519132     0
  5418183BTITA2170910SOFTWARE ITALIAIT SOFTWARE ITALIA      026526691946XCOM         24890519132    12
  5351164BTSZ 2170877SULZER         ATTN BTSZ           7087726530886508XCOM         26530886752     0
  5464264BTFR 2170932UNILEVER       FR UNI LEVEL /CLM   7093226509914724OTHER        26509914738     0
  5456581CUSTM2270929UNILEVER       NC AMS01 24.1       7092917416663916FRE          17416664428     0
  5191474BTSWE2170794VOLVO          SW VOLVO DOWN       7079417420857956SDLC         17420858208     0
  5429554ENMC 2270916WANDEL&GOLTERMANC INSTAL-14/03     7091717412468842ISIS         17420858722    15
  5462132BTSWE2170931WM DATA SWEDEN sw.wmdata               02651410878056KB         24890519132    89
  5448883BTSZ  470924ANDREW CORP                        7092627046785394FRE          26543469676    18
  5456161ENMC  270928ARMY ENVIRONMENMONITOR/3/20/94     7092926539274856ATC          26518303588    16
  5409864BTSZ  270905ARTHUR ANDERSONARTHUR/CM OUTAGE    7090526522497130FRE          26522497132     0
  5430804BTITA 470916BNA            BNA!!               7091926535081056XCOM         17420857702    24
  5459914ENMC 1770930BP CHEMICALS   GCSCL NLOAD18/3         026518303850ISIS         24890519132     0
  5460162BTGER 470930EDS                                7093026526692204DIALU        26530886502     0
  5462941BTSWE 470931GILLETTE       DAYS PLS CLSD       7093226539275364XCOM         26006598002    10
  5429911CSGER 270916KEBBAMETAL     PLEASE ACCEPT       7091626509914730FRE          26539275104    22
  5447001CSGER 470924KENNAMETAL                         7092526514109808FRE          26522497124     5
  5443991CSGER 270923MCI            KENNAMETAL          7092326509914734FRE          26530886244     0
  5455494BTITA1670927MCI                                7092726543468644OTHER        26543468648     0
  5466281BTITA2470933RANCO          SEE COMMENTS            017420858470OTHER        24890519132     0
  5465311ENMC 2470932SANTA CRUZ     CUST CALLED SE LOG      026543468906DIALU        24890519132     0
  5459872FSBEL2470930UNITED PRESS INUK UN PRESS             026518302832XCOM         24890519132     0
  5466362BTITA2470933WARNER BROS    GP[                     026509914220DIALU        24890519132     0
x22>>
   