  450551    116:22FC 5OPEN TNSM      70421 
  450551    216:22FC 5OPEN TNSM      70421 
  450551    316:55PPD5OPEN ECSC      704211
  450551    416:57PPD5OPEN ECSC      70421 
  450551    916:38CSG5OPEN FISBEIN   704221
  450551   1016:38CSG5OPEN FISBEIN   704221
  450551   1116:38CSG5OPEN FISBEIN   704221
  450551   1216:38CSG5OPEN FISBEIN   704221
  450551   1316:38CSG5OPEN FISBEIN   70422 
  450551   1416:38CSG5OPEN FISBEIN   70422 
  450551   20 0:51STS5OPEN TECHSERV  704271
  450551   21 1:01STS5OPEN TECHSERV  704271
  450551   2610:54PPD5OPEN ECSC      70429 
  450551   2716:02RL 5OPEN SIRTITAS  704291
  450551   2816:02RL 5OPEN SIRTITAS  70429 
  450551   29 8:29CSG5OPEN FISBEIN   704341
  450551   3113:09RL 5OPEN SIRTITAS  70434 
  450551   3213:09RL 5OPEN SIRTITAS  70434 
  450551   3317:08CSG5OPEN FISBEIN   704351
  450551   3417:09CSG5OPEN FISBEIN   704351
  450551   3517:09CSG5OPEN FISBEIN   704351
  450551   3721:06CSG5OPEN FISBEIN   70442 
  450551   3810:05RL 5OPEN SIRTITAS  704361
  450551   3821:06CSG5OPEN FISBEIN   70442 
  450551   3921:22STS5CENT STONEK    704421
  450551   3910:05RL 5OPEN SIRTITAS  704361
  450551   4010:05RL 5OPEN SIRTITAS  704361
  450551   4021:23STS5OPEN STONEK    70442 
  450551   4121:58CSG5OPEN FISBEIN   704421
  450551   4110:05RL 5OPEN SIRTITAS  704361
  450551   4221:58CSG5OPEN FISBEIN   70442 
  450551   4210:35RL 5OPEN SIRTITAS  70436 
  450551   4312:21CSG5OPEN FISBEIN   704361
  450551   4322:06CSG5OPEN FISBEIN   704421
  450551   4423:31STS5OPEN STONEK    704421
  450551   4412:21CSG5OPEN FISBEIN   704361
  450551   45 8:24CSG5OPEN FISBEIN   704431
  450551   4512:21CSG5OPEN FISBEIN   704361
  450551   4623:26STS5OPEN STONEK    704431
  450551   4723:26STS5OPEN STONEK    704431
  450551   4716:20RL 5OPEN SIRTITAS  704361
  450551   4816:59HW 5OPEN TNSM      704391
  450551   4823:26STS5OPEN STONEK    70443 
  450551   4923:34STS5OPEN STONEK    70443 
  450551   4916:59HW 5OPEN TNSM      70439 
  450551   5014:19FC 5OPEN TNSM      70440 
  450551   5012:35FC 5OPEN TNSM      704461
  450551   5114:19FC 5OPEN TNSM      70440 
  450551   5112:37FC 5OPEN TNSM      704461
  450551   5212:37FC 5OPEN TNSM      70446 
  450551   5312:59FC 5OPEN TNSM      70446 
  450551   5319:18STS5CENT STONEK    704401
  450551   5419:18STS5OPEN STONEK    70440 
  450551   54 8:38RL 5OPEN SIRTITAS  704471
  450551   5513:35RL 5OPEN SIRTITAS  704471
  450551   5614:37RL 5OPEN SIRTITAS  704471
  450551   57 8:07RL 5OPEN SIRTITAS  704501
  450551   5811:25RL 5OPEN SIRTITAS  704541
  450551   5911:25RL 5OPEN SIRTITAS  70454 
  450551   6016:16RL 5OPEN SIRTITAS  704551
  450551   6116:16RL 5OPEN SIRTITAS  70455 
  450551   6217:01CSG5OPEN FISBEIN   704551
  450551   6317:02CSG5OPEN FISBEIN   704551
  450551   6417:02CSG5OPEN FISBEIN   704551
  450551   6517:02CSG5OPEN FISBEIN   704551
  450551   6617:02CSG5OPEN FISBEIN   70455 
  450551   67 0:09STS5OPEN STONEK    704561
  450551   68 0:09STS5OPEN STONEK    704561
  450551   69 0:09STS5OPEN STONEK    704561
  450551   70 0:09STS5OPEN STONEK    704561
  450551   7117:09CSG5OPEN FISBEIN   70456 
  450551   7217:09CSG5OPEN FISBEIN   70456 
  450551   7310:30CSG5OPEN FISBEIN   704571
  450551   7410:30CSG5OPEN FISBEIN   704571
  450551   7510:30CSG5OPEN FISBEIN   70457 
  450551   76 8:03RL 5OPEN SIRTITAS  704601
  450551   7714:37RL 5OPEN SIRTITAS  704641
  450551   7814:37RL 5OPEN SIRTITAS  70464 
  450551   7922:33CSG5OPEN FISBEIN   704661
  450551   8022:33CSG5OPEN FISBEIN   70466 
  450551   8110:57RL 5OPEN SIRTITAS  704671
  450551   8210:57RL 5OPEN SIRTITAS  70467 
  450551   8314:21CSG5OPEN FISBEIN   704671
  450551   8414:21CSG5OPEN FISBEIN   704671
  450551   8514:21CSG5OPEN FISBEIN   704671
  450551   8614:21CSG5OPEN FISBEIN   70467 
  450551   87 8:02RL 5OPEN SIRTITAS  704691
  450551   88 8:02RL 5OPEN SIRTITAS  70469 
  450551   8916:29CSG5OPEN FISBEIN   704691
  450551   9016:29CSG5OPEN FISBEIN   70469 
  450551   9116:29CSG5OPEN FISBEIN   70469 
  450551   92 7:40RL 5OPEN SIRTITAS  704701
  450551   9316:54CSG5OPEN FISBEIN   70471 
  450551   9416:15FC 5OPEN ECSC      704751
  450551   9517:16CSG5OPEN FISBEIN   704761
  450551   9617:16CSG5OPEN FISBEIN   704761
  450551   9713:32RL 5OPEN SIRTITAS  704771
  450551   9813:32RL 5OPEN SIRTITAS  704771
  450551   9913:32RL 5OPEN SIRTITAS  704771
  450551  10013:32RL 5OPEN SIRTITAS  704771
  450551  10113:53RL 5OPEN SIRTITAS  704771
  450551  10213:57RL 5OPEN SIRTITAS  704771
  450551  10313:57RL 5OPEN SIRTITAS  70477 
  450551  104 8:08RL 5OPEN SIRTITAS  704781
  450551  105 8:16RL 5OPEN SIRTITAS  704781
  450551  106 7:15CSG5OPEN FISBEIN   70482 
  450551  107 7:15CSG5OPEN FISBEIN   704821
  450551  108 7:15CSG5OPEN FISBEIN   704821
  450551  109 7:15CSG5OPEN FISBEIN   70482 
  450551  11010:45RL 5OPEN SIRTITAS  704951
  450551  11110:45RL 5OPEN SIRTITAS  704951
  450551  11210:45RL 5OPEN SIRTITAS  704951
  450551  11318:28STS5OPEN STONEK    704961
  450551  11418:28STS5OPEN STONEK    70496 
  450551  11518:31STS5OPEN STONEK    70496 
  450551  11618:51CSG5OPEN FISBEIN   704981
  450551  11718:51CSG5OPEN FISBEIN   704981
  450551  11818:51CSG5OPEN FISBEIN   704981
  450551  11918:51CSG5OPEN FISBEIN   70498 
  450551  12016:49RL 5OPEN SIRTITAS  704991
  450551  12116:50RL 5OPEN SIRTITAS  70499 
  450551  12210:32CSG5OPEN FISBEIN   705021
  450551  12310:32CSG5OPEN FISBEIN   705021
  450551  12410:32CSG5OPEN FISBEIN   705021
  450551  12510:32CSG5OPEN FISBEIN   705021
  450551  12610:32CSG5OPEN FISBEIN   705021
  450551  12710:32CSG5OPEN FISBEIN   705021
  450551  12810:32CSG5OPEN FISBEIN   705021
  450551  12910:32CSG5OPEN FISBEIN   705021
  450551  13010:32CSG5OPEN FISBEIN   70502 
  450551  13110:44CSG5OPEN FISBEIN   705021
  450551  13210:44CSG5OPEN FISBEIN   705021
  450551  13310:44CSG5OPEN FISBEIN   705021
  450551  13410:44CSG5OPEN FISBEIN   705021
  450551  13510:44CSG5OPEN FISBEIN   70502 
  450551  13615:45RL 5OPEN SIRTITAS  705021
  450551  13715:45RL 5OPEN SIRTITAS  70502 
  450551  138 0:44CSG5OPEN FISBEIN   705031
  450551  13919:54CSG5OPEN FISBEIN   705031
  450551  14019:54CSG5OPEN FISBEIN   70503 
  450551  14115:12RL 5OPEN SIRTITAS  705041
  450551  14213:04RL 5OPEN SIRTITAS  705051
  450551  14318:05CSG5OPEN FISBEIN   705051
  450551  144 7:33RL 5OPEN SIRTITAS  705111
  450551  14513:12RL 5OPEN SIRTITAS  705111
  450551  14613:12RL 5OPEN SIRTITAS  70511 
  450551  14710:47RL 5OPEN SIRTITAS  705121
  450551  14814:29RL 5OPEN SIRTITAS  705121
  450551  14916:35CSG5OPEN FISBEIN   705121
  450551  15016:15RL 5OPEN SIRTITAS  705131
  450551  15117:35CSG5OPEN FISBEIN   705131
  450551  15217:35CSG5OPEN FISBEIN   705131
  450551  15317:35CSG5OPEN FISBEIN   705131
  450551  15417:35CSG5OPEN FISBEIN   705131
  450551  15517:35CSG5OPEN FISBEIN   70513 
  450551  15610:30RL 5OPEN SIRTITAS  705161
  450551  15722:29STS5OPEN STONEK    705171
  450551  15822:29STS5OPEN STONEK    705171
  450551  15922:29STS5OPEN STONEK    70517 
  450551  16015:54CSG5OPEN FISBEIN   705181
  450551  16115:54CSG5OPEN FISBEIN   705181
  450551  16215:54CSG5OPEN FISBEIN   705181
  450551  16315:54CSG5OPEN FISBEIN   70518 
  450551  16419:47STS5CENT STONEK    705181
  450551  16519:47STS5OPEN STONEK    70518 
  450551  16618:06CSG5OPEN FISBEIN   705191
  450551  16718:06CSG5OPEN FISBEIN   70519 
  450551  16819:13CSG5OPEN FISBEIN   705191
  450551  16919:13CSG5OPEN FISBEIN   705191
  450551  17019:13CSG5OPEN FISBEIN   70519 
  450551  171 8:07RL 5OPEN SIRTITAS  705201
  450551  172 9:59RL 5OPEN SIRTITAS  705231
  450551  17310:58RL 5OPEN SIRTITAS  705241
  450551  17410:58RL 5OPEN SIRTITAS  70524 
  450551  17514:19CSG5OPEN FISBEIN   70524 
  450551  17614:19CSG5OPEN FISBEIN   70524 
  450551  17723:08STS5OPEN TECHSERV  705241
  450551  17823:11STS5OPEN TECHSERV  705241
  450551  17923:14STS5OPEN TECHSERV  705241
  450551  18023:14STS5OPEN TECHSERV  70524 
  450551  18110:16RL 5OPEN SIRTITAS  705251
  450551  18210:16RL 5OPEN SIRTITAS  70525 
  450551  18317:09RL 5OPEN SIRTITAS  705251
  450551  18420:04CSG5OPEN FISBEIN   70526 
  450551  18520:21STS5OPEN STONEK    705301
  450551  18622:06STS5OPEN STONEK    705301
  450551  18722:06STS5OPEN STONEK    705301
  450551  18822:06STS5OPEN STONEK    705301
  450551  18922:12STS5OPEN STONEK    70530 
  450551  19012:56CSG5OPEN FISBEIN   705321
  450551  19112:56CSG5OPEN FISBEIN   70532 
  450551  19222:24STS5CENT STONEK    705331
  450551  19322:25STS5OPEN STONEK    705331
  450551  19422:25STS5OPEN STONEK    70533 
  450551  19523:34CSG5OPEN FISBEIN   705331
  450551  19623:34CSG5OPEN FISBEIN   705331
  450551  19723:34CSG5OPEN FISBEIN   705331
  450551  19823:34CSG5OPEN FISBEIN   705331
  450551  19923:34CSG5OPEN FISBEIN   705331
  450551  20023:34CSG5OPEN FISBEIN   70533 
  450551  201 8:26RL 5OPEN SIRTITAS  705341
  450551  20214:33RL 5OPEN SIRTITAS  705341
  450551  20314:33RL 5OPEN SIRTITAS  705341
  450551  20414:33RL 5OPEN SIRTITAS  705341
  450551  20514:58RL 5OPEN SIRTITAS  705341
  450551  20614:58RL 5OPEN SIRTITAS  705341
  450551  20714:58RL 5OPEN SIRTITAS  705341
  450551  20814:58RL 5OPEN SIRTITAS  705341
  450551  20915:56CSG5OPEN FISBEIN   705381
  450551  21015:19RL 5OPEN SIRTITAS  705391
  450551  21119:35CSG5OPEN FISBEIN   70539 
  450551  21219:35CSG5OPEN FISBEIN   70539 
  450551  21323:22STS5OPEN STONEK    705391
  450551  21423:22STS5OPEN STONEK    705391
  450551  21523:22STS5OPEN STONEK    705391
  450551  21613:09RL 5OPEN SIRTITAS  705401
  450551  21713:09RL 5OPEN SIRTITAS  705401
  450551  21813:09RL 5OPEN SIRTITAS  705401
  450551  21913:09RL 5OPEN SIRTITAS  705401
  450551  22013:09RL 5OPEN SIRTITAS  70540 
  450551  22118:23CSG5OPEN FISBEIN   705401
  450551  22222:39STS5OPEN STONEK    705401
  450551  22322:40STS5OPEN STONEK    705401
  450551  22422:40STS5OPEN STONEK    705401
  450551  22522:40STS5OPEN STONEK    705401
  450551  22622:47STS5OPEN STONEK    705401
  450551  227 8:03RL 5OPEN SIRTITAS  705411
  450551  22818:17STS5OPEN STONEK    705411
  450551  22918:17STS5OPEN STONEK    705411
  450551  23018:17STS5OPEN STONEK    70541 
  450551  23119:52STS5OPEN STONEK    705411
  450551  23221:44CSG5OPEN FISBEIN   705411
  450551  233 0:24STS5OPEN STONEK    705421
  450551  23422:42CSG5OPEN FISBEIN   705441
  450551  23522:46CSG5OPEN FISBEIN   705441
  450551  23622:48CSG5OPEN FISBEIN   705441
  450551  23718:00STS5OPEN STONEK    705451
  450551  23818:00STS5OPEN STONEK    705451
  450551  23918:00STS5OPEN STONEK    705451
  450551  24018:00STS5OPEN STONEK    70545 
  450551  241 8:48RL 5OPEN SIRTITAS  705481
  450551  24221:34CSG5OPEN FISBEIN   705541
  450551  24321:34CSG5OPEN FISBEIN   705541
  450551  24421:34CSG5OPEN FISBEIN   705541
  450551  24521:34CSG5OPEN FISBEIN   705541
  450551  24621:34CSG5OPEN FISBEIN   70554 
  450551  247 8:45RL 5OPEN SIRTITAS  705581
  450551  24810:40RL 5OPEN SIRTITAS  705611
  450551  24910:43RL 5OPEN SIRTITAS  705611
  450551  25010:43RL 5OPEN SIRTITAS  70561 
  450551  25111:31CSG5OPEN FISBEIN   70561 
  450551  25211:31CSG5OPEN FISBEIN   70561 
  450551  253 9:43RL 5OPEN SIRTITAS  705651
  450551  254 9:43RL 5OPEN SIRTITAS  70565 
  450551  255 9:50RL 5OPEN SIRTITAS  705651
  450551  256 9:50RL 5OPEN SIRTITAS  70565 
  450551  25712:36CSG5OPEN FISBEIN   70565 
  450551  25817:34EAC5OPEN CSS800    70566 
  450551  25918:44STS5OPEN DOUGE     70566 
  450551  26018:46STS5OPEN STONEK    705661
  450551  261 8:30CSG5OPEN FISBEIN   70575 
  450551  26217:15EAC5OPEN CSS800    70576 
  450551  26317:29STS5OPEN DOUGE     70576 
  450551  265 6:58RL 5OPEN SIRTITAS  705811
  450551  26618:27EAC5OPEN CSS800    70582 
  450551  26721:20STS5OPEN STONEK    705821
  450551  26821:20STS5OPEN STONEK    705821
  450551  27021:20STS5OPEN STONEK    705821
  450551  27121:20STS5OPEN STONEK    705821
  450551  27221:28STS5OPEN STONEK    70582 
  450551  27314:14CSG5OPEN FISBEIN   705831
  450551  27414:16CSG5OPEN FISBEIN   705831
  450551  27514:16CSG5OPEN FISBEIN   70583 
  450551  27614:21RL 5OPEN SIRTITAS  705831
  450551  278 7:13RL 5OPEN SIRTITAS  705861
  450551  27917:25CSG5OPEN FISBEIN   705881
  450551  28017:25CSG5OPEN FISBEIN   705881
  450551  28217:25CSG5OPEN FISBEIN   705881
  450551  28317:59CSG5OPEN FISBEIN   705881
  450551  284 8:42RL 5OPEN SIRTITAS  705901
  450551  285 8:45RL 5OPEN SIRTITAS  705901
  450551  286 8:45RL 5OPEN SIRTITAS  70590 
  450551  28715:42CSG5OPEN FISBEIN   705901
  450551  28815:42CSG5OPEN FISBEIN   70590 
  450551  289 9:42RL 5OPEN SIRTITAS  705941
  450551  290 9:42RL 5OPEN SIRTITAS  705941
  450551  291 9:42RL 5OPEN SIRTITAS  705941
  450551  29311:00CSG5OPEN FISBEIN   705941
  450551  29411:00CSG5OPEN FISBEIN   705941
  450551  29511:00CSG5OPEN FISBEIN   705941
  450551  29611:00CSG5OPEN FISBEIN   70594 
  450551  29711:00CSG5OPEN FISBEIN   70594 
  450551  29816:59STS5OPEN STONEK    705941
  450551  29916:59STS5OPEN STONEK    70594 
  450551  30117:03STS5CENT STONEK    705941
  450551  30217:03STS5OPEN STONEK    70594 
  450551  30320:05STS5OPEN STONEK    705941
  450551  30415:49RL 5OPEN SIRTITAS  705961
  450551  30515:49RL 5OPEN SIRTITAS  70596 
  450551  30615:51RL 5OPEN SIRTITAS  705961
  450551  30715:51RL 5OPEN SIRTITAS  705961
  450551  30815:51RL 5OPEN SIRTITAS  70596 
  450551  309 7:28CSG5OPEN FISBEIN   705971
  450551  310 7:30CSG5OPEN FISBEIN   705971
  450551  311 7:30CSG5OPEN FISBEIN   70597 
  450551  31220:14STS5OPEN STONEK    706001
  450551  31320:14STS5OPEN STONEK    70600 
  450551  31420:14STS5OPEN STONEK    70600 
  450551  31520:18STS5OPEN STONEK    70600 
  450551  31617:35FC 5OPEN TNSM      70601 
  450551  31717:37FC 5OPEN TNSM      70601 
  450551  31817:37FC 5OPEN TNSM      70601 
  450551  31918:10DCB5OPEN CSS800    70601 
  450551  32023:44STS5OPEN STONEK    706011
  450551  32123:44STS5OPEN STONEK    706011
  450551  32223:44STS5OPEN STONEK    706011
  450551  32323:47STS5OPEN STONEK    70601 
  450551  32416:57CSG5OPEN FISBEIN   706021
  450551  32516:57CSG5OPEN FISBEIN   706021
  450551  32616:57CSG5OPEN FISBEIN   706021
  450551  327 7:57CSG5OPEN FISBEIN   706101
  450551  32716:57CSG5OPEN FISBEIN   70602 
  450551  32816:57CSG5OPEN FISBEIN   70602 
  450551  328 8:57RL 5OPEN SIRTITAS  706101
  450551  329 7:09AR 5OPEN SIRTITAS  706111
  450551  32912:06RL 5OPEN SIRTITAS  706031
  450551  330 7:13AR 5OPEN SIRTITAS  706111
  450551  330 8:58RL 5OPEN SIRTITAS  706071
  450551  331 8:31RL 5OPEN SIRTITAS  706141
  450551  33214:06CSG5OPEN FISBEIN   70614 
  450551  333 9:45CSG5OPEN FISBEIN   70607 
  450551  333 7:01AL 5OPEN SIRTITAS  706161
  450551  334 7:03AL 5OPEN SIRTITAS  706161
  450551  33512:15RL 5OPEN SIRTITAS  706161
  450551  33612:15RL 5OPEN SIRTITAS  706161
  450551  33712:15RL 5OPEN SIRTITAS  706161
  450551  33812:32RL 5OPEN SIRTITAS  706161
  450551  33912:32RL 5OPEN SIRTITAS  70616 
  450551  34013:03CSG5OPEN FISBEIN   706161
  450551  34113:03CSG5OPEN FISBEIN   70616 
  450551  34216:51CSG5OPEN FISBEIN   706181
  450551  34316:51CSG5OPEN FISBEIN   706181
  450551  34416:51CSG5OPEN FISBEIN   706181
  450551  34516:51CSG5OPEN FISBEIN   706181
  450551  34616:51CSG5OPEN FISBEIN   706181
  450551  34716:51CSG5OPEN FISBEIN   706181
  450551  34816:10CSG5OPEN FISBEIN   706211
  450551  34916:10CSG5OPEN FISBEIN   706211
  450551  35016:10CSG5OPEN FISBEIN   706211
  450551  35116:10CSG5OPEN FISBEIN   70621 
  450551  352 6:20AL 5OPEN SIRTITAS  706221
  450551  353 9:21AL 5OPEN SIRTITAS  706291
  450551  354 9:21AL 5OPEN SIRTITAS  706291
  450551  35514:14AL 5OPEN SIRTITAS  706291
  450551  35614:14AL 5OPEN SIRTITAS  70629 
  450551  35714:42CSG5OPEN FISBEIN   70629 
  450551  35814:42CSG5OPEN FISBEIN   70629 
  450551  35917:21STS5OPEN TECHSERV  706351
  450551  36017:25STS5OPEN TECHSERV  706351
  450551  36117:28STS5OPEN TECHSERV  706351
  450551  36214:30SH 5OPEN ECSC      70638 
  450551  36320:53STW5OPEN DOUGE     70639 
  450551  364 7:59CSG5OPEN FISBEIN   70643 
  450551  36519:15STS5OPEN DOUGE     706461
  450551  36623:12STS5OPEN STONEK    706461
  450551  36712:31JLM5OPEN NSSC      70651 
  450551  36818:49CSG5OPEN FISBEIN   70652 
  450551  36916:19STS5OPEN TECHSERV  706531
  450551  37018:50CSG5OPEN FISBEIN   706531
  450551  37118:50CSG5OPEN FISBEIN   706531
  450551  37218:50CSG5OPEN FISBEIN   706531
  450551  37319:03CSG5OPEN FISBEIN   706531
  450551  37419:03CSG5OPEN FISBEIN   706531
  450551  37519:03CSG5OPEN FISBEIN   706531
  450551  37619:03CSG5OPEN FISBEIN   70653 
  450551  377 9:12AR 5OPEN SIRTITAS  706581
  450551  378 9:12AR 5OPEN SIRTITAS  706581
  450551  379 9:12AR 5OPEN SIRTITAS  706581
  450551  380 9:12AR 5OPEN SIRTITAS  706581
  450551  381 9:12AR 5OPEN SIRTITAS  70658 
  450551  382 8:53FC 5OPEN TNSM      706591
  450551  38312:30AR 5OPEN SIRTITAS  706591
  450551  38412:30AR 5OPEN SIRTITAS  706591
  450551  38512:30AR 5OPEN SIRTITAS  70659 
  450551  38612:30AR 5OPEN SIRTITAS  70659 
  450551  38717:11FL 5OPEN ECSC      70659 
  450551  38817:16FL 5OPEN ECSC      706591
  450551  38917:16FL 5OPEN ECSC      70659 
  450551  39017:41MLA5OPEN CSS800    70659 
  450551  39117:18STS5CENT STONEK    706601
  450551  39217:18STS5OPEN STONEK    70660 
  450551  393 8:50FC 5OPEN TNSM      70663 
  450551  394 8:55FC 5OPEN TNSM      70663 
  450551  395 8:55FC 5OPEN TNSM      70663 
  450551  396 9:59AR 5OPEN SIRTITAS  706631
  450551  397 9:59AR 5OPEN SIRTITAS  70663 
  450551  398 7:27JM,5OPEN ECSC      706641
  450551  399 7:27JM,5OPEN ECSC      70664 
  450551  400 8:01JME5OPEN ECSC      706641
  450551  401 8:01JME5OPEN ECSC      70664 
  450551  40216:26STS5OPEN DOUGE     706641
  450551  40318:14STS5OPEN STONEK    706641
  450551  40421:44STS5OPEN TECHSERV  706641
  450551  40521:47STS5OPEN TECHSERV  706641
  450551  40621:50STS5OPEN TECHSERV  706641
  450551  40721:52STS5OPEN TECHSERV  706641
  450551  40821:55STS5OPEN TECHSERV  706641
  450551  40921:58STS5OPEN TECHSERV  706641
  450551  :58STS5OPEN TECHSERV  70664 
  450551  41122:42CSG5OPEN FISBEIN   706641
  450551  41222:42CSG5OPEN FISBEIN   706641
  450551  41322:42CSG5OPEN FISBEIN   706641
  450551  41422:42CSG5OPEN FISBEIN   706641
  450551  41522:42CSG5OPEN FISBEIN   706641
  450551  41622:42CSG5OPEN FISBEIN   70664 
  450551  41722:58STS5OPEN STONEK    706641
  450551  41823:00STS5OPEN DOUGE     70664 
  450551  41923:05STS5OPEN STONEK    70664 
  450551  42023:43STS5OPEN TECHSERV  706641
  450551  42123:44STS5OPEN TECHSERV  706641
  450551  42223:44STS5OPEN TECHSERV  70664 
  450551  42318:18CSG5OPEN FISBEIN   706651
  450551  42418:18CSG5OPEN FISBEIN   70665 
  450551  42521:55STS5OPEN TECHSERV  706651
  450551  42621:55STS5OPEN TECHSERV  70665 
  450551  427 9:25CSG5OPEN FISBEIN   706661
  450551  428 9:25CSG5OPEN FISBEIN   706661
  450551  429 9:25CSG5OPEN FISBEIN   706661
  450551  430 9:25CSG5OPEN FISBEIN   706661
  450551  431 9:25CSG5OPEN FISBEIN   706661
  450551  432 9:25CSG5OPEN FISBEIN   706661
  450551  433 9:25CSG5OPEN FISBEIN   70666 
  450551  43414:38CSG5OPEN FISBEIN   706661
  450551  43513:48AR 5OPEN SIRTITAS  706671
  450551  43613:48AR 5OPEN SIRTITAS  706671
  450551  43713:48AR 5OPEN SIRTITAS  706671
  450551  43813:48AR 5OPEN SIRTITAS  706671
  450551  43913:48AR 5OPEN SIRTITAS  706671
  450551  44014:27AR 5OPEN SIRTITAS  70667 
  450551  44114:33AR 5OPEN SIRTITAS  70667 
  450551  442 7:29FC 5OPEN TNSM      70670 
  450551  443 7:29FC 5OPEN TNSM      70670 
  450551  444 8:53AR 5OPEN SIRTITAS  706701
  450551  445 8:55AR 5OPEN SIRTITAS  70670 
  450551  44617:25CSG5OPEN FISBEIN   706701
  450551  44717:25CSG5OPEN FISBEIN   706701
  450551  44817:25CSG5OPEN FISBEIN   706701
  450551  44917:25CSG5OPEN FISBEIN   706701
  450551  45017:25CSG5OPEN FISBEIN   706701
  450551  45117:25CSG5OPEN FISBEIN   70670 
  450551  45222:52STS5OPEN DOUGE     706701
  450551  45322:52STS5OPEN DOUGE     706701
  450551  454 7:43AR 5OPEN SIRTITAS  706711
  450551  455 7:43AR 5OPEN SIRTITAS  706711
  450551  456 7:43AR 5OPEN SIRTITAS  706711
  450551  457 7:43AR 5OPEN SIRTITAS  706711
  450551  458 7:43AR 5OPEN SIRTITAS  706711
  450551  459 7:43AR 5OPEN SIRTITAS  70671 
  450551  46013:26CSG5OPEN FISBEIN   706711
  450551  46113:26CSG5OPEN FISBEIN   706711
  450551  46213:26CSG5OPEN FISBEIN   706711
  450551  46313:26CSG5OPEN FISBEIN   706711
  450551  46413:26CSG5OPEN FISBEIN   70671 
  450551  46520:50RAJ5OPEN CSS800    70671 
  450551  466 9:47WRK5OPEN CSS800    70672 
  450551  46712:10AR 5OPEN SIRTITAS  706721
  450551  46812:10AR 5OPEN SIRTITAS  706721
  450551  46912:10AR 5OPEN SIRTITAS  706721
  450551  47013:49AR 5OPEN SIRTITAS  706721
  450551  47110:47AR 5OPEN SIRTITAS  706741
  450551  47210:47AR 5OPEN SIRTITAS  706741
  450551  47310:47AR 5OPEN SIRTITAS  706741
  450551  47410:47AR 5OPEN SIRTITAS  706741
  450551  47510:47AR 5OPEN SIRTITAS  70674 
  450551  47614:13CSG5OPEN FISBEIN   706741
  450551  47714:13CSG5OPEN FISBEIN   706741
  450551  47814:13CSG5OPEN FISBEIN   706741
  450551  47914:13CSG5OPEN FISBEIN   70674 
  450551  48014:13CSG5OPEN FISBEIN   70674 
  450551  48122:10STS5OPEN TECHSERV  706741
  450551  48222:11STS5OPEN TECHSERV  706741
  450551  48310:50CY 5OPEN BTSWE     706751
  450551  484 6:52CSG5OPEN FISBEIN   706771
  450551  485 6:54CSG5OPEN FISBEIN   706771
  450551  486 7:14CSG5OPEN FISBEIN   706771
  450551  487 9:23AR 5OPEN SIRTITAS  706771
  450551  488 9:23AR 5OPEN SIRTITAS  70677 
  450551  489 8:09CSG5OPEN FISBEIN   706781
  450551  490 8:09CSG5OPEN FISBEIN   70678 
  450551  49118:26STS5OPEN STONEK    70678 
  450551  49219:23STS5CENT STONEK    70678 
  450551  49319:23STS5OPEN STONEK    70678 
  450551  49417:01CSG5OPEN FISBEIN   706791
  450551  49517:01CSG5OPEN FISBEIN   706791
  450551  49617:01CSG5OPEN FISBEIN   706791
  450551  49717:01CSG5OPEN FISBEIN   706791
  450551  49817:01CSG5OPEN FISBEIN   70679 
  450551  49923:47STS5OPEN TECHSERV  706791
  450551  500 7:39AR 5OPEN SIRTITAS  706801
  450551  50117:49STS5OPEN TECHSERV  706841
  450551  50218:10STS5OPEN TECHSERV  706841
  450551  50318:10STS5OPEN TECHSERV  706841
  450551  50418:10STS5OPEN TECHSERV  706841
  450551  50518:10STS5OPEN TECHSERV  706841
  450551  506 7:57CSG5OPEN FISBEIN   706851
  450551  50718:56CSG5OPEN FISBEIN   706851
  450551  50818:56CSG5OPEN FISBEIN   706851
  450551  50918:56CSG5OPEN FISBEIN   706851
  450551  51018:56CSG5OPEN FISBEIN   70685 
  450551  511 7:11AL 5OPEN SIRTITAS  706871
  450551  51214:24AL 5OPEN SIRTITAS  706911
  450551  51314:24AL 5OPEN SIRTITAS  706911
  450551  51414:39AL 5OPEN SIRTITAS  70691 
  450551  51516:57FCK5OPEN TNSM      70691 
  450551  51616:57FCK5OPEN TNSM      70691 
  450551  51717:00YV 5OPEN CSS800    70691 
  450551  51817:49STT5OPEN TECHSERV  706911
  450551  51917:55STT5OPEN TECHSERV  706911
  450551  52018:14STS5OPEN TECHSERV  70691 
  450551  52118:16STS5OPEN TECHSERV  70691 
  450551  52212:18AR 5OPEN SIRTITAS  706921
  450551  52312:18AR 5OPEN SIRTITAS  70692 
  450551  52417:00STS5OPEN TECHSERV  706921
  450551  52517:00STS5OPEN TECHSERV  70692 
  450551  52612:27FC 5OPEN TNSM      706931
  450551  52712:43FC 5OPEN TNSM      70693 
  450551  52817:22FC 5OPEN TNSM      70693 
  450551  52917:22FC 5OPEN TNSM      70693 
  450551  53017:45JIM5OPEN CSS800    70693 
  450551  531 0:20STS5OPEN TECHSERV  706941
  450551  532 0:20STS5OPEN TECHSERV  706941
  450551  533 0:20STS5OPEN TECHSERV  706941
  450551  534 0:20STS5OPEN TECHSERV  706941
  450551  535 0:20STS5OPEN TECHSERV  70694 
  450551  536 9:45AL 5OPEN SIRTITAS  706941
  450551  537 9:45AL 5OPEN SIRTITAS  70694 
  450551  53813:10FC 5OPEN TNSM      706941
  450551  53913:40FC 5OPEN TNSM      70694 
  450551  54013:43FC 5OPEN TNSM      70694 
  450551  54113:43FC 5OPEN TNSM      70694 
  450551  54213:53YV 5OPEN CSS800    70694 
  450551  54320:48STS5OPEN TECHSERV  706941
  450551  54420:48STS5OPEN TECHSERV  706941
  450551  54520:48STS5OPEN TECHSERV  706941
  450551  54620:48STS5OPEN TECHSERV  70694 
  450551  547 6:55FC 5OPEN TNSM      70695 
  450551  54812:41FC 5OPEN TNSM      70695 
  450551  54912:41FC 5OPEN TNSM      70695 
  450551  550 7:12AL 5OPEN SIRTITAS  706981
  450551  55115:06STS5OPEN TECHSERV  706981
  450551  55216:46STS5OPEN TECHSERV  707011
  450551  55319:09STS5OPEN DOUGE     70709 
  450551  55421:54STS5OPEN TECHSERV  707091
  450551  55521:54STS5OPEN TECHSERV  707091
  450551  55621:54STS5OPEN TECHSERV  707091
  450551  55721:54STS5OPEN TECHSERV  707091
  450551  55821:54STS5OPEN TECHSERV  707091
  450551  55921:54STS5OPEN TECHSERV  70709 
  450551  56013:37CSG5OPEN FISBEIN   707161
  450551  56113:37CSG5OPEN FISBEIN   70716 
  450551  562 6:40AR 5OPEN SIRTITAS  707191
  450551  563 6:40AR 5OPEN SIRTITAS  70719 
  450551  56411:45CSG5OPEN FISBEIN   707191
  450551  56511:47CSG5OPEN FISBEIN   707191
  450551  56611:47CSG5OPEN FISBEIN   70719 
  450551  567 7:32CSG5OPEN FISBEIN   707201
  450551  568 7:43CSG5OPEN FISBEIN   707201
  450551  569 8:42CSG5OPEN FISBEIN   707201
  450551  57013:50AR 5OPEN SIRTITAS  707201
  450551  57113:50AR 5OPEN SIRTITAS  70720 
  450551  57214:13CSG5OPEN FISBEIN   707201
  450551  57314:13CSG5OPEN FISBEIN   70720 
  450551  574 0:54STS5OPEN TECHSERV  707241
  450551  57522:48STS5OPEN TECHSERV  707261
  450551  57622:48STS5OPEN TECHSERV  707261
  450551  57722:48STS5OPEN TECHSERV  707261
  450551  57822:48STS5OPEN TECHSERV  707261
  450551  57922:48STS5OPEN TECHSERV  707261
  450551  58022:48STS5OPEN TECHSERV  707261
  450551  58122:48STS5OPEN TECHSERV  707261
  450551  58222:48STS5OPEN TECHSERV  70726 
  450551  58310:40CSG5OPEN FISBEIN   707271
  450551  58410:42CSG5OPEN FISBEIN   707271
  450551  58510:42CSG5OPEN FISBEIN   70727 
  450551  586 8:08AR 5OPEN SIRTITAS  707281
  450551  587 8:08AR 5OPEN SIRTITAS  70728 
  450551  58810:27CSG5OPEN FISBEIN   70728 
  450551  58910:27CSG5OPEN FISBEIN   70728 
  450551  590 3:35BGH5OPEN ECSC      70729 
  450551  591 3:35BGH5OPEN ECSC      70729 
  450551  592 8:19CSG5OPEN FISBEIN   707291
  450551  593 8:19CSG5OPEN FISBEIN   70729 
  450551  59418:18AR 5OPEN SIRTITAS  707291
  450551  59518:21AR 5OPEN SIRTITAS  707291
  450551  59618:21AR 5OPEN SIRTITAS  70729 
  450551  597 7:58AR 5OPEN SIRTITAS  707301
  450551  598 8:00CSG5OPEN FISBEIN   707301
  450551  599 8:00CSG5OPEN FISBEIN   70730 
  450551  600 8:13MGP5OPEN CSS800    70730 
  450551  601 7:41CY 5OPEN BTSWE     707371
  450551  60214:00FC 5OPEN TNSM      70744 
  450551  60314:00FC 5OPEN TNSM      70744 
  450551  60414:12KTD5OPEN CSS800    70744 
  450551  60514:18KTD5OPEN CSS800    70744 
  450551  60614:29KTD5OPEN CSS800    70744 
  450551  60716:01STS5OPEN DOUGE     70744 
  450551  60816:48STS5OPEN DOUGE     707441
  450551  609 0:16STS5OPEN DOUGE     70751 
  450551  610 0:16STS5OPEN DOUGE     70751 
  450551  61117:41STS5OPEN STONEK    707561
  450551*****21:20STS*OPEN STONEK    705821
  488876    115:06CSG5OPEN FISBEIN   70644 
  488876    215:08CSG5OPEN FISBEIN   70644 
  488876    312:00FC 5OPEN TNSM      706451
  488876    412:04FC 5OPEN TNSM      706451
  488876    512:06FC 5OPEN TNSM      706451
  488876    612:06FC 5OPEN TNSM      70645 
  488876    716:20STS5OPEN WARNERD   706451
  488876    8 9:25AR 5OPEN SIRTITAS  706461
  488876    9 9:25AR 5OPEN SIRTITAS  706461
  488876   10 9:25AR 5OPEN SIRTITAS  706461
  488876   1111:58JME5OPEN ECSC      70646 
  488876   12 7:48FC 5OPEN TNSM      706491
  488876   13 7:52FC 5OPEN TNSM      706491
  488876   14 7:52FC 5OPEN TNSM      70649 
  488876   15 8:10FC 5OPEN TNSM      706491
  488876   16 8:11FC 5OPEN TNSM      70649 
  488876   1713:38AR 5OPEN SIRTITAS  706501
  488876   1813:38AR 5OPEN SIRTITAS  706501
  488876   1913:38AR 5OPEN SIRTITAS  706501
  488876   2014:03AR 5OPEN SIRTITAS  706721
  488876   21 9:19CSG5OPEN FISBEIN   70685 
  488876   22 9:19CSG5OPEN FISBEIN   70685 
  488876   2319:25ABE5EAST ECSC      70686 
  488876   2419:32ABE5OPEN ECSC      70686 
  488876   2519:32ABE5OPEN ECSC      70686 
  488876   26 7:17AL 5OPEN SIRTITAS  706981
  488876   27 8:47AL 5OPEN SIRTITAS  706981
  488876   2821:55BGH5OPEN ECSC      70727 
  488876   29 7:51CSG5OPEN FISBEIN   70728 
  488876   30 7:51CSG5OPEN FISBEIN   70728 
  488876   3120:50PIM5OPEN ECSC      70743 
  488876   3221:39FBS5OPEN CSS800    70743 
  488876   3313:37BGH5OPEN ECSC      70761 
  488876   3413:37BGH5OPEN ECSC      70761 
  488876   3513:50CSG5OPEN FISBEIN   70761 
  488876   3613:50CSG5OPEN FISBEIN   70761 
  488876   37 3:07CCB5OPEN ECSC      70762 
  490460    111:15JPR5OPEN BTSPN     706521
  490460    212:25JPR5OPEN BTSPN     70652 
  490460    312:36CSG5OPEN FISBEIN   70652 
  490460    413:12AS 5OPEN ECSC      70652 
  490460    519:42CSG5OPEN FISBEIN   706531
  490460    619:42CSG5OPEN FISBEIN   70653 
  490460    721:08WJH5OPEN CSS800    70653 
  490460    823:04STS5OPEN CHANGC    70653 
  490460    916:27CSG5OPEN FISBEIN   706561
  490460   1017:25JPR5OPEN BTSPN     706561
  490460   1118:11STS5OPEN CHANGC    706561
  490460   1218:26JPR5OPEN BTSPN     706561
  490460   1315:45JPR5OPEN BTSPN     706571
  490460   1422:25STS5CENT CHANGC    706571
  490460   1523:25STS5OPEN CHANGC    706571
  490460   1623:25STS5OPEN CHANGC    70657 
  490460   1713:18JLF5OPEN TNSM      706581
  490460   1813:21JLF5OPEN TNSM      70658 
  490460   1916:13JPR5OPEN BTSPN     706581
  490460   2016:19JPR5OPEN BTSPN     706581
  490460   2116:22JPR5OPEN BTSPN     70658 
  490460   2216:55STS5CENT CHANGC    706581
  490460   2316:55STS5OPEN CHANGC    70658 
  490460   24 5:10STS5OPEN CHANGC    706591
  490460   2516:22JPR5OPEN BTSPN     706591
  490460   2616:24JPR5OPEN BTSPN     706591
  490460   2716:24JPR5OPEN BTSPN     70659 
  490460   2817:50STS5CENT CHANGC    706591
  490460   2911:43PPD5OPEN ECSC      70660 
  490460   3011:44PPD5OPEN ECSC      70660 
  490460   3111:52JIM5     CSS800    70660 
  490460   3212:22JIM5OPEN CSS800    70660 
  490460   3312:31JIM5OPEN CSS800    70660 
  490460   3416:05STS5CENT CHANGC    706601
  490460   3516:06STS5OPEN DOUGE     706601
  490460   3616:06STS5CENT CHANGC    706601
  490460   3716:06STS5CENT CHANGC    706601
  490460   3816:06STS5CENT CHANGC    706601
  490460   3916:06STS5CENT CHANGC    706601
  490460   4016:06STS5CENT CHANGC    706601
  490460   4116:06STS5CENT CHANGC    706601
  490460   4216:06STS5CENT CHANGC    706601
  490460   4316:06STS5OPEN CHANGC    70660 
  490460   44 4:26STS5OPEN CHANGC    706611
  490460   45 4:26STS5OPEN CHANGC    706611
  490460   46 6:56RES5OPEN BTSPN     70666 
  490460   4717:49PIM5OPEN ECSC      70669 
  490460   4816:40STS5OPEN CHANGC    706721
  490460   4916:40STS5OPEN CHANGC    70672 
  490460   5016:40MJC5EAST CSS800    70672 
  490460   5117:05MF 5OPEN CSS800    70672 
  490460   5216:25FM 5OPEN ECSC      70673 
  490460   5315:25JPR5OPEN BTSPN     706951
  490460   5415:31JPR5OPEN BTSPN     706951
  490460   55 7:16JPR5OPEN BTSPN     706981
  490460   56 7:18JPR5OPEN BTSPN     70698 
  490460   57 9:26PPD5OPEN ECSC      70698 
  490460   58 9:26PPD5OPEN ECSC      70698 
  490460   5915:57FC 5OPEN TNSM      706981
  490460   6015:59CSG5OPEN FISBEIN   706981
  490460   6115:59CSG5OPEN FISBEIN   70698 
  490460   6216:01FC 5OPEN TNSM      70698 
  490460   6316:02FC 5OPEN TNSM      70698 
  490460   6416:02FC 5OPEN TNSM      70698 
  490460   6516:16FC 5OPEN TNSM      70698 
  490460   6616:16FC 5OPEN TNSM      70698 
  490460   6717:10AJC5OPEN CSS800    70698 
  490460   6817:12AJC5OPEN CSS800    70698 
  490460   6918:00CSG5OPEN FISBEIN   70698 
  490460   7018:00CSG5OPEN FISBEIN   70698 
  490460   7118:19AJC5OPEN CSS800    70698 
  490460   7222:59STS5CENT CHANGC    706981
  490460   7323:09STS5OPEN CHANGC    706981
  490460   7423:10STS5OPEN CHANGC    706981
  490460   7523:10STS5OPEN CHANGC    70698 
  490460   7614:32CSG5OPEN FISBEIN   70699 
  490460   7710:19CSG5OPEN FISBEIN   707221
  490460   7810:19CSG5OPEN FISBEIN   70722 
  490460   7910:36JPR5OPEN BTSPN     707281
  490460   8010:37JPR5OPEN BTSPN     70728 
  490460   8113:30CSG5OPEN FISBEIN   707281
  490460   8213:30CSG5OPEN FISBEIN   707281
  490460   8313:30CSG5OPEN FISBEIN   707281
  490460   8413:30CSG5OPEN FISBEIN   70728 
  490460   8513:44BJM5OPEN CSS800    70728 
  490460   8613:45BJM5OPEN CSS800    70728 
  490460   8713:45BJM5OPEN CSS800    70728 
  490460   8815:54STS5OPEN CHANGC    70728 
  490460   8917:57STS5CENT CHANGC    707281
  490460   9018:04STS5OPEN CHANGC    707281
  490460   9118:08STS5OPEN CHANGC    707281
  490460   9218:08STS5OPEN CHANGC    70728 
  490460   9318:01CSG5OPEN FISBEIN   707371
  490460   9418:01CSG5OPEN FISBEIN   70737 
  490460   9518:10YV 5OPEN CSS800    70737 
  490460   9623:17STS5CENT CHANGC    707371
  490460   9723:19STS5OPEN CHANGC    70737 
  490460   9821:36FBS5OPEN CSS800    70743 
  490460   9923:13FBS5OPEN CSS800    70743 
  490460  10023:46INF5OPEN CLEN      707471
  490460  10123:46INF5OPEN CLEN      70747 
  490460  10200:30CJ 5OPEN ECSC      70748 
  490460  10300:31CJ 5OPEN ECSC      70748 
  490460  104 1:48DCM5OPEN CSS800    70748 
  490460  10516:03INF5OPEN CLEN      707491
  490460  10616:07INF5OPEN CLEN      707491
  490460  10716:08INF5OPEN CLEN      70749 
  490460  10821:56CJ 5OPEN ECSC      70749 
  490460  10921:56CJ 5OPEN ECSC      70749 
  490460  110 7:48JPR5OPEN BTSPN     707501
  490460  111 7:48JPR5OPEN BTSPN     70750 
  490460  11215:23AD 5OPEN ECSC      70750 
  490460  11315:32JIM5OPEN CSS800    70750 
  490460  11416:42INF5OPEN CLEN      707501
  490460  11516:42INF5OPEN CLEN      70750 
  490460  11616:50INF5OPEN CLEN      707501
  490460  11717:04AD 5OPEN ECSC      70750 
  490460  118 7:45CSG5OPEN FISBEIN   70751 
  490460  11916:06CSG5OPEN FISBEIN   707511
  490460  12016:06CSG5OPEN FISBEIN   70751 
  490460  12121:36INF5OPEN CLEN      707511
  490460  12221:36INF5OPEN CLEN      70751 
  495551    110:04SYS0OPEN PAPER     70677 
  495551    210:04SYS0OPEN PAPER     70677 
  495551    310:07SH 5OPEN ECSC      706771
  495551    410:07SH 5OPEN ECSC      706771
  495551    510:10SH 5OPEN ECSC      706771
  495551    610:10SH 5OPEN ECSC      706771
  495551    710:10SH 5OPEN ECSC      706771
  495551    816:39GJD5OPEN ECSC      706771
  495551    916:39GJD5OPEN ECSC      706771
  495551   1016:39GJD5OPEN ECSC      706771
  495551   1116:39GJD5OPEN ECSC      70677 
  495551   1217:21PFB5OPEN UKOPS     706771
  495551   1317:25PFB5OPEN UKOPS     706771
  495551   14 6:43FM 5OPEN ECSC      70678 
  495551   15 8:08PFB5OPEN UKOPS     706781
  495551   16 8:42FM 5OPEN ECSC      706781
  495551   1710:06FM 5OPEN ECSC      70678 
  495551   1810:08FM 5OPEN ECSC      70678 
  495551   1910:09PFB5OPEN UKOPS     706781
  495551   2014:41JHR5OPEN UKOPS     706781
  495551   2115:17NG 5OPEN UKOPS     706781
  495551   2215:17NG 5OPEN UKOPS     70678 
  495551   2317:17CJ 5OPEN ECSC      70678 
  495551   24 8:47HW 5OPEN TNSM      70679 
  495551   25 8:47HW 5OPEN TNSM      70679 
  495551   2616:46GJD5OPEN ECSC      706791
  495551   2716:47GJD5OPEN ECSC      706791
  495551   2816:47GJD5OPEN ECSC      70679 
  495551   2916:48GRF5     UKOPS     706791
  495551   30 9:21PFD5OPEN UKOPS     706801
  495551   31 9:23PFD5OPEN UKOPS     70680 
  495551   3211:59GJD5OPEN ECSC      706871
  495551   3312:44GJD5OPEN ECSC      706871
  495551   3412:44GJD5OPEN ECSC      70687 
  495551   3519:42PPB5OPEN UKOPS     706871
  495551   3613:23JHR5OPEN UKOPS     706881
  495551   3718:55DAB5OPEN UKOPS     70688 
  495551   3818:55DAB5OPEN UKOPS     70688 
  495551   39 9:38GJD5OPEN ECSC      706911
  495551   4010:34GJD5OPEN ECSC      706981
  495551   41 2:13PIM5OPEN ECSC      70701 
  495551   42 2:13PIM5OPEN ECSC      70701 
  495551   4310:19CJ 5OPEN ECSC      70717 
  495551   4410:58PIM5OPEN ECSC      70724 
  495551   4521:30PIM5OPEN ECSC      70743 
  495551   4621:34PIM5OPEN ECSC      70743 
  495551   4721:34PIM5EAST ECSC      70743 
  495551   4819:30AD 5OPEN ECSC      70751 
  496203    113:18GJD5OPEN ECSC      706801
  496203    213:18GJD5OPEN ECSC      706801
  496203    313:18GJD5OPEN ECSC      706801
  496203    413:18GJD5OPEN ECSC      706801
  496203    513:18GJD5OPEN ECSC      706801
  496203    613:18GJD5OPEN ECSC      70680 
  496203    713:18GJD5OPEN ECSC      70680 
  496203    819:35LTL5OPEN ENMC      70680 
  496203    919:35LTL5OPEN ENMC      70680 
  496203   1020:11JER5OPEN NETCON    706801
  496203   1120:11JER5OPEN NETCON    70680 
  496203   1220:26STS5OPEN TECHSERV  70680 
  496203   1314:17FL 5OPEN ECSC      70682 
  496203   1414:17FL 5OPEN ECSC      70682 
  496203   1514:18MGP5OPEN CSS800    70682 
  496203   1623:24STS5OPEN BBELL     706851
  496203   1723:24STS5OPEN BBELL     706851
  496203   1823:24STS5OPEN BBELL     70685 
  496203   1915:57LMP5CENT NTS       706871
  496203   2015:57LMP5OPEN NTS       70687 
  496203   21 5:59GJD5OPEN ECSC      706911
  496203   2210:33AS 5OPEN ECSC      706931
  496203   2310:33AS 5OPEN ECSC      706931
  496203   2421:31CJ 5     ECSC      70693 
  496203   25 9:42SH 5OPEN ECSC      70698 
  496203   2613:40GJD5OPEN ECSC      706981
  496203   2713:40GJD5OPEN ECSC      706981
  496203   2813:40GJD5OPEN ECSC      70698 
  496203   29 3:33PIM5OPEN ECSC      70699 
  496203   30 3:33PIM5OPEN ECSC      70699 
  496203   31 4:31AJA5OPEN CSS800    70699 
  496203   3223:03LMP5OPEN NTS       707051
  496203   3323:03LMP5OPEN NTS       70705 
  496203   3423:13DCM5OPEN CSS800    70705 
  496203   35 0:22SD 5OPEN ECSC      70706 
  496203   3611:33GJD5OPEN ECSC      707071
  496203   3711:33GJD5OPEN ECSC      707071
  496203   3811:33GJD5OPEN ECSC      70707 
  496203   3911:51MJC5OPEN CSS800    70707 
  496203   4022:54LMP5CENT NTS       707161
  496203   4122:56LMP5CENT NTS       707161
  496203   4222:56LMP5OPEN NTS       70716 
  496203   43 6:34CJ 5OPEN ECSC      70717 
  496203   44 5:45SH 5OPEN ECSC      70743 
  496203   45 5:45SH 5OPEN ECSC      70743 
  496203   46 5:51SH 5OPEN ECSC      70743 
  496203   47 5:52SH 5OPEN ECSC      70743 
  503345    115:21DMT5OPEN ENMC      70715 
  503345    215:21DMT5OPEN ENMC      70715 
  503345    3 7:54HW 5OPEN TNSM      70716 
  503345    4 7:54HW 5OPEN TNSM      70716 
  503345    510:02PHH5OPEN ENMC      70716 
  503345    610:02PHH5OPEN ENMC      70716 
  503345    713:01HW 5OPEN TNSM      70716 
  503345    822:13AD 5OPEN ECSC      70716 
  503345    9 7:53JME5OPEN ECSC      707191
  503345   10 7:58JME5OPEN ECSC      707191
  503345   11 7:58JME5OPEN ECSC      70719 
  503345   12 7:59JME5OPEN ECSC      70719 
  503345   1311:15RT 5OPEN ENMC      707191
  503345   1413:06LTL5     ENMC      70719 
  503345   1514:04LTL5OPEN ENMC      70719 
  503345   16 9:03EDD5OPEN ENMC      70720 
  503345   1711:01RT 5OPEN ENMC      70720 
  503345   1811:01RT 5OPEN ENMC      70720 
  503345   19 9:06EDD5OPEN ENMC      70723 
  503345   20 8:03EDD5OPEN ENMC      70727 
  503345   21 9:30EDD5OPEN ENMC      70730 
  503345   2213:03EDD5OPEN ENMC      707331
  503345   23 9:15EDD5OPEN ENMC      70737 
  503345   24 8:19EDD5OPEN ENMC      70743 
  503986    114:42SYS0OPEN PAPER     70719 
  503986    214:42SYS0OPEN PAPER     70719 
  503986    315:09CSG5OPEN FISBEIN   707191
  503986    415:10CSG5OPEN FISBEIN   707191
  503986    515:10CSG5OPEN FISBEIN   70719 
  503986    616:22AB 5OPEN TNSM      707191
  503986    716:22AB 5OPEN TNSM      70719 
  503986    816:26LTL5OPEN ENMC      70719 
  503986    916:34KTD5OPEN CSS800    70719 
  503986   1016:35KTD5OPEN CSS800    70719 
  503986   1123:45INF5OPEN CLEN      707191
  503986   1223:45INF5OPEN CLEN      707191
  503986   1323:45INF5OPEN CLEN      70719 
  503986   1400:15CJ 5OPEN ECSC      70720 
  503986   1500:15CJ 5OPEN ECSC      70720 
  503986   16 1:19YVL5OPEN ENMC      70720 
  503986   17 8:05AB 5OPEN TNSM      707201
  503986   18 8:05AB 5OPEN TNSM      707201
  503986   19 8:05AB 5OPEN TNSM      707201
  503986   20 8:05AB 5OPEN TNSM      70720 
  503986   2110:40RT 5OPEN ENMC      70720 
  503986   2219:04INF5OPEN CLEN      707201
  503986   2319:04INF5OPEN CLEN      70720 
  503986   2419:31CJ 5OPEN ECSC      70720 
  503986   25 8:09EDD5OPEN ENMC      70721 
  503986   2610:26AB 5OPEN TNSM      70721 
  503986   2714:53CJ 5EAST ECSC      70721 
  503986   28 9:31YL 5OPEN TNSM      707221
  503986   29 9:38YL 5OPEN TNSM      707221
  503986   30 9:42YL 5OPEN TNSM      707221
  503986   31 9:42YL 5OPEN TNSM      70722 
  503986   32 9:55QCT5OPEN ENMC      70722 
  503986   33 9:55QCT5OPEN ENMC      70722 
  503986   34 1:56PIM5OPEN ECSC      70743 
  503986   3522:00INF5OPEN CLEN      707471
  503986   3622:00INF5OPEN CLEN      707471
  503986   3722:00INF5OPEN CLEN      70747 
  503986   3822:23CJ 5OPEN ECSC      70747 
  503986   3911:04CSG5OPEN FISBEIN   707481
  503986   4011:04CSG5OPEN FISBEIN   70748 
  503986   4117:31INF5OPEN CLEN      707481
  503986   4217:31INF5OPEN CLEN      70748 
  503986   4319:12CCB5OPEN ECSC      70748 
  503986   4419:12CCB5OPEN ECSC      70748 
  503986   4518:56CSG5OPEN FISBEIN   70749 
  503986   4618:56CSG5OPEN FISBEIN   70749 
  507008    116:30SYS0OPEN PAPER     70734 
  507008    216:30SYS0OPEN PAPER     70734 
  507008    316:45DMT5OPEN ENMC      70734 
  507008    416:46DMT5OPEN ENMC      70734 
  507008    511:14EDD5OPEN ENMC      707351
  507008    611:24EDD5OPEN ENMC      707351
  507008    712:55EDD5     ENMC      70735 
  507008    8 8:22EDD5OPEN ENMC      707361
  507008    9 8:22EDD5OPEN ENMC      70736 
  507008   10 9:00GJD5OPEN ECSC      707361
  507008   11 9:00GJD5OPEN ECSC      707361
  507008   1210:21SH 5OPEN ECSC      70736 
  507008   1310:39PHH5OPEN ENMC      70736 
  507008   1412:29CLR5OPEN ENMC      707361
  507008   1512:29CLR5OPEN ENMC      70736 
  507008   1613:59GV 5OPEN ECSC      707361
  507008   1714:01GV 5OPEN ECSC      70736 
  507008   1814:31CLR5OPEN ENMC      70736 
  507008   1914:31CLR5OPEN ENMC      70736 
  507008   2015:01DMT5OPEN ENMC      707361
  507008   2117:27GV 5OPEN ECSC      707361
  507008   2217:27GV 5OPEN ECSC      707361
  507008   2317:29GV 5OPEN ECSC      70736 
  507008   24 9:19EDD5OPEN ENMC      70737 
  507008   25 9:19EDD5OPEN ENMC      70737 
  507008   2615:12JPC5OPEN TNSM      707371
  507008   2715:12JPC5OPEN TNSM      707371
  507008   2815:58JPC5OPEN TNSM      707371
  507008   2915:58JPC5OPEN TNSM      707371
  507008   3015:58JPC5OPEN TNSM      707371
  507008   3115:58JPC5OPEN TNSM      707371
  507008   3215:58JPC5OPEN TNSM      707371
  507008   3315:58JPC5OPEN TNSM      707371
  507008   3416:12JPC5OPEN TNSM      70737 
  507008   3516:40DMT5OPEN ENMC      70737 
  507008   36 9:53QCT5OPEN ENMC      70738 
  507008   37 1:09YVL5OPEN ENMC      707391
  507008   38 7:14DMT5OPEN ENMC      70740 
  507008   39 7:14DMT5OPEN ENMC      70740 
  507008   40 8:33DMT5OPEN ENMC      70740 
  507008   41 8:33DMT5OPEN ENMC      70740 
  507008   42 9:32DMT5OPEN ENMC      70740 
  507008   43 9:35DMT5OPEN ENMC      70740 
  507008   44 9:52DMT5OPEN ENMC      70740 
  507008   4510:07DMT5OPEN ENMC      70741 
  507008   4610:07DMT5OPEN ENMC      70741 
  507008   47 6:09SH 5OPEN ECSC      70742 
  507008   48 6:09SH 5OPEN ECSC      70742 
  507008   49 6:09SH 5OPEN ECSC      70742 
  507008   5016:57CF 5OPEN TNSM      707421
  507008   5118:54QCT5OPEN ENMC      70742 
  507008   5218:54QCT5OPEN ENMC      70742 
  507008   5318:56QCT5OPEN ENMC      70742 
  507008   5414:47CJ 5OPEN ECSC      70743 
  507008   5515:13EDD5OPEN ENMC      70743 
  507008   5610:04GV 5OPEN ECSC      707471
  507008   5710:05GV 5OPEN ECSC      70747 
  507008   5810:17EDD5OPEN ENMC      70747 
  507008   59 5:32SH 5OPEN ECSC      70748 
  507008   60 5:32SH 5OPEN ECSC      70748 
  507008   61 5:32SH 5OPEN ECSC      70748 
  507008   62 5:36SH 5OPEN ECSC      70748 
  507008   63 5:36SH 5OPEN ECSC      70748 
  507008   64 6:01QCT5OPEN ENMC      70748 
  507008   6514:28YVL5OPEN ENMC      707481
  507008   6615:16CF 5OPEN TNSM      707491
  507008   6715:18CF 5OPEN TNSM      707491
  507008   6815:18CF 5OPEN TNSM      70749 
  507008   6916:00YVL5OPEN ENMC      707491
  507008   7016:00YVL5OPEN ENMC      70749 
  507008   7122:09CJ 5OPEN ECSC      70749 
  507008   7212:21EDD5     ENMC      70751 
  507008   73 8:52EDD5OPEN ENMC      70761 
  507008   74 8:52EDD5OPEN ENMC      70761 
  507008   75 9:09SH 5OPEN ECSC      70761 
  507008   76 9:09SH 5OPEN ECSC      70761 
  507008   77 9:09SH 5OPEN ECSC      70761 
  507008   78 6:35CJ 5OPEN ECSC      70762 
  510008    112:15DUG5OPEN BTSWE     70749 
  510008    212:44YVL5OPEN ENMC      70749 
  510008    312:44YVL5OPEN ENMC      70749 
  510008    413:29SH 5OPEN ECSC      70749 
  510008    513:35PIM5OPEN ECSC      70749 
  510008    613:35PIM5OPEN ECSC      70749 
  510219    1 8:50SYS0OPEN PAPER     70750 
  510219    2 8:50SYS0OPEN PAPER     70750 
  510219    3 9:45LCH5OPEN BTSNG     707501
  510219    4 6:45LCH5OPEN BTSNG     707511
  510219    5 6:48LCH5OPEN BTSNG     70751 
  510219    614:00PIM5OPEN ECSC      70751 
  510219    714:00PIM5OPEN ECSC      70751 
  510231    111:39EDD6OPEN ENMC      707501
  510231    211:43EDD6     ENMC      707501
  510231    311:44EDD6OPEN ENMC      70750 
  510231    411:51EDD6     ENMC      707501
  510231    512:01EDD6EAST ENMC      70750 
  510231    613:10JPC6EAST TNSM      707501
  510231    713:10JPC6EAST TNSM      707501
  510231    813:10JPC6EAST TNSM      707501
  510231    913:10JPC6OPEN TNSM      70750 
  510231   1016:12YVL6OPEN ENMC      707501
  510231   1121:32DMT6OPEN ENMC      70750 
  510231   12 8:33EDD6OPEN ENMC      707511
  510231   13 9:23EDD6OPEN ENMC      707511
  510231   1413:23EDD6OPEN ENMC      70754 
  510231   1513:23EDD6OPEN ENMC      70754 
  510231   1612:03DMT6OPEN ENMC      707551
  510231   1712:22EDD5TRACKENMC      707551
  510231   1812:32EDD5OPEN ENMC      707551
  510231   1912:32EDD5OPEN ENMC      70755 
  510231   2012:49EDD5OPEN ENMC      707551
  510231   2112:49EDD5OPEN ENMC      70755 
  510231   2213:04EDD5OPEN ENMC      70755 
  510231   2313:04EDD5OPEN ENMC      70755 
  510231   2413:18EDD5OPEN ENMC      70755 
  510231   2513:22EDD5OPEN ENMC      707551
  510231   2613:55EDD5OPEN ENMC      707551
  510231   2715:02PHH5OPEN ENMC      70755 
  510231   28 6:49DUG5OPEN BTSWE     707561
  510231   29 6:49DUG5OPEN BTSWE     70756 
  510231   30 7:01YVL5OPEN ENMC      70756 
  510231   31 7:01YVL5OPEN ENMC      70756 
  510231   32 7:43EDD5OPEN ENMC      707561
  510231   33 7:43EDD5OPEN ENMC      70756 
  510231   3411:30JPC5OPEN TNSM      707571
  510231   3511:30JPC5OPEN TNSM      707571
  510231   3611:30JPC5OPEN TNSM      707571
  510231   3711:30JPC5OPEN TNSM      707571
  510231   3811:30JPC5OPEN TNSM      707571
  510231   3911:30JPC5OPEN TNSM      70757 
  510231   4015:10EDD5OPEN ENMC      707571
  510231   4115:10EDD5OPEN ENMC      70757 
  510231   4215:14EDD5OPEN ENMC      70757 
  510231   4314:41EDD5OPEN ENMC      70758 
  510516    114:03SYS0OPEN PAPER     70751 
  510516    214:03SYS0OPEN PAPER     70751 
  510516    314:06GJD5OPEN ECSC      707511
  510516    414:06GJD5OPEN ECSC      707511
  510516    514:06GJD5OPEN ECSC      707511
  510516    614:10GJD5OPEN ECSC      707511
  510516    714:23AD 5OPEN ECSC      70751 
  510516    814:23AD 5OPEN ECSC      70751 
  510516    914:29JIM5OPEN CSS800    70751 
  510516   1014:51CY 5OPEN BTSWE     707511
  510516   1115:00CY 5OPEN BTSWE     707511
  510516   1215:07CY 5OPEN BTSWE     707511
  510516   1317:06BPC5OPEN BCHEN     707511
  510516   1421:29BPC5OPEN BCHEN     707511
  510516   1521:33BPC5OPEN BCHEN     707511
  510516   1621:33BPC5OPEN BCHEN     70751 
  510516   1722:04FBS5OPEN CSS800    70751 
  510516   1822:04SD 5     ECSC      70751 
  510516   19 1:07SD 5OPEN ECSC      70752 
  510516   2016:09GJD5OPEN ECSC      707561
  510516   2116:09GJD5OPEN ECSC      707561
  510516   2216:09GJD5OPEN ECSC      707561
  510516   2316:14GJD5OPEN ECSC      707561
  510516   2416:14GJD5OPEN ECSC      707561
  510516   2516:14GJD5OPEN ECSC      707561
  510516   2616:14GJD5OPEN ECSC      707561
  510516   27 0:53ABE5OPEN ECSC      70757 
  510516   28 1:11ABE5OPEN ECSC      70757 
  510516   29 1:11ABE5OPEN ECSC      70757 
  510516   30 1:27RP 5OPEN BTHK      70757 
  510516   31 1:30RP 5OPEN BTHK      70757 
  510516   32 6:51DT 5OPEN BTHK      707571
  510516   33 7:03DT 5OPEN BTHK      70757 
  510516   34 9:15RT 5OPEN ECSC      707571
  510516   35 9:20RT 5OPEN ECSC      70757 
  510516   36 9:20RT 5OPEN ECSC      70757 
  510516   3712:39TL 5OPEN BTGER     707571
  510516   3812:39TL 5OPEN BTGER     70757 
  510516   3914:04RT 5OPEN ECSC      70757 
  510516   4014:04RT 5OPEN ECSC      70757 
  510516   4114:12TL 5OPEN BTGER     707571
  510516   4214:12TL 5OPEN BTGER     70757 
  510516   4314:18RT 5OPEN ECSC      70757 
  510516   44 1:14ABE5OPEN ECSC      707581
  510516   45 1:20ABE5OPEN ECSC      707581
  510516   46 1:20ABE5OPEN ECSC      70758 
  510516   47 5:55CJ 5OPEN ECSC      70758 
  510516   48 5:55CJ 5OPEN ECSC      70758 
  510516   4911:12TL 5OPEN BTGER     707581
  510516   5011:13TL 5OPEN BTGER     707581
  510516   5112:18TL 5OPEN BTGER     707581
  510516   5212:18TL 5OPEN BTGER     70758 
  510516   53 0:09PIM5OPEN ECSC      707591
  510516   54 0:09PIM5OPEN ECSC      70759 
  510516   55 9:24TJ 5OPEN BTGER     707611
  510516   56 9:24TJ 5OPEN BTGER     70761 
  510516   5714:28TJ 5OPEN BTGER     707611
  510516   58 6:38CJ 5EAST ECSC      70762 
  510942    113:11SYS0OPEN PAPER     70754 
  510942    213:11SYS0OPEN PAPER     70754 
  510942    313:25TL 5OPEN BTGER     707541
  510942    413:25TL 5OPEN BTGER     70754 
  510942    514:52ABE5OPEN ECSC      70754 
  510942    614:52ABE5OPEN ECSC      70754 
  510942    714:54DCB5OPEN CSS800    70754 
  510942    811:16TL 5OPEN BTGER     707551
  510942    911:55YV 5OPEN CSS800    70755 
  510942   1013:02RT 5     ECSC      70755 
  510942   1113:30RT 5OPEN ECSC      70755 
  510942   1213:32RT 5OPEN ECSC      70755 
  510942   1313:35DCB5OPEN CSS800    70755 
  510942   1414:00BNB5OPEN AMFEDSM   707551
  510942   1515:21BNB5OPEN AMFEDSM   707551
  510942   1618:56BNB5OPEN AMFEDSM   707551
  510942   1718:57BNB5OPEN AMFEDSM   707551
  510942   1818:57BNB5OPEN AMFEDSM   707551
  510942   1918:57BNB5OPEN AMFEDSM   70755 
  510942   2019:09DCB5OPEN CSS800    70755 
  510942   21 1:50TCK5OPEN NTS       707561
  510942   22 1:53TCK5OPEN NTS       707561
  510942   23 1:55TCK5OPEN NTS       707561
  510942   24 1:59TCK5OPEN NTS       707561
  510942   25 1:59TCK5OPEN NTS       70756 
  510942   2611:28RT 5OPEN ECSC      70756 
  510942   2711:40TL 5OPEN BTGER     707561
  510942   2811:40TL 5OPEN BTGER     70756 
  510942   2911:53RT 5OPEN ECSC      70756 
  510942   3011:53RT 5OPEN ECSC      70756 
  510942   3112:15DCB5OPEN CSS800    70756 
  510942   3215:46BNB5OPEN AMFEDSM   707561
  510942   3315:46BNB5OPEN AMFEDSM   707561
  510942   3415:46BNB5OPEN AMFEDSM   707561
  510942   3515:46BNB5OPEN AMFEDSM   70756 
  510942   3615:58DCB5OPEN CSS800    70756 
  510942   3717:38TCK5OPEN NTS       707561
  510942   3817:42TCK5OPEN NTS       707561
  510942   3917:58TM 5OPEN TYMNET    70756 
  510942   4017:58TM 5OPEN TYMNET    70756 
  510942   4118:02JIM5OPEN NETCON    707561
  510942   42 4:30JD 5OPEN NETCON    707571
  510942   43 4:30JD 5OPEN NETCON    70757 
  510942   4423:58TCK5OPEN NTS       707571
  510942   4523:58TCK5OPEN NTS       70757 
  510942   46 2:16JD 5OPEN NETCON    707581
  510942   47 2:16JD 5OPEN NETCON    70758 
  510942   48 1:22TCK5OPEN NTS       707591
  510942   49 1:22TCK5OPEN NTS       70759 
  510942   50 2:00PIM5OPEN ECSC      70759 
  510942   51 2:00PIM5OPEN ECSC      70759 
  510942   52 8:07TL 5OPEN BTGER     707611
  510942   53 8:09TL 5MONITBTGER     707611
  510942   54 8:09TL 5MONITBTGER     70761 
  510942   55 8:09TL 5MONITBTGER     70761 
  511226    1 8:43SYS0OPEN PAPER     70755 
  511226    2 8:43SYS0OPEN PAPER     70755 
  511226    3 9:13SH 5OPEN ECSC      70755 
  511226    410:52BGH5OPEN ECSC      70755 
  511226    510:52BGH5OPEN ECSC      70755 
  511226    612:09BGH5OPEN ECSC      70757 
  511226    721:23LTL5OPEN ENMC      70761 
  511226    821:23LTL5OPEN ENMC      70761 
  511226    9 3:13YVL5OPEN ENMC      707621
  511226   10 3:13YVL5OPEN ENMC      70762 
  511226   11 3:16CCB5OPEN ECSC      70762 
  511226   12 3:16CCB5OPEN ECSC      70762 
  511226   13 3:43YVL5OPEN ENMC      707621
  511333    117:03GV 5OPEN ECSC      70755 
  511333    217:03DCB5OPEN CSS800    70755 
  511333    317:26STS5OPEN TECHSERV  70755 
  511333    420:22NDS5OPEN ONTSUPT   707551
  511333    514:06CLM5OPEN BTFR      70756 
  511333    614:18MAM5OPEN CSS800    70756 
  511333    715:03NDS5OPEN ONTSUPT   70756 
  511333    8 1:18NDS5OPEN ONTSUPT   70759 
  511333    9 7:29SH 5OPEN ECSC      70761 
  511333   1023:28NDS5OPEN ONTSUPT   707611
  511491    1 9:28TL 5OPEN BTGER     707561
  511491    2 9:28TL 5OPEN BTGER     70756 
  511491    312:47SD 5OPEN ECSC      70756 
  511491    412:47SD 5OPEN ECSC      70756 
  511491    510:24CSG5OPEN FISBEIN   70757 
  511491    616:53FC 5OPEN TNSM      707571
  511491    716:53FC 5OPEN TNSM      70757 
  511491    8 7:22TL 5OPEN BTGER     707581
  511491    9 8:02TL 5EAST BTGER     707581
  511491   10 7:15TL 5OPEN BTGER     707621
  511491   11 7:16TL 5OPEN BTGER     70762 
  511491   12 7:54GJO5OPEN FSGER     707621
  511491   13 7:54GJO5OPEN FSGER     70762 
  511491   14 8:07TL 5OPEN BTGER     707621
  511491   15 8:08TL 5OPEN BTGER     70762 
  511733    1 9:53SYS0OPEN PAPER     70757 
  511733    2 9:53SYS0OPEN PAPER     70757 
  511733    313:47MAG5OPEN UKOPS     707571
  511733    413:48MAG5OPEN UKOPS     70757 
  511733    517:32SD 5     ECSC      70757 
  511733    617:32SD 5OPEN ECSC      70757 
  511733    717:28GJD5OPEN ECSC      707611
  511733    817:28GJD5OPEN ECSC      707611
  511733    917:28GJD5OPEN ECSC      70761 
  511733   1019:13DNP5OPEN UKOPS     707611
  511733   1119:16DNP5OPEN UKOPS     70761 
  511733   12 9:55VH 5OPEN UKCS      707621
  511733   13 9:55VH 5OPEN UKCS      707621
  511733   14 9:55VH 5OPEN UKCS      707621
  511733   15 9:55VH 5OPEN UKCS      707621
  511928    115:56PPB5OPEN UKOPS     707581
  511928    217:07PPB5OPEN UKOPS     707581
  511928    317:20BER5OPEN FRCOPS    70758 
  511928    417:48PPB5OPEN UKOPS     707581
  511928    518:06PPB5OPEN UKOPS     707581
  511928    6 1:56ED 5OPEN UKOPS     707591
  511928    7 1:56ED 5OPEN UKOPS     70759 
  511928    8 3:41OLB5MONITENMC      707591
  511928    9 3:41OLB5MONITENMC      70759 
  511928   10 3:41OLB5MONITENMC      70759 
  511928   11 8:46PHH5OPEN ENMC      70761 
  511928   12 8:46PHH5MONITENMC      70761 
  511928   1310:40MAG5OPEN UKOPS     707611
  511928   1410:40MAG5MONITUKOPS     70761 
  511928   1515:20JER5OPEN NETCON    707611
  511928   1618:52LTL5OPEN ENMC      70761 
  511928   1718:59DNP5OPEN UKOPS     707611
  511929    1 8:23MGP5OPEN CSS800    70758 
  511929    2 8:23MGP5OPEN CSS800    70758 
  511929    3 8:25SH 5OPEN ECSC      70758 
  511929    4 8:34SH 5OPEN ECSC      70758 
  511929    5 8:36SH 5OPEN ECSC      70758 
  511929    6 8:37SH 5OPEN ECSC      70758 
  511929    7 8:37SH 5OPEN ECSC      70758 
  511929    8 8:37SH 5OPEN ECSC      70758 
  511929    9 9:23CLR5OPEN ENMC      70758 
  511929   10 9:23CLR5OPEN ENMC      70758 
  511929   11 9:25MGP5     CSS800    70758 
  511929   12 9:25MGP5OPEN CSS800    70758 
  511929   1313:45DBR5OPEN DRHODES   707581
  511929   1420:49DBR5OPEN DRHODES   707581
  511929   1520:49DBR5OPEN DRHODES   707581
  511929   1620:49DBR5OPEN DRHODES   707581
  511929   1720:49DBR5OPEN DRHODES   707581
  511929   1820:49DBR5OPEN DRHODES   70758 
  511929   1920:55AJC5OPEN CSS800    70758 
  511929   20 2:29PIM5OPEN ECSC      70759 
  511929   21 4:53DBR5OPEN DRHODES   707611
  511929   22 9:40TJ 5OPEN BTGER     707611
  511929   23 9:40TJ 5OPEN BTGER     70761 
  511929   2412:48CJ 5OPEN ECSC      70761 
  511929   2513:06MF 5OPEN CSS800    70761 
  511937    1 9:38SH 5OPEN ECSC      70758 
  511937    210:58RT 5OPEN ECSC      70758 
  511937    310:58RT 5OPEN ECSC      70758 
  511937    414:04TL 5OPEN BTGER     707581
  511937    510:51RH 5OPEN BTGER     707611
  511937    610:51RH 5OPEN BTGER     707611
  511937    710:59RH 5OPEN BTGER     70761 
  511937    811:01RH 5OPEN BTGER     707611
  511937    911:44CJ 5OPEN ECSC      70761 
  511937   1011:46CJ 5OPEN ECSC      70761 
  511937   1111:55DMT5OPEN ENMC      70761 
  512200    113:55SYS0OPEN PAPER     70760 
  512200    213:55SYS0OPEN PAPER     70760 
  512200    315:44VPM5OPEN ECSC      70760 
  512200    4 7:01CJ 5OPEN ECSC      70761 
  512200    510:47SH 5OPEN ECSC      70761 
  512200    614:01KTD5OPEN CSS800    70761 
  512200    714:00LTL5EAST ENMC      70761 
  512200    814:11LTL5OPEN ENMC      70761 
  512200    917:54KTD5OPEN CSS800    70761 
  512200   10 6:45CJ 5OPEN ECSC      70762 
  512201    114:09SYS0OPEN PAPER     70760 
  512201    214:09SYS0OPEN PAPER     70760 
  512201    314:23SD 5OPEN ECSC      70760 
  512201    414:24SD 5     ECSC      70760 
  512201    514:26SD 5OPEN ECSC      70760 
  512201    611:04EDD5OPEN ENMC      707611
  512201    711:04EDD5OPEN ENMC      70761 
  512201    812:02OH 5OPEN RADIOAS   70761 
  512201    912:02OH 5OPEN RADIOAS   70761 
  512201   1019:59BGH5OPEN ECSC      70761 
  512201   1121:18LTL5OPEN ENMC      70761 
  512201   1221:18LTL5OPEN ENMC      70761 
  512290    1 7:36TJ 5OPEN BTGER     707611
  512290    2 7:36TJ 5OPEN BTGER     70761 
  512290    315:43FMS5OPEN FSGER     70761 
  512290    415:43FMS5OPEN FSGER     70761 
  512290    5 8:18TJ 5OPEN BTGER     707621
  512290    6 8:18TJ 5OPEN BTGER     70762 
  512301    1 8:30TL 5OPEN BTGER     707611
  512301    2 8:31TL 5OPEN BTGER     70761 
  512301    3 8:54SH 5OPEN ECSC      70761 
  512301    4 9:37GV 5OPEN ECSC      707611
  512301    519:56BGH5EAST ECSC      70761 
  512301    619:58BGH5OPEN ECSC      70761 
  512301    7 3:49CCB5OPEN ECSC      70762 
  512301    8 3:49CCB5OPEN ECSC      70762 
  512301    913:01TL 5OPEN BTGER     707621
  512301   1013:01TL 5OPEN BTGER     70762 
  512308    1 9:38RH 5OPEN BTGER     707611
  512308    2 9:44RH 5OPEN BTGER     707611
  512308    313:17RH 5OPEN BTGER     707611
  512308    413:19RH 5OPEN BTGER     707611
  512308    513:26RH 5MONITBTGER     707611
  512308    613:26RH 5MONITBTGER     70761 
  512308    713:30TJ 5MONITBTGER     70761 
  512320    1 9:59TL 5OPEN BTGER     70761 
  512320    210:33SH 5OPEN ECSC      70761 
  512320    3 3:52CCB5OPEN ECSC      70762 
  512320    4 3:52CCB5OPEN ECSC      70762 
  512320    5 5:41YVL5OPEN ENMC      70762 
  512320    6 5:43YVL5OPEN ENMC      70762 
  512320    7 5:43YVL5OPEN ENMC      70762 
  512320    811:22GV 5OPEN ECSC      707621
  512324    111:07DUG5OPEN BTSWE     707611
  512324    211:07DUG5OPEN BTSWE     70761 
  512324    311:10EDD5MONITENMC      70761 
  512324    411:10EDD5MONITENMC      70761 
  512324    511:11EDD5MONITENMC      70761 
  512324    612:21EDD5OPEN ENMC      707621
  512324    712:21EDD5MONITENMC      70762 
  512327    110:28TL 5OPEN BTGER     707611
  512327    210:28TL 5OPEN BTGER     70761 
  512327    310:43SH 5OPEN ECSC      70761 
  512327    412:07CJ 5OPEN ECSC      70761 
  512327    512:07CJ 5OPEN ECSC      70761 
  512327    613:20DMT5OPEN ENMC      70761 
  512327    713:20DMT5OPEN ENMC      70761 
  512327    813:58SH 5OPEN ECSC      70761 
  512327    914:05SH 5OPEN ECSC      70761 
  512327   1014:07SH 5OPEN ECSC      70761 
  512327   11 3:56CCB5OPEN ECSC      70762 
  512327   12 3:56CCB5OPEN ECSC      70762 
  512327   13 5:04YVL5OPEN ENMC      70762 
  512327   14 5:04YVL5OPEN ENMC      70762 
  512327   15 8:34CJ 5OPEN ECSC      70762 
  512327   16 8:34CJ 5OPEN ECSC      70762 
  512327   1710:43PFB5OPEN UKOPS     707621
  512327   1810:43PFB5OPEN UKOPS     70762 
  512332    110:44SYS0OPEN PAPER     70761 
  512332    210:44SYS0OPEN PAPER     70761 
  512332    311:00SH 5OPEN ECSC      70761 
  512332    416:26GV 5OPEN ECSC      70761 
  512332    516:28GV 5OPEN ECSC      707611
  512332    616:29GV 5OPEN ECSC      707611
  512332    716:29GV 5OPEN ECSC      707611
  512332    816:30GV 5OPEN ECSC      707611
  512332    916:31GV 5OPEN ECSC      707611
  512332   1016:31GV 5OPEN ECSC      707611
  512332   1116:31GV 5OPEN ECSC      707611
  512332   1216:33GV 5OPEN ECSC      707611
  512332   1316:34GV 5OPEN ECSC      707611
  512332   1416:36GV 5OPEN ECSC      707611
  512332   1517:44LTL5EAST ENMC      70761 
  512332   16 6:50CJ 5OPEN ECSC      70762 
  512332   17 6:52CJ 5OPEN ECSC      70762 
  512332   18 8:52SH 5OPEN ECSC      70762 
  512332   19 8:52SH 5OPEN ECSC      70762 
  512332   20 8:52SH 5OPEN ECSC      70762 
  512332   21 8:56SH 5OPEN ECSC      70762 
  512332   22 9:14PHH5OPEN ENMC      70762 
  512332   23 9:15PHH5OPEN ENMC      70762 
  512332   2410:08CJ 5OPEN ECSC      70762 
  512332   2512:36PHH5OPEN ENMC      70762 
  512332   2612:36PHH5OPEN ENMC      70762 
  512335    111:10GV 5OPEN ECSC      70761 
  512335    212:38PFB5OPEN UKOPS     707611
  512335    317:15JAC5OPEN FRCOPS    70761 
  512335    410:54NG 5OPEN UKOPS     707621
  512335    510:54NG 5OPEN UKOPS     70762 
  512335    612:50CJ 5OPEN ECSC      70762 
  512335    712:50CJ 5OPEN ECSC      70762 
  512338    111:26SYS0OPEN PAPER     70761 
  512338    211:26SYS0OPEN PAPER     70761 
  512338    311:32DMT5OPEN ENMC      70761 
  512338    411:32DMT5OPEN ENMC      70761 
  512338    511:48SH 5OPEN ECSC      70761 
  512338    6 4:02CCB5OPEN ECSC      70762 
  512338    7 4:02CCB5OPEN ECSC      70762 
  512338    8 7:01CJ 5OPEN ECSC      70762 
  512351    113:14SYS0OPEN PAPER     70761 
  512351    213:14SYS0OPEN PAPER     70761 
  512351    313:17GV 5OPEN ECSC      70761 
  512351    413:43BGH5OPEN ECSC      70761 
  512351    513:43BGH5OPEN ECSC      70761 
  512351    614:38JLF5OPEN TNSM      707611
  512351    714:41JLF5OPEN TNSM      707611
  512351    814:41JLF5OPEN TNSM      70761 
  512351    9 7:08CJ 5OPEN ECSC      70762 
  512361    114:27LTL5OPEN ENMC      70761 
  512361    214:27LTL5OPEN ENMC      70761 
  512361    315:27GV 5OPEN ECSC      70761 
  512361    415:42LTL5OPEN ENMC      70761 
  512361    517:16GJD5OPEN ECSC      707611
  512361    617:16GJD5OPEN ECSC      707611
  512361    717:16GJD5OPEN ECSC      707611
  512361    817:16GJD5OPEN ECSC      707611
  512361    917:16GJD5OPEN ECSC      707611
  512361   1017:16GJD5OPEN ECSC      707611
  512361   1117:23GJD5OPEN ECSC      70761 
  512361   1217:40MF 5OPEN CSS800    70761 
  512361   1318:24LTL5     ENMC      70761 
  512361   1418:26LTL5OPEN ENMC      70761 
  512361   15 8:29PHH5OPEN ENMC      70762 
  512361   16 8:29PHH5OPEN ENMC      70762 
  512361   17 8:52CJ 5OPEN ECSC      70762 
  512361   18 8:52CJ 5OPEN ECSC      70762 
  512361   1912:26EDD5OPEN ENMC      70762 
  512361   2012:32EDD5OPEN ENMC      70762 
  512361   2113:31GV 5OPEN ECSC      707621
  512361   2213:31GV 5OPEN ECSC      707621
  512361   2313:31GV 5OPEN ECSC      707621
  512361   2413:31GV 5OPEN ECSC      707621
  512361   2513:34GV 5OPEN ECSC      70762 
  512379    114:55RH 5OPEN BTGER     707611
  512379    215:04BGH5OPEN ECSC      70761 
  512379    315:04BGH5OPEN ECSC      70761 
  512379    415:05BGH5OPEN ECSC      70761 
  512379    515:06BGH5OPEN ECSC      70761 
  512379    617:21LTL5OPEN ENMC      70761 
  512379    717:23LTL5OPEN ENMC      70761 
  512379    817:24LTL5OPEN ENMC      70761 
  512379    917:42JER5OPEN NETCON    707611
  512379   1017:42JER5OPEN NETCON    70761 
  512390    115:09SYS0OPEN PAPER     70761 
  512390    215:09SYS0OPEN PAPER     70761 
  512390    315:22BGH5OPEN ECSC      70761 
  512390    415:31GJD5OPEN ECSC      707611
  512390    517:07LTL5     ENMC      70761 
  512390    617:49GJD5OPEN ECSC      707611
  512390    7 7:10CJ 5OPEN ECSC      70762 
  512390    8 7:17PHH5OPEN ENMC      70762 
  512390    9 7:17PHH5OPEN ENMC      70762 
  512390   1011:17AE 5OPEN BTSPN     707621
  512390   1111:17AE 5OPEN BTSPN     70762 
  512390   1211:36PHH5OPEN ENMC      70762 
  512390   1311:36PHH5OPEN ENMC      70762 
  512390   1412:58AE 5OPEN BTSPN     707621
  512390   1512:58AE 5OPEN BTSPN     70762 
  512390   1613:21PHH5MONITENMC      70762 
  512390   1713:21PHH5MONITENMC      70762 
  512390   1813:22PHH5MONITENMC      70762 
  512390   1913:23PHH5MONITENMC      70762 
  512415    117:38GJD5OPEN ECSC      707611
  512415    2 7:16CJ 5OPEN ECSC      70762 
  512421    117:37LTL5     ENMC      70761 
  512421    218:19LTL5     ENMC      70761 
  512421    321:38JER5OPEN NETCON    707611
  512421    4 7:04PHH5OPEN ENMC      70762 
  512440    118:55LTL5OPEN ENMC      70761 
  512440    220:56ED 5OPEN UKOPS     707611
  512440    321:01ED 5OPEN UKOPS     707611
  512440    421:02ED 5OPEN UKOPS     70761 
  512440    522:25YVL5OPEN ENMC      70761 
  512440    6 3:19YVL5OPEN ENMC      70762 
  512440    7 9:33PFB5OPEN UKOPS     707621
  512440    8 9:34PFB5OPEN UKOPS     70762 
  512440    910:12CJ 5OPEN ECSC      70762 
  512440   1010:21EDD5EAST ENMC      70762 
  512471    121:11LIZ5OPEN FLMTECH   707611
  512471    221:30LIZ5OPEN FLMTECH   707611
  512471    321:31JER5OPEN NETCON    707611
  512471    421:31LIZ5OPEN FLMTECH   707611
  512471    521:32LIZ5OPEN FLMTECH   707611
  512471    621:42JER5OPEN NETCON    707611
  512471    721:50LIZ5OPEN FLMTECH   707611
  512471    822:37RAJ5OPEN CSS800    70761 
  512471    923:23CCB5OPEN ECSC      70761 
  512471   1023:23CCB5OPEN ECSC      70761 
  512471   11 0:23YVL5OPEN ENMC      707621
  512471   12 5:30YVL5OPEN ENMC      707621
  512471   13 7:16GV 5OPEN ECSC      70762 
  512471   14 8:03PHH5OPEN ENMC      70762 
  512471   15 8:05SH 5OPEN ECSC      70762 
  512471   16 8:05PHH5OPEN ENMC      70762 
  512471   17 8:05SH 5OPEN ECSC      70762 
  512471   18 8:14PHH5OPEN ENMC      70762 
  512471   19 8:40AJA5OPEN CSS800    70762 
  512471   20 8:40CJ 5OPEN ECSC      70762 
  512471   21 8:40CJ 5OPEN ECSC      70762 
  512471   22 9:46EDD5OPEN ENMC      707621
  512471   23 9:49EDD5OPEN ENMC      707621
  512471   2411:32WRK5OPEN CSS800    70762 
  512471   2512:44EDD5OPEN ENMC      70762 
  512471   2612:44EDD5OPEN ENMC      70762 
  512600    1 9:32SYS0OPEN PAPER     70762 
  512600    2 9:32SYS0OPEN PAPER     70762 
  512600    310:17SH 5OPEN ECSC      70762 
  512600    410:58PHH5OPEN ENMC      70762 
  512600    510:59PHH5OPEN ENMC      70762 
  512600    610:59PHH5OPEN ENMC      70762 
  512600    712:56CJ 5OPEN ECSC      70762 
  512600    813:22MB 5OPEN BTITA     707621
  512600    913:22MB 5OPEN BTITA     70762 
  512600   1013:30MB 5OPEN BTITA     707621
  512600   1113:30MB 5OPEN BTITA     70762 
  512603    1 9:38SYS0OPEN PAPER     70762 
  512603    2 9:38SYS0OPEN PAPER     70762 
  512603    3 9:42DUG5OPEN BTSWE     707621
  512603    4 9:42DUG5OPEN BTSWE     70762 
  512603    510:00EDD5OPEN ENMC      707621
  512603    611:04EDD5OPEN ENMC      707621
  512603    711:04EDD5OPEN ENMC      70762 
  512606    1 9:56SYS0OPEN PAPER     70762 
  512606    2 9:56SYS0OPEN PAPER     70762 
  512606    310:00GV 5OPEN ECSC      70762 
  512606    410:01GV 5OPEN ECSC      707621
  512606    510:07CJ 5OPEN ECSC      70762 
  512606    610:26PFB5OPEN UKOPS     707621
  512606    710:26PFB5OPEN UKOPS     70762 
  512606    811:55PB 5OPEN ECSC      707621
  512606    911:55PB 5OPEN ECSC      70762 
  512622    112:21DMT5OPEN ENMC      70762 
  512622    212:58CJ 5OPEN ECSC      70762 
  512622    312:58CJ 5OPEN ECSC      70762 
  512622    413:06PHH5OPEN ENMC      70762 
  512622    513:06PHH5OPEN ENMC      70762 
  507215    1 9:45PFB5OPEN UKOPS     707351
  507215    2 9:45PFB5OPEN UKOPS     70735 
  507215    310:02GV 5OPEN ECSC      70735 
  507215    423:19CJ 5OPEN ECSC      70735 
  507215    5 5:28GJD5OPEN ECSC      707361
  507215    6 5:30GJD5OPEN ECSC      707361
  507215    7 5:30GJD5OPEN ECSC      707361
  507215    8 5:30GJD5OPEN ECSC      707361
  507215    9 5:30GJD5OPEN ECSC      707361
  507215   10 5:34GJD5OPEN ECSC      707361
  507215   11 5:34GJD5OPEN ECSC      707361
  507215   12 5:38GJD5OPEN ECSC      707361
  507215   1316:12GV 5OPEN ECSC      70736 
  507215   1419:22VPM5OPEN ECSC      707361
  507215   15 7:40GV 5OPEN ECSC      70740 
  507215   16 9:37GV 5OPEN ECSC      707401
  507215   17 9:37GV 5OPEN ECSC      707401
  507215   18 9:39GV 5OPEN ECSC      707401
  507215   19 1:54AD 5OPEN ECSC      70742 
  507215   2011:09GJD5OPEN ECSC      707421
  507215   2111:09GJD5OPEN ECSC      707421
  507215   2211:12GJD5OPEN ECSC      707421
  507215   2311:12GJD5OPEN ECSC      707421
  507215   2411:12GJD5OPEN ECSC      70742 
  507215   2512:05ED 5OPEN UKOPS     707421
  507215   2614:05ED 5OPEN UKOPS     707421
  507215   2714:42ED 5OPEN UKOPS     707421
  507215   28 9:18NG 5OPEN UKOPS     707431
  507215   2911:15JM 5OPEN FRCOPS    70743 
  507215   3014:04MAG5OPEN UKOPS     707441
  507215   3114:04MAG5OPEN UKOPS     70744 
  507215   3214:06MAG5OPEN UKOPS     707441
  507215   3310:25MAG5OPEN UKOPS     707471
  507215   3410:25MAG5OPEN UKOPS     70747 
  507215   3523:15CJ 5OPEN ECSC      70747 
  511720    1 9:27DEL5OPEN UKOPS     707571
  511720    2 9:27DEL5OPEN UKOPS     70757 
  511720    3 9:47GJD5OPEN ECSC      707571
  511720    411:21SAR5OPEN FRCOPS    707571
  511720    513:01SD 5OPEN ECSC      70757 
  511720    614:18JHR5OPEN UKOPS     707571
  511720    714:20SD 5OPEN ECSC      70757 
  511720    8 7:27JHR5OPEN UKOPS     707581
  511720    9 7:35RT 5     ECSC      70758 
  511720   10 8:37JM 5OPEN FRCOPS    70758 
  511720   11 8:55CJ 5OPEN ECSC      70758 
  511720   12 8:55CJ 5OPEN ECSC      70758 
  511720   13 9:53MAG5OPEN UKOPS     707581
  511720   1412:12MAG5OPEN UKOPS     707581
  511720   1512:13MAG5OPEN UKOPS     70758 
  511720   1612:14MAG5OPEN UKOPS     70758 
  511720   1713:52JOE5OPEN UKCS      707581
  511720   1813:53JOE5OPEN UKCS      707581
  511720   1914:00KB 5OPEN UKOPS     707581
  511720   2014:01KB 5OPEN UKOPS     70758 
  511720   2115:01VPM5     ECSC      707581
  511720   2215:10GJD5OPEN ECSC      707581
  511720   2318:02VPM5OPEN ECSC      707581
  511720   2420:40VPM5OPEN ECSC      70758 
  511720   2520:40VPM5OPEN ECSC      70758 
  511720   26 6:06ED 5     UKOPS     707591
  511720   27 6:08ED 5OPEN UKOPS     70759 
  511720   28 6:08ED 5OPEN UKOPS     70759 
  511720   29 6:09ED 5OPEN UKOPS     707591
  511720   30 6:51CJ 5OPEN ECSC      70761 
  511720   31 6:53CJ 5OPEN ECSC      707611
  511720   32 6:53CJ 5OPEN ECSC      70761 
  511720   33 7:54JAC5OPEN FRCOPS    70761 
  511720   34 9:58BER5OPEN FRCOPS    70761 
  511720   3510:02MAG5OPEN UKOPS     707611
  511720   3610:02MAG5OPEN UKOPS     70761 
  511720   3710:09BER5OPEN FRCOPS    70761 
  511720   3814:15BGH5OPEN ECSC      707611
  511720   3914:15BGH5OPEN ECSC      70761 
  511720   4014:48BER5OPEN FRCOPS    70761 
  511720   4121:14ED 5OPEN UKOPS     70761 
  511720   42 7:19GV 5OPEN ECSC      707621
  511720   43 7:20GV 5OPEN ECSC      707621
  511720   44 7:20GV 5OPEN ECSC      707621
  511720   45 7:20GV 5OPEN ECSC      707621
  511720   46 7:22GV 5OPEN ECSC      70762 
  511720   47 8:49PFB5OPEN UKOPS     707621
  511720   48 8:50PFB5OPEN UKOPS     70762 
  511720   49 9:01BER5OPEN FRCOPS    70762 
  512289    1 7:30KB 5OPEN UKOPS     707611
  512289    2 7:30KB 5OPEN UKOPS     70761 
  512289    3 7:43KB 5OPEN UKOPS     70761 
  512289    4 7:48KB 5OPEN UKOPS     707611
  512289    5 7:51SH 5OPEN ECSC      70761 
  512289    6 7:55SUE5OPEN FRCOPS    707611
  512289    7 8:57LJ 5OPEN FRCOPS    70761 
  512289    812:55JAC5OPEN FRCOPS    707611
  512289    9 8:29MAG5OPEN UKOPS     707621
  512289   10 8:29MAG5OPEN UKOPS     70762 
  512289   11 8:30MAG5OPEN UKOPS     70762 
  512289   12 8:49CJ 5OPEN ECSC      70762 
  512289   13 8:49CJ 5OPEN ECSC      70762 
  512289   1413:24MB 5OPEN BTITA     707621
  512289   1513:24MB 5OPEN BTITA     70762 
  512398    115:22SYS0OPEN PAPER     70761 
  512398    215:22SYS0OPEN PAPER     70761 
  512398    315:32MAG5OPEN UKOPS     707611
  512398    415:33MAG5OPEN UKOPS     70761 
  512398    519:29BGH5OPEN ECSC      70761 
  512398    6 7:22SH 5OPEN ECSC      70762 
  512398    7 8:04JM 5OPEN FRCOPS    70762 
  512398    810:11CJ 5OPEN ECSC      70762 
  512601    1 9:33SYS0OPEN PAPER     70762 
  512601    2 9:33SYS0OPEN PAPER     70762 
  512601    3 9:37JAE5OPEN MCOLLINS  70762 
  512601    410:18SH 5OPEN ECSC      70762 
  512601    512:43CJ 5OPEN ECSC      70762 
  512601    612:43CJ 5OPEN ECSC      70762 
  512601    713:21MB 5OPEN BTITA     707621
  512601    813:21MB 5OPEN BTITA     70762 
  512601    913:32MB 5OPEN BTITA     707621
  512601   1013:32MB 5OPEN BTITA     70762 
  512602    110:30PFB5OPEN UKOPS     707621
  512602    210:30PFB5OPEN UKOPS     70762 
  512602    311:21AE 5OPEN BTSPN     707621
  512602    411:21AE 5OPEN BTSPN     70762 
  512602    511:40DMT5OPEN ENMC      70762 
  512602    611:40DMT5OPEN ENMC      70762 
  512602    712:24GJD5OPEN ECSC      707621
  512602    812:52CJ 5OPEN ECSC      70762 
  512602    913:06AE 5OPEN BTSPN     707621
  512602   1013:06AE 5OPEN BTSPN     70762 
  512643    113:28LJ 5OPEN FRCOPS    70762 
  512643    213:28LJ 5OPEN FRCOPS    70762 
  512643    313:35LJ 5OPEN FRCOPS    70762 
  512644    113:35LJ 5OPEN FRCOPS    70762 
@o