PAGE 1-1			T2TOWN.TBA     THU 27-JUL-95 10:23

 2 OPEN "TERM", OUTPUT, 1
 4 PRINT ON 1 IN FORM "12%/" : "COUNTRY CODE"
 6 CLOSE 1
 8 OPEN "TERM", INPUT , 1
 10 INPUT FROM 1 : CC$
 12 CLOSE 1
 14 OPEN "TKT.LST", INPUT , 1
 16 OPEN "OWN.LST", OUTPUT, 2
 18 IF INDEX(CC$,"808880") > 0 THEN
 20       IF INDEX(CC$,"450815") > 0 THEN OWNER$ = "SPSP"
 22       IF INDEX(CC$,"898719") > 0 THEN OWNER$ = "EUEU"
 24       IF INDEX(CC$,"290320") > 0 THEN OWNER$ = "NCNC"
 26       IF INDEX(CC$,"799128") > 0 THEN OWNER$ = "SZSZ"
 28       IF INDEX(CC$,"191439") > 0 THEN OWNER$ = "SWSW"
 30       IF INDEX(CC$,"213056") > 0 THEN OWNER$ = "GEGE"
 32       IF INDEX(CC$,"951801") > 0 THEN OWNER$ = "NLNL"
 34       IF INDEX(CC$,"603990") > 0 THEN OWNER$ = "BEBE"
 36       IF INDEX(CC$,"312898") > 0 THEN OWNER$ = "FRFR"
 38       IF INDEX(CC$,"239495") > 0 THEN OWNER$ = "ITIT"
 38       IF INDEX(CC$,"721304") > 0 THEN OWNER$ = "DODO"
 40       IF INDEX(CC$,"431287") > 0 THEN OWNER$ = "()"
 42       IF INDEX(CC$,"596104") > 0 THEN OWNER$ = "()"
 44 ENDIF
 46 IF INDEX(CC$,"808880") > 0 THEN
 48       IF INDEX(CC$,"450815") > 0 THEN REFER$ = "BTSP FSSPA"
 50       IF INDEX(CC$,"898719") > 0 THEN REFER$ = "ECSC "
 52       IF INDEX(CC$,"290320") > 0 THEN REFER$ = "ENMC "
 54       IF INDEX(CC$,"799128") > 0 THEN REFER$ = "BTSZ FSSZ "
 56       IF INDEX(CC$,"191439") > 0 THEN REFER$ = "BTSWE FSSWE"
 58       IF INDEX(CC$,"213056") > 0 THEN REFER$ = "BTGER CSGER FSGER"
 60       IF INDEX(CC$,"951801") > 0 THEN REFER$ = "BTBNL TSBNL FSNL "
 62       IF INDEX(CC$,"603990") > 0 THEN REFER$ = "BTBNL TSBNL FSBEL"
 64       IF INDEX(CC$,"312898") > 0 THEN REFER$ = "BTFR FRCS FSFR "
 66       IF INDEX(CC$,"239495") > 0 THEN REFER$ = "BTITA FSITA SIRTI"
 66       IF INDEX(CC$,"721304") > 0 THEN REFER$ = "DOHP "
 68       IF INDEX(CC$,"431287") > 0 THEN REFER$ = "CPSS EMSG"
 70       IF INDEX(CC$,"596104") > 0 THEN REFER$ = "ETSG "
 72 ENDIF
 74 IF INDEX(CC$,"808088") > 0 THEN
 76       IF INDEX(CC$,"450815") > 0 THEN OWNER$ = OWNER$+"SPSP"
 78       IF INDEX(CC$,"898719") > 0 THEN OWNER$ = OWNER$+"EUEU"
 80       IF INDEX(CC$,"290320") > 0 THEN OWNER$ = OWNER$+"NCNC"
 82       IF INDEX(CC$,"799128") > 0 THEN OWNER$ = OWNER$+"SZSZ"
 84       IF INDEX(CC$,"191439") > 0 THEN OWNER$ = OWNER$+"SWSW"
 86       IF INDEX(CC$,"213056") > 0 THEN OWNER$ = OWNER$+"GEGE"
 88       IF INDEX(CC$,"951801") > 0 THEN OWNER$ = OWNER$+"NLNL"
 90       IF INDEX(CC$,"603990") > 0 THEN OWNER$ = OWNER$+"BEBE"
 92       IF INDEX(CC$,"312898") > 0 THEN OWNER$ = OWNER$+"FRFR"
 94       IF INDEX(CC$,"239495") > 0 THEN OWNER$ = OWNER$+"ITIT"
 94       IF INDEX(CC$,"721304") > 0 THEN OWNER$ = OWNER$+"DODO"
 96       IF INDEX(CC$,"431287") > 0 THEN OWNER$ = OWNER$+"()"
 98       IF INDEX(CC$,"596104") > 0 THEN OWNER$ = OWNER$+"()"
 100 ENDIF
 102 IF INDEX(CC$,"808088") > 0 THEN
 104       IF INDEX(CC$,"450815") > 0 THEN REFER$ = REFER$ + "BTSP FSSPA "
 106       IF INDEX(CC$,"898719") > 0 THEN REFER$ = REFER$ + "ECSC "
 108       IF INDEX(CC$,"290320") > 0 THEN REFER$ = REFER$ + "ENMC "
 110       IF INDEX(CC$,"191439") > 0 THEN REFER$ = REFER$ + "BTSWE FSSWE "
PAGE 1-2			T2TOWN.TBA     THU 27-JUL-95 10:23

 112       IF INDEX(CC$,"799128") > 0 THEN REFER$ = REFER$ + "BTSZ FSSZ "
 114       IF INDEX(CC$,"213056") > 0 THEN REFER$ = REFER$ + "BTGER CSGER FSGER "
 116       IF INDEX(CC$,"951801") > 0 THEN REFER$ = REFER$ + "BTBNL TSBNL FSNL "
 118       IF INDEX(CC$,"603990") > 0 THEN REFER$ = REFER$ + "BTBNL TSBNL FSBEL "
 120       IF INDEX(CC$,"312898") > 0 THEN REFER$ = REFER$ + "BTFR FRCS FSFR "
 122       IF INDEX(CC$,"239495") > 0 THEN REFER$ = REFER$ + "BTITA FSITA SIRTI "
 122       IF INDEX(CC$,"721304") > 0 THEN REFER$ = REFER$ + "DOHP "
 124       IF INDEX(CC$,"431287") > 0 THEN REFER$ = REFER$ + "CPSS EMSG"
 126       IF INDEX(CC$,"596104") > 0 THEN REFER$ = REFER$ + "ETSG "
 128 ENDIF
 130 ON ERROR GOTO  152
 132 REM <<<READNXTFILE>>>
 134 INPUT FROM 1 : M$
 136 M$ = "  "+M$
 138 RREFER$ = SUBSTR(M$,10,5)
 140 ROWNER$ = SUBSTR(M$,37,2)
 142 IF INDEX(CC$,"888088") > 0 THEN GOTO  146
 144 IF INDEX(REFER$,RREFER$) = 0 AND INDEX(OWNER$,ROWNER$) = 0 THEN GOTO  132
 146 REM <<<WRITERECORD>>>
 148 PRINT ON 2 : M$
 150 GOTO  132
 152 REM <<<ENDOFFILE1>>>
 154 PRINT ON 2 IN FORM "5%/" : "X22>>"
 156 CLOSE 1,2
 158 END
PAGE 1-1			GOPAPE.TBA     THU 27-JUL-95 10:23

 2 OPEN "PAPER.ACC", OUTPUT , 1
 4 PRINT ON 1 : DATE
 6 CLOSE 1
 8 END
PAGE 1-1			STSOWN.TBA     THU 27-JUL-95 10:23

1 OPEN "TERM", OUTPUT, 3
 2 OPEN "TKT.LST", INPUT , 1
 4 OPEN "FMSTA32M.TYM" , OUTPUT, 2
 6 PRINT ON 2 IN FORM "60%/": "R (UPL)X22"
 8 PRINT ON 2 IN FORM "60%/": "O (TNT)BASE2"
 10 ON ERROR GOTO  38
 12 REM <<<READNXTX23FILE>>>
 14 INPUT FROM 1 IN FORM "105%/": N$
16 IF LENGTH(N$) < 105 THEN GOTO 12
 18 B$  = SUBSTR(N$,3,6)
19 PRINT ON 3 IN FORM "6%/": B$
 20 IF VAL(B$) <= 0 THEN GOTO  12
 22 PRINT ON 2 IN FORM "60%/": "F TNUM EQ "+B$+"."+""
 24 PRINT ON 2 IN FORM "60%/": "USE (DULAM)LSTM2"
 26 GOTO  12
 28 REM <<<CONTINUE>>>
 30 PRINT ON 2 IN FORM "60%/": "CLOSE."
 32 PRINT ON 2 IN FORM "60%/": "QUIT"
 34 CLOSE 2
 36 END
 38 REM <<<ENDOFX22FILE>>>
 40 CLOSE 1
42 RESUME 28
PAGE 1-1			TKTOWN.TBA     THU 27-JUL-95 10:23

 2 OPEN "TERM", OUTPUT, 1
 4 PRINT ON 1 IN FORM "12%/" : "COUNTRY CODE"
 6 CLOSE 1
 8 OPEN "TERM", INPUT , 1
 10 INPUT FROM 1 : CC$
 12 CLOSE 1
 14 OPEN "TKT.LST", INPUT , 1
 16 OPEN "OWN.LST", OUTPUT, 2
 18 IF INDEX(CC$,"808880") > 0 THEN
 20       IF INDEX(CC$,"450815") > 0 THEN OWNER$ = "SPSP"
 22       IF INDEX(CC$,"898719") > 0 THEN OWNER$ = "EUEU"
 24       IF INDEX(CC$,"290320") > 0 THEN OWNER$ = "NCNC"
 26       IF INDEX(CC$,"799128") > 0 THEN OWNER$ = "SZSZ"
 28       IF INDEX(CC$,"191439") > 0 THEN OWNER$ = "SWSW"
 30       IF INDEX(CC$,"213056") > 0 THEN OWNER$ = "GEGE"
 32       IF INDEX(CC$,"951801") > 0 THEN OWNER$ = "NLNL"
 34       IF INDEX(CC$,"603990") > 0 THEN OWNER$ = "BEBE"
 36       IF INDEX(CC$,"312898") > 0 THEN OWNER$ = "FRFR"
 38       IF INDEX(CC$,"721304") > 0 THEN OWNER$ = "DODO"
 40       IF INDEX(CC$,"431287") > 0 THEN OWNER$ = "()"
 42       IF INDEX(CC$,"596104") > 0 THEN OWNER$ = "()"
 44 ENDIF
 46 IF INDEX(CC$,"808880") > 0 THEN
 48       IF INDEX(CC$,"450815") > 0 THEN REFER$ = "BTSP FSSPA"
 50       IF INDEX(CC$,"898719") > 0 THEN REFER$ = "ECSC "
 52       IF INDEX(CC$,"290320") > 0 THEN REFER$ = "ENMC "
 54       IF INDEX(CC$,"799128") > 0 THEN REFER$ = "BTSZ FSSZ "
 56       IF INDEX(CC$,"191439") > 0 THEN REFER$ = "BTSWE FSSWE"
 58       IF INDEX(CC$,"213056") > 0 THEN REFER$ = "BTGER CSGER FSGER"
 60       IF INDEX(CC$,"951801") > 0 THEN REFER$ = "BTBNL TSBNL FSNL "
 62       IF INDEX(CC$,"603990") > 0 THEN REFER$ = "BTBNL TSBNL FSBEL"
 64       IF INDEX(CC$,"312898") > 0 THEN REFER$ = "BTFR FRCS FSFR "
 66       IF INDEX(CC$,"721304") > 0 THEN REFER$ = "DOHP "
 68       IF INDEX(CC$,"431287") > 0 THEN REFER$ = "CPSS EMSG"
 70       IF INDEX(CC$,"596104") > 0 THEN REFER$ = "ETSG "
 72 ENDIF
 74 IF INDEX(CC$,"808088") > 0 THEN
 76       IF INDEX(CC$,"450815") > 0 THEN OWNER$ = OWNER$+"SPSP"
 78       IF INDEX(CC$,"898719") > 0 THEN OWNER$ = OWNER$+"EUEU"
 80       IF INDEX(CC$,"290320") > 0 THEN OWNER$ = OWNER$+"NCNC"
 82       IF INDEX(CC$,"799128") > 0 THEN OWNER$ = OWNER$+"SZSZ"
 84       IF INDEX(CC$,"191439") > 0 THEN OWNER$ = OWNER$+"SWSW"
 86       IF INDEX(CC$,"213056") > 0 THEN OWNER$ = OWNER$+"GEGE"
 88       IF INDEX(CC$,"951801") > 0 THEN OWNER$ = OWNER$+"NLNL"
 90       IF INDEX(CC$,"603990") > 0 THEN OWNER$ = OWNER$+"BEBE"
 92       IF INDEX(CC$,"312898") > 0 THEN OWNER$ = OWNER$+"FRFR"
 94       IF INDEX(CC$,"721304") > 0 THEN OWNER$ = OWNER$+"DODO"
 96       IF INDEX(CC$,"431287") > 0 THEN OWNER$ = OWNER$+"()"
 98       IF INDEX(CC$,"596104") > 0 THEN OWNER$ = OWNER$+"()"
 100 ENDIF
 102 IF INDEX(CC$,"808088") > 0 THEN
 104       IF INDEX(CC$,"450815") > 0 THEN REFER$ = REFER$ + "BTSP FSSPA "
 106       IF INDEX(CC$,"898719") > 0 THEN REFER$ = REFER$ + "ECSC "
 108       IF INDEX(CC$,"290320") > 0 THEN REFER$ = REFER$ + "ENMC "
 110       IF INDEX(CC$,"191439") > 0 THEN REFER$ = REFER$ + "BTSWE FSSWE "
 112       IF INDEX(CC$,"799128") > 0 THEN REFER$ = REFER$ + "BTSZ FSSZ "
 114       IF INDEX(CC$,"213056") > 0 THEN REFER$ = REFER$ + "BTGER CSGER FSGER "
 116       IF INDEX(CC$,"951801") > 0 THEN REFER$ = REFER$ + "BTBNL TSBNL FSNL "
PAGE 1-2			TKTOWN.TBA     THU 27-JUL-95 10:23

 118       IF INDEX(CC$,"603990") > 0 THEN REFER$ = REFER$ + "BTBNL TSBNL FSBEL "
 120       IF INDEX(CC$,"312898") > 0 THEN REFER$ = REFER$ + "BTFR FRCS FSFR "
 122       IF INDEX(CC$,"721304") > 0 THEN REFER$ = REFER$ + "DOHP "
 124       IF INDEX(CC$,"431287") > 0 THEN REFER$ = REFER$ + "CPSS EMSG"
 126       IF INDEX(CC$,"596104") > 0 THEN REFER$ = REFER$ + "ETSG "
 128 ENDIF
 130 ON ERROR GOTO  152
 132 REM <<<READNXTFILE>>>
 134 INPUT FROM 1 : M$
 136 M$ = "  "+M$
 138 RREFER$ = SUBSTR(M$,10,5)
 140 ROWNER$ = SUBSTR(M$,37,2)
 142 IF INDEX(CC$,"888088") > 0 THEN GOTO  146
 144 IF INDEX(REFER$,RREFER$) = 0 AND INDEX(OWNER$,ROWNER$) = 0 THEN GOTO  132
 146 REM <<<WRITERECORD>>>
 148 PRINT ON 2 : M$
 150 GOTO  132
 152 REM <<<ENDOFFILE1>>>
 154 PRINT ON 2 IN FORM "5%/" : "X22>>"
 156 CLOSE 1,2
 158 END
 