  6762771BTFR 2171496	MILLIPORE     FR MILLIPORE/HAN    7149726530885736ZUR01        17412469352    12
  6764813ERNMC2271497.              NC MODEM RAPS           017416663392DIALU        24890519132     0
  6733903ECSC 2271485.              NC BT TADIRAN       7149117420858218DIALU        26518303342    73
  6762632GCSCA2171496ABN AMRO       NL ABN/FR TH            026526691938NYC01        24890519132    30
  6737123BTFR 2171486AIRFRANCE      FR AIR FR/HAN           026514108530OTHER        24890519132    62
  6763141BTFR 2171496ALLIBERT       ALLIBERT/JBT            026535080294PXL          24890519132     0
  6743823NTS  2171489AMPEX MEDIA    .                   7149026526692200ISCS         26518303086    15
  6213572TWITS2171280AMPEX MEDIA    AMPEX               7128326514108514ISCS         26547663474    42
  6762323BTFR 2171496AOCI/EUROCONTROFR AOCI/HAN         7149726514109806SDLC         26518302824     0
  6507422CUSTM2171400ARINC          FR ARINC/HAN        7140117420857440SDLC         17416664434    20
  6525251CUSTM2171407ARINC          FR ARINC/HAN        7140826526691442OTHER        26526692704     0
  6749281HSMC 2171491ARINC          FR ARINC/HAN            017404080230SDLC         24890519132     0
  6655751CUSTM2171455ARJO WIGGINS   FR ARJO WIGGINS     7145517420857954XCOM         17420858224     0
  6752772BTNL 2171492AVERY          NL AVERY YZ         7149317416663398XCOM         26526692198    26
  6763392GCSCA2171496AVERY          NL AVERY/CFRS TH        026539275372FRK03        24890519132    38
  6581471CSGER2171427AXA            FR.AXA                  017412468848MUN01        24890519132     0
  6457381CUSTM2171381AXA            FR AXALEONIA        7138126547662954SNA          27046786402     0
  6613551FSFR 2171437AXA            FR SINGAXA/ASA      7143717412469094SDLC         26006598496     0
  6665731CUSTM2171458AXA            FR AXA-MONITOR      7145826509915498SDLC         26509915500     0
  6753221CUSTM2171492AXA            fr axa fr/plt       7149226514108774PAR03        26514109554     0
  6681472CUSTM2171464AXA            FR AXAITALIE/ASA        026530886246SDLC         24890519132     0
  6761981NTS  2171496AXABLUECUST    .                   7149617420857440SNA          26526691428     0
  6590581NTS  2171429B.S.N.         SP WIM SINNEKER     7143526526692708XCOM         25998209120    55
  6746432CUSTM2171490BANCO SANTANDERRM Banco Tokyo      7149726514109552TOK01        26514109036    60
  6468721TPVIE2171386BERTELSMANN    GERH Bertelsmann    7139126518303852XCOM         17416664420   112
  6766151ECSC 2271497BP             NC LIS01 31.4       7149826535081330LIS01        26509914976    13
  6728121NTNOR2271483BRISTOL        NV OSL01 29.2       7148326530886498OSL01        26539275106    24
  6747591ECSC 2171490BSN            .                   7149126535080292XCOM         26002403424    12
  6765241CUSTM2271497BT             NC MONIT TILL05/10  7149726514109290MUN01        26522497640     0
  6765111CUSTM2271497BT             NC PLN MAD01-MIL01  7149726509915232MAD01        26526691424     0
  6733071ETSG 2271485BT             NC PLN DOWN NYCD2   7148517408275564NYCD2        26002403436     0
  6764541CUSTM2271497BT             NC MONIT TILL07/10  7149717399886960MUN02        17399887200     0
  6662113ETSG 2271457BT             ** PLS UPDATE**     7145717399886184BAYD2        17399886450     0
  6761711CUSTM2271496BT             NC PLN's down       7149617408275560AMS01        17416663658     0
  6670972CUSTM2171461BT             NC R.VD.AKKER       7147017420857714SWTCH        27055175016     0
  6716713ERNMC2171478BT             ERNMC                   027050979944DIALU        24890519132    20
  6753081CUSTM2271492BT             NC COP01 UNR        7149226509914980COP01        26509914986     0
  6768441BTFR 2271498BT             NC PLN down.            026514109288PAR01        24890519132     0
  6730132CS8002271484BT              ESCALATION         7148617420857966SWTCH        17395691628     9
  6750672BTFR 2171491BT             FR TELEX/ASA        7149126526692204ACOM         26526692450     0
  6733241CUSTM2271485BT             PAR01 NTC 14        7148517412469866PAR01        17412470120     0
  6759321ETSG 2271494BT             NC D2.JBG01 PLN'S   7149417395691630CFRS         25994016106     0
  6768401CUSTM2271498BT             NC PLN down         7149826509914992AMS01        26509915240     0
  6761721CUSTM2271496BT             NC LUX01 unreachable7149617412469088LUX01        17412469618     0
  6762451CUSTM2271496BT             NC site down        7149626518303592NODE         26535081068     0
  6762223ECSC 2271496BT EUROPE      NC MODEM RAPS           0265099154969.6          24890519132    13
  6756731CUSTM2271493BT FRANCE      NC NDOWN 3354       7149317420858728PBT          26514109298     0
  6767772ERNMC2271498BT NL          NC LINK R'DAM YZ    714981739988644214.4         17412469608     4
  6768392CS8002171498BT SPAIN       SP DIAL-UP CHECK        026509914988DIALU        24890519132     0
  6767911CUSTM2171498BT V-32        IT V32 down !!      7149817404081266DIALU        17420858720     0
  6759381BTITA2271494BT-PLC         ESCALATION              017395692640MIL02        24890519132    65
  6707563FSFR 2271475BTFR           NC POWER SUPPLY     7147727046785634PAR01        17416664424     0
  6763611BTGER2271496BTGER          NC FRK02 20.2           026547662952FRK02        24890519132    26
  6767812BTITA2271498BTITA          LINK DOWN               01739988669614.4         24890519132     4
  6751231CS8002271491BTNL           NC EUROCODE             026539274866NODE         24890519132    50
  6745841BTNL 2271490BT_PLC         NC DANTE MNJ        7149017416664168AMS02        26530886754     0
  6564381FSFR 2271421CAT            FR CAT/PB           7142117404081266MIL01        17404081516     0
  6432982UKMSG2171372CGM            FR CGM X400/ISA         026522497634OTHER        24890519132     0
  6387592CUSTM2171353CGM            FR CGM/BKG/ASM          017416663914OTHER        24890519132    20
  6766791BTBEL2271497CHRISTIE       NC BRU01 22.2           027050979442BRU01        24890519132    11
  6743051UKNMC2271489CMB PACKAGING  NC PLEASE ACCEPT    7149226514109284BRU02        26530886500    36
  6619261CUSTM2171440COMMERZBANK    GE MONIT 21/08      7145026509914992FRE          26518303072   218
  6765182FRCS 2171497CONSOLIDATED NAFR CONSO/JBT            026509915504DIALU        24890519132     0
  6389892HSMC 2171354CONTINENTAL AIRFR ARINC/LQS        7135617399887218SDLC         17408275042    45
  6764911BTFR 2171497CTR/CAN        FR CTR/GJD              017420857442SDLC         24890519132     0
  6455072CUSTM2171381D.H.L          SW DHL/UP&DOWN      7138117395692146COP01        17420857698     0
  6765843BTFR 2171497DARVA          D'ARVA/JBT              026530887024EDI          24890519132     0
  6765133BTITA2171497DECATHLON      IT.DECATHLON        7149826509915248XCOM         17416664426     0
  6568431FSFR 2171422DECATHLON      FR DECATLON/NOS         026509914728X.75         24890519132     0
  6768411FRCS 2171498DECATHLON      FR DECATHLON/HAN        026509915498DIALU        24890519132     2
  6603441CUSTM2171434DECATHLON      FR MONI.DECATH      7143417416663404XCOM         26518304096     0
  6751072TSNL 2171491EBSCO          NL Ebsco/CPS TH     7149726535080298PXL          26514108768    94
  6698611CUSTM2271471EICON          NC EICON/PLT        7147226547663980PAR02        26514109288     4
  6446533CSSP 2171378EJIE           SP EJIE             7142117420858470UTS          26006597728   973
  6714932CUSTM2171478ENTRELEC       FR ENTRELEC/PB      7147817412469616XCOM         17416664434     0
  6758483BTNL 2171493ESA            SY ESA LOAD PM          026539275374ISIS         24890519132    62
  6741631UK8002171489ESA            E-E 3 OCT@ 1500     7148917383108710OTHER        26010792808     9
  6735821CUSTM2271486ESA            NC FRK02 2.4        7148617383108976FRK02        17391497834     0
  6762313FRCS 2171496ESA-ESRIN(ESRINSY ESA-FRA/PIM      7149626514109800XCOM         26526692716     0
  6762163FRCS 2171496ESA-ESRIN(ESRINSY ESA-FRASC/PIM    7149626509914976MIL01        26530885742     0
  6765533BTBEL2271497EUROCONTROL    NC ERNMC                026526691430ISIS         24890519132    30
  6718591BTBEL2171479EUROCONTROL    BE EUROCONTROL      71483265183033289.6          26518303082   124
  6697793TSBEL2171471EUROCONTROL    .                       026526691432SDLC         24890519132    90
  6767232CS8002171498EUROP COMMISIONDO IASNET               017383108716XCOM         24890519132     8
  6216221CUSTM2171281GAN            FR CRT/PLT          7143317420857444SDLC         26509914468     0
  6766021CS8002171497GILLETTE       fr gillette/plt         026535080800PAR01        24890519132    12
  6699963NTNOR2271472GN EUROPE      NC RAPS MODEM       7147917416664426DIALU        17408274536    54
  6708381NFTEC2271476HJELLERGJERDE  NC OSL01 28.3       7147617399886178OSL01        26522497888     3
  6753603BTBEL2171492HONEYWELL      NL HONEYW. MNJ      7149726522497650XCOM         26514109284    95
  6761972BTBEL2171496HONEYWELL AVIONHONEWELL AVI CISCO M    017420858738SLO02        24890519132    77
  6765031BTNL 2171497ICI            NL ICI PM           7149717420858736XCOM         26509915492     0
  6768421BTFR 2171498ISAMAR (CGM)   SP CGM/JBT              026509915500PXL          24890519132     0
  6761581ERNMC2171496LUFTHANSA      GE HKG01/FRK01      7149617399886696HKG01        26509914738     3
  6439401CUSTM2171374MALLINCKRODT   FR MALLIN/asm       7137426522498400XCOM         26535080800    86
  6765412NTNOR2171497MARK & CO.     SW Markt & Co.          026522497394XCOM         24890519132     0
  6765983BTNL 2171497MATTEL         MATTEL MNJ              026535080560EDI          24890519132    15
  6768311BTGER2271498MCI                                    026509914476ISIS         24890519132     0
  6758142UK8002171493MEFF           PLEASE TIS REQUEST I    026530887016PROJ         24890519132     0
  6758122ERNMC2171493MEFF           SP NET PLANNING         026530886762PROJ         24890519132     0
  6545392TSNL 2171414MEXX           NL MEXX UK YZ       7141426526692704SDLC         26530885744     0
  6007811CUSTM2271185MNSFR          JBG PLN'S           7118526530887010COL01        27059368800     6
  6768281BTHK 2171498MSD            FR MSD/HAN          7149826509914212SOL01        26514108782     0
  6730893BTFR 2171484NAMSA          BE NAMSA/PLT            026530886514PXL          24890519132   275
  6751961BTFR 2271492NOVELL         NC PAR01.22.2/HAN   7149717383109484PAR01        26514109030    66
  6750121BTSWE2271491NOVELL         NC STK01 23.3           026514109024STK01        24890519132    95
  6763003BTFR 2171496PERNOD RICARD  FR PERNOD/HAN           026530886510ONTY         24890519132     0
  6700091FRCS 2171472PERNOD RICARD  FR PERNOD/JBT       7147217420858722ONTY         26509915490     0
  6768093ERNMC2171498PETROCONSULTANTSZ PetroConsultants     017412469872GEN01        24890519132     0
  6765913BTNL 2171497PHILLIPS       PHILIPS MNJ             026535080298EDI          24890519132     0
  6757402BTNL 2171493RABOFACET      NL RABOFACET YZ     7149326522497632AMS02        26522497644     0
  6620192CUSTM2171440REPSOL         SP REPSOL>NETPLAN   7144026535081330SDLC         26535081330     8
  6688451HKSW 2171468SAMSUNG        FR SAMSUNG/PB           017420857454XCOM         24890519132   142
  6747251BTFR 2171490SCHNEIDER      SCHNEI/RYAD/CSZ         026530885742ONTY         24890519132     0
  6450021CUSTM2171379SDV            FR SDV/ASM          7137917420858208OTHER        26539274854     0
  6764701BTNL 2171497SHELL THAILAND NL SHELL TL BPM         017412469354X.75         24890519132    20
  6755401CUSTM2271493SKYWORLD/AJCS  NC TILL 03/10       7149317383109480PAR03        26509915236     0
  5418183BTITA2170910SOFTWARE ITALIAIT SOFTWARE ITALIA  7097226526691946XCOM         26518302816    12
  6700112BTBEL2171472SOLVAY         PLSE STATUS!        7147626509915506XCOM         26518303852    84
  6758601BTBEL2271493SOLVAY         NC PORTS DOWN       7149626543469664FRK02        26509914982    61
  6768361FRCS 2171498ST JUDE MEDICALBE STJUDE/PIM       7149826509914986XCOM         26518303842     0
  6768461BTGER2171498STAEFA         GE;L Staefa             026518302816DUS01        24890519132     0
  6761281CUSTM2271496STEAFA         NC HAM01 31.2       7149617387303790HAM01        17420857440     0
  6731831BTNL 2271484SYBASE         NC SYBASE TH        7148527046785390AMS01        26010792032    12
  6632101FRCS 2271444SYBRON         RM SYBRON/VIC       7145426547662956PAR02        26010792032   212
  6724503CSGER2171482TANDEM COMP.   GEHN router version 7148626530885728JGB01        26522497906    78
  6747171ECSC 2171490TETRA PAK      .                       026526692464X.75         24890519132     0
  6746403BTSZ 2171490TETRA-PAK      RM Tetra Authenticat7149126514109294MAD01        26530886754    24
  6560992CPSS 2171420TETRAPACK      SZ PLS ESCALATE!        017416663918SNG01        24890519132    72
  6729413CPSS 2171484TNT EXPRESS    DO WAIT GJD             017391498594OTHER        24890519132   385
  6768431BTITA2171498TOSHIBA        GEML Toshiba        7149826514109280MIL01        26514109548     0
  6753942CUSTM2171492TOTAL          fr total/plt        7149726530885734ONTY         26509914474     0
  6737312BTFR 2171486TOTAL          FR TOTAL/HAN            026522497130ONTY         24890519132    72
  6404072CUSTM2171360TRANSAMMONIA   FR TRANBSA/HAN      7136326509915234OTHER        26509914476    70
  6761772HKHW 2171496UNICIBLE       SZ Unicible         7149617412469102HKG02        26010792558     0
  6693302FSGER2171470VIAG INTERKOM  GEML Munich 2400    7147017412469360DIALU        26526691438     0
  6762041ERNMC2171496VIAG INTERKOM  UNIX/SUPPORT            017420858216CDM          24890519132    43
  6756573BTGER2171493VLSI           GEPD VLSI SanJose   7149317420858722SFO02        26535081062     0
  6709633CSGER2171476VLSI EUROPE    GERH VLSI           7147626522497906MUN01        26522498158     0
  6355843CSGER2171339WAGO           GEHN roter unreachab7133926514109546OTHER        26530886754     0
  6450091CUSTM2171379WARNER         FR WARNER/ASM       7137926509914482XCOM         26522497636     0
  6699891BTSP 2171472WARNER MUSIC   SP NLOAD 19/09          017416664170NODE         24890519132   101
  6763091BTSWE2171496WM-DATA        SW WM               7149626530885984STK01        26530885986     0
  6751321FSFR 2171491WYETH          Wyeth/CFRS/CSZ          026539275624PAR01        24890519132     0
  6745431BTSWE2271490X              NC port 28.3 down   7149017399886444STK02        27046785898     3
  6607471CUSTM2171435YVES ROCHER    FR YVES RO/HAN          026518303084COL01        24890519132     0
  6521892CUSTM2171406YVES ROCHER    FR Y.ROCHER/PB      7140617412469618BRU01        17420858216     0
  6637133FSBEL24714470              PLEASE ACCEPT           027046785376XCOM         24890519132     0
  6746661BTFR 2871490BEAR STEARNS   BEAR STERN/HAN          026522497130PAR03        24890519132    15
  6757451BTITA 271493BOOZ ALLEN                         7149326522498146MIL01        26522498148   105
  6756032BTFR 2071493BT SINGAPORE   SNG NL13232/PLT         017416663144XCOM         24890519132     0
  6767062BTFR 1771497CIGNA          CIGNA/HAN               027055175014PAR02        24890519132     0
  6767791FRCS 1071498DECATHLON JAPANJP DECATHLON/SP         017399886690XCOM         24890519132     3
  6767271ETSG  271498ERNMC          ERNMC DOWN          7149817383109232PAR01        26509915236     2
  6738662FSSPA 471486GATES          ^DEF TIL 10/6           027046786152MAD01        24890519132   305
  6716082ECSC 2471478GM COMTEXT     DO.COMNEXO              026535080288DIALU        24890519132   134
  6750712ECSC 2471491GN COMTEXT     UK FOR IASNET           026526692458DIALU        24890519132     9
  6756982FRCS 2471493H H PEGG       PEGG/JBT            7149326509915492XCOM         26522498402     0
  6768001BTITA2471498HOSKYNS        PLEASE ACCEPT       7149817408275052FRE          17420857708     0
  6767531BTITA 271498HOSKYNS        MIL01 22.2              017391498594MIL01        24890519132     0
  6768381BTGER2471498INTERNATIONAL R                        026509914986FRE          24890519132     0
  6759401BTSP 2471494RACAL          PLEASE ACCEPT       7149417395692652DIALU        26002404708     0
  6753161BTGER2471492TNT            FO:POLAND               026509915244OTHER        24890519132     0
  6758891BTGER 271493WALKER         FRK02 25.2          7149327046785380FRK02        27046785632     0
x22>>
 