  6070454ENMC 2271211AGI            NC NLOAD                026539274354NODE         24890519132    14
  6007394WTSIR2271185ALLIED SIGNALS NC Allied traps     7118517420857970FRE          26514108774     0
  6067774ECSC 2171210AMADEUS        DO ATT COMNEXO      7121227046786162XCOM         26539274592    25
  6071862BTSZ 2171212AMSTEL         SZ LINE DOWN            026509914724XCOM         24890519132    16
  5913623UKCS 2171142ARINC          GE ATTN JOSEPH      7114617404080494SDLC         17416663658     0
  5869811FRCS 2171121ARINC          FR ARINC            7112117412469098ALC          26514109026     2
  6027993CUSTM2171196ARJO WIGGINS   FR ARJO/Han         711972651830411019.2         17416663660    18
  6025982FRCS 2171195ARJO WIGGINS   FR ARJO PLT/PB      7119526535080818XCOM         26543468914     0
  6067124CUSTM2171210ARTHUR ANDERSENRM ON DEMAND REPORT     026530886758SVR          24890519132    50
  6044041CTSCH2271204ARTHUR ANDERSENNC CS ARTHUR AND    7120417391498086PAR01        25981432690    32
  6074341BTFR 2271213ARTHUR ANDERSENnc PAR02 28.1           026518302822PAR02        24890519132     0
  6036111BTITA2271199ATTACHMATE     NC UPDATE           7120526530886244MIL01        27055175012   146
  6019443ETSG 2171191ATTACHMATE     FR PAR02 32.1       7119226509914730PAR02        17412469090    13
  5404203BTITA2170903AUTOSTRADE     IT Netval crash     7098726518303850NVAL         17416663400   107
  5856954BTNL 2271114AVERY          NC UPDATE               027050980466FRE          24890519132   801
  6074163BTGER2171213AVERY          GER EUROCODE            017420857960NODE         24890519132     0
  5893822TSNL 2171133AVERY          NL AVERY            7114117420857970FRE          17420858736   121
  6066982BTNL 2171210AVERY          NL EUROCODE             026530885746AMS01        24890519132    48
  6059683BTNL 2171206AVERY FASSON   NL Avery Cram ISDN      017420857956EDI01        24890519132   129
  6063521BTNL 2171209AVERY LAMMENSCHNL Avery crsah      7120917420857440XCOM         17420857696     0
  6071913FRCS 2171212AXA            FR AXA/NOS              026509914986SNA          24890519132     0
  6033092CUSTM2171198AXA            FR AXA/HAN          711982650991499019.2         26526691438     0
  6039321UK8002171202AXARE          FR AXA RE/NOS       7120226010792548SNA          17420858212     0
  6045284TSBEL2171204BANCA POPOLARE IT BAMCA POPOLARE   7121126526691696SNA          26530886256    47
  6074271NIS  2171213BANCO SANTANDERRM BANCO TOKYO          026514109552TOK01        24890519132     0
  6071881BTSP 2171212BANCO SANTANDERRM BANCO SAN 2      7121226509914976MAD01        26518303592     0
  6074051BTBEL2171213BARCO          CHECK BARCO             017416663404NODE         24890519132    10
  5712122STSUK2171047BBC ENTERPRISE GE ADD PATCH            026518302820DIALU        24890519132    25
  6025194FRCS 2171195BIOGEN         FR BIOGEN/JBT       7119526509914468DIALU        26509914720     0
  6028532CSGER2171196BMG            RM BMG TRAPS        7119726530886514XCOM         26514108776    14
  6030621TSBEL2171197BOSE BELGIUM   RM BOSE-BELGIUM     7119717416664162BRU01        17416664172     0
  6040253BTNL 2171202BOSE IRELAND   NL SLOAD 21:00      7120526530886504ACOM         26522497640    68
  6040343UK8002171202BOSE UK        NL ANDY DEAL WED        026535080038PXL          24890519132   258
  5894413BTUK 2171133BP CHEMICALS   BE NET PLANNING     7113426526691948XCOM         17420858226    15
  6072231BTNL 2271212BP NETHERLANDS nc 16072 down       7121226522497390PXL          26522498162     0
  6072971ENMC 2271212BP OIL         NC MAD01 26.1       7121327046785388MAD01        26514109294    12
  6039434ECSC 2171202BT             GC SLOAD 27/12          017420858226NODE         24890519132   192
  6063964ECSC 2171209BT             GC ECSL 27/12/94    7121126518303586NODE         26522497392     0
  6074202FSFR 2271213BT             nc PAR01-ZUR01          026509914212FRE          24890519132     0
  6036224ECSC 2171199BT             GC SLOAD 27/12          026535080292NODE         24890519132   254
  5836623EPSG 2271105BT             NC BRU01 NTC15          026522497134FRE          24890519132   685
  6069291ENMC 2271211BT             nc pln par01        7121117420858728T1           26522497120     0
  5374003ENMC 2270888BT             NC OLIVIER          7116426530885992FRE          26514108528   763
  6057874TELCO2171205BT             NL PTT main 28/12   7120526522498400AMS01        26526691936     0
  6045094FSGER2171204BT             GE NLOAD 21/12          026518303600ACOM         24890519132   105
  6071562UKFR 2271212BT             NC MAN01-BRU01 TEST     017416663398T1           24890519132     0
  6063994ECSC 2171209BT             GC ECSL 27/12/94    7121126518303600NODE         26522497642     0
  6039554UK8002171202BT             BE EUROCODE             026509914476NODE         24890519132     0
  6074042ENMC 2271213BT             nc AMS01-STK01      7121317416663396T1           17416663398     0
  6042824FSGER2171203BT             GEOS 3new           7120526530886504PROJ         26530886256    23
  6064054ECSC 2171209BT             GC ECSL 3/1/95      7121126522497136NODE         26522497898     0
  6064044ECSC 2171209BT             GC ECSL 3/1/95      7121126522497130NODE         26522497646     0
  6025332EPSG 2271195BT             nc PAR01-ZUR01      7119526514109040T1           26543469164     0
  5958291ENMC 2171163BT             SW STK01-KEY01 Plann7116326522497384STK01        26522498400     0
  6071744BTFR 2171212BT B           BE SLOAD                017420858720NODE         24890519132     0
  6072064ENMC 2271212BT COPENHAGUE  NC EUROCODE/CLOSD   7121326514109290NODE         25973043818     0
  5311472ENMC 2270859BT EUROPE      NC OLIVIER          7116426530885994FRE          26514108520   999
  5914693UKMSG2171142BT EUROPE      FR MS URGENT            026526692194EDI          24890519132     0
  6071704ECSC 2171212BT FR          GC ECTL SLOAD           017420858208NODE         24890519132     0
  6071644ECSC 2171212BT FR          RELOAD SLOT             017420857712NODE         24890519132     0
  6071984ENMC 2271212BT GOTHENBURG  NC NLOAD 23/12      7121326514108526NODE         17420858208    14
  5932244ECSC 2271150BT LISBON      NC CMNXO ATTENT     7117926535080034NODE         17391497574   277
  5965954BTSNG2171167BT SINGAPORE   NL Singapore X32    7116726522497892XCOM         26522497892     0
  5963921EPSG 2271166BTBEL          NC 5024 SWAP        7116617383109744SWTCH        17383109990     0
  6070344BTFR 2271211BTFR           NC NLOAD                026535080804ISIS         24890519132    14
  5992911ENMC 2271178BTFR           NC **14771**        7117817391498080ISIS         17395692130     0
  6008121FSGER2271185BTGER          NC TURBO DOWN       7118827050979692TURBO        26509914722    59
  6068722ENMC 2271211BTNL           NC POWER SUPPLY A   7121117408274538AMS01        26530885728     2
  6025874NETCO2171195BTNL           NL OLB/NCN          7119526530886760FRE          26530886764     0
  6043442ENMC 2271203BTTE           NC MUN01-ZUR01      7121027046785634FRE          27046786416    11
  5904462ECSC 2271137BTTE           NC CMNXO ATTENTE        026539274606HWOCL        24890519132   710
  6023933FSNL 2271194BTTE           NC HDLC CKSM ERR        026514109546SWTCH        24890519132   262
  6073482ENMC 2271213BTTE           NC EUROCODE         71213173914980929.6          17416663142     6
  5533181BTITA2270967BTTE           NC MAD01-MIL01      7118417408275296FRE          26006598496   516
  6073562BTITA2271213BTTE           NC 5571-5622            017395692134HWOCL        24890519132     5
  6071673CSGER2171212BUSAK & SHAMBANGESES Slow response     017420857966XCOM         24890519132   144
  5916801FRCS 2171143CGM            FR CGM/PB           7114326514108772OTHER        26514109540     0
  6032993FRCS 2171198CGM-BORDEAUX   RM CGM-AUTH/PB          017420858466XCOM         24890519132   214
  6067422BTGER2171210CIBA VISION    SZ PROC-CIBA            026539275624FRK01        24890519132     0
  6062702BTGER2171208CIBAVISION     GE Cibavision       7121126522497646T1           26535081322    63
  5961062BTGER2171164COMMERZBANK    GERH Commerzbank    7116426509914986DIALU        26518302834     0
  5962994ECSC 2171165COMNEXO        DO CMNXO ATTENT         017395692654OTHER        24890519132   459
  6069402ECSC 2171211COMNEXO        DO Comnexo call         026509914976XCOM         24890519132    15
  5929972ECSC 2171149COMNEXO        DO CMNXO ATTENTE        026539274350XCOM         24890519132   705
  5929451ECSC 2171149COMNEXO        DO CMNXO ATTENTE    7115426526691698NODE         26509915232     0
  5930933ECSC 2171150COMNEXO        DO CMNXO ATTENTE        017408275300XCOM         24890519132   595
  6060621ECSC 2171206CONTINENTAL    NC EUROCODE             026539274338OTHER        24890519132    63
  6071251BTFR 2271212CORSAIR        NC CORSAIR/HAN      7121217399886192NODE         25989821038     3
  6074223FRCS 2171213CREDIT COM.FRANfr credit ontyme        026509914724SDB          24890519132   100
  6072571CS8002171212CREDIT LYONNAISfr credit/pb            026530887026XCOM         24890519132     0
  5870553CUSTM2171121CREDIT LYONNAISFR CREDITLY/PBISA       026526692200XCOM         24890519132   999
  5957821CPSS 2171163CREDIT LYONNAISFR CREDIT/NOS           017420857454XCOM         24890519132   485
  6072531BTGER2171212CWN            GERH CWN                026530886756OTHER        24890519132    19
  6072253FRCS 2171212DANONE         FR DAN/HAN              026522497888ONTY         24890519132     0
  5976023BTSZ 2171170DANZAS         SZ DANZAS           7117026535080302X.75         27050979694     0
  6027794CUSTM2171196DATA MANAGEMENTFR Data / Ant       7120226514109024OTHER        26509914734     0
  6057351CUSTM2271205DATA MGT       NC DATA/ANT         7120517420857448PXL          26509915238     0
  6063624BTFR 2171209DATAMANGEMENT  FR NLOAD 22/12          017420858728TII          24890519132     0
  6063713TSNL 2171209DYNAMAR        NL Dynamar          7121226509914478DIALU        26509914208    50
  6057893CONFR2171205ECSC-CFRS      RM DALE HAS             026522498410SVP          24890519132   187
  6064592CS8002171209EJIE           SP Euskonet             026535080804ELF          24890519132    28
  6045361BTSWE2171204ELKEM          SW. Elkem ita           026526692198MIL01        24890519132    96
  6070314BTGER2171211EMI ELECTROLA  GEOS EMI            7121126535080548FRK01        26535080802     0
  6030654TSBEL2171197ENTER          NL ENTER            7121017420857456DIALU        26509915250   128
  6016111CUSTM2271190ERNMC          NC TACACS           7119026522498154SFO01        26535081066     0
  6035364ECSC 2171199EUROCONTROL    GC SLOAD 3/1/95         017420857962NODE         24890519132   192
  6044894TSBEL2171204EUROCONTROL    GC FMP ROMA             026514108512XCOM         24890519132   324
  6062391CPSS 2171208EUROCONTROL    GC EOL:sita         7120817387304290XCOM         26002404704    28
  6060912BTITA2171206EUROCONTROL    GC EUROCTL CRASHED      026547663468SDLC         24890519132   166
  6006084NTD  2171184EUROCONTROL    GC ATTN: J.LIU      7120926514109036CFRS         26518303846   155
  6071602BTFR 2171212EUROCONTROL    GC EUR/BRETIGNY     7121217416663912XCOM         17416664164     0
  5961391UK8002171164EUROPEAN COMP SNL ECS X" ROTARY    7118926526691942XCOM         27046786410   201
  5958133ECSC 2171163EXECUTIVE TELECDO INFORM CMNXO     7116326514109810ACOM         26543469158     0
  6062711TSBEL2271208FEDERAL MOGUL  NC UPDATE               026526691694BRU01        24890519132   153
  6001201CUSTM2271182FESAG          NC 09/01/95         7118217416663396FRK01        26509915234     0
  6033063CTSDE2171198GTE VALENITE   GETJ GTE VALENITE       026509914208XCOM         24890519132   311
  6062111BTGER2271207HERBALIFE      NC UPDATE PLS       7120926543469416FRK01        17420857712    36
  6066202NIS  2171210HITACHI        NL Hitachi              017416663906SDLC         24890519132   243
  6045831UK8002171204HN TRANSPORT (HBE AS SMC Q CHECK   7120526535081316XCOM         26509914476    15
  6031041CUSTM2171197ICI/ZENECA     NL HUNGARYA DOWN    7119726522497382NODE         26522498144     0
  6064083BTITA2171209IVECO          IT IVECO/PSS            026522498148XCOM         24890519132    14
  6071783WTSDA2171212KEYSTONE       NL                  7121226509914210AMS01        26530887020     3
  6072581BTNL 2171212KLEBER RUBBER  NL MAINTENANCE      7121326535080294XCOM         17420858464    14
  6074241BTNL 2171213KOBELCO        NL Kobelco              026509915238SDLC         24890519132     0
  6072162FSFR 2171212LIFE TECHNLOGY FR LIFE/HAN         71212265183033349.6          26518303588     0
  5987793CUSTM2171176MCA MUSIC ENTERIT SLOTADUMPER      7117617416664166XCOM         26518304114     0
  6071261FRCS 2271212MEMOREX TELEX  NC DEINSTALL?       7121217399886442NODE         17399886450     0
  5954961BTFR 2271162MGT            NC PAR32.4/HAN      7116217420857960PAR01        26509914466     0
  6043794BTSWE2271204NOKIA MOBILA PHNC NOKIA TRAP           017383108708STK01        24890519132   116
  6073492BTITA2271213NORDICA        NC 13446-15727          0173914983469.6          24890519132     5
  6071991BTSZ 2271212NOVELL         nc ZUR01 29.4       7121226514108778ZUR01        26535080800     0
  6073692BTNL 2271213POLYMERE       NC INT T-R0 DOWN        017399885938AMS01        24890519132     4
  6007471BTFR 2171185PRESTIGE       FR PRESTIGE/HAN     71185265099144709.6          26514109540     0
  5937794BTSZ 2171154RADIO SCHWEIZ ASZ REF TO BERNARD       026509914216XCOM         24890519132   999
  6039562UK8002171202SAEF           FR JG CCM 19-12 E0  7120326509914730XCOM         17416663652     0
  5904553CUSTM2271137SDRC           NC SDRC TRAP/PB     7114626547662946FRE          26530885990   157
  5953831BTSZ 2271161SEAGRAM        NC UPDATE           7116227046785888ZUR01        17416663392     0
  6018624CUSTM2171191SHELL          NL BILLITON         7119126514109292FRK01        26514109550     0
  5902911TSNL 2171136SHELL MUSCAT   NL Shell            7113626530885740XCOM         26530885740    85
  6033073TSNL 2171198SHELL OMAN     NL SHELL OMAN           026509914734XCOM         24890519132   144
  6072462ENMC 2171212SKF            SW EUROCODE             026530886002STK01        24890519132     0
  6033572CSGER2171198SOFTWARE AG    GETJ SAG-PVC        7119926530885988XCOM         17420857960    11
  5952653CSGER2171161SOFTWARE AG    GETL SAG DUMP       7116326518304110SDLC         17412469870    11
  6069692CSGER2171211SOFTWARE AG    GETL SAG            7121326522497128SDLC         17420858218    35
  5418183BTITA2170910SOFTWARE ITALIAIT SOFTWARE ITALIA  7097226526691946XCOM         26518302816    12
  6014184FRCS 2171189STOEFFLER      FR DANONE/JBT       7119126535081328ONTY         26535081328   143
  6068631CLOSE2271211STORAGE        PLS CLS 12/23 A.M.  7121117404081258AMS01        17404081520     0
  5997252WTSDA2271180STORAGE        NC UPDATE           7118126543469414COP01        27055174768     6
  6066331BTSWE2171210SUBSEA UTSIRA  SW Utsira               017420857958PAP          24890519132    48
  6058194BTAUS2171205SWEDISH EMBASSYSW-MFA CANBERRA         026530886252XCOM         24890519132     0
  5943513CSGER2171156TOSHIBA        RM AUTHENTICATION   7116226526691434FRE          26518304106   142
  6013591BTITA2271189TOSHIBA        NC UPDATE           7119126526691686MIL01        26526692720    15
  5841063CSGER2171107TOSHIBA-DUSSELDGERH TOSHIBA        7113317420858478FRE          26522497136   605
  6060203BTFR 2171206TOTAL          FR TOTALUK/HAN          026526691442ONTY         24890519132   168
  6060193BTFR 2171206TOTAL          FR TOTALUK/HAN          026522498412ONTY         24890519132   120
  5961604FRCS 2171164TOTAL          FR TOTAL/JBT        7120426530886504ONTY         26530885738   901
  6059923CUSTM2171206TOTAL          FR TOTALNOR/HAN         026518302834ONTY         24890519132    69
  6058422CS8CU2171205WAGO           GE WAGO             7120526535081324XCOM         26535081330     0
  5950132CSGER2171160WAGO           GE NET.PLAN         7117026514108528XCOM         17416664422     0
  6035624BTSWE2171199WALKER DK      SW DBU WALKER DK    7121326518302816COP01        26509915240   333
  5977663BTFR 2171171WANDEL & GOLTERGE WANDEL/HAN       7117117412470122XCOM         26526691944     0
  6072994ECSC 1171212BT             SLOAD TONIGHT           027046785394ISIS         24890519132    25
  6039951FSSPA2471202COURTAULDS COATJG CCM 14-16 E0         0265224984189.6          24890519132     5
  5767504FSGER1271071HONG KONG BANK PREVMTC 22.NOV      7107117395692394NODE         25998209390    32
  6001283FSGER2471182LIFE TECHNOLOGIUK NET IMPL             017416663916DIALU        24890519132     0
  6063912FRCS 2471209MARSHALL CAVENDMARSHALL/JBT            026518303088XCOM         24890519132    13
  6057531BTFR  271205MCI            MIL01-PAR01 DOWN    7120626509915496FRE          25973043556     0
  6026764FRCS  171195MCI            FR MIDEM/JBT        7119527055174240PROJ         27055174240     0
  5892503ENMC  171132TELERATE       US EUROCODE         7113326543469668XCOM         26543469668    16
x22>>
  