  492962  6/22/93 20:04  1/ 1/** ..... 3    7476    2765       1 NONE        2 OPEN  19.2  MGTBNET    MORGAN BANK     NTS TESTING         
  505941  8/25/93 17:56  1/ 1/** ..... 1       0    4774       1 NONE        1 OPEN  ISIS  MGTBNET    MORGAN BANK     WATCH N-5631        
  518599 10/27/93 15:29  1/ 1/** ..... 2   16324    3645       1 NONE        2 OPEN  CONST MGTBNET    J.P. MORGAN     j.p. morgan !!      
  519741 11/ 2/93 22:24  1/ 1/** ..... 3    3733    3733       1 NONE        3 OPEN  DIALU MGTBNET    MORGAN BANK     DIALUP DROPS        
  520314 11/ 4/93 21:42  1/ 1/** ..... 2   14211    4057       1 NONE        3 OPEN  DIALU MGTBNET    MORGAN BANK     PASSWORD ECHO       
  520823 11/ 8/93 11:13  1/ 1/** ..... 2    9014   12744       1 NONE        1 OPEN  XCOM  MGTBNET    MORGAN BANK     FAO A.CROWHURST     
  521172 11/10/93 09:00  1/ 1/** ..... 1       0   11264       1 NONE        3 OPEN  PROJ  MGTBNET    MORGAN BANK     PROJ. 127012IBE     
  522224 11/15/93 14:31  1/ 1/** ..... 2   11460    3350       1 NONE        2 OPEN  CDM   TYMNET     MORGAN BANK     CDM REPORTS         
  522302 11/15/93 18:50  1/ 1/** ..... 2    1934   14562       1 NONE        1 OPEN  CMTI  MGTBNET    MORGAN BANK     H- 1934 GONE N14562 
  522568 11/16/93 17:26  1/ 1/** ..... 2   15396    4576       1 NONE        2 OPEN  NVAL  MGTBNET    MORGAN BANK     PSWRD CHANGE DATE   
  522694 11/17/93  7:03  1/ 1/** ..... 1       0    5525       1 NONE        3 OPEN  PROJ  TYMNET     JP MORGAN       ..                  
  522792 11/20/93 23:30  1/ 1/** ..... 1       0    3426       1 NONE        4 OPEN  PROJ  MGTBNET    MORGAN BANK     SITE OUTAGE         
  522913 11/17/93 20:04  1/ 1/** ..... 1       0    5742       1 NONE        3 OPEN  ISIS  MGTBNET    MORGAN BANK     NODE RESTART        
  523112 11/18/93 16:41 11/19/93 14:29 2   11460    3350      40 OP/PCDR ER  1 CLSD  XCOM  MGTBNET    MORGAN BANK     SECURITY VIOLATION  
  523137 11/20/93 13:00  1/ 1/** ..... 1       0    4551       1 NONE        4 OPEN  ISIS  MGTBNET    MORGAN BANK     SITE OUTAGE         
  523231 11/19/93 01:00 11/19/93  1:11 2    6642    2577      99 TRACKING    1 CLSD  XCOM  MGTBNET    MORGAN                              
  523255 11/19/93 05:02 11/19/93 10:15 2    3441    6437      95 NTF/CWT     1 CLSD  XCOM  MGTBNET    MORGAN BANK     HOST SHUT           
  523285 11/19/93 07:45 11/19/93 10:13 1       0   10120      11 BOARD       3 CLSD  NODE  MGTBNET    MORGAN BANK     BAD MAC SET         
  523301 11/19/93 13:34  1/ 1/** ..... 2     830    4717       1 NONE        3 OPEN  MUX   MGTBNET    MORGAN BANK     DOUBLE ECHO(LOGIN)  
  523304 11/20/93 14:00  1/ 1/** ..... 2    5693   10001       1 NONE        3 OPEN  XCOM  MGTBNET    MORGAN BANK     SLOT OUTAGE         
  523334 11/19/93 15:38  1/ 1/** ..... 2   11460    3350       1 NONE        2 OPEN  CDM   MGTBNET    MORGAN BANK     DAILY REPORTS       
  523370 11/19/93 17:51  1/ 1/** ..... 1       0    4717       1 NONE        3 OPEN  ISIS  MGTBNET    MORGAN BANK     ADD MREF S/1        
  523376 11/19/93 18:15  1/ 1/** ..... 2    4110    5742       1 NONE        2 OPEN  CONST MGTBNET    MORGAN BANK     NO CON TO ASYNC S/1 
  523399 11/19/93 19:25  1/ 1/** ..... 2    9021    6270      42 HWARE/VNDR  2 OPEN  XCOM  MGTBNET    MORGAN BANK     MORCOM H-9021       
  456942 11/30/92 16:52  2/ 2/93 13:52 2    4110    5742      93 NDUMP&RLOD  3 CLSD  CONST MGTBNET    MORGAN BANK     HUNG                
  455573 11/20/92 06:49  4/14/93 16:04 1       0    5742      30 ASYC MODEM  1 CLSD  ISIS  MGTBNET    MORGAN BANK     NODE DOWN           
  510112  9/15/93 20:34  9/15/93 20:50 2     821    5044      42 HWARE/VNDR  1 CLSD  XCOM  MGTBNET    MORGAN BANK     HOST SHUT           
  510044  9/15/93 15:13  9/16/93 12:46 2   11460    3350      40 OP/PCDR ER  1 CLSD  XCOM  MGTBNET    MORGAN BANK     PASSWORD VIOLATIONS 
  510139  9/15/93 23:15  9/16/93  9:20 1       0    7476      72 CUST. SITE  3 CLSD  TURBO MGTBNET    MORGAN BANK     MONITOR             
  510184  9/16/93 02:17  9/17/93 13:34 2   11460    3350      40 OP/PCDR ER  1 CLSD  XCOM  MGTBNET    MORGAN BANK     PASSWORD VIOLATION  
  510323  9/16/93 18:50  9/17/93 17:53 2    7381   13712      42 HWARE/VNDR  1 CLSD  XCOM  MGTBNET    MORGAN BANK     HOST SHUT           
  510271  9/16/93 14:42  9/18/93  3:46 2    6298    2142      80 PROJECT     3 CLSD  PROJ  MGTBNET    MORGAN BANK     SEP17, CANCEL H-6298
  510533  9/18/93 07:00  9/20/93 13:18 1       0    4101      80 PROJECT     3 CLSD  PROJ  MGTBNET    MORGAN BANK     INITIATE DBU SEP18  
  510700  9/18/93 04:44  9/20/93 13:51 2   16327    3426      40 OP/PCDR ER  1 CLSD  XCOM  MGTBNET    MORGAN          HOST SHUT           
  510738  9/18/93 11:29  9/20/93 13:14 2    5693   10001      44 DOWNTIME    1 CLSD  XCOM  MGTBNET    MORGAN BANK     HOST SHUT           
  510788  9/18/93 22:50  9/19/93  1:27 1       0   12744      80 PROJECT     3 CLSD  TURBO MGTBNET    MORGAN BANK     RELOAD/PROJECT      
  510790  9/19/93 01:50  9/19/93  2:05 1       0    3626      99 TRACKING    3 CLSD  ISIS  MGTBNET    MORGAN BANK     UNVERIFIED POWER    
  510876  9/20/93 03:30  9/20/93 10:37 1       0   10540      61 DEADENDED   1 CLSD  ISIS  MGTBNET    MORGAN BANK     D.E. NODE DOWN      
  510917  9/20/93 09:36  9/20/93 10:51 2    4613   10540      96 SLOT H&E    2 CLSD  ACOM  MGTBNET    MORGAN BANK     SLOT OUTAGES        
  510609  9/21/93 18:30  9/21/93 22:41 1       0   11263      95 NTF/CWT     3 CLSD  PROJ  MGTBNET    MORGAN BANK     INITIATE DBU SEP21  
  510797  9/19/93 04:37  9/21/93 22:51 1       0    3626      14 BPLN/CHASS  3 CLSD  ISIS  TYMNET     MORGAN BANK     POWER RESTORE       
  511005  9/20/93 15:19  9/21/93 14:14 2   14062    4174      20 CONFIG CHG  1 CLSD  OTHER TYMNET     MORGAN MELHUISH .                   
  510130  9/15/93 22:45  9/22/93 19:41 2    1934   14562      28 MO.INF.REQ  3 CLSD  CMTI  MGTBNET    MORGAN BANK     HOST DUMP           
  510754  9/19/93 19:12  9/22/93 15:26 2    5166   10064      90 SLT RLOD    3 CLSD  XCOM  MGTBNET    MORGAN BANK     SLOT RELOAD         
  510757  9/19/93 19:15  9/22/93 15:37 2   14211    4057      90 SLT RLOD    3 CLSD  XCOM  MGTBNET    MORGAN BANK     SLOT RELOAD         
  510758  9/19/93 19:23  9/22/93 15:39 2   16039   11260      90 SLT RLOD    3 CLSD  XCOM  MGTBNET    MORGAN BANK     SLOT RELOAD         
  510947  9/20/93 13:16  9/22/93 12:45 2   15452    5044      42 HWARE/VNDR  1 CLSD  XCOM  MGTBNET    MORGAN BANK     HOST SHUT           
  511474  9/22/93 06:00  9/22/93 19:23 1       0    3645      61 DEADENDED   1 CLSD  ISIS  MGTBNET    MORGAN          NODE DOWN           
  511064  9/23/93 02:00  9/23/93 20:39 2   15452   13713      80 PROJECT     3 CLSD  PROJ  MGTBNET    MORGAN BANK     PROJ. 123823EPA     
  510614  9/17/93 19:43  9/24/93 13:32 1       0    4774      24 NEW PTCH    4 CLSD  ISIS  MGTBNET    MORGAN BANK     SLT RELOAD 9/18     
  511837  9/23/93 19:15  9/24/93 15:56 2   11460    3350      40 OP/PCDR ER  1 CLSD  XCOM  MGTBNET    MORGAN BANK     PASSWORD VIOLATION  
  511799  9/25/93 18:39  9/27/93 18:49 2   13149   11246     100 P/L RESET   3 CLSD  XCOM  MGTBNET    MORGAN BANK     SLOT RELOAD         
  511801  9/25/93 15:00  9/27/93 18:45 2    9014   12744     100 P/L RESET   3 CLSD  XCOM  MGTBNET    MORGAN BANK     SLOT RELOAD         
  511962  9/25/93 14:00  9/27/93 18:43 1       0    4551      20 CONFIG CHG  3 CLSD  ISIS  MGTBNET    MORGAN BANK     RELOAD 9/25         
  512027  9/24/93 17:34  9/27/93 18:39 1       0    3467      70 SCHD OUT    1 CLSD  ISIS  MGTBNET    MORGAN BANK     SITE OUTAGE         
  512115  9/25/93 17:20  9/27/93 18:19 2     821    5044      90 SLT RLOD    3 CLSD  XCOM  MGTBNET    MORGAN          SLOT RELOAD 9/25    
  512128  9/25/93 07:43  9/27/93 18:16 1       0    4101      72 CUST. SITE  1 CLSD  ISIS  MGTBNET    MORGAN          CONFRMD POWER       
  512132  9/25/93  8:39  9/26/93  4:12 1       0    4101      92 NODE RLOD   1 CLSD  ISIS  TYMNET     JP MORGAN       N=1 JPMORGAN dwn    
  512137  9/25/93 09:42  9/27/93 13:15 2    1132    6270      44 DOWNTIME    1 CLSD  XCOM  MGTBNET    MORGAN          HOST SHUT           
  512155  9/25/93 16:07  9/27/93 18:09 2    1934   14562      44 DOWNTIME    3 CLSD  CMTI  MGTBNET    MORGAN BANK     SLOT RELOAD         
  512156  9/25/93 16:06  9/27/93 18:07 2    1934   13463      44 DOWNTIME    3 CLSD  CMTI  MGTBNET    MORGAN BANK     SLOT RELOAD         
  512174  9/25/93 22:15  9/26/93 19:55 2    3069    5044      44 DOWNTIME    1 CLSD  XCOM  MGTBNET    MORGAN BANK     SHUT ON 2 NODES     
  512226  9/25/93 21:15  9/27/93 18:00 2    1939    6437      44 DOWNTIME    4 CLSD  XCOM  MGTBNET    MORGAN BANK     SLOT OUTAGE         
  512240  9/26/93 20:00  9/27/93 17:56 2    4466    4551      44 DOWNTIME    1 CLSD  XCOM  MGTBNET    MORGAN BANK     HOST SHUT           
  512305  9/27/93  8:51  9/27/93 10:11 1       0    3467      10 PWR SUPPLY  1 CLSD  ISIS  TYMNET     JP MORGAN       NODES DOWN          
  512349  9/27/93 12:44  9/27/93 22:11 2   11460    3350      40 OP/PCDR ER  1 CLSD  XCOM  MGTBNET    MORGAN BANK     SEC. VIOLATION      
  512386  9/27/93 14:54  9/27/93 17:49 2   10922    7372      44 DOWNTIME    1 CLSD  XCOM  MGTBNET    MORGAN BANK     HOST SHUT           
  511764  9/23/93 13:44  9/28/93 16:02 2   11460    3350      28 MO.INF.REQ  1 CLSD  CDM   MGTBNET    MORGAN BANK     SECURITY REPORTS    
  511858  9/23/93 21:30  9/28/93 23:01 2   11460    3350      41 SWARE/VNDR  1 CLSD  CDM   MGTBNET    MORGAN BANK     SECURITY MONITOR    
  512343  9/27/93 12:23  9/28/93 15:55 2   11460    3350      62 VALIDATION  2 CLSD  CDM   MGTBNET    MORGAN BANK     SECURITY REPORTS    
  512352  9/27/93 13:23  9/28/93 15:24 2    5787   10064      95 NTF/CWT     1 CLSD  XCOM  MGTBNET    MORGAN BANK     ECHO PROB           
  512360  9/27/93 13:56  9/28/93 13:02 2   11460    3350      40 OP/PCDR ER  1 CLSD  XCOM  MGTBNET    MORGAN BANK     SECURITY VIOLATION  
  512439  9/27/93 18:31  9/28/93 13:03 2   15151    4057      42 HWARE/VNDR  2 CLSD  XCOM  MGTBNET    MORGAN BANK     H-15151 SHUT        
  512534  9/27/93 22:44  9/28/93 15:31 1       0    3426      95 NTF/CWT     1 CLSD  PROJ  MGTBNET    MORGAN BANK     MONITOR 9/28        
  512544  9/27/93 23:45  9/28/93 13:13 2    4709    6201      96 SLOT H&E    4 CLSD  XCOM  MGTBNET    MORGAN BANK     SLOT H/E            
  512550  9/27/93 23:50  9/28/93 13:14 2    4402    4551      44 DOWNTIME    1 CLSD  XCOM  MGTBNET    MORGAN BANK     HOST SHUT           
  510512  9/17/93 13:53  9/29/93 14:56 1       0    4774      20 CONFIG CHG  3 CLSD  PROJ  MGTBNET    MORGAN BANK     RELOAD 9/25         
  512651  9/28/93 13:32  9/29/93 13:41 2   11460    3350      40 OP/PCDR ER  1 CLSD  XCOM  MGTBNET    MORGAN BANK     SECURITY VIOLATION  
  512666  9/28/93 23:18  9/29/93 13:29 2    9014   12744      80 PROJECT     4 CLSD  XCOM  MGTBNET    MORGAN BANK     BTUK SLOT RELOAD    
  512670  9/28/93 14:29  9/29/93 13:32 2    8559   12744      80 PROJECT     4 CLSD  XCOM  MGTBNET    MORGAN BANK     BTUK SLOT RELOAD    
  512763  9/28/93 20:11  9/29/93 13:30 2    9024   14341      98 CWT         1 CLSD  XCOM  MGTBNET    MORGAN BANK     HOST SHUT           
  513057  9/29/93 20:38  9/29/93 20:53 2     830    2033      80 PROJECT     3 CLSD  XCOM  MGTBNET    MORGAN BANK     SLOT LOAD           
  512441  9/27/93 18:41  9/30/93 17:38 2   11934   11265      42 HWARE/VNDR  1 CLSD  CONST MGTBNET    MORGAN BANK     BOGUS PLI           
  513063  9/29/93 21:11  9/30/93 13:13 2    3460   11303      96 SLOT H&E    4 CLSD  SDLC  MGTBNET    MORGAN BANK     SLOT H/E            
  513142  9/30/93  8:30  9/30/93  8:38 1       0    5525      99 TRACKING    2 CLSD  DIALU TYMNET     JP MORGAN       JP MORGAN           
  500062  7/27/93 06:32 10/ 1/93 13:40 1       0    5742      31 SYNC MODEM  1 CLSD  ISIS  MGTBNET    MORGAN BANK     WAITING ON MODEM    
  512973  9/29/93 15:41 10/ 1/93 13:49 2    9024   14341      95 NTF/CWT     1 CLSD  XCOM  MGTBNET    MORGAN BANK     MONITOR 10/1        
  513158  9/30/93 09:39 10/ 1/93 13:47 2   11460    3350      40 OP/PCDR ER  1 CLSD  XCOM  MGTBNET    MORGAN BANK     PASSWORD VIOLATION  
  513261  9/30/93 17:49 10/ 1/93 13:45 2   11460    3350      40 OP/PCDR ER  1 CLSD  XCOM  MGTBNET    MORGAN BANK     PASSWORD VIOLATION  
  510327  9/16/93 19:02 10/ 4/93 13:57 1       0    5742      21 VRSN UPGRD  3 CLSD  ISIS  MGTBNET    MORGAN BANK     CODE UPGRADE        
  512769  9/28/93 21:21 10/ 4/93 13:51 1       0    2247      21 VRSN UPGRD  3 CLSD  PXL   MGTBNET    MORGAN BANK     NODE LOADS          
  512868  9/29/93 08:48 10/ 4/93 13:49 2   10922    7372      41 SWARE/VNDR  1 CLSD  XCOM  MGTBNET    MORGAN BANK     HOST SHUT           
  513282 10/ 2/93 10:00 10/ 4/93 13:53 1       0    5525      44 DOWNTIME    3 CLSD  PROJ  MGTBNET    MORGAN BANK     SCHED OUT 10/02     
  513450 10/ 1/93 14:00 10/ 5/93  1:05 2   11460    3350      94 DOCUMENTN   2 CLSD  CDM   MGTBNET    MORGAN BANK     NO SECURITY RPTS    
  513469 10/ 1/93 15:20 10/ 4/93 13:49 2   11460    3350      40 OP/PCDR ER  1 CLSD  XCOM  MGTBNET    MORGAN BANK     P.W. VIOLATION      
  513524 10/ 2/93 15:31 10/ 4/93 13:47 1       0    3467      21 VRSN UPGRD  3 CLSD  ISIS  MGTBNET    MORGAN BANK     NODE LOAD           
  513623 10/ 2/93 13:02 10/ 4/93 13:40 2     971    4717      44 DOWNTIME    1 CLSD  XCOM  MGTBNET    MORGAN BANK     HOST SHUT           
  513624 10/ 2/93 13:02 10/ 4/93 13:47 2     821    5044      44 DOWNTIME    1 CLSD  XCOM  MGTBNET    MORGAN BANK     HOST SHUT           
  513630 10/ 2/93 15:46 10/ 4/93 13:33 1       0    3142      51 ANALOG      1 CLSD  ISIS  MGTBNET    MORGAN BANK     NODES DOWN          
  513691 10/ 3/93 21:35 10/ 4/93 13:31 2    4784    6201      44 DOWNTIME    1 CLSD  XCOM  MGTBNET    MORGAN BANK     HOST SHUT           
  510559  9/17/93 16:26 10/ 5/93 22:17 2   11460    3350      94 DOCUMENTN   2 CLSD  CDM   MGTBNET    MORGAN BANK     SEC. RPT. PROB.     
  514090 10/ 5/93 15:22 10/ 5/93 22:13 1       0    4101      95 NTF/CWT     1 CLSD  ISIS  MGTBNET    MORGAN BANK     NODE DOWN           
  514100 10/ 5/93 16:04 10/ 5/93 17:40 1   11951    4101      51 ANALOG      1 CLSD  ATC   TYMNET     JP MORGAN       c=jp morgan         
  514161 10/ 5/93 19:48 10/ 5/93 23:20 3      19    1296      98 CWT         1 CLSD  FRE   TYMNET     MORGAN LEWIS &  ML&B_NOR/19.4       
  511130  9/20/93 21:29 10/ 6/93  3:48 1       0   12744      97 REF-OTH-TK  3 CLSD  TURBO MGTBNET    MORGAN BANK     FAO R.BILLINHAM     
  511189  9/21/93  2:25 10/ 6/93 12:47 1       0    3645      97 REF-OTH-TK  3 CLSD  ISIS  MGTBNET    MORGAN BANK     SEE TKT 511395      
  511191  9/21/93  2:26 10/ 6/93 12:48 1       0    3426      97 REF-OTH-TK  3 CLSD  ISIS  MGTBNET    MORGAN BANK     SEE TKT 511395      
  513978 10/ 5/93  2:50 10/ 6/93 13:29 2   13724    5044      42 HWARE/VNDR  1 CLSD  XCOM  MGTBNET    MORGAN BANK     HOST SHUT           
  514097 10/ 5/93 16:03 10/ 6/93  8:40 1   11951    4101      97 REF-OTH-TK  1 CLSD  ATC   TYMNET     JPMORGAN        jpmorgan            
  514335 10/ 6/93 11:53 10/ 6/93 13:27 2    4784    6201      44 DOWNTIME    1 CLSD  XCOM  MGTBNET    MORGAN BANK     HOST SHUT           
  514501 10/ 6/93 17:10 10/ 6/93 20:53 1       0   15125      95 NTF/CWT     3 CLSD  ATC   MGTBNET    MORGAN BANK     NODE OUTAGE         
  514353 10/ 6/93 14:00 10/ 7/93 12:31 2   11460    3350      13 PERIPHERAL  1 CLSD  CDM   MGTBNET    MORGAN BANK     NO SECURITY REPORTS 
  514439 10/ 6/93 16:50 10/ 7/93 12:22 2   11460    3350      40 OP/PCDR ER  1 CLSD  XCOM  MGTBNET    MORGAN BANK     P.W. VIOLATION      
  498207  7/16/93 20:33 10/ 8/93 20:02 3      19    1296      22 VRSN DNGRD  3 CLSD  FRE   TYMNET     MORGAN LEWIS    "JAY" OR "TTY"      
  513752 10/ 4/93 06:04 10/ 8/93 15:17 2    1934    6516      97 REF-OTH-TK  1 CLSD  CMTI  MGTBNET    MORGAN BANK     SLOT 3-ILL MEM REF  
  514622 10/ 7/93 12:06 10/ 8/93 14:17 2   11460    3350      40 OP/PCDR ER  1 CLSD  XCOM  MGTBNET    MORGAN BANK     P.W. VIOLATION      
  514628 10/ 7/93 12:59 10/ 8/93 18:15 3    6577    6577      95 NTF/CWT     3 CLSD  DIALU MGTBNET    MORGAN BANK     NSSC TO CLOSE       
  514679 10/ 7/93 15:53 10/ 8/93 15:04 2   11460    3350      40 OP/PCDR ER  1 CLSD  XCOM  MGTBNET    MORGAN BANK     P.W. VIOLATION      
  514707 10/ 7/93 17:41 10/ 8/93 15:07 2   11460    3350      40 OP/PCDR ER  1 CLSD  XCOM  MGTBNET    MORGAN BANK     P.W. VIOLATION      
  514740 10/ 7/93 19:29 10/ 8/93 15:52 1       0    5742      42 HWARE/VNDR  1 CLSD  ISIS  MGTBNET    MORGAN BANK     NODE DOWN           
  514449 10/ 6/93 17:45 10/11/93 21:33 3      19    1296      95 NTF/CWT     1 CLSD  FRE   TYMNET     MORGAN LEWIS &                      
  514828 10/ 8/93 09:27 10/11/93 14:06 2    1922    3527      42 HWARE/VNDR  1 CLSD  XCOM  MGTBNET    MORGAN BANK     HOST SHUT           
  515061 10/ 9/93 15:56 10/ 9/93 18:09 1       0   11265      80 PROJECT     1 CLSD  SDB   TYMNET     JP MORGAN       N=1 NODE DOWN.      
  515267 10/11/93 14:43 10/11/93 18:00 2    5166   10064      44 DOWNTIME    1 CLSD  XCOM  MGTBNET    MORGAN BANK     HOST SHUT           
  510030  9/28/93 21:00 10/12/93 16:18 3   15014   11712      51 ANALOG      4 CLSD  19.2  MGTBNET    MORGAN BANK     CKT CUT 9/28        
  512774  9/28/93 21:29 10/12/93 16:31 1       0   11264      80 PROJECT     3 CLSD  PROJ  MGTBNET    MORGAN BANK     NODE LOAD           
  512777  9/28/93 21:35 10/12/93 16:17 1       0   11265      80 PROJECT     3 CLSD  PROJ  MGTBNET    MORGAN BANK     NODE LOAD           
  512812  9/29/93 02:00 10/12/93 16:33 2    4709    6201      96 SLOT H&E    4 CLSD  XCOM  MGTBNET    MORGAN BANK`    TRACE NEXT OCCUR.   
  514054 10/ 5/93 13:13 10/12/93 16:33 1       0    5044      80 PROJECT     3 CLSD  PROJ  MGTBNET    MORGAN BANK     NODE LOAD           
  514390 10/12/93 02:00 10/12/93 16:37 1       0    4512      80 PROJECT     3 CLSD  PROJ  MGTBNET    MMORGAN BANK   ATTN: SWINGS        
  514644 10/ 7/93 14:00 10/12/93 17:05 2   11460    3350      62 VALIDATION  2 CLSD  CDM   MGTBNET    MORGAN BANK     NO SECURITY REPORTS 
  514713 10/ 9/93 10:00 10/12/:24 1       0    5525      44 DOWNTIME    3 CLSD  PROJ  MGTBNET    MORGAN BANK     HK SITE OUTAGE      
  514717 10/ 9/93 14:00 10/12/93 16:31 1       0   10001      44 DOWNTIME    3 CLSD  PROJ  MGTBNET    MORGAN BANK     NY SITE OUTAGE      
  514940 10/ 9/93 16:46 10/12/93 16:56 1       0    6743      80 PROJECT     3 CLSD  PROJ  MGTBNET    MORGAN BANK     NODE LOAD           
  514943 10/ 9/93 13:04 10/12/93 17:46 2     605    4717      20 CONFIG CHG  1 CLSD  XCOM  MGTBNET    MORGAN BANK     SLOT LOAD           
  515020 10/ 9/93 04:49 10/12/93 14:02 3    6063    4774      98 CWT         2 CLSD  56KB  MGTBNET    MORGAN BANK     4774 TO 6063 DOWN   
  515093 10/10/93 01:37 10/12/93  3:44 2    4402    4551      42 HWARE/VNDR  1 CLSD  XCOM  MGTBNET    MORGAN BANK     O/T MCC             
  515389 10/12/93 01:37 10/12/93 21:03 2   11460    3350      40 OP/PCDR ER  1 CLSD  XCOM  MGTBNET    MORGAN BANK     PASSWORD VIOLATIONS 
  487007  5/21/93 18:17 10/13/93 21:45 2     913    2027      24 NEW PTCH    3 CLSD  XCOM  MGTBNET    MORGAN BANK     O/T CUST            
  512711  9/28/93 17:57 10/13/93 13:06 1       0    4551      20 CONFIG CHG  3 CLSD  TII   MGTBNET    JP MORGAN       NTS TO CLOSE        
  515772 10/13/93 06:39 10/13/93 12:43 2   14393   11264      95 NTF/CWT     3 CLSD  XCOM  MGTBNET    MORGAN          TRACKING H14393     
  515538 10/12/93 15:46 10/14/93 15:40 1       0   15125      42 HWARE/VNDR  1 CLSD  ATC   MGTBNET    MORGAN BANK     MONITOR ATC         
  515918 10/13/93 20:54 10/14/93 13:38 2   11460    3350      40 OP/PCDR ER  1 CLSD  XCOM  MGTBNET    MORGAN BANK     PASSWORD VIOLATIONS 
  516064 10/14/93 13:44 10/14/93 18:50 2   11460    3350      40 OP/PCDR ER  1 CLSD  XCOM  MGTBNET    MORGAN BANK     PASSWORD VIOL       
  516021 10/14/93 08:41 10/15/93 21:22 2   11229    6516      90 SLT RLOD    1 CLSD  SNA   MGTBNET    MORGAN          HOST 11229          
  516249 10/15/93 07:04 10/15/93  7:42 2    4466    4551      42 HWARE/VNDR  3 CLSD  XCOM  MGTBNET    MORGAN          MONITOR             
  516305 10/15/93 12:12 10/15/93 13:59 1       0   10540      72 CUST. SITE  1 CLSD  ISIS  MGTBNET    MORGAN BANK     NODE DOWN           
  512735 10/ 1/93 14:00 10/18/93 14:44 2   16324    3645      21 VRSN UPGRD  1 CLSD  CONST MGTBNET    MORGAN BANK     SLOT OUTAGE         
  515905 10/13/93 17:19 10/18/93 14:38 2   16307   11303      24 NEW PTCH    1 CLSD  BBXS  MGTBNET    MORGAN BANK     SLOT 3 CRASH        
  516101 10/14/93 15:25 10/18/93 13:35 1       0   11265      50 DIAL-UP     3 CLSD  SDB   MGTBNET    MORGAN BANK     DBU RNA             
  516319 10/16/93 17:03 10/18/93 13:29 1       0    2577      44 DOWNTIME    3 CLSD  PROJ  MGTBNET    MORGAN BANK     SITE OUTAGE         
  516401 10/16/93 00:00 10/18/93 17:27 1       0   11712      99 TRACKING    3 CLSD  PROJ  MGTBNET    MORGAN BANK     SITE OUTAGE 10/16   
  516556 10/16/93 22:33 10/18/93 13:24 2    2586    3527      44 DOWNTIME    1 CLSD  XCOM  MGTBNET    MORGAN BANK     H2586 SHUT.TRACKING 
  516560 10/16/93 23:35 10/18/93 13:19 2   11460    3350      99 TRACKING    1 CLSD  XCOM  MGTBNET    MORGAN BANK     GROUP 19 VIOLATION  
  516566 10/17/93 00:37 10/18/93 13:16 2   13149   11246      44 DOWNTIME    1 CLSD  XCOM  MGTBNET    MORGAN BANK     HOST SHUT           
  516609 10/17/93 20:44 10/18/93 13:12 1       0    5742      44 DOWNTIME    1 CLSD  ISIS  MGTBNET    MORGAN BANK     NODE DOWN           
  501920  8/ 5/93 00:08 10/19/93 14:53 2    1934   14562      27 NSR SBMTTD  1 CLSD  CMTI  MGTBNET    MORGAN BANK     TOKYO CALL 10/18    
  516371 10/15/93 15:55 10/19/93 13:36 2    1282   12346      12 CABLE       2 CLSD  XCOM  MGTBNET    MORGAN BANK     NO DTR              
  516411 10/15/93 13:42 10/19/93 13:15 2    6642    2577      42 HWARE/VNDR  1 CLSD  XCOM  MGTBNET    MORGAN BANK     HOST SHUT           
  516421 10/19/93 02:00 10/19/93 13:37 1       0    4774      80 PROJECT     3 CLSD  PROJ  MGTBNET    MORGAN BANK     PROJ. 128489EVA     
  516577 10/17/93 10:08 10/19/93 19:09 1       0   15656      72 CUST. SITE  3 CLSD  ISIS  MGTBNET    MORGAN BANK     POWER RESTORE       
  516733 10/18/93 12:41 10/19/93 13:43 2   11460    3350      40 OP/PCDR ER  1 CLSD  XCOM  MGTBNET    MORGAN BANK     P.W. VIOLATION      
  516802 10/18/93 18:25 10/19/93 13:45 2   11460    3350      40 OP/PCDR ER  1 CLSD  XCOM  MGTBNET    MORGAN BANK     P.W. VIOLATION      
  517154 10/20/93 00:20 10/20/93  1:17 2   12612    3142      42 HWARE/VNDR  1 CLSD  XCOM  MGTBNET    MORGAN BANK     HOST SHUT           
  517155 10/20/93 00:20 10/20/93  1:19 2    1922    3527      42 HWARE/VNDR  1 CLSD  XCOM  MGTBNET    MORGAN BANK     HOST SHUT           
  517156 10/20/93 00:20 10/20/93  1:20 2    1922    3142      42 HWARE/VNDR  1 CLSD  XCOM  MGTBNET    MORGAN BANK     HOST SHUT           
  517157 10/20/93 00:21 10/20/93  1:21 2    8559   12744      42 HWARE/VNDR  1 CLSD  XCOM  MGTBNET    MORGAN BANK     HOST SHUT           
  517158 10/20/93 00:22 10/20/93  1:22 2   13133    7476      42 HWARE/VNDR  1 CLSD  XCOM  MGTBNET    MORGAN BANK     HOST SHUT           
  516838 10/20/93 15:00 10/21/93 13:04 1       0   11033      80 PROJECT     3 CLSD  PROJ  MGTBNET    MORGAN BANK     INST.HOSTS 4628,4626
  517134 10/19/93 22:25 10/21/93 13:05 2    8730    3527      42 HWARE/VNDR  1 CLSD  XCOM  MGTBNET    MORGAN BANK     HOST SHUT           
  517256 10/20/93 12:42 10/21/93 13:06 1       0    5525      61 DEADENDED   1 CLSD  9.6   MGTBNET    MORGAN BANK     NODE DOWN           
  517281 10/20/93 13:42 10/21/93 13:01 2   11460    3350      40 OP/PCDR ER  1 CLSD  XCOM  MGTBNET    MORGAN BANK     P.W. VIOLATION      
  517401 10/20/93 22:59 10/21/93 13:13 2    8559   12744      90 SLT RLOD    3 CLSD  XCOM  MGTBNET    MORGAN BANK     SLOT OUTAGE         
  514776 10/ 7/93 23:52 10/25/93 13:21 1       0    3527      20 CONFIG CHG  3 CLSD  CONST MGTBNET    MORGAN BANK     LOAD NODE SAT 10/23 
  516787 10/18/93 17:23 10/26/93  0:22 2   17449   11477      90 SLT RLOD    1 CLSD  XCOM  TYMNET     MORGAN STANLEY  .                   
  517956 10/23/93 16:10 10/23/93 20:05 1       0   11265      97 REF-OTH-TK  1 CLSD  ISIS  TYMNET     JP MORGAN       NC MORGAN DOWN      
  518169 10/25/93 15:31 10/25/93 18:12 2    3522   14231      40 OP/PCDR ER  1 CLSD  XCOM  TYMNET     MORGAN STANLEY  .                   
  518207 10/25/93 17:46 10/25/93 19:46 2   16341   11260      42 HWARE/VNDR  3 CLSD  CONST MGTBNET    MORGAN BANK     SHUT/ANSWERED       
  518422 10/26/93 17:41 10/26/93 18:30 2    3069    5044      40 OP/PCDR ER  1 CLSD  XCOM  MGTBNET    MORGAN BANK     HOST SHUT           
  517327 10/20/93 16:26 10/28/93  2:35 2    1258    5044      43 CHANGE      3 CLSD  XCOM  MGTBNET    MORGAN BANK     MORCOM CONTINGENCY  
  517670 10/21/93 19:27 10/27/93 22:26 2    3441    6437      44 DOWNTIME    1 CLSD  XCOM  MGTBNET    MORGAN BANK     HOST 3441 SHUT      
  517741 10/22/93 07:29 10/27/93 22:25 2    4466    4551      44 DOWNTIME    1 CLSD  XCOM  MGTBNET    MORGAN BANK     HOST SHUT           
  517931 10/23/93 04:05 10/27/93 22:24 1       0    5525      71 UNSCHD OUT  1 CLSD  ISIS  MGTBNET    MORGAN BANK     NODE DOWN           
  517934 10/23/93 07:59 10/27/93 22:22 1       0   11265      72 CUST. SITE  1 CLSD  ISIS  MGTBNET    MORGAN BANK     NODE DOWN           
  517987 10/24/93 00:19 10/27/93 22:18 2    2586    3527      44 DOWNTIME    1 CLSD  XCOM  MGTBNET    MORGAN BANK     HOST SHUT           
  518392 10/31/91 18:20 11/ 1/93 17:43 1       0   11260      92 CHANGE      1 CLSD  PROJ  MGTBNET    MORGAN BANK     NODE OUTAGE         
  518539 10/27/93 10:35 11/ 1/93 16:47 2    1934   13463      91 SDUMP&RLOD  1 CLSD  CMTI  MGTBNET    MORGAN BANK     SLOT 2-ILL MEM REF  
  518874 10/28/93 15:19 11/ 1/93 17:39 2   11460    3350      40 OP/PCDR ER  1 CLSD  XCOM  MGTBNET    MORGAN BANK     PASS VIO            
  518908 10/31/93 18:12 11/ 1/93 17:37 2   16157   13463      90 SLT RLOD    4 CLSD  PROJ  MGTBNET    MORGAN BANK     SLOT OUTAGE         
  518910 10/31/93 18:16 11/ 1/93 17:33 2    1934   13463      90 SLT RLOD    4 CLSD  PROJ  MGTBNET    MORGAN BANK     SLOT OUTAGE         
  518911 10/31/93 18:12 11/ 1/93 17:32 2    1934   14562      90 SLT RLOD    4 CLSD  PROJ  MGTBNET    MORGAN BANK     SLOT OUTAGE         
  518913 10/31/93 18:10 11/ 1/93 17:30 2    1934    6516      90 SLT RLOD    4 CLSD  PROJ  MGTBNET    MORGAN BANK     SLOT OUTAGE         
  519243 10/31/93 23:21 11/ 2/93 17:00 1       0   11264      71 UNSCHD OUT  3 CLSD  ISIS  MGTBNET    MORGAN BANK     suspected power     
  519304 11/ 1/93 13:40 11/ 2/93 14:55 2   11460    3350      40 OP/PCDR ER  1 CLSD  XCOM  MGTBNET    MORGAN BANK     pass violation      
  519705 11/ 2/93 19:26 11/ 3/93 14:05 2   11460    3350      40 OP/PCDR ER  1 CLSD  XCOM  MGTBNET    MORGAN BANK     PASS VIOLATIOM      
  519787 11/ 3/93 04:59 11/ 3/93  6:01 1       0   10540      72 CUST. SITE  3 CLSD  ISIS  MGTBNET    MORGAN BANK     SITE OUTAGE         
  519835 11/ 3/93 09:05 11/ 3/93 11:07 1       0    5525      72 CUST. SITE  3 CLSD  ISIS  MGTBNET    MORGAN BANK     1'ST UNCONF.PWR.    
  518557 11/ 4/93 03:00 11/ 4/93 19:43 1       0   11033      80 PROJECT     3 CLSD  PROJ  MGTBNET    MORGAN BANK     PROJ. 128833EWP     
  519788 11/ 3/93 05:03 11/ 4/93 14:34 1       0    3645      71 UNSCHD OUT  1 CLSD  ISIS  MGTBNET    MORGAN BANK     NODE OUTAGE         
  519985 11/ 3/93 20:02 11/ 4/93 18:46 1       0    5742      42 HWARE/VNDR  1 CLSD  ISIS  MGTBNET    MORGAN BANK     NODE DROPPED        
  520172 11/ 4/93 13:09 11/ 4/93 15:49 2    2780   11265      95 NTF/CWT     3 CLSD  XCOM  MGTBNET    MORGAN BANK     S/3 PARITY ERROR    
  517384 10/20/93 21:16 11/ 5/93 17:41 3   10064    3303      80 PROJECT     4 CLSD  19.2  MGTBNET    MORGAN BANK     CKT REL 11/4        
  519620 11/ 2/93 15:18 11/ 5/93 16:58 1       0    6270      20 CONFIG CHG  3 CLSD  PROJ  MGTBNET    MORGAN BANK     NEW MREF PI         
  520188 11/ 4/93 13:45 11/ 5/93 17:38 2   11460    3350      40 OP/PCDR ER  1 CLSD  XCOM  MGTBNET    MORGAN BANK     PASS VIOL           
  519872 11/ 7/93 19:00 11/ 8/93 20:51 2    3637   14562      80 PROJECT     3 CLSD  PROJ  MGTBNET    MORGAN BANK     NODE OUTAGE         
  519977 11/ 4/93 03:00 11/ 8/93 14:28 3    6063    4774      80 PROJECT     3 CLSD  PROJ  MGTBNET    MORGAN BANK     LINE OUTAGE         
  519980 11/ 3/93 20:01 11/ 8/93 20:52 1       0   11264      80 PROJECT     3 CLSD  ISIS  MGTBNET    MORGAN BANK     RELOAD 11/6         
  520134 11/ 4/93 10:19 11/ 8/93 18:03 1       0    2765      62 VALIDATION  1 CLSD  ISIS  TYMNET     J P MORGAN      PLEASE ACCEPT       
  520267 11/ 5/93 04:00 11/ 8/93 22:04 2    9024    4774      80 PROJECT     3 CLSD  PROJ  TYMNET     MORGAN BANK     NODE OUTAGE 11/6    
  520274 11/ 7/93 04:00 11/ 8/93 14:42 2    9021    6270      80 PROJECT     3 CLSD  PROJ  MGTBNET    MORGAN BANK     NODE OUTAGE 11/6    
  520443 11/ 5/93 14:54 11/ 8/93 15:05 2   11460    3350      28 MO.INF.REQ  1 CLSD  CDM   MGTBNET    MORGAN BANK     SECURITY REPORTS    
  520482 11/ 5/93 16:22 11/ 6/93 16:40 1       0    7476      95 NTF/CWT     3 CLSD  TURBO MGTBNET    MORGAN BANK     LINK PROBS ON NODE  
  520569 11/ 5/93 22:58 11/ 8/93 20:55 2    9024   14341      20 CONFIG CHG  3 CLSD  XCOM  MGTBNET    MORGAN BANK     SLOT OUTAGE         
  520566 11/ 5/93 22:51 11/ 8/93 20:56 2    1058    4774      80 PROJECT     3 CLSD  XCOM  MGTBNET    MORGAN BANK     RELOAD 11/6         
  520628 11/ 6/93 13:42 11/ 8/93 14:47 2     689    4717      44 DOWNTIME    1 CLSD  XCOM  MGTBNET    MORGAN BANK     HOST SHUT           
  520635 11/ 6/93 15:05 11/ 8/93 20:58 1       0   15656      80 PROJECT     3 CLSD  PROJ  MGTBNET    MORGAN BANK     NODE RELOAD         
  520663 11/ 7/93 08:44 11/ 8/93 14:52 2    1934   14562      44 DOWNTIME    1 CLSD  CMTI  MGTBNET    MORGAN BANK     HOST SHUT           
  520665 11/ 7/93 08:47 11/ 8/93 14:54 2    1934   13463      44 DOWNTIME    1 CLSD  CMTI  MGTBNET    MORGAN BANK     HOST SHUT           
  520699 11/ 7/93 19:00 11/ 8/93 15:36 2    1934    6516      20 CONFIG CHG  3 CLSD  CMTI  MGTBNET    MORGAN BANK     SLOT RELOAD         
  520700 11/ 7/93 19:00 11/ 8/93 15:31 2    1934   13463      90 SLT RLOD    3 CLSD  CMTI  MGTBNET    MORGAN BANK     SLOT RELOAD         
  520827 11/ 8/93 11:32 11/ 8/93 21:59 3       1       1      11 BOARD       2 CLSD  DIALU TYMNET     MORGAN STANLEY  MARSEILLE/DIALUP    
  519858 11/ 3/93 13:36 11/ 9/93 16:13 2    1934    6516      40 OP/PCDR ER  3 CLSD  CMTI  MGTBNET    MORGAN BANK     ILL MEM REF 1934    
  521086 11/ 9/93 08:32 11/ 9/93 18:43 1       0   10540      61 DEADENDED   2 CLSD  ISIS  MGTBNET    MORGAN BANK     NEIGHBOR NODE DOWN  
  520485 11/ 9/93 11:00 11/10/93 15:27 1       0    5525      80 PROJECT     3 CLSD  PROJ  MGTBNET    MORGAN BANK     NCN #993095         
  521360 11/10/93 09:52 11/10/93 16:50 2    9014   12744      42 HWARE/VNDR  1 CLSD  XCOM  MGTBNET    MORGAN BANK     HOSTS SHUT          
  521421 11/10/93 17:28 11/10/93 17:39 2    3458   11303      96 SLOT H&E    3 CLSD  SDLC  MGTBNET    MORGAN BANK     SLOT OUTAGE         
  518720 10/28/93  2:25 11/11/93  3:43 1       0    5525      80 PROJECT     4 CLSD  PROJ  MGTBNET    MORGAN BANK     REQUEST RELOAD      
  521001 11/ 8/93 23:35 11/11/93 20:56 1       0    7406      95 NTF/CWT     3 CLSD  ISIS  TYMNET     MORGAN BANK     MONITOR             
  521159 11/ 9/93 15:42 11/11/93 16:36 2   12125   12346      15 SETUP PROB  3 CLSD  BBXS  MGTBNET    MORGAN BANK     NO ACCESS           
  521243 11/ 9/93 21:00 11/11/93 14:45 2    9014   12744      20 CONFIG CHG  3 CLSD  XCOM  MGTBNET    MORGAN BANK     PLS ACCEPT          
  521419 11/10/93 17:19 11/11/93 16:17 2   11460    3350      40 OP/PCDR ER  1 CLSD  XCOM  MGTBNET    MORGAN BANK     PASSWORD VIOLATIONS 
  521601 11/11/93 14:45 11/11/93 16:52 2   15151    4057      44 DOWNTIME    3 CLSD  XCOM  MGTBNET    MORGAN BANK     SLOT H/E            
  520516 11/11/93 09:00 11/12/93 14:04 2    9021   14603      80 PROJECT     3 CLSD  PROJ  MGTBNET    MORGAN BANK     PROJ 112925.EMN12  
  521065 11/ 9/93 07:47 11/12/93 14:07 3    4101    2200      95 NTF/CWT     2 CLSD  56KB  MGTBNET    MORGAN BANK     MONITOR 11/11       
  521207 11/11/93 07:00 11/12/93 14:02 1       0    4101      80 PROJECT     3 CLSD  PROJ  MGTBNET    MORGAN BANK     11/11 INT DBU 07:00Z
  521385 11/10/93 14:11 11/12/93 13:59 2   14913    7372      51 ANALOG      2 CLSD  XCOM  MGTBNET    MORGAN BANK     JPM BNS TO ATTEND   
  521513 11/11/93  2:14 11/13/93  0:33 2    8559   12744      11 BOARD       1 CLSD  XCOM  MGTBNET    MORGAN BANK     MONITOR N-12744     
  521811 11/12/93 12:53 11/12/93 18:22 3   10534    3527      97 REF-OTH-TK  2 CLSD  19.2  MGTBNET    MORGAN BANK     CKT DOWN            
  520962 11/ 8/93 19:51 11/15/93 14:10 1       0   10540      20 CONFIG CHG  3 CLSD  ISIS  MGTBNET    MORGAN BANK     NODE OUTAGE         
  521244 11/ 9/93 21:06 11/15/93 14:29 2   13149   11246      20 CONFIG CHG  3 CLSD  XCOM  MGTBNET    MORGAN BANK     RELOAD 14/11        
  521463 11/13/93 03:00 11/15/93 19:33 1       0    6150      80 PROJECT     3 CLSD  PROJ  MGTBNET    MORGAN BANK     PROJ. 121039ENY     
  521619 11/12/93 23:00 11/15/93 19:36 1       0    4551      70 SCHD OUT    3 CLSD  PROJ  MGTBNET    MORGAN BANK     LINK OUTAGE         
  521790 11/12/93 11:17 11/15/93 14:08 1       0    3467      40 OP/PCDR ER  3 CLSD  ISIS  MGTBNET    JP-MORGAN       SZ.JP-MORGAN        
  521925 11/12/93 22:10 11/15/93 17:09 1       0   13463      20 CONFIG CHG  4 CLSD  ISIS  MGTBNET    MORGAN BANK     NODE LOAD 11/14     
  521928 11/12/93 22:15 11/15/93 17:03 1       0    6516      80 PROJECT     4 CLSD  ISIS  MGTBNET    MORGAN BANK     NODE LOAD 11/14     
  521984 11/13/93 12:54 11/15/93 14:13 1       0    5742      42 HWARE/VNDR  1 CLSD  ISIS  MGTBNET    MORGAN BANK     NODE DOWN           
  522026 11/14/93 01:10 11/15/93 14:31 2    8559   12744      20 CONFIG CHG  3 CLSD  XCOM  MGTBNET    MORGAN BANK     SLOT OUTAGE         
  522168 11/15/93  9:42 11/15/93 11:32 2    6886    4101      44 DOWNTIME    1 CLSD  XCOM  MGTBNET    MORGAN BANK     HOST SHUT           
  522245 11/15/93 15:13 11/16/93 14:06 2   11460    3350      40 OP/PCDR ER  1 CLSD  XCOM  MGTBNET    MORGAN BANK     PASS VIOLATION      
  522347 11/15/93 20:18 11/16/93 15:24 2    3069    6437      28 MO.INF.REQ  3 CLSD  XCOM  MGTBNET    MORGAN BANK     SLOT CRASHED        
  522622 11/16/93 21:02 11/16/93 21:28 1       0   11265      99 TRACKING    3 CLSD  ISIS  MGTBNET    MORGAN BANK     LINK DROPPED        
  497590  7/14/93 16:14 11/17/93 14:52 2    4110    5742      92 NODE RLOD   1 CLSD  CONST MGTBNET    MORGAN BANK     STATUS 10/14        
  522667 11/17/93 02:33 11/17/93 17:39 3   10001    6743      51 ANALOG      2 CLSD  9.6   MGTBNET    MORGAN BANK     LINK DOWN           
  522782 11/17/93 15:08 11/17/93 17:02 2    1934    6516      97 REF-OTH-TK  1 CLSD  CMTI  MGTBNET    MORGAN BANK     SLOT OUTAGE         
  522844 11/17/93 18:24 11/17/93 18:31 2    4212    5742      44 DOWNTIME    4 CLSD  SDLC  MGTBNET    MORGAN BANK     SLOT OUTAGE         
  523018 11/18/93 09:26 11/18/93 10:10 2   13149   11246      44 DOWNTIME    1 CLSD  XCOM  MGTBNET    MORGAN BANK     HOST SHUT           
  523098 11/18/93 16:09 11/18/93 20:14 2    3441    6437      95 NTF/CWT     2 CLSD  XCOM  MGTBNET    MORGAN BANK     MONITOR             
  510050  9/15/93 15:52  9/20/93  0:28 1       0    2200      80 PROJECT     4 CLSD  ISIS  TYMNET     MORGAN BANK     UPGRADE GNS MAD SITE
  510483  9/17/93 12:32  9/20/93  9:05 1       0   13203      43 CHANGE      4 CLSD  SWTCH TYMNET     MORGAN BANK     P=4 ENCN 57/93      
  510707  9/18/93  5:49  9/20/93 19:38 2   10652   12744      10 PWR SUPPLY  1 CLSD  XCOM  TYMNET     MORGAN BANK     MORGAN CB !         
  510823  9/19/93 17:02  9/19/93 21:07 1       0    6544      52 DIGITAL     1 CLSD  ISIS  TYMNET     MORGAN BANK                         
  510797  9/19/93 04:37  9/21/93 22:51 1       0    3626      14 BPLN/CHASS  3 CLSD  ISIS  TYMNET     MORGAN          POWER RESTORE       
  511220  9/21/93  7:19  9/22/93 15:53 3   13451    4306      54 T-1         3 CLSD  SWTCH TYMNET     MORGAN BANK                         
  511763  9/23/93 13:40  9/24/93 13:18 3    6003    6003      30 ASYC MODEM  2 CLSD  CONST TYMNET     MORGAN BANK                         
  511643  9/29/93 09:00  9/29/93 11:06 1    4652    2010      99 TRACKING    3 CLSD  9.6   DOINET     MORGAN BANK     CKT REL 9/29        
  500062  7/27/93 06:32 10/ 1/93 13:40 1       0    5742      31 SYNC MODEM  1 CLSD  ISIS  MGTBNET    MORGAN          WAITING ON MODEM    
  513451 10/ 1/93 14:23 10/ 4/93 11:38 1   15738   11246      92 NODE RLOD   1 CLSD  ISIS  TYMNET     MORGAN BANK     PLS ACCEPT          
  498207  7/16/93 20:33 10/ 8/93 20:02 3      19    1296      22 VRSN DNGRD  3 CLSD  FRE   TYMNET     MORGAN, LEWIS   "JAY" OR "TTY"      
  514903 10/ 8/93 15:40 10/11/93 15:30 1   10072    4556      71 UNSCHD OUT  1 CLSD  ISIS  TYMNET     MORGAN BANK     1 CB, RNA           
  506960  8/31/93 14:52 10/12/93 10:33 2   12887   12744      42 HWARE/VNDR  3 CLSD  XCOM  TYMNET     MORGAN BANK     SEE 514024          
  512711  9/28/93 17:57 10/13/93 13:06 1       0    4551      20 CONFIG CHG  3 CLSD  TII   MGTBNET    MORGAN BANK     NTS TO CLOSE        
  508839  9/ 9/93 16:10 10/13/93 15:52 2    9290   10032      23 KNWN PTCH   1 CLSD  CDM   TYMNET     MORGAN BANK     NHA REPORTS         
  518354 10/26/93 11:19 10/27/93 23:16 2   15905   12744      92 NODE RLOD   3 CLSD  XCOM  TYMNET     MORGAN BANK     SEE TKT 518245      
  511388  9/21/93 20:34 11/ 5/93 20:59 1       0   12654      99 TRACKING    3 CLSD  ISIS  TYMNET     MORGAN                              
  519228 10/31/93 17:28 11/ 8/93 20:51 1    5938   12744      90 SLT RLOD    3 CLSD  TURBO TYMNET     MORGAN BANK     NMC TO MONITOR      
  520424 11/ 5/93 13:13 11/ 8/93 22:17 3   12762    7476      52 DIGITAL     3 CLSD  DIALU TYMNET     MORGAN BANK     PLEASE ACCEPT       
  520260 11/ 4/93 18:13 11/ 9/93  0:31 1       0   91037      95 NTF/CWT     1 CLSD  FRE   TYMNET     MORGAN BANK                         
  518720 10/28/93  2:25 11/11/93  3:43 1       0    5525      80 PROJECT     4 CLSD  PROJ  MGTBNET    JP MORGAN       REQUEST RELOAD      
  520863 11/ 8/93 14:29 11/12/93  9:52 3    1971    3116      51 ANALOG      4 CLSD  DIALU TYMNET     MORGAN BANK     SP PTT/10NOV MADRID 
  518245 10/25/93 20:30 11/13/93 14:57 1    6779   12744      11 BOARD       2 CLSD  TURBO TYMNET     MORGAN BANK     CO-OP 11/11         
  521352 11/10/93  9:37 11/16/93  9:50 1    6779   12744      11 BOARD       3 CLSD  TURBO TYMNET     MORGAN BANK     MONITOR 15/11       
  521769 11/12/93  9:45 11/17/93 16:02 3   10534    3527      60 CFG GL EXC  3 CLSD  19.2  TYMNET     MORGAN BANK     MONITOR LNK         
  522782 11/17/93 15:08 11/17/93 17:02 2    1934    6516      97 REF-OTH-TK  1 CLSD  CMTI  MGTBNET    MORGAN BAN      SLOT OUTAGE         
  522809 11/17/93 16:29 11/17/93 19:29 1    4505    3303      10 PWR SUPPLY  1 CLSD  SWTCH TYMNET     MORGAN BANK                         
  521767 11/12/93  9:30 11/18/93 17:46 1       0   13203      11 BOARD       3 CLSD  SWTCH TYMNET     MORGAN BANK     SIO INTERRUPTS      
  523098 11/18/93 16:09 11/18/93 20:14 2    3441    6437      95 NTF/CWT     2 CLSD  XCOM  MGTBNET    MORGAN          MONITOR             
RC:í