 
                                     FLM       
 
                                    11/ 1/1995
 
  BT NORTH AMERICA 
  CUSTOMER SERVICE & SUPPORT 
  MTTR QUALITY REPORT 
  SVER. LVL. 1
 
  ----------------------------------------------- 
  NUMBER OF INCIDENTS =  495
 
  ----------------------------------------------- 
  MEAN TIME TO REPAIR (HRS.) =     3.02
 
  ----------------------------------------------- 
  % <= 2 HRS. =     67.27
 
  ----------------------------------------------- 
  % < 10 HRS. =     92.73
 
  --------------------------------------- 
  TKT #    REPT PROB  CONTROL GP ELM (HRS) PRODUCT TIME OPENED (GMT) DAY 
  -------- ---------- ---------- --------- ------- ---------------- 
  684394   INTL. ACC.    CS800           1.3    X.75       19:07    10/31/95
 
  684417   OTHER         CS800           1.7    PAP        21:00    10/31/95
 
  684437   HOST SHUT     CS800           7.2    XCOM       21:27    10/31/95
 
  684455   HOST MSSNG    CS800           0.8    X.75        0:42    11/ 1/95
 
  684510   NO CARRIER    CS800           0.4    XCOM        5:53    11/ 1/95
 
  684546   HOST SHUT     CS800           0.7    XCOM        9:29    11/ 1/95
 
  684630   SLOW RESP.    CS800           1.9    TOR01      15:28    11/ 1/95
 
  684647   HOST SHUT     CS800           0.7    XCOM       16:27    11/ 1/95
 
  684658   HOST MSSNG    CS800           1.2    XCOM       17:32    11/ 1/95
 
  684685   HOST SHUT     CS800           0.3    XCOM       19:01    11/ 1/95
 
  684700   OUTDIAL       CS800           1.7    OUTD       20:08    11/ 1/95
 
  684707   NR TO TID     CS800           1.2    DIALU      20:36    11/ 1/95
 
  684720   SLOW RESP.    CS800           1.6    SEA01      21:49    11/ 1/95
 
  684725   IPX PORT      CS800           0.9    TOR01      22:00    11/ 1/95
 
  684392   HOST SHUT     CS800           4.2    XCOM       18:55    10/31/95
 
  684656   HOST SHUT     CS800           0.4    XCOM       17:06    11/ 1/95
 
  684672   IPX PORT      CS800          -1.0    SYD01      18:06    11/ 1/95
 
  684873   HOST SHUT     CS800           4.4    SDLC       10:04    11/ 2/95
 
  684962   HOST SHUT     CS800           2.7    XCOM       14:41    11/ 2/95
 
  684997   RNA           CS800           1.3    DIALU      16:57    11/ 2/95
 
  685057   HOST DOWN     CS800           0.1    PBH        20:58    11/ 2/95
 
  685077   SLOW RESP.    CS800           0.9    BAY01      22:49    11/ 2/95
 
  684632   NO CARRIER    CS800           1.3    SDLC       15:36    11/ 1/95
 
  684838   HOST DOWN     CS800           0.8    CMTI        8:09    11/ 2/95
 
  684959   HOST SHUT     CS800           4.4    XCOM       14:28    11/ 2/95
 
  685001   USER DRPD.    CS800           0.4    XCOM       17:12    11/ 2/95
 
  685039   HOST SHUT     CS800           4.6    XCOM       19:58    11/ 2/95
 
  685068   HOST DOWN     CS800           0.7    XCOM       21:57    11/ 2/95
 
  684196   OTHER         CS800           3.8    SYD01       4:09    10/31/95
 
  685262   SLOW RESP.    CS800           0.5    CHI01      13:46    11/ 3/95
 
  685285   HOST SHUT     CS800           2.3    XCOM       15:03    11/ 3/95
 
  685292   LEASE LINE    CS800           0.1    XCOM       15:23    11/ 3/95
 
  685328   RTR DOWN      CS800           3.4    DOR01      17:23    11/ 3/95
 
  685352   HOST SHUT     CS800           1.6    XCOM       19:04    11/ 3/95
 
  685355   HOST SHUT     CS800           5.6    XCOM       19:18    11/ 3/95
 
  685373   SLOW RESP.    CS800           3.8    AMS01      21:11    11/ 3/95
 
  685381   USER DRPD.    CS800           1.4    DIALU      21:55    11/ 3/95
 
  685523   HOST SHUT     CS800           0.4    XCOM       18:17    11/ 4/95
 
  685205   HOST SHUT     CS800           0.8    XCOM       10:28    11/ 3/95
 
  685369   RTR DOWN      CS800           0.4    PAR01      20:41    11/ 3/95
 
  685519   HOST SHUT     CS800           5.5    XCOM       16:42    11/ 4/95
 
  685590   HOST SHUT     CS800           1.6    SNA        12:23    11/ 5/95
 
  685598   HOST SHUT     CS800           6.2    XCOM       12:52    11/ 5/95
 
  685601   HOST SHUT     CS800           6.1    XCOM       13:03    11/ 5/95
 
  685639   HOST SHUT     CS800           0.2    XCOM       18:51    11/ 5/95
 
  685643   HOST SHUT     CS800           0.6    SNA        21:04    11/ 5/95
 
  685667   HOST SHUT     CS800           3.2    XCOM        0:11    11/ 6/95
 
  685836   HOST SHUT     CS800           0.1    SNA        13:22    11/ 6/95
 
  685848   OTHER         CS800           0.1    SDLC       13:58    11/ 6/95
 
  685878   RTR DOWN      CS800           0.1    HKG01      21:48    11/ 6/95
 
  684735   HOST SHUT     CS800           0.1    XCOM       22:37    11/ 1/95
 
  685026   OTHER         CS800          15.8    ISCS       19:12    11/ 2/95
 
  685298   HOST SHUT     CS800           5.9    XCOM       15:50    11/ 3/95
 
  685302   HOST MSSNG    CS800           0.1    TLNET      16:06    11/ 3/95
 
  685362   HOST SHUT     CS800           6.6    XCOM       20:07    11/ 3/95
 
  685391   HOST SHUT     CS800           7.8    XCOM       23:02    11/ 3/95
 
  685532   HOST MSSNG    CS800           0.4    CMTI       19:47    11/ 4/95
 
  685564   HOST SHUT     CS800           0.4    XCOM        1:54    11/ 5/95
 
  686065   SLOW RESP.    CS800           0.8    SEA01      18:10    11/ 6/95
 
  686087   HOST SHUT     CS800           0.6    XCOM        0:20    11/ 7/95
 
  686106   OTHER         CS800           2.2    SDLC        2:20    11/ 7/95
 
  686234   HOST MSSNG    CS800           0.2    SDLC       11:15    11/ 7/95
 
  686267   INTL. ACC.    CS800           1.5    XCOM       14:08    11/ 7/95
 
  686294   HOST DOWN     CS800           0.1    SNA        15:16    11/ 7/95
 
  686307   IPX PORT      CS800           0.3    NPB01      15:40    11/ 7/95
 
  686316   HOST MSSNG    CS800           0.4    XCOM       16:05    11/ 7/95
 
  686338   HOST SHUT     CS800           3.7    XCOM       16:49    11/ 7/95
 
  686411   OTHER         CS800           0.4    CMTI       21:43    11/ 7/95
 
  685202   RTR DOWN      CS800           0.3    MIN01      10:25    11/ 3/95
 
  685267   IPX PORT      CS800           0.1    MEX01      13:52    11/ 3/95
 
  685405   HOST SHUT     CS800           0.5    SNA         0:04    11/ 4/95
 
  685893   HOST MSSNG    CS800           1.1    SNA        22:01    11/ 6/95
 
  686058   SLOW RESP.    CS800           1.4    KEY02      17:31    11/ 6/95
 
  686208   HOST SHUT     CS800           7.9    XCOM        9:40    11/ 7/95
 
  686242   HOST DOWN     CS800           0.9    X.75       12:02    11/ 7/95
 
  686340   USER DRPD.    CS800           0.6    XCOM       16:50    11/ 7/95
 
  686339   HOST SHUT     CS800           3.2    XCOM       16:52    11/ 7/95
 
  686370   CUST INQRY    CS800           2.4    XCOM       19:33    11/ 7/95
 
  686369   HOST SHUT     CS800           9.5    XCOM       19:47    11/ 7/95
 
  686393   HOST SHUT     CS800           6.1    XCOM       21:04    11/ 7/95
 
  686417   HOST SHUT     CS800           6.5    XCOM       21:57    11/ 7/95
 
  686439   HOST SHUT     CS800           7.8    X.75        0:50    11/ 8/95
 
  686451   OTHER         CS800           1.3    SDLC        2:29    11/ 8/95
 
  686610   HOST DOWN     CS800           0.5    SDLC       14:27    11/ 8/95
 
  686614   HOST SHUT     CS800           1.2    ACOM       14:29    11/ 8/95
 
  686632   IPX PORT      CS800           0.1    SYD01      15:19    11/ 8/95
 
  686635   HOST SHUT     CS800           0.0    ISCS       15:28    11/ 8/95
 
  686648   OTHER         CS800           6.3    XCOM       16:01    11/ 8/95
 
  686662   HOST SHUT     CS800           5.2    XCOM       16:25    11/ 8/95
 
  686669   HOST SHUT     CS800           0.9    XCOM       16:39    11/ 8/95
 
  686694   OTHER         CS800           1.7    CMTI       17:20    11/ 8/95
 
  686678   IPX PORT      CS800           0.1    HKG01      17:37    11/ 8/95
 
  686773   HOST MSSNG    CS800           0.3    XCOM       23:08    11/ 8/95
 
  684657   SLOW RESP.    CS800           1.5    BOS01      17:17    11/ 1/95
 
  685004   HOST SHUT     CS800           5.7    XCOM       17:17    11/ 2/95
 
  685060   SLOW RESP.    CS800           3.6    XCOM       21:07    11/ 2/95
 
  685409   HOST MSSNG    CS800           0.4    CMTU        0:30    11/ 4/95
 
  685856   LEASE LINE    CS800           0.1    SNA        14:48    11/ 6/95
 
  686182   IPX PORT      CS800           1.3    PRT01       8:24    11/ 7/95
 
  686297   RTR DOWN      CS800           2.0    FRK02      15:22    11/ 7/95
 
  686304   HOST SHUT     CS800           7.9    XCOM       15:36    11/ 7/95
 
  686325   SLOW RESP.    CS800           3.1    COP01      16:23    11/ 7/95
 
  686365   HOST SHUT     CS800          19.2    XCOM       19:06    11/ 7/95
 
  686463   LEASE LINE    CS800           0.1    DEN01       4:10    11/ 8/95
 
  686618   OTHER         CS800          12.5    XCOM       14:38    11/ 8/95
 
  686627   IPX PORT      CS800           1.0    MIA01      15:01    11/ 8/95
 
  686686   HOST SHUT     CS800           4.3    XCOM       17:11    11/ 8/95
 
  686691   IPX PORT      CS800           1.7    OTHER      17:27    11/ 8/95
 
  686733   IPX PORT      CS800           0.2    HOU01      19:54    11/ 8/95
 
  686951   IPX PORT      CS800           1.0    PAR01      12:45    11/ 9/95
 
  686950   IPX PORT      CS800           0.1    SNG02      12:42    11/ 9/95
 
  686966   SLOW RESP.    CS800           1.3    PLY01      13:28    11/ 9/95
 
  686976   USER DRPD.    CS800           2.0    XCOM       14:06    11/ 9/95
 
  687018   NO CARRIER    CS800           0.6    CMTI       15:50    11/ 9/95
 
  687020   NO CARRIER    CS800           1.6    DIALU      15:57    11/ 9/95
 
  687034   HOST DOWN     CS800           0.4    SDLC       17:06    11/ 9/95
 
  687041   NO CARRIER    CS800           1.3    DIALU      17:43    11/ 9/95
 
  687048   OTHER         CS800           4.3    XCOM       18:18    11/ 9/95
 
  687075   BUSY          CS800           0.4    DIALU      19:38    11/ 9/95
 
  683517   IPX PORT      CS800           3.5    TOR 0      18:12    10/27/95
 
  684732   IPX PORT      CS800           1.0    NPB 0      22:37    11/ 1/95
 
  685086   IPX PORT      CS800           1.2    BOS01      23:57    11/ 2/95
 
  686770   HOST SHUT     CS800           4.1    XCOM       22:29    11/ 8/95
 
  687023   IPX PORT      CS800           1.5    DAL02      16:23    11/ 9/95
 
  687051   SLOW RESP.    CS800           0.6    XCOM       18:28    11/ 9/95
 
  687067   HW/MS LINK    CS800           1.8    XCOM       19:11    11/ 9/95
 
  687080   HOST SHUT     CS800           1.3    X.75       19:45    11/ 9/95
 
  687093   HOST SHUT     CS800           1.5    XCOM       20:30    11/ 9/95
 
  687099   HOST SHUT     CS800           0.3    XCOM       21:11    11/ 9/95
 
  687103   OTHER         CS800           4.8    X.75       19:00    11/ 9/95
 
  687116   OTHER         CS800           1.1    DIALU      22:34    11/ 9/95
 
  687149   OTHER         CS800           1.1    MIL01       1:39    11/10/95
 
  687161   HOST SHUT     CS800           3.4    XCOM        2:38    11/10/95
 
  687208   HOST SHUT     CS800           0.2    XCOM        7:47    11/10/95
 
  687297   HOST SHUT     CS800           4.9    XCOM       14:31    11/10/95
 
  687344   CUST INQRY    CS800           4.1    XCOM       15:50    11/10/95
 
  687356   HOST DOWN     CS800           2.5    PBH        16:21    11/10/95
 
  687358   HOST SHUT     CS800           1.9    XCOM       16:26    11/10/95
 
  687364   HOST SHUT     CS800           2.4    XCOM       16:36    11/10/95
 
  687384   USER DRPD.    CS800           1.0    NODE       17:29    11/10/95
 
  687387   IPX PORT      CS800           0.4    SYD01      17:50    11/10/95
 
  687390   HOST SHUT     CS800           0.5    XCOM       18:01    11/10/95
 
  687407   OTHER         CS800           0.1    NODE       19:11    11/10/95
 
  687424   OTHER         CS800           0.1    NODE       19:36    11/10/95
 
  687431   HOST SHUT     CS800           0.1    XCOM       19:55    11/10/95
 
  687462   IPX PORT      CS800           1.2    SEA01      22:33    11/10/95
 
  687187   OTHER         CS800           0.2    SNA         5:05    11/10/95
 
  687378   OTHER         CS800           4.2    CMTI       17:08    11/10/95
 
  687455   HOST SHUT     CS800           1.8    XCOM       22:00    11/10/95
 
  687545   HOST SHUT     CS800           4.4    XCOM        9:10    11/11/95
 
  687555   RTR DOWN      CS800           0.1    SNG01      11:16    11/11/95
 
  687575   RNA           CS800           0.8    DIALU      15:07    11/11/95
 
  687593   HOST MSSNG    CS800           0.6    SNA        17:22    11/11/95
 
  687106   OTHER         CS800           0.1    HOU01      22:02    11/ 9/95
 
  687428   OTHER         CS800           0.1    NODE       19:49    11/10/95
 
  687651   IPX PORT      CS800           0.1    BRU01       6:50    11/12/95
 
  687663   HOST SHUT     CS800           3.7    XCOM        8:08    11/12/95
 
  687690   HOST DOWN     CS800           0.2    SNA        13:27    11/12/95
 
  687707   HOST DOWN     CS800           3.7    CMTI       15:10    11/12/95
 
  684709   OTHER         CS800          10.8    X.75       20:45    11/ 1/95
 
  686649   IPX PORT      CS800           0.2    BRG01      16:01    11/ 8/95
 
  686684   HOST SHUT     CS800           2.0    XCOM       17:08    11/ 8/95
 
  686702   HOST MSSNG    CS800           0.8    XCOM       17:33    11/ 8/95
 
  687184   CHRONIC       CS800           8.8    XCOM        4:50    11/10/95
 
  687336   HOST SHUT     CS800           7.6    XCOM       15:21    11/10/95
 
  687385   OTHER         CS800           0.3    XCOM       17:38    11/10/95
 
  687708   HOST SHUT     CS800           1.7    PBH        15:20    11/12/95
 
  687889   HOST SHUT     CS800           1.9    SDLC       10:11    11/13/95
 
  687890   HOST DOWN     CS800           7.0    SDLC       10:11    11/13/95
 
  687921   OTHER         CS800           1.0    CMTI       12:36    11/13/95
 
  687934   SLOW RESP.    CS800           1.8    SEA01      13:28    11/13/95
 
  687956   HOST SHUT     CS800           0.1    XCOM       14:37    11/13/95
 
  687964   OTHER         CS800           0.5    XCOM       14:53    11/13/95
 
  687974   HOST SHUT     CS800           4.1    XCOM       15:01    11/13/95
 
  687985   HOST SHUT     CS800           0.6    ACOM       15:31    11/13/95
 
  687989   HOST SHUT     CS800           5.7    XCOM       15:37    11/13/95
 
  688013   IPX PORT      CS800           1.1    BRU01      17:27    11/13/95
 
  688019   OTHER         CS800           0.9    CMTI       17:47    11/13/95
 
  688033   OTHER         CS800           0.6    PROJ       18:47    11/13/95
 
  688046   HOST SHUT     CS800           2.0    XCOM       19:26    11/13/95
 
  683519   OTHER         CS800           2.0    X.PC       18:20    10/27/95
 
  685038   OTHER         CS800          27.8    XCOM       19:57    11/ 2/95
 
  685194   OTHER         CS800           7.3    NODE        9:53    11/ 3/95
 
  685399   HOST SHUT     CS800           0.6    X.75       22:35    11/ 3/95
 
  686261   USER DRPD.    CS800           0.9    XCOM       13:51    11/ 7/95
 
  686374   HOST SHUT     CS800           1.5    CMTI       19:52    11/ 7/95
 
  686464   RTR DOWN      CS800           4.5    NPB01       4:14    11/ 8/95
 
  686647   IPX PORT      CS800           1.2    PAR01      15:57    11/ 8/95
 
  686696   IPX PORT      CS800           5.4    HOU01      17:30    11/ 8/95
 
  686724   IPX PORT      CS800           2.4    BAY01      18:55    11/ 8/95
 
  686815   USER DRPD.    CS800           1.3    TLNET       3:03    11/ 9/95
 
  686925   SLOW RESP.    CS800           7.7    LUT01      11:03    11/ 9/95
 
  687126   HOST SHUT     CS800          14.3    XCOM       23:42    11/ 9/95
 
  687388   SLOW RESP.    CS800           3.0    SYD02      17:54    11/10/95
 
  687447   HOST SHUT     CS800           1.8    XCOM       21:28    11/10/95
 
  687450   USER DRPD.    CS800           1.6    SNA        21:38    11/10/95
 
  687454   HOST SHUT     CS800           1.7    SNA        21:57    11/10/95
 
  687601   HOST DOWN     CS800           1.1    XCOM       18:34    11/11/95
 
  687927   OTHER         CS800           4.1    NODE       13:19    11/13/95
 
  687938   GARBAGE       CS800           8.9    DIALU      13:34    11/13/95
 
  687949   HOST SHUT     CS800          13.9    X.75       14:10    11/13/95
 
  687992   IPX PORT      CS800           2.0    PAR02      15:40    11/13/95
 
  688083   HOST SHUT     CS800           1.4    XCOM       20:44    11/13/95
 
  688105   HOST SHUT     CS800           3.7    XCOM       21:55    11/13/95
 
  688215   OTHER         CS800          17.4    NPB01       7:30    11/14/95
 
  688260   HOST SHUT     CS800           5.1    XCOM       10:00    11/14/95
 
  688304   HOST DOWN     CS800           1.4    XCOM       12:55    11/14/95
 
  688320   IPX PORT      CS800           1.7    NYC01      13:14    11/14/95
 
  688327   IPX PORT      CS800           0.4    BIR01      14:02    11/14/95
 
  688345   OTHER         CS800           1.1    SDLC       15:02    11/14/95
 
  688344   OTHER         CS800           1.5    XCOM       15:02    11/14/95
 
  688366   HOST SHUT     CS800           5.3    XCOM       16:07    11/14/95
 
  688371   OTHER         CS800           0.9    X.75       16:34    11/14/95
 
  688395   HOST SHUT     CS800           0.4    XCOM       17:28    11/14/95
 
  688404   HOST SHUT     CS800           0.3    X.75       18:07    11/14/95
 
  688410   SLOW RESP.    CS800           0.1    SEA01      18:19    11/14/95
 
  688427   HOST DOWN     CS800           0.1    SDLC       23:21    11/14/95
 
  688425   GARBAGE       CS800           0.7    DIALU     2    11/14/95
 
  688607   OTHER         CS800           9.4    SDLC        0:30    11/15/95
 
  688518   HOST SHUT     CS800           0.0    XCOM       21:05    11/14/95
 
  688521   OTHER         CS800           0.3    XCOM       21:41    11/14/95
 
  688522   OTHER         CS800           1.0    CMTU       21:54    11/14/95
 
  688644   SLOW RESP.    CS800           0.1    NPB01       2:02    11/15/95
 
  688686   HOST MSSNG    CS800           1.2    XCOM        5:23    11/15/95
 
  688713   HOST SHUT     CS800           0.5    SNA         6:49    11/15/95
 
  688716   HOST SHUT     CS800           7.0    CMTI        7:00    11/15/95
 
  688748   HOST SHUT     CS800           0.5    NODE        9:06    11/15/95
 
  688766   OTHER         CS800           1.2    MIL01       9:42    11/15/95
 
  688775   OTHER         CS800           0.6    MAD01       9:55    11/15/95
 
  688819   OTHER         CS800           4.6    XCOM       13:51    11/15/95
 
  688844   HOST SHUT     CS800           0.1    XCOM       15:17    11/15/95
 
  688853   HOST MSSNG    CS800           1.3    NODE       15:53    11/15/95
 
  688906   SLOW RESP.    CS800           1.0    PAR01      18:23    11/15/95
 
  688908   SLOW RESP.    CS800           0.8    FRK01      18:34    11/15/95
 
  688918   OTHER         CS800           0.4    XCOM       19:15    11/15/95
 
  688919   IPX PORT      CS800           0.3    MILO1      19:23    11/15/95
 
  688921   HW/MS LINK    CS800           1.7    PRT04      19:31    11/15/95
 
  688931   HOST SHUT     CS800           1.0    XCOM       20:17    11/15/95
 
  688940   OTHER         CS800           1.2    OTHER      20:53    11/15/95
 
  687062   HOST SHUT     CS800           1.0    XCOM       18:58    11/ 9/95
 
  688887   HOST SHUT     CS800           1.7    XCOM       16:53    11/15/95
 
  688895   HOST SHUT     CS800          12.8    XCOM       17:13    11/15/95
 
  688903   HOST SHUT     CS800          12.1    XCOM       17:46    11/15/95
 
  688967   OTHER         CS800           1.0    TLNET      23:27    11/15/95
 
  689070   RTR DOWN      CS800           2.6    MIL01       9:27    11/16/95
 
  689116   RNA           CS800           1.7    DIALU      13:15    11/16/95
 
  689129   CUST INQRY    CS800           3.5    XCOM       14:11    11/16/95
 
  689157   HOST SHUT     CS800           2.4    XCOM       14:51    11/16/95
 
  689176   NR TO TID     CS800           1.5    DIALU      16:00    11/16/95
 
  689239   OTHER         CS800           0.8    TLNET      19:43    11/16/95
 
  688933   HOST MSSNG    CS800           0.3    CMTI       20:20    11/15/95
 
  689132   HOST SHUT     CS800           5.9    SNA        14:34    11/16/95
 
  689200   BUSY          CS800           0.1    DIALU      17:05    11/16/95
 
  689251   OTHER         CS800           0.0    XCOM       20:40    11/16/95
 
  689259   LEASE LINE    CS800           2.9    XCOM       21:24    11/16/95
 
  689261   PAP PROB.     CS800           3.3    PAP        21:35    11/16/95
 
  689289   HOST SHUT     CS800           3.6    XCOM       20:54    11/16/95
 
  689303   LEASE LINE    CS800           1.3    DEN01       0:40    11/17/95
 
  689374   HOST SHUT     CS800           1.4    CMTI        8:51    11/17/95
 
  689434   HOST SHUT     CS800           1.9    XCOM       11:16    11/17/95
 
  689436   HOST SHUT     CS800           0.1    X.75       12:43    11/17/95
 
  689473   OTHER         CS800           0.7    MSVO       14:42    11/17/95
 
  689491   OTHER         CS800           0.1    X.75       15:18    11/17/95
 
  689497   OTHER         CS800           2.9    X.75       15:41    11/17/95
 
  689502   HOST SHUT     CS800           4.6    XCOM       15:57    11/17/95
 
  689509   HOST MSSNG    CS800           0.8    X.75       16:10    11/17/95
 
  689510   GARBAGE       CS800           2.4    DIALU      16:11    11/17/95
 
  689564   HOST SHUT     CS800           3.9    XCOM       18:26    11/17/95
 
  689610   NR TO TID     CS800           1.2    DIALU      21:44    11/17/95
 
  689626   IPX PORT      CS800           0.1    COL01      23:52    11/17/95
 
  689659   OTHER         CS800           0.3    CMTI        4:49    11/18/95
 
  689720   OTHER         CS800           0.9    XCOM       18:45    11/18/95
 
  689725   NODE DOWN     CS800           1.4    NODE       20:25    11/18/95
 
  689736   IPX PORT      CS800           0.2    DOR01      21:56    11/18/95
 
  689799   HOST SHUT     CS800           8.4    XCOM       11:49    11/19/95
 
  689807   BUSY          CS800           0.3    DIALU      13:22    11/19/95
 
  686621   IPX PORT      CS800           1.5    BOS01      14:50    11/ 8/95
 
  687397   RNA           CS800           1.3    DIALU      18:13    11/10/95
 
  687917   HOST SHUT     CS800           7.6    XCOM       11:57    11/13/95
 
  687990   LEASE LINE    CS800           8.6    XCOM       15:40    11/13/95
 
  688074   GARBAGE       CS800           1.8    DIALU      20:26    11/13/95
 
  688394   USER DRPD.    CS800           8.8    XCOM       17:26    11/14/95
 
  688504   HOST MSSNG    CS800           0.2    CMTI       19:58    11/14/95
 
  689152   IPX PORT      CS800           0.4    PLY01      15:17    11/16/95
 
  689327   IPX PORT      CS800           6.2    SFO02       3:39    11/17/95
 
  689481   OTHER         CS800           2.9    XCOM       15:04    11/17/95
 
  689496   SLOW RESP.    CS800           1.0    PLY01      16:21    11/17/95
 
  689526   HOST SHUT     CS800           9.9    XCOM       16:56    11/17/95
 
  689560   USER DRPD.    CS800           0.0    ISCS       18:18    11/17/95
 
  689596   HOST SHUT     CS800          15.0    XCOM       20:31    11/17/95
 
  689627   OTHER         CS800           3.3    BAY01       0:08    11/18/95
 
  689695   OTHER         CS800           0.4    XCOM       12:32    11/18/95
 
  689829   HOST SHUT     CS800           0.3    X.75       15:52    11/19/95
 
  689874   HOST DOWN     CS800           0.7    XCOM        0:24    11/20/95
 
  689979   OTHER         CS800           1.7    KEY01       9:59    11/20/95
 
  690025   HOST DOWN     CS800           0.5    SDLC       12:03    11/20/95
 
  690028   HOST DOWN     CS800           0.4    SDLC       12:12    11/20/95
 
  690101   HOST DOWN     CS800           1.3    XCOM       15:41    11/20/95
 
  690086   IPX PORT      CS800           4.3    PAR02      15:45    11/20/95
 
  690114   LEASE LINE    CS800           0.1    XCOM       16:05    11/20/95
 
  690121   IPX PORT      CS800           0.6    PAR02      16:34    11/20/95
 
  690132   IPX PORT      CS800           0.2    PAR02      16:40    11/20/95
 
  690131   IPX PORT      CS800           1.2    NYC01      16:38    11/20/95
 
  690138   IPX PORT      CS800           0.1    MUN01      16:49    11/20/95
 
  690156   HOST DOWN     CS800           0.3    XCOM       17:22    11/20/95
 
  690171   SLOW RESP.    CS800           0.1    SOL01      18:34    11/20/95
 
  690186   HOST MSSNG    CS800           1.3    X.75       20:45    11/20/95
 
  687008   INTL. ACC.    CS800           1.5    X.75       15:29    11/ 9/95
 
  688401   HOST SHUT     CS800           1.1    XCOM       17:39    11/14/95
 
  689235   USER DRPD.    CS800           0.4    XCOM       19:19    11/16/95
 
  689499   HW/MS LINK    CS800           0.8    XCOM       15:43    11/17/95
 
  689593   IPX PORT      CS800           1.5    HOU0       20:29    11/17/95
 
  689608   OTHER         CS800           0.1    XCOM       21:38    11/17/95
 
  689879   OTHER         CS800           0.7    XCOM        1:10    11/20/95
 
  689926   NODE DOWN     CS800           2.6    NODE        6:41    11/20/95
 
  690105   OTHER         CS800           1.3    XCOM       15:57    11/20/95
 
  690140   SLOW RESP.    CS800           2.8    FRK01      17:00    11/20/95
 
  690174   HOST SHUT     CS800           1.4    XCOM       19:19    11/20/95
 
  690180   HOST DOWN     CS800           0.8    XCOM       19:55    11/20/95
 
  690185   HOST SHUT     CS800           1.8    XCOM       20:17    11/20/95
 
  690195   IPX PORT      CS800           0.1    NWK01      21:27    11/20/95
 
  690205   OTHER         CS800           0.6    XCOM       22:06    11/20/95
 
  690208   HOST DOWN     CS800           1.9    SNA        22:50    11/20/95
 
  690213   HOST SHUT     CS800           6.7    XCOM       23:08    11/20/95
 
  690262   HOST SHUT     CS800           1.6    XCOM        3:39    11/21/95
 
  690289   OTHER         CS800           5.8    DEN01       6:42    11/21/95
 
  690366   RTR DOWN      CS800           0.9    GEN01      10:51    11/21/95
 
  690407   HOST SHUT     CS800           0.5    XCOM       11:36    11/21/95
 
  690489   HOST SHUT     CS800           4.1    XCOM       15:16    11/21/95
 
  690555   IPX PORT      CS800           0.8    DAL02      17:54    11/21/95
 
  688203   HOST DOWN     CS800          11.6    LEM         6:53    11/14/95
 
  688380   HOST MSSNG    CS800           0.6    XCOM       16:12    11/14/95
 
  688506   HOST MSSNG    CS800           0.4    CMTI       20:03    11/14/95
 
  689005   HOST SHUT     CS800           4.1    XCOM        3:35    11/16/95
 
  689586   HOST SHUT     CS800           3.7    XCOM       20:06    11/17/95
 
  689777   IPX PORT      CS800           0.3    SJO01       4:00    11/19/95
 
  690144   IPX PORT      CS800           0.4    SFO02      17:15    11/20/95
 
  690280   HOST SHUT     CS800           0.0    XCOM        6:03    11/21/95
 
  690346   IPX PORT      CS800           1.3    AMS01       9:51    11/21/95
 
  690446   OTHER         CS800           2.3    BOS01      14:16    11/21/95
 
  690477   HOST MSSNG    CS800           1.4    CMTI       14:57    11/21/95
 
  690562   NODE DOWN     CS800           3.5    NODE       18:44    11/21/95
 
  690577   SLOW RESP.    CS800           4.9    HKG01      19:37    11/21/95
 
  690573   IPX PORT      CS800           0.1    LUT01      19:40    11/21/95
 
  690586   HOST SHUT     CS800           3.9    XCOM       19:51    11/21/95
 
  690620   HOST SHUT     CS800           2.3    X.75       21:13    11/21/95
 
  690649   OTHER         CS800           0.7    TOK01       1:47    11/22/95
 
  690689   HOST SHUT     CS800           3.8    SNA         5:15    11/22/95
 
  690762   HOST SHUT     CS800           1.1    SDLC        9:48    11/22/95
 
  690760   HOST MSSNG    CS800           0.9    XCOM        9:52    11/22/95
 
  690766   OTHER         CS800           0.2    CMTI        9:57    11/22/95
 
  690844   SLOW RESP.    CS800           0.7    XCOM       15:20    11/22/95
 
  690882   NR TO TID     CS800           0.7    DIALU      17:02    11/22/95
 
  687834   NO CARRIER    CS800           4.0    XCOM        7:10    11/13/95
 
  690098   NO CARRIER    CS800           0.5    XCOM       15:42    11/20/95
 
  690804   HOST SHUT     CS800           6.2    XCOM       13:04    11/22/95
 
  690892   IPX PORT      CS800           0.2    PAR02      17:34    11/22/95
 
  690963   OTHER         CS800           1.7    SYD01       0:51    11/23/95
 
  691010   CUST INQRY    CS800           1.1    CMTI        5:42    11/23/95
 
  691116   HOST MSSNG    CS800           2.6    XCOM       12:11    11/23/95
 
  689179   IPX PORT      CS800           0.4    FRK03      16:18    11/16/95
 
  690818   SLOW RESP.    CS800           0.2    SLO02      13:39    11/22/95
 
  690943   OTHER         CS800           1.5    XCOM       22:14    11/22/95
 
  691132   HOST SHUT     CS800           0.4    X.75       15:06    11/23/95
 
  691162   HOST SHUT     CS800           8.0    XCOM       16:39    11/23/95
 
  691385   HOST SHUT     CS800           2.0    XCOM       14:11    11/24/95
 
  690947   OTHER         CS800           1.1    XCOM       22:23    11/22/95
 
  691490   HOST SHUT     CS800           4.8    XCOM       20:57    11/24/95
 
  691492   OTHER         CS800           5.3    XCOM       21:04    11/24/95
 
  691556   RTR DOWN      CS800           0.1    DEN01      11:02    11/25/95
 
  691597   HOST SHUT     CS800           0.4    CMTI       17:30    11/25/95
 
  691602   NODE DOWN     CS800           0.6    DIALU      17:43    11/25/95
 
  690913   IPX PORT      CS800           1.9    FRE        19:10    11/22/95
 
  691664   HOST SHUT     CS800           0.4    SNA         3:37    11/26/95
 
  691714   CUST INQRY    CS800           1.5    XCOM       20:18    11/26/95
 
  687492   HOST DOWN     CS800           0.3    XCOM        2:37    11/11/95
 
  689119   HOST SHUT     CS800           0.1    XCOM       13:21    11/16/95
 
  689426   RTR DOWN      CS800           0.1    ZUR01      11:52    11/17/95
 
  690371   SLOW RESP.    CS800           5.2    ZUR01      10:38    11/21/95
 
  690666   OTHER         CS800           1.0    XCOM        3:12    11/22/95
 
  690855   OTHER         CS800           4.2    XCOM       15:51    11/22/95
 
  691409   HOST SHUT     CS800           1.5    SNA        15:23    11/24/95
 
  691622   INTL. ACC.    CS800           0.5    XCOM       21:11    11/25/95
 
  691700   HOST SHUT     CS800           0.1    XCOM       16:16    11/26/95
 
  691720   RTR DOWN      CS800           0.6    SYD01      22:01    11/26/95
 
  691807   LEASE LINE    CS800          10.5    SDLC        6:48    11/27/95
 
  691839   RTR DOWN      CS800           0.0    AMS02       9:57    11/27/95
 
  691870   HOST SHUT     CS800           0.7    XCOM       11:56    11/27/95
 
  691884   HW/MS LINK    CS800           0.6    XCOM       12:37    11/27/95
 
  691909   HOST SHUT     CS800           0.4    XCOM       14:41    11/27/95
 
  691914   SLOW RESP.    CS800           1.6    DIALU      15:07    11/27/95
 
  691930   HOST MSSNG    CS800           0.4    SNA        15:41    11/27/95
 
  691933   OTHER         CS800           0.1    XCOM       15:43    11/27/95
 
  691931   OTHER         CS800           0.4    OTHER      15:43    11/27/95
 
  691941   SLOW RESP.    CS800           1.7    MUN01      16:19    11/27/95
 
  691970   IPX PORT      CS800           1.2    NPB01      17:55    11/27/95
 
  692021   HOST DOWN     CS800           0.2    CMTI       20:29    11/27/95
 
  690522   HOST DOWN     CS800           0.8    MSVO       16:30    11/21/95
 
  692048   HOST SHUT     CS800           0.1    XCOM       22:52    11/27/95
 
  692191   SLOW RESP.    CS800           0.6    SLO02      14:13    11/28/95
 
  692212   HOST SHUT     CS800           0.4    XCOM       14:36    11/28/95
 
  692223   OTHER         CS800           0.6    CMTI       15:22    11/28/95
 
  692222   HOST SHUT     CS800           0.0    OTHER      15:22    11/28/95
 
  692227   HOST SHUT     CS800           4.4    XCOM       15:29    11/28/95
 
  692294   OTHER         CS800           0.2    OTHER      18:24    11/28/95
 
  692300   OTHER         CS800           2.0    XCOM       18:47    11/28/95
 
  692313   SLOW RESP.    CS800           0.7    XCOM       19:09    11/28/95
 
  692361   HOST SHUT     CS800           0.5    XCOM       21:47    11/28/95
 
  692363   SLOT RSTRT    CS800           1.7    CMTI       21:56    11/28/95
 
  685383   OTHER         CS800          54.0    XCOM       21:58    11/ 3/95
 
  690168   SLOW RESP.    CS800           0.1    SYD01      18:25    11/20/95
 
  690476   IPX PORT      CS800          11.2    DAL02      16:18    11/21/95
 
  690746   OTHER         CS800           4.3    XCOM        8:53    11/22/95
 
  690803   IPX PORT      CS800           0.1    BOS01      13:00    11/22/95
 
  691895   HOST MSSNG    CS800           0.3    TLNET      13:57    11/27/95
 
  691923   HOST MSSNG    CS800           1.5    XCOM       15:33    11/27/95
 
  692026   LEASE LINE    CS800          14.7    NYC01      20:37    11/27/95
 
  692025   USER DRPD.    CS800          21.6    SNA        20:36    11/27/95
 
  692045   HOST MSSNG    CS800           0.5    CMTI       22:42    11/27/95
 
  692232   HOST SHUT     CS800          26.3    XCOM       15:43    11/28/95
 
  692272   OTHER         CS800          17.9    XCOM       17:13    11/28/95
 
  692261   IPX PORT      CS800          13.5    HOU01      18:07    11/28/95
 
  692299   HOST SHUT     CS800           2.6    XCOM       18:50    11/28/95
 
  692467   OTHER         CS800           2.6    SDLC        6:50    11/29/95
 
  692537   HOST DOWN     CS800           0.0    ACOM       11:44    11/29/95
 
  692568   NODE DOWN     CS800           0.3    NODE       14:09    11/29/95
 
  692601   HOST SHUT     CS800           0.1    XCOM       15:42    11/29/95
 
  692605   HOST SHUT     CS800           5.2    XCOM       15:43    11/29/95
 
  692658   HOST SHUT     CS800           0.5    XCOM       18:05    11/29/95
 
  692660   OTHER         CS800           0.2    XCOM       18:18    11/29/95
 
  692671   IPX PORT      CS800           0.0    TOR01      18:25    11/29/95
 
  692668   OTHER         CS800           0.1    XCOM       18:44    11/29/95
 
  692694   HOST SHUT     CS800           1.1    XCOM       19:46    11/29/95
 
  692703   HOST SHUT     CS800           2.7    XCOM       20:11    11/29/95
 
  692710   IPX PORT      CS800           0.3    OSL01      20:37    11/29/95
 
  685849   HOST SHUT     CS800           0.8    SNA        14:01    11/ 6/95
 
  687427   HOST SHUT     CS800           2.2    XCOM       19:50    11/10/95
 
  689947   NODE DOWN     CS800           1.7    NODE        7:43    11/20/95
 
  690838   SLOW RESP.    CS800           1.0    AMS01      15:11    11/22/95
 
  691430   HOST SHUT     CS800           1.2    XCOM       16:42    11/24/95
 
  691566   HOST DOWN     CS800          63.3    CMTI       11:03    11/25/95
 
  692002   HOST SHUT     CS800          14.3    SDLC       19:53    11/27/95
 
  692037   HOST MSSNG    CS800           0.4    SNA        21:27    11/27/95
 
  692236   HOST SHUT     CS800          16.3    XCOM       15:41    11/28/95
 
  692242   HOST SHUT     CS800          14.7    XCOM       16:04    11/28/95
 
  692287   IPX PORT      CS800          10.1    BIR01      18:04    11/28/95
 
  692314   HOST SHUT     CS800          21.8    XCOM       19:24    11/28/95
 
  692358   OTHER         CS800          10.4    CMTI       21:24    11/28/95
 
  692581   HOST SHUT     CS800          16.9    XCOM       14:44    11/29/95
 
  692666   IPX PORT      CS800          25.3    SOL01      18:36    11/29/95
 
  692921   OTHER         CS800           1.7    MUX        13:54    11/30/95
 
  692927   HOST DOWN     CS800           0.7    XCOM       14:11    11/30/95
 
  692988   HOST SHUT     CS800           0.1    XCOM       16:15    11/30/95
 
  692992   HOST SHUT     CS800           0.1    XCOM       16:18    11/30/95
 
  692994   OTHER         CS800           1.1    XCOM       16:25    11/30/95
 
  693083   RNA           CS800           1.9    DIALU      21:08    11/30/95
 
  689218   IPX PORT      CS800           0.4    BAY01      17:54    11/16/95
 
  690685   GARBAGE       CS800           4.2    XCOM        4:15    11/22/95
 
  690690   SLOW RESP.    CS800           5.7    TOK01       5:20    11/22/95
 
  690695   RTR DOWN      CS800          12.4    PRT01       5:44    11/22/95
 
  690845   OTHER         CS800           1.2    DIALU      15:18    11/22/95
 
  691511   OTHER         CS800          14.8    XCOM       23:20    11/24/95
 
  691956   SLOW RESP.    CS800           0.5    AMS01      16:50    11/27/95
 
  691998   IPX PORT      CS800           6.9    NYC01      19:46    11/27/95
 
  692370   HOST SHUT     CS800          10.2    XCOM       22:21    11/28/95
 
  692445   HOST MSSNG    CS800           0.1    CMTI        4:07    11/29/95
 
  692637   HOST MSSNG    CS800           0.2    CMTI       17:09    11/29/95
 
  692642   HOST SHUT     CS800          13.0    XCOM       17:27    11/29/95
 
  692650   OTHER         CS800           0.5    CMTU       17:49    11/29/95
 
  692910   OTHER         CS800           0.8    SNA        13:18    11/30/95
 
  692990   IPX PORT      CS800           3.1    MEL01      17:00    11/30/95
 
  693016   HOST DOWN     CS800           0.2    XCOM       17:16    11/30/95
 
  693012   SLOW RESP.    CS800           0.8    DAL02      17:19    11/30/95
 
  693040   HOST SHUT     CS800           1.7    XCOM       17:53    11/30/95
 
  693058   HOST SHUT     CS800           1.2    XCOM       19:08    11/30/95
 
  693077   HOST SHUT     CS800           2.1    XCOM       20:35    11/30/95
 
  693086   OTHER         CS800           0.6    MSVO       21:18    11/30/95
 
  693172   IPX PORT      CS800           0.1    FRK01      24:00    11/30/95
 
  692196   HOST SHUT     CS800           9.1    XCOM       14:03    11/28/95
 
  684753   IPX PORT      CS800          10.7    DNG01       0:17    11/ 2/95
 
  689574   USER DRPD.    CS800           4.1    X.75       19:06    11/17/95
 
  690932   USER DRPD.    CS800           4.8    MSVO       20:44    11/22/95
 
  690187   CUST INQRY    CS800          15.4    XCOM       20:37    11/20/95
 
  691926   SLOW RESP.    CS800           6.3    PAR01      15:45    11/27/95
 
  692244   HOST MSSNG    CS800           2.1    SNA        16:07    11/28/95
 
  692423   OTHER         CS800           4.2    SYD01       3:24    11/29/95
 
  692450   OTHER         CS800           0.8    TIIG        5:12    11/29/95
 
  692789   OTHER         CS800           0.7    XCOM        4:12    11/30/95
 
  689257   SLOW RESP.    CS800           1.0    SNG02      20:59    11/16/95
 
  691897   SLOT RSTRT    CS800           0.3    XCOM       14:01    11/27/95
 
  692226   HOST DOWN     CS800           4.9    SDLC       15:27    11/28/95
 
  692284   OTHER         CS800           1.3    XCOM       17:27    11/28/95
 
  692670   IPX PORT      CS800           0.2    TOR01      18:19    11/29/95
 
  692745   HOST SHUT     CS800           1.3    XCOM       23:45    11/29/95
 
  689182   MODEM         CS800          10.6    XCOM       16:18    11/16/95
   d<s