 
 
 NETCN 675987  91023     19 TOK01 ADOBE                1 NIS      0.5
 NETCN 675985  91018     19 FFX01 GD S.P.A             1 CS800    0.6
 NETCN 675981  91006     26 NPB01 NOKIA                1 NETCO  -49.6
 NETCN 675982  91008     20 BIR01 BUCKEYE              1 NETCO    1.5
 NETCN 675978  91064     19 HKG02 EMI MUSIC            1 BTHK     3.2
 NETCN 675976  14370      0 ISIS  BT                   1 BTAUS    3.5
 CS800 675973  14340   2051 XCOM  DOW JONES            1 NFTEL    4.1
 NSSC  675930  11540   5081 SNA   FORD                 1 CUSTM  -45.4
 NSSC  675920  11540      0 PICO  FORD                 1 NSSC     0.8
 NETCN 675956  91007     24 HOU01 EICON                1 CS800  -41.5
 NETCN 675955  17075      0 ISIS  BT                   1 NETCO    2.1
 CS800 675952  14342   1438 XCOM  DOW JONES            1 NFONK    8.4
 NETCN 675950   3416      0 ISIS  MCI                  1 NETCO   -7.9
 NETCN 675944   4266      0 ISIS  BT                   1 NETCO    2.1
 NETCN 675941  91025     23 SNG01 W R GRACE            1 NETCO    2.1
 NETCN 675939  91072     31 TOK02 HITACHI              1 NIS    -43.5
 NETCN 675937   7505      0 ISIS  MCI                  1 NETCO    0.1
 CS800 675928  11456  22380 SNA   EASTMAN CHEMICA      1 NFOCH  -86.1
 NETCN 675924  15326      0 ISIS  MCI                  1 NETCO    1.0
 NETCN 675911   4132      0 ISIS  MCI                  1 NFOCH  -45.9
 NETCN 675906  16713  19328 XCOM  MCI                  1 TIS     14.5
 NSSC  675931  11605   2652 SNA   FORD                 1 CUSTM   15.1
 NSSC  675933  11510   5629 SNA   FORD                 1 CUSTM   16.0
 NETCN 675889  91083     25 FRK02 WALKER               1 GCSCA   18.1
 NETCN 675879  14273      0 ISIS  MCI                  1 NETCO    6.1
 NETCN 675876  10703      0 ISIS  MCI                  1 NETCO   18.7
 CS800 675870   2157   1994 XCOM  LLOYD'S REGISTE      1 CS800   19.0
 CS800 675861   7360  12845 XCOM  GNB INDUSTRIAL       1 CLOSE   19.7
 NETCN 675858   3652      0 ISIS  MCI                  1 CS800   19.8
 CS800 675851  11365   5182 XCOM  STATE STREET BA      1 NFOBO   20.2
 CS800 675841  14342   3308 XCOM  H.W. WILSON          1 CS800   21.4
 CS800 675840   7217   5751 CMTI  NARDAC               1 STS     21.4
 NETCN 675828   4554      0 ISIS  MCI                  1 CLOSE   21.8
 NETCN 675823  12046      0 ISIS  MCI                  1 NFOPL   22.0
 CS800 675804  14762    468 XCOM  CORESTATES           1 FLM     22.9
 CS800 675794   5244   1507 XCOM  WARNER CHAPE         1 NFTEL   23.1
 NETCN 675745  91038     25 MIL01 BOOZ ALLEN           1 BTITA   24.7
 NETCN 675678      0      0 FRE   MCI                  1 NCMON   28.7
 NETCN 675590      0      0 FRE   BT                   1 BTAUS   31.3
 CS800 675674  14606  14761 XCOM  NIKKEI               1 FLM     28.4
 CS800 675629   7131  11856 XCOM  PRODIGY              1 DTPSC   29.4
 NETCN 675602  17361      0 NODE  APNMC                1 NCMON   30.3
 CS800 675549   7103  18681 XCOM  APPLE                1 NFOEB   37.2
 CS800 675524   7000   4935 SNA   HARPER GROUP         1 CLOSE   39.2
 CS800 675520   7775   9643 SNA   SEALAND              1 CS800   39.9
 CS800 675517   2615  13654 SDLC  RESORT CONDOMIN      1 CS800   40.1
 CS800 675511   3512   3134 X.75  MCI                  1 NSSC     0.4
 CS800 675501  91015     18 NOR01 SMITH, KLINE, B      1 CS800   41.3
 NETCN 675475  91049     30 BRG01 LUCAS INDUSTRIE      1 NETCO    0.1
 NETCN 675408  91090  91090 FRE   KEYD4-SACD3          1 NCMON   46.8
 NETCN 675405      0      0 FRE   KEYD2-NYCD2          1 NCMON   46.9
 NETCN 675384  91000     24 PLY01 ICA                  1 NCMON   47.7
 NSSC  675407  14340   2051 XCOM  DOW JONES            1 CUSTM   -2.4
 CS800 675354      0     13 PAR02 TURNER BROADCAS      1 FLM     49.3
 NETCN 675184  91044     30 MEL01 ICI                  1 NCMON   63.2
 CS800 675175  91032      8 FRK01 STORAGETEK           1 FLM     64.5
 CS800 675155   5761   5761 PAP   BELL ATLANTIC        1 FLM     66.7
 CS800 675130  14447  16612 SNA   CANADIAN PACIFI      1 CLOSE   68.6
 CS800 675094   3715  20871 XCOM  FIDELITY             1 CS8CU   70.5
 NETCN 675073  91061     20 JBG01 UNIFRUCO             1 NCMON   72.8
 NETCN 674959  91007     21 HOU01 FORD                 1 NCMON   78.3
 CS800 674935   6472  22886 CMTI  NCPASS               1 DTPSC   80.6
 CS800 674920  11017  14671 XCOM  AMER BUREAU OF       1 NFODA   81.9
 NETCN 674865  91016     20 NWK01 FINANCIAL TIMES      1 NCMON   86.2
 NSSC  674835   7372   6642 XCOM  MORGAN BANK          1 CUSTM   88.9
 CS800 674820  11767  10907 XCOM  US IMMIGATION        1 CLOSE   90.1
 NETCN 674750  91038      4 MIL01 SOLVAY               1 BTBEL   94.4
 NETCN 674745  91038      3 MIL01 SOLVAY               1 BTBEL   94.7
 CS800 674671   3330   2434 CMTI  NAVISTAR             1 FLM     96.9
 NETCN 674586  91090      0 FRE   MCI                  1 NCMON  101.5
 CS800 674544   7464   7464 DIALU DELPHI               1 ROTRY  105.9
 NETCN 674529  91034      0 FRE   MCI                  1 NCMON  107.1
 NETCN 674462  10306      0 ISIS  MCI                  1 ORDIN  112.9
 CS800 674450  12102   7285 XCOM  COMPUTER SCIENC      1 NFONY  113.6
 CS800 674353  91009     23 CHI01 ALLEN BRADLEY        1 HKHW   119.6
 NETCN 674252  91049     31 BRG01 CHIRON               1 NCMON  125.9
 NETCN 674106  91011     19 DEN01 VITEL                1 NCMON  139.9
 NETCN 674055  91087     32 LIS01 PETROFINA            1 ECSC   147.7
 NETCN 674046      0      0 FRE   MCI                  1 CUSTM    2.7
 NSSC  674031   6665   4533 TIIG  ANZPAC               1 CUSTM  156.9
 NETCN 674023  16632      0 NODE  AERONAUTICAL RA      1 HKSW   157.5
 NETCN 674019  91025     28 SNG01 BOC OHMEDA           1 GCSCL  158.0
 NSSC  673995  10676      0 PXL   FORD MOTOR CO.       1 CUSTM  163.1
 NETCN 673990  15201      0 ISIS  MCI                  1 NCMON  163.6
 NETCN 673926  91011     20 DEN01 FORD                 1 NCMON  177.1
 NETCN 673887   7647      0 ISIS  MCI                  1 ORDIN  183.9
 CS800 673838  14201   1726 XCOM  PNC BANK OF PIT      1 FLM    188.3
 NETCN 673688  91030      5 AMS01 GRAND METROPOLI      1 GCSCL  196.9
 CS800 673551  12322    341 ISCS  AT&T EZLINK          1 CUSTM  209.4
 CS800 673513  13531  19971 XCOM  INTELCO              1 DTPSC  213.1
 CS800 673211  16017  14375 CMTI  NYNEX MOBILE         1 FLM    232.9
 NSSC  673216   5742      0 OTHER MORGAN BANK          1 NSSCP  233.1
 NETCN 673142  91018  91001 FRE   SFO01-FFX01          1 ORDIN  237.3
 NETCN 673138  12536      0 ISIS  MCI                  1 ORDIN  237.9
 NSSC  673079   3301  14365 XCOM  DIGITAL              1 DTPSC  240.8
 NETCN 672907   4144      0 NODE  GAO REG              1 DTPSC  255.1
 CS800 672827  10230  10174 XCOM  EBSCO                1 CUSTM  262.3
 NETCN 672802  91011  91001 FRE   MCI                  1 TELCO  263.7
 NETCN 672599   3503      0 NODE  BTHKG                1 BTHK   277.3
 NETCN 672541  91014      0 FRE   MCI                  1 NCMON  281.2
 CS800 672447  10211   7940 XCOM  WACHOVIA BANK        1 ORDIN  287.5
 NSSC  672274   2601   7054 XCOM  LIMITED              1 NSSCP  302.1
 CS800 672283      0     28 MIA01 TIME WARNER          1 BTHK   299.1
 NSSC  672216  11571      0 PICO  FORD                 1 NSSCP  308.4
 NSSC  672117  13401  16055 XCOM  FIDELITY             1 CUSTM  336.2
 CS800 671475   3512   3136 X.75  RCA                  1 DTPSC  393.4
 CS800 671355   4343  22880 CMTI  MCI                  1 FLMCU  402.5
 NETCN 671330  91084     21 BRU01 LEGENT               1 CUSTM    0.1
 CS800 671279  12767   9766 XCOM  EMBASSY OF SWIT      1 FLM    409.2
 NETCN 670995  91037     30 ZUR01 CHASE                1 BTSZ   430.7
 NETCN 670876  91092  91096 FRE   MCI                  1 TELCO  438.4
 NSSC  670682   7026      0 NODE  MORGAN               1 NSSCP  454.2
 NETCN 670253  91017     19 BOS01 FORD                 1 NCMON  506.3
 NSSC  670178   6144   8988 TIIG  TELERATE             1 CUSTM  519.5
 NETCN 669898  12207      0 ISIS  MCI                  1 HKSW   542.9
 NETCN 669465  91065      0 FRE   MCI                  1 TELCO  575.5
 NETCN 668617  91027     21 KEY01 ICI                  1 UKFR   675.4
 NETCN 668560      0     24 TOK01 NIS:RECRUIT          1 ORDIN  684.3
 NSSC  668191   3350  11460 CDM   GILLETTE             1 STS    716.6
 NETCN 668130  12134  12134 ISIS  MCI                  1 CS8CU  719.7
 CS800 668018  12535  11014 XCOM  HONG KONG TELEC      1 CUSTM  725.2
 NSSC  667780   7243  17241 XCOM  XEROX                1 CUSTM  745.3
 NETCN 667462  14713      0 ISIS  MCI                  1 BTHK   770.3
 NETCN 667417  91062     25 SOL01 KOREA AIRLINES       1 NCMON  773.4
 CS800 667142  14341  11814 XCOM  BANK OF TOKYO        1 FLM    792.9
 CS800 666972   5621  22881 SNA   MCI                  1 NFOVA  815.7
 CS800 666892   7472  12533 VALID MICROSOFT            1 GCSCL  831.9
 NETCN 666835  91072      0 NODE  BT/MCI               1 NCMON  841.1
 NETCN 666611  12131      0 ISIS  MCI                  1 CS8CU  864.3
 NETCN 665868  91036     22 MUN01 AXA                  1 NCMON  923.6
 NSSC  665443   3137   1694 CMTI  SWBELL               1 FLMCU  952.3
 NETCN 665152  91001     20 SFO01 GENERAL ELECTRI      1 GCSC1  983.4
 CS800 665027  91018     24 FFX01 RATIONAL             1 FIRST 1007.8
 CS800 664448  91033     19 EDI01 ANDREW CORP          1 FLM   1062.2
 CS800 664360   3372  22773 XCOM  FIRST DATA           1 CUSTM 1070.9
 CS800 663772  91002     19 MIN01 GRAND METRO          1 CS8CU 1116.1
 CS800 663658  13112  30231 XCOM  GILLETTE             1 FLM   1126.4
 CS800 662977  12324      0 SDB   EASTMAN              1 FLMCU 1217.5
 CS800 662165  12607  12030 CMF   EDS                  1 DSOS  1279.4
 CS800 662034   7715   9506 XCOM  ICI PHARMACEUTI      1 CUSTM 1291.5
 NSSC  661614   2001      0 SUP   TELERATE             1 CUSTM 1358.1
 NSSC  661263  12571  17063 56KB  TYMNET               1 NSSCP 1382.7
 NETCN 660930  12660      0 NODE  MCI`                 1 ORDIN 1405.8
 NETCN 660470  91083     28 FRK02 VISA                 1 NCMON 1438.0
 CS800 659748   5751  22704 SNA   EASTMAN CHEMICA      1 FLMCU 1500.7
 CS800 659028  91061     20 JBG01 UNIFRUCO             1 CUSTM 1561.0
 CS800 658351   7741   4426 XCOM  FIRST DATA CORP      1 DTPSC 1605.9
 NETCN 657483  91011     19 DEN01 VITEL                1 NCMON 1679.4
 CS800 656548  91016     22 NWK01 FUJI BANK/NIS        1 CS8CU 1754.1
 NSSC  654851  17121   6299 ISIS  MCI/TYMNET           1 CUSTM 1896.6
 CS800 654162   5755      0 NODE  KODAK                1 CUSTM 1942.3
 CS800 652513  12156   6216 CMTI  DTC                  1 FLM   2089.5
 CS800 650356      0     24 BOS01 ROHM & HAAS          1 CUSTM 2292.1
 NETCN 649148   2004      0 SUP   MCI                  1 NTS   2409.2
 CS800 649022   4562  12873 SDLC  FRESENIUS            1 NTS   2419.5
 NSSC  647717  10360      0 XCOM  HEWITT ASSOC.        1 CUSTM 2547.3
 CS800 638633  16030   4522 X.75  MCI                  1 CUSTM 3401.4
 CS800 623636  10360   4296 XCOM  HEWITT ASSOC.        1 CUSTM 4917.3
 NSSC  620164   3137      0 CMTI  SWBELL               1 NTS   5279.3
 CS800 675986  14262  14262 DIALU FIDELITY             2 NSSC     0.3
 NSSC  675971   2601   7010 XCOM  PCA HEALTH           2 NSSC     4.6
 CS800 675970  10361  11156 DIALU AOL                  2 ROTRY  -36.1
 CS800 675969  13214  13214 DIALU PORTSWEEPS           2 CFSS   -47.1
 CS800 675968  12361   3362 DIALU PORTSWEEPS           2 CFSS   -47.9
 CS800 675967  13524   6305 DIALU PORTSWEEPS           2 NFODE    5.3
 CS800 675964   5443  13566 DIALU PORTSWEEPS           2 NFOSL   -2.3
 NSSC  675959   7464   7464 DIALU AOL                  2 CFSS     6.4
 CS800 675946  13357   5734 DIALU AOL ENDUSER          2 CFSS     9.9
 NSSC  675945  10213  10411 DIALU AOL                  2 CS800    0.8
 NSSC  675942  13346  13346 DIALU AOL                  2 NFOCH   10.4
 CS800 675935  15412  15412 DIALU AOL                  2 CFSS     3.1
 CS800 675934  13450  13450 DIALU AOL                  2 CS800    0.4
 CS800 675916  13627  13627 DIALU AOL ENDUSER          2 CS800    1.8
 CS800 675909   4220   4220 DIALU ENDUSER AOL          2 CFSS    14.3
 CS800 675908  13450  13450 DIALU ENDUSER AOL          2 CFSS    14.5
 CS800 675903  15410  15410 DIALU CHASE MANHATTEN      2 CS800    1.5
 CS800 675898   1111   1111 OTHER WILLOUGHBY'S         2 TSIS    16.8
 CS800 675896  15035   5754 XCOM  TRANSAMMONIA         2 BTFR    17.2
 CS800 675895  11753  11753 DIALU NA                   2 CFSS    17.3
 CS800 675894  91006     26 NPB01 FLUOR DANIEL         2 FLM     17.3
 CS800 675891  10506  10506 DIALU AOL                  2 CFSS    18.1
 CS800 675884   4262   4262 DIALU APPOLO               2 CS800    8.3
 CS800 675875   2257   4859 XCOM  UNITED AIRLINES      2 FLM     18.7
 CS800 675873   3654   3654 DIALU MCGRAW HILL          2 NFOPL   18.8
 CS800 675872   3733   3733 DIALU PRODIGY              2 CFSS    18.8
 CS800 675863  10626   7631 XCOM  MCI                  2 CS8CU   19.4
 CS800 675853   7636   7636 DIALU T.ROWE PRICE         2 CLOSE   20.3
 CS800 675847   6033   6033 DIALU CITIBANK             2 CS800   20.6
 CS800 675846  10034  10034 DIALU WARNER PUBLISHI      2 CLOSE   20.6
 CS800 675836   6604   6484 PERIF FREEMONT DATA S      2 NFOSB   21.2
 CS800 675808  11660  11600 DIALU MARIN                2 CS800   21.5
 CS800 675796   5550   5550 DIALU DELPHI USER          2 TWITS   23.1
 NSSC  675758   3350  11460 CDM   MORGAN BANK          2 CUSTM   24.3
 CS800 675752  91016     20 NWK01 PVM OIL              2 CS800   24.4
 CS800 675727   5310   5310 DIALU ENDUSER              2 NFOCI   25.8
 CS800 675557  13620  13620 DIALU FIDELITY             2 CS800   17.7
 CS800 675547  15720      0 DIALU MCI/CA               2 CS800   37.2
 CS800 675532  13156  13156 DIALU AOL                  2 NFODA   38.7
 CS800 675505   7601   7601 DIALU AOL ENDUSER          2 CLOSE   41.2
 CS800 675499  10361  11156 DIALU DELPHI               2 CS800    0.4
 CS800 675477   3557  15105 DIALU T. ROWE PRICE/E      2 CLOSE   42.8
 CS800 675471   7456   7456 DIALU DUBUQUE BANK         2 NFOSL   43.1
 CS800 675466  14216  14230 DIALU TRW                  2 FLM     43.2
 CS800 675457  14741  14742 DIALU XEROX                2 NFOEB   43.8
 CS800 675454  14011  14011 DIALU APOLLO               2 CLOSE   44.0
 CS800 675452  91030     26 AMS01 ROADWAY GLOBAL       2 FLM     44.5
 CS800 675437  12653  12653 DIALU FIDELITY ENDUSE      2 FLM     45.4
 CS800 675425   4354   4354 DIALU AOL                  2 NFODA   46.2
 CS800 675421  10153  10153 DIALU MERRILL LYNCH        2 CLOSE   -3.1
 CS800 675417   2377  14555 DIALU CSSNA AIRCRAFT       2 NFOMN   46.5
 CS800 675404   6021   6021 DIALU FIDELITY             2 CS800   46.9
 CS800 675400   2340  15612 DIALU APL                  2 FLM     47.1
 CS800 675375  91047     21 AUK01 MERCK                2 FLM     48.1
 CS800 675358  17250   7720 SDLC  BELL HOLICOPTER      2 CS8CU   49.0
 CS800 675213   4615  23070 XCOM  AVATAR               2 CLOSE   60.0
 CS800 675166  13620  13620 DIALU EDS                  2 CLOSE   66.4
 NSSC  675149   6001   2915 ACOM  XEROX                2 NFONY   67.1
 CS800 675141  14606   1020 XCOM  SBS                  2 FLM     67.6
 CS800 675131   4556  10436 DIALU MCI OPS              2 CUSTM   68.5
 CS800 675085  11710   7895 XCOM  CITIBANK             2 CLOSE   70.8
 CS800 675051   2712  13010 TII   JB OXFORD            2 NTS     72.5
 CS800 675020  14744  14743 DIALU DEFENSE PRINTIN      2 FLM     73.6
 NETCN 674826  91078     24 SLO02 SYBASE               2 FRSPT   89.8
 CS800 674755   7417  12675 DIALU DIPC                 2 NSSCP   94.5
 CS800 674636   3677   3677 DIALU AOL                  2 NFOSL   98.9
 CS800 674533  15410  15410 DIALU AIG                  2 CLOSE  106.7
 CS800 674481  10574  10574 DIALU AOL                  2 NFOSB  112.0
 CS800 674375   3254   5616 DIALU KOMATSU DRESSER      2 NFOSL  118.1
 CS800 673904  10717   5012 CMTI  HARPER GROUP         2 FLM    181.5
 CS800 673888   6021   6021 DIALU BELL ATLANTIC/N      2 FLM    183.4
 CS800 673879  10174   5188 XCOM  FIDELITY             2 CS800  185.0
 CS800 673871   3463  12375 XCOM  ETS                  2 TSIS   185.4
 CS800 673866      0     20 MAD01 GATES                2 CS800  185.6
 CS800 673555  14216  14230 DIALU ZEROX                2 FLM    209.2
 CS800 673498   7503  12570 HWOCL BTUK                 2 BTUK   214.4
 CS800 673248   5734   6581 TLNET EDD                  2 STS    228.9
 NETCN 673226  91025      0 FRE   BT SNG               2 NCMON  231.5
 CS800 673168  13565  12937 XCOM  EDS CORP.            2 FLM    234.9
 CS800 673082   5463   5463 DIALU SYSTEMATIC FIN.      2 NFONK  240.0
 CS800 673071  15421      0 DIALU NISSAN               2 NFOSL  240.5
 CS800 673032  10674   7907 XCOM  EASTMAN CHEM.        2 FLM    242.0
 CS800 672910  14741  14742 DIALU MCI                  2 NFOEB  254.7
 CS800 672895  91016     21 NWK01 ELSEVIER             2 CS800  256.1
 CS800 672807  91028     29 PAR01 SEQUENT              2 FLM    263.3
 CS800 672584   6567   6567 DIALU NISSAN               2 NFODA  278.2
 CS800 672126   7464   7464 DIALU PRODIGY              2 NFODA  333.3
 CS800 672053   5277  16404 56KB  BT GNS               2 FLMCU  346.9
 CS800 672047  13357   5734 DIALU FIDELITY/ENDUSE      2 NFODA  347.3
 CS800 672036  13734  13734 DIALU FIDELITY             2 ORDIN  348.4
 CS800 671895  13603  13604 DIALU DOW JONES            2 ORDIN  360.4
 CS800 671776  11246  10980 XCOM  AIRLINE TARRIF       2 UK800  370.2
 CS800 671730   2446  19783 XCOM  ITSNET               2 FLM    373.3
 CS800 671674   7417  12675 DIALU HAPAG LLOYD          2 FLMCU  376.8
 CS800 671612   3774   3774 DIALU AOL/ENDUSER          2 ORDIN  381.8
 CS800 670678  14671  14671 DIALU FIDELITY             2 NFONY  454.2
 NSSC  670077   3024   3024 XCOM  SWBELL               2 FLM    527.1
 CS800 669873   7742   6884 XCOM  KNIGHT RIDDER        2 CUSTM  -11.1
 CS800 669868   4201   6469 XCOM  KNIGHT RIDDER        2 CUSTM  -10.9
 CS800 669476  91018     22 FFX01 BECTON DICKE    2 FLM    574.9
 CS800 668487  14744  14743 DIALU XERROX               2 CLOSE  693.4
 CS800 668242   7525   3904 XCOM  KNIGHT RIDDER        2 FLM    713.2
 CS800 668215  14117   5441 DIALU MARINE               2 NFOSL  715.6
 CS800 668002  91038     29 MIL01 ANDREW CORP          2 CUSTM  726.8
 CS800 667312      0  22882 CMTI  	                   2 DTPSC  783.2
 CS800 667204  16652  16652 DIALU FIDELITY             2 NTENG  789.4
 NETCN 666786   3044  14540 56KB  MCI                  2 ORDIN  848.9
 CS800 666548  91028     19 PAR01 ANDREW CORP          2 CUSTM  869.3
 NSSC  666147   3201      0 NODE  BANK OF AMER         2 DTPSC  902.6
 NETCN 665834   2767      0 NODE  MCI                  2 NFOEB  925.2
 CS800 665221   2170     31 DIALC MOTOROLA             2 FLMCU  970.0
 CS800 664398  11251  11251 DIALU AOL/ENDUSER          2 FLMCU 1066.7
 CS800 664240  15367  15367 DIALU CMF&Z                2 TWITS 1079.5
 CS800 664194  16314      0 NODE  MCI                  2 TELCO 1081.0
 CS800 663699  15373  20408 ACOM  WELL FARGO           2 DTPSC 1123.3
 NETCN 662037      0      0 FRE   MCI/BT               2 NMCAP 1291.4
 CS800 661305   3635   3635 DIALU FIDELITY             2 NFODA 1379.1
 CS800 660531  91025     18 SNG01 SEQUENT              2 FRSPT 1433.2
 NSSC  657999   2030   2012 XCOM  TELERATE             2 CUSTM 1626.9
 CS800 656952  10574  10574 DIALU AOL                  2 NFOSB 1726.7
 CS800 656932  91040     29 BAY01 ARTHUR ANDERSON      2 GCSCC 1727.4
 CS800 655956  14720   4232 DIALU NISSAN               2 NFONY 1794.5
 NETCN 655670   3044   3706 NODE  MCI                  2 NFOLA 1811.3
 NSSC  655227   7372  11482 XCOM  MORGAN               2 NTS   1872.7
 CS800 651227  12156   6216 CMTI  DEPOSITORY           2 FLM   2230.0
 CS800 651215   2056  17465 XCOM  REPUBLIC NATL B      2 FLM   2230.5
 CS800 647313   6463   6392 XCOM  CORNING              2 FLM   2564.1
 NSSC  647007  16065      0 NODE  MORGAN               2 BTAUS 2586.2
 CS800 645176  11312   7867 SDLC  ROSS/ABBOTT LAB      2 ETSBO 2751.3
 NSSC  638644   2454   2970 ACOM  SOUTH WEST BELL      2 FLMCU 3401.7
 NSSC  638566   3350   8905 CDM   WEST                 2 NSSCP 3407.5
 CS800 637952  91010     20 DAL02 FMC                  2 CUSTM 3455.0
 CS800 637228   5734  20555 TLNET SPECTRA PHYSICS      2 CUSTM 3548.6
 CS800 636183   2454    313 ISCS  SWBELL               2 FLMCU 3637.3
 NSSC  634666   2502      0 56KB  RESPONSENET          2 NSSCP 3790.2
 CS800 633930   4663   4476 XCOM  BANK OF AMERICA      2 FLMCU 3884.9
 NSSC  633887   2454    313 ISCS  SWBELL               2 FLMCU 3887.4
 NETCN 597156   2632  12535 19.2  PCI/MCI              2 DTPSC 7809.9
 NSSC  675877   2202      0 PROJ  RNET                 3 NSSCP    8.4
 NSSC  675880   2402      0 BPS   RNET                 3 NSSCP    8.4
 CS800 675984  13211  13212 DIALU ENDSUSER             3 FLM      0.4
 NSSC  675972   5477   5886 TII   ALASCOM              3 CUSTM    0.1
 NSSC  675929  11217   1312 XCOM  DIGITAL              3 NSSCP   11.8
 CS800 675904      0      0 OTHER BUDGET/SPOKANE       3 TSIS    14.8
 CS800 675892   5057  16554 PAP   CUNA MUTUAL          3 ORDCU   18.1
 CS800 675887      0      0 OTHER CLUB_MANAGERS O      3 CS800   18.2
 CS800 675871   3233  12441 MSVO  FORD MOTOR COMP      3 FLM     18.9
 CS800 675865  15341  15341 OTHER MCI                  3 CS800   19.3
 NSSC  675855   2442    217 SDB   FIDELITY             3 NFOCH   20.2
 CS800 675844   2537   3434 ISIS  MCI                  3 CS800   11.0
 NSSC  675818  14211  14211 PROJ  MCI                  3 NFOVA   22.4
 NSSC  675792   4763   4763 PROJ  MCI                  3 CFSS    23.2
 NSSC  675786   2442  22783 XCOM  FIDELITY             3 NFOCH   23.4
 CS800 675775  10307  10307 EZTYM FORD                 3 FLM     23.8
 NSSC  675760  11055  11055 PROJ  MCI                  3 NFOSE   24.0
 NSSC  675742   2617   2617 PROJ  MCI                  3 DTPSC   24.8
 NSSC  675744   2206      0 NODE  RNET                 3 NSSCP   24.9
 NSSC  675923   2407      0 NODE  RNET                 3 NSSCP   32.4
 NSSC  675922   2400      0 NODE  RNET                 3 NSSCP   32.4
 NSSC  675881   2302      0 PROJ  RNET                 3 NSSCP   32.4
 NSSC  675921   2100      0 NODE  RNET                 3 NSSCP   32.4
 NSSC  675919   2205      0 NODE  RNET                 3 NSSCP   32.4
 NSSC  675918   2200      0 NODE  RNET                 3 NSSCP   32.4
 NSSC  675412   2607   7061 XCOM  LIMITED              3 NTS     32.4
 NSSC  675484   2605      0 NODE  LIMITED              3 NTS     32.4
 CS800 675561      0      0 OTHER KAISER SUNSET        3 TSIS    35.3
 CS800 675546   5771   5771 DIALU FORD                 3 FLM     37.4
 NSSC  675459  14716  14716 PROJ  MCI                  3 NFOPL   43.8
 NSSC  675433  16212  16212 PROJ  MCI                  3 NFOCI   45.8
 NSSC  675416  10077  15660 PROJ  MCI                  3 ORDIN   46.6
 NSSC  675406  11251  11251 PROJ  MCI                  3 ORDIN   46.9
 NSSC  675402  12560  12756 CMTI  FORD                 3 NSSC     0.2
 CS800 675169   4576  15396 XCOM  CHIQUITA BANANA      3 CS8CU   65.5
 NSSC  675093  15755  15755 PROJ  MCI                  3 NFOPL   70.6
 NSSC  675050   2674   2674 PROJ  MCI                  3 PORTS   72.6
 CS800 675036  12657     44 DIALC BALTIMORE SUN        3 CLOSE   73.2
 CS800 675033      0  11895 XCOM  FORD                 3 FLM     73.2
 CS800 674784      0      0 DIALU OPEN ENTERPRISE      3 TSIS    92.9
 CS800 674752   1111    111 EZTYM IBM                  3 FLM     94.5
 NSSC  674662  12240      0 PICO  FORD                 3 NFOCH   98.5
 NSSC  674471   2113      0 NODE  MCI                  3 NTS    104.4
 NSSC  674463   2014      0 NODE  MCI                  3 NTS    104.4
 NSSC  674413   4501   4501 PROJ  MCI                  3 ORDIN  116.1
 NSSC  674401   6673   6673 PROJ  MCI                  3 NFOVA  116.9
 NSSC  674383   4220   4220 PROJ  MCI                  3 ORDIN  117.5
 CS800 674381   5402      0 NODE  MCI                  3 CFSS   117.9
 CS800 674352  16645  16645 DIALU COMPUSERVE           3 CUSTM  119.7
 NSSC  674255   2103      0 SWTCH RNET                 3 NTS    125.6
 NSSC  674204   2101      0 SWTCH RNET                 3 NTS    130.1
 CS800 673863      0      0 DIALU SAMPLER PUB.         3 TSIS   186.0
 NSSC  673855  12314  14317 PROJ  MCI                  3 NFOPL  187.0
 NSSC  673853  12504  13676 PROJ  MCI                  3 NFOTA  187.3
 NSSC  673655   5620   4611 CMTI  NC PASS              3 FLMCU  198.6
 NSSC  673651   5621  22882 CMTI  NC PASS              3 NSSCP  198.6
 CS800 673510   3576  10821 DIALC MCDONNEL DOUGLA      3 DLCOP  213.5
 CS800 673495  15603  10233 EZTYM ALCOA                3 FLM    214.5
 NETCN 673252      1      1 FRE   MCI                  3 NCMON  228.5
 NSSC  673172  14142  14142 PROJ  MCI                  3 ORDIN  234.9
 CS800 673148   6027      0 NODE  MCI                  3 NFOSL  237.1
 NSSC  673113   2361   3016 ISIS  HONG KONG BANK       3 HKSW   238.5
 CS800 672902      0      0 OTHER CHANCES              3 TSIS   255.4
 CS800 672817   7762  14648 SNA   EASTMAN CHEMICA      3 CUSTM  262.5
 CS800 672804  16541   2668 XCOM  JCPENNEY             3 FLM    263.5
 CS800 672489   2125   8025 XCOM  AMADEUS              3 CS8CU  284.3
 CS800 672486   6203   9013 XCOM  ABB COMBUSTION       3 FLM    284.5
 CS800 672479      0      0 DIALU ANYTIME TAVERN       3 TSIS   285.3
 NETCN 672062  15560  15562 9.6   MCI                  3 NFOCN  346.0
 CS800 671976      0      0 OTHER MCI DATA             3 TSIS   354.8
 NSSC  671926   2346      0 NODE  HKBK                 3 CUSTM  358.5
 CS800 671662  15572  20659 CMTI  MCI                  3 GCSCL  378.0
 CS800 671660  15572  20657 SNA   MCI                  3 GCSCL  378.1
 CS800 671589   7464   7464 DIALU MCI                  3 NFTEL  383.5
 CS800 671573  10061  10061 DIALU MCI                  3 CUSTM  384.2
 CS800 671346   3231  11640 XCOM  NATIONAL COUNCI      3 CUSTM  403.7
 NETCN 671131  14507      0 NODE  MCI                  3 NFOVA  419.7
 NETCN 670480  91054      0 OTHER MCI                  3 NFONY  467.3
 CS800 670430   3146      0 DIALU FORD-BAILEY MAN      3 FLM    470.4
 CS800 670255   3445  17335 XCOM  CHASE MANHATTAN      3 DTPSC  505.9
 NETCN 669446  91048      0 FRE   MCI                  3 NCMON  576.6
 CS800 669112  14620  23057 XCOM  EMS                  3 CUSTM  600.2
 CS800 668545  14072  14072 EZTYM UNITED AIRLINES      3 FLM    687.0
 CS800 668132  14603   1578 XCOM  DELPI INTERANAT      3 FLM    719.7
 CS800 668095  12073   9365 ACOM  KOMATSU              3 CUSTM  721.6
 NETCN 667471   6732      0 SDLC  MCI                  3 DTPSC  770.0
 CS800 667172   4174   1223 CMTI  ENDUSER              3 CTSDE  791.6
 CS800 667139   3233  11895 DIALC DISNEY               3 DLCOP  793.2
 NSSC  666132   3626      0 NODE  MCI                  3 NSSCP  904.6
 CS800 665873   6676   6676 DIALU MCI                  3 FLMCU  923.6
 CS800 665440  91063     18 SFO02 VLSI TECHNOLOGY      3 CUSTM  952.6
 CS800 665438   5162  15498 SDLC  FRESENIUS USA        3 CUSTM  953.5
 CS800 665346   7030   4512 XCOM  HONEYWELL            3 CUSTM  959.6
 NETCN 665174   5642  12302 9.6   MCI                  3 ORDIN  975.0
 CS800 663199   4573      0 NODE  MCI                  3 TSOPS 1196.2
 CS800 662903  16020   6814 CMTI  DTC                  3 FLM   1222.1
 NSSC  662638   3142      0 ISIS  MORGAN BANK          3 NSSCP 1243.9
 CS800 658587  12435  10164 XCOM  PRODIGY              3 CUSTM 1590.2
 CS800 657302  91039     31 MAD01 ARTHUR ANDERSON      3 GCSCC 1701.1
 CS800 654657  13574      0 NODE  ASSOCIATES           3 CUSTM 1843.4
 CS800 654949  12156   3336 XCOM  DEPOSITORY TRUS      3 FLM   1891.1
 CS800 653865  13562  19087 XCOM  PRODIGY              3 CUSTM 1960.1
 CS800 653862   3233  11895 MSVO  FORD                 3 CUSTM 1960.7
 CS800 653239   4067   1373 XCOM  INTELLICOM           3 CUSTM 2036.1
 NSSC  653199   5343      0 MUX   MCI                  3 NSSCP 2038.8
 CS800 650840      0      0 OTHER WOODSIDE RACQUE      3 TSIS  2253.1
 CS800 650515   5611      0 NODE  AUGAT                3 CUSTM 2280.5
 CS800 650218  11767    436 XCOM  NOVUS INTL           3 NFOMX 2302.8
 CS800 647058      0   5711 OTHER MSC                  3 CUSTM 2582.1
 CS800 638962   4167    931 DIALU CONCERT              3 CUSTM 3372.9
 CS800 638636      0      0 DIALU THE HAMPTON INN      3 CUSTM 3402.2
 CS800 638572      0      0 OTHER MCI                  3 EMS   3407.0
 NSSC  636725   2023      0 CMS   ALASCOM              3 DTPSC 3594.2
 CS800 636161   2256   2256 DIALU ENDUSER              3 TWITS 3640.3
 CS800 635740      0      0 SDB   ENVIRONMENTAL        3 EMS   3712.5
 CS800 635057      0      0 OTHER COLDWATER CREEK      3 EMS   3761.9
 CS800 633637   5969      0 OTHER PAL JOEYS            3 EMS   3908.7
 CS800 627132   5480   5480 OTHER ORION SYSTEMS        3 EMS   4577.6
 CS800 619147      0      0 OTHER BUDGET RENT A C      3 EMS   5392.0
 NSSC  617411      0   4096 ISCS  SOUTHWEST BELL       3 FLMCU 5562.5
  '\Y