
: 
: 
: 
: 
COPY STARTING

(MNEWTON:26)041COP.TMP COPIED TO (MNEWTON:33)041COP.TMP

0 (0) CHARS. TRANSMITTED

: 
COPY STARTING

(MNEWTON:26)041DIR.TMP COPIED TO (MNEWTON:33)041DIR.TMP

41 (54) CHARS. TRANSMITTED

: 
COPY STARTING

(MNEWTON:26)PTFDDT.PT1 COPIED TO (MNEWTON:33)PTFDDT.PT1

3159 (1722) CHARS. TRANSMITTED

: 
COPY STARTING

(MNEWTON:26)MMEG07.P00 COPIED TO (MNEWTON:33)MMEG07.P00

144 (171) CHARS. TRANSMITTED

: 
COPY STARTING

(MNEWTON:26)PRB35.PAB COPIED TO (MNEWTON:33)PRB35.PAB

261 (301) CHARS. TRANSMITTED

: 
COPY STARTING

(MNEWTON:26)GOUGE6.P03 COPIED TO (MNEWTON:33)GOUGE6.P03

1152 (956) CHARS. TRANSMITTED

: 
COPY STARTING

(MNEWTON:26)PICO03.P01 COPIED TO (MNEWTON:33)PICO03.P01

657 (615) CHARS. TRANSMITTED

: 
COPY STARTING

(MNEWTON:26)NOMSG.PAT COPIED TO (MNEWTON:33)NOMSG.PAT

482 (488) CHARS. TRANSMITTED

: 
COPY STARTING

(MNEWTON:26)TEST02.C02 COPIED TO (MNEWTON:33)TEST02.C02

167 (194) CHARS. TRANSMITTED

: 
COPY STARTING

(MNEWTON:26)TEST02.T02 COPIED TO (MNEWTON:33)TEST02.T02

666 (474) CHARS. TRANSMITTED

: 
COPY STARTING

(MNEWTON:26)TEST02.I02 COPIED TO (MNEWTON:33)TEST02.I02

329 (240) CHARS. TRANSMITTED

: 
COPY STARTING

(MNEWTON:26)TEST02.R02 COPIED TO (MNEWTON:33)TEST02.R02

52016 (51125) CHARS. TRANSMITTED

: 
COPY STARTING

(MNEWTON:26)IPAD55.NIN COPIED TO (MNEWTON:33)IPAD55.NIN

36842 (20446) CHARS. TRANSMITTED

: 
COPY STARTING

(MNEWTON:26)HSTDWN.414 COPIED TO (MNEWTON:33)HSTDWN.414

468 (531) CHARS. TRANSMITTED

: 
COPY STARTING

(MNEWTON:26)LOWSPD.531 COPIED TO (MNEWTON:33)LOWSPD.531

536 (469) CHARS. TRANSMITTED

: 
COPY STARTING

(MNEWTON:26)XRNR1.TST COPIED TO (MNEWTON:33)XRNR1.TST

374 (318) CHARS. TRANSMITTED

: 
KEEPING FILE (MNEWTON:33)MAIL

: 
COPY STARTING

(MNEWTON:26)NOSUP.531 COPIED TO (MNEWTON:33)NOSUP.531

891 (787) CHARS. TRANSMITTED

: 
COPY STARTING

(MNEWTON:26)OUTPUT COPIED TO (MNEWTON:33)OUTPUT

0 (0) CHARS. TRANSMITTED

: 
COPY STARTING

(MNEWTON:26)CRPAT.TST COPIED TO (MNEWTON:33)CRPAT.TST

95 (114) CHARS. TRANSMITTED

: 
COPY STARTING

(MNEWTON:26)RAM12.DOC COPIED TO (MNEWTON:33)RAM12.DOC

3713 (2682) CHARS. TRANSMITTED

: 
COPY STARTING

(MNEWTON:26)RPORT.TST COPIED TO (MNEWTON:33)RPORT.TST

626 (515) CHARS. TRANSMITTED

: 
COPY STARTING

(MNEWTON:26)IPAD50.403 COPIED TO (MNEWTON:33)IPAD50.403

36545 (20201) CHARS. TRANSMITTED

: 
COPY STARTING

(MNEWTON:26)IPAD55.403 COPIED TO (MNEWTON:33)IPAD55.403

36639 (20274) CHARS. TRANSMITTED

: 
KEEPING FILE (MNEWTON:33)INIT.SAV

: 
KEEPING FILE (MNEWTON:33)SCLK2.NIB

: 