   301981   5/26/1990   2:03  CMF  DELET  0          NSSC           
   302019   5/26/1990  18:17  JIM  DELET  0          TCSUP          
   302030   5/27/1990   2:21  JLW  DELET  0          NSSC           
   302054   5/27/1990  18:49  BKW  DELET  0          NSSC           
   302055   5/27/1990  19:28  BKW  DELET  0          NSSC           
   302087   5/28/1990  11:16  LO   DELET  0          NETCON         
   302044   5/28/1990  11:22  LO   DELET  0          NETCON         
   302166   5/28/1990  21:47  DAN  DELET  0          NETCON         
   302240   5/29/1990  12:31  KMS  DELET  0          NSSC           
   302257   5/29/1990  14:29  BZQ  DELET  0          NSSC           
   302291   5/29/1990  16:44  DAN  DELET  0          NETCON         
   302251   5/29/1990  17:36  JIM  DELET  0          TCSUP          
   301361   5/29/1990  21:34  MEL  DELET  0          NETCON         
   302361   5/29/1990  21:49  DAN  DELET  0          NETCON         
   302392   5/29/1990  23:25  CLP  DELET  0          NETCON         
   302388   5/29/1990  23:26  CLP  DELET  0          NETCON         
   302418   5/30/1990   4:34  LEW  DELET  0          NETCON         
   302432   5/30/1990   6:29  BN   DELET  0          BTHK           
   301961   5/30/1990   7:35  SPC  DELET  0          NETCON         
   301833   5/30/1990   7:54  SPC  DELET  0          NETCON         
   302444   5/30/1990  10:36  LCB  DELET  0          NCF            
   302158   5/30/1990  13:28  SPC  DELET  0          NETCON         
   302533   5/30/1990  15:40  DAN  DELET  0          NETCON         
   302538   5/30/1990  15:42  DAN  DELET  0          NETCON         
   302576   5/30/1990  18:51  MEL  DELET  0          NETCON         
