

*****************************          **************************************
Network Availability Averages          Report Dates > 09-01-1991 to 09-30-1991
*****************************          **************************************


City                   State                         %Avail
----                   -----                         ------
WARNER ROBINS          GA    ........................>100
WATERLOO               IA    ........................>100
IOWA CITY              IA    ........................>100
FT. WAYNE              IN    ........................>100
NEWARK                 NJ    ........................>92.
NEWARK                 OH    ........................>100
WARREN                 OH    ........................>88.
WACO                   TX    ........................>88.
YAKIMA                 WA    ........................>100
RICHLAND               WA    ........................>93.
PORT ANGELES           WA    ........................>93.
SPOKANE                WA    ........................>0  
LONGVIEW               WA    ........................>100
PULLMAN                WA    ........................>100
BELLINGHAM             WA    ........................>100
VANCOUVER              WA    ........................>100
WAUSAU                 WI    ........................>100


********************************
Availability Average =  94.55
********************************



