  5232782ECSC 2170814ALCATEL        FR SLOT CRASH       7081417420857960XCOM         26509914988     0
  5233134BTITA2170814AMDAHAL        IT.AMDAHL               026526691954NODE         24890519132    40
  5162902ECSG 2170779APC EUROPE     FR APC / JBT            026509915500CONST        24890519132   139
  5233481BTUK 2170814AUGAT          CALL CUST MONDAY    7081526535080804XCOM         26509914220     0
  5231643ECSG 2170813AUTOSTRADE     IT SIRTI PBT            026547664234PBT          24890519132    65
  4505513STS  2170421AUTOSTRADE     IT..SIRTI           7046926526691944XCOM         26530885742    62
  4888763SIRTI2170644AUTOSTRADE     IT..SIRTI           7068526522497376PBT          26010792306    80
  5224972SIRTI2170811AUTOSTRADE     IT SIRTI SUP            026526691684SUP          24890519132     0
  5227574TSBNL2170812AVERY          NL pls reload       7081326526691680ISIS         26526691682    22
  5228011BTUK 2170812AVERY HEMEL H. FASSON NJ12542      7081326535080048DIALU        26535080302    14
  5175233FSBEL2170785AVERY RODANCHE NL AVERY RODANGE    7079226514109280ISIS         26535080546   104
  5215974BTBNL2170806BERG ELECTRONICnl Berg trace       7080626526692202ACOM         26530886248     0
  5213784CUSAF2270805BOOZ ALLEN     NC ALLEN INSTALL        026522497386FRE          24890519132    80
  5215481FSNL 2170806BOSE           NL Bose Fivemere    7081217416663916ISIS         17420857448     0
  5140844UKCS 2170769BOSTON SAFE DEPFOA MIKE COULTHARD  7076926530885996ISIS         26530885996     0
  5232772BTBNL2170814BRAUN          NL BRAUN L/L        7081417420858210XCOM         17420858222     0
  5195762BTBNL2170797BT             NL HWELL GWAY           026514109028X.75         24890519132   134
  5192814ENMC 2270796BT             NC LINK SWITCH          017416664430FRE          24890519132   313
  5221781FSGER2170810BT             GE SWITCH DN        7081026509914736ATC          26509915232     0
  5233034CS8002170814BT             GE-reload               026522498154ISIS         24890519132     0
  5201024BTSZ 2270799BT             NC 63/93 19/11          017420857442FRE          24890519132   325
  5234401ENMC 2270815BT                                 7081517383108722ATC          25973043552     0
  5217683FSGER2170807BT             GE HDLC errors      7081417420858220ATC          17416663146    52
  5232894BTGER2270814BT AMSTERDAM   NL IPX BT AMSTERDAM     026509915246PROJ         24890519132   110
  5220494BTBNL2170809BT BRUSSELS    BE SLOT CRASH       7081026514109546DIALU        26514108512    20
  5230963ETSG 2170813BT GERMANY     NL XPC Federal Exp      026535080050DIALU        24890519132    79
  5102311FRSPT2270750BT SWEDEN      NC STK01 DOWN       7075526514108776FRE          26522498400   120
  5232714BTSZ 2170814BT SWITZERLAND SZ.MAINTENANCE          017416664416ISIS         24890519132     0
  5213994BTSZ 2270805BT SZ          NC NLOAD 11/15          026530886508ISIS         24890519132    72
  5215634BTITA2170806BT TURIN       IT.PROJECT          7080717420858738NODE         26522497892     0
  5224314ENMC 2270811BT.GERMAY      NC 64/93 27/11          017416663140SWTCH        24890519132   255
  5225314FSNL 2270811BT.ROTTERDAM   NC ENCN 65/93       7081226530886240CONST        17412469618    96
  5198141INFRA2270798BT.SPAIN       NC Dump analyze     7079917412470112NODE         26518303588    23
  5224622ENMC 2270811BT.SPAIN       NC MAD01-BAY01      7081126514109026FRE          26518303596     0
  5227234ENMC 2270812BT.SWEDEN      NC 66/93 20/11      7081417420858734ISIS         26010793316    25
  5232684BTFR 2170814BTFRANCE       FR SLOT XPC SERVER  7081417416663144X.PC         17416663912     0
  5224281ENMC 2270811BTITA          NC MIL01 UP&DOWN    7081117412469106FRE          26509914472     0
  5236601BTSZ 2270816BTSZ           NC Node down SZ         026518304104ISIS         24890519132    20
  5222821TPVIE2270810BTTE           NC NLOAD 22/11      7081026539274866ISIS         26543468642     0
  5180104BTSWE2270788BTTE           NC YOYO LINK        7079126535080032HWOCL        26522497380    16
  5232292BTSWE2270814BTTE           NC STK01-AMS01      7081417383109488FRE          26514109792     7
  5214104FSNL 2270805BTTE           NC DCE>DTE 29.1         026535080550FRE          24890519132    91
  5200943ENMC 2270799BTTE           NC STK01 Minor      7081417416663660FRE          17416664164   142
  5233201ENMC 2270814CGM            nc.cgm down         7081426526692452PXL          26530886768     0
  5230131ENMC 2270813COMNEXO        NC DUPONT/PORTO     7081417420858210ISIS         26539274598    22
  5177331ECSC 2270786COMNEXO        NC COMMEXO/22/11    7079717412469088NODE         26518302828   256
  5233051BTGER2170814CONTSHIP       GE CONTSHIP             026522498412XCOM         24890519132    68
  5236721ENMC 2270816DATA,MANGMT    NC NODE DOWN        7081626526691950ISIS         26526692452     0
  5205671BTGER2170800DUPONT         GE SLOT CRASH       7080027059368036MSVO         27059368298     0
  5235841BTITA2270815DUPONT DE NEMOUNC NODE DOWN            026530886768TIIG         24890519132    39
  5225362TSBNL2170811EBSCO          NL SDLC conn.           026530886258ISIS         24890519132    74
  5184053TSBNL2170790EDISCO         NL Abbot gateway    7079026535080560X.75         26535081072     0
  5232811ECSC 2170814EDS            FR COPY MONDAY      7081417420858470OTHER        26530886760     6
  5214094ENMC 2270805EMI            NC EMI line         7080626535080302XCOM         26530885746    14
  5166981ENMC 2270782EMI AMSTERDAM  NC EMI Amsterdam        017420858472FRE          24890519132   551
  5235733BTBNL2270815EUROCONTROL    NC Eurocontrol down     026514109292ISIS         24890519132    45
  5227273TSBNL2170812EUROCONTROL    nl Eurocontrol Breti7081326509914734XCOM         26518303852     0
  5225073TELCO2170811EUROCONTROL    nl Eurocontrol      7081226526691952XCOM         17416663918    14
  5225521BTFR 2170811EUROLYSINE     FR EUROLY/ISA       7081126535080806ISIS         26535081062     0
  5177754FRCS 2170786EUTELSAT       FR EUTELSAT/JBT         026509914474BBXS         24890519132     0
  5230662TELCO2170813GIBCO LIFE TECHNL LIFE TECHN MODEM     026526691938ISIS         24890519132    69
  5227804BTSZ 2170812GIL Y CARVAGAL SZ.SLOT RELOAD          026530886256XCOM         24890519132     0
  5208143TSBNL2170803HONEYWELL      nl Hwell circ drps  7080326509915244CONST        26509915494     0
  5224922TSBNL2170811HONEYWELL      NL ISIS-PORT 0          026522498412ACOM         24890519132    62
  5227534TELCO2170812HOYWELL        NL HONEYWELL PTT MAI7081226522498148XCOM         26530886246     0
  5213793BTHK 2170805HYUNDAI        C:HYUNDAI               026522497900OTHER        24890519132    96
  5227313TSBNL2170812ICI            nl ICI call cleared     026509915490SDLC         24890519132    69
  5230221BTSWE2170813ICI HELSINKI   nl ICI Helsinki         017420858726XCOM         24890519132    85
  5233744BTFR 2170814JACQUET        FR JACQUET/CLM      7081526543468900ISIS         27059368294     0
  5203932BTITA2170800KAESTLE        IT. KAESTLE         7081417416664416SDLC         26522497394   116
  5227392BTGER2270812KENNAMETAL     TURN TO AFPUB           026518302822FRE          24890519132    72
  5232883CUSTM2270814MEDTRONIC      NC MEDTRONIC DOWN.      026509914986ISIS         24890519132     4
  5180624CUSTM2170789MEDTRONIC      NL MEDTRONIC        7079017404081518XCOM         17416663398    25
  5222421TSBNL2170810MEDTRONICS     FR MEDTRONIC            026530886244XCOM         24890519132    99
  5225894BTFR 2170811MERLIN GERIN   FR MERLIN GERIN/CLM     026543469680ONTY         24890519132    16
  5227341BTFR 2170812MILLIPORE      FR SLOAD SUN14H     7081326514109040XCOM         26514109034    15
  4904603STS  2170652MTSS (LABOUR MISP CMTI+EZTYM       7067226509914732CMF          26535081056     0
  5227083BTBNL2170812NAMSA          nl Namsa Italy          017416663916XCOM         24890519132    69
  5230553ENMC 2270813NIPPOM THOMSON NC CRASH 0264           026522497380ISIS         24890519132    15
  5224894TELCO2170811NIPPON         NL PTT MAINT RT-DP437081226522497902HWOCL        17412469356    14
  5225123BTSWE2170811NOBEL          SW NOBEL PROC           026526692452MSVO         24890519132   131
  5230402BTFR 2170813PRESTIGE GROUP FR PRESTIGE/FB          026514109542FRE          24890519132     8
  5224914TPVIE2270811RADIO AUSTRIA  NC NLOAD 22/11          0265224981444.8          24890519132   124
  5236581BTSP 2270816REPSOL         NC Repsol down          026514109536NODE         24890519132    21
  5157891ENMC 2270777SANDVICK       NC Sandvik STK-MIL  7077717420857708FRE          17420857962     0
  5232651TELCO2270814SEALAND        NC NODE DOWN        7081417412469870ISIS         17412470120     0
  5198884ECSC 2170798TAFISA         EU TAFISA IN PO     7081426530887016XCOM         26509914978   385
  5216712BTFR 2170806THOMSON        FR THOMSON/PROC3/JBT7081227046785126ISIS         17416663146    12
  5230601BTFR 2170813THOMSON        FR THOMSON/SDA      7081326526691692OTHER        26526691944     0
  5224681UKCS 2270811THORM EMI      FOA P.MCDOUGAL      7081326514109554MCP          17420858722    12
  5235701NMSUK2270815TOOCHE ROSS    BRM01 30.1              026514108518FRE          24890519132    20
  5235691NMSUK2270815TOUCHE ROSS    BAY01 31.3              026514108520FRE          24890519132    20
  5235681NMSUK2270815TOUCHE ROSS    BAY01 31.2              026514108518FRE          24890519132    20
  5235711NMSUK2270815TOUCHE-ROSS    MAN01 32.3              026514108522FRE          24890519132    20
  5220572BTFR 2170809UBAF           EU UBAF SLOT CRASH  7080926522497378XCOM         26522497900     0
  5191471BTSWE2170794VOLVO          NR VOLVO DOWN       7079417420857956SDLC         17420858208     0
  5227194BTFR 2170812WARNER BROTHERSFR WARNER / CLM         017420858472XCOM         24890519132    56
  5232752BTFR 2170814YVES ROCHER UK YVES I/H DB             017420857964XCOM         24890519132    61
  5231603BTBNL 470813BERG ELECTRONIC.                       0265476634729.6          24890519132    58
  5222811BTITA2470810CHASE MANHATTANFOA BTITALY             026539274866ISIS         24890519132    60
  5232743BTFR 2470814DIGITAL        PLS ACCEPT          7081417420857458XCOM         26543469156     0
  5230341ETSG 2470813EMC IRELAND    PLEASE ACCEPT           026514108512XCOM         24890519132    12
  5180344ETSG  270789FR.GNS         FR SIO /JBT         7078917383108970NODE         17383109218     0
  5225712BTFR  470811HONEYWELL      CALL @11EST         7081226539275362TII          26526691442    12
  5218731ETSG  470807KENNAMETAL     TURN TO AFPUB       7080726543469418FRE          27055174000     0
x22>>
   