type XSETCM.TST
type ID92M.TST
type ID94M.TST
type AXQXID.TST
type OLHOST.TST
type CLRLSD.TST
type SNRMBP.TST
type ILRST.TST
type INPDQ8.TST
type RELIBB.TST
type XIDQU3.TST
type XIDQU1.TST
type XIDQUE.TST
type HPOPB4.TST
type HSDXI.TST
type HSTER5.TST
type RCVSYN.TST
type NODATA.TST
type SSDISP.TST
type HSOP1.TST
type XDMISS.TST
type DRTDTR.TST
type CC34.TST
type HPOPAN.TST
type MSGZAP.TST
type PTPTTB.TST
type FFCMD.TST
type ID87.TST
type QXID1.TST
type QXID2.TST
type BPSHUT.TST
type RLMOU1.TST
type RLMOUT.TST
type IRING2.TST
type IRING1.TST
type QBIT.TST
type IRING.TST
type HSBC.TST
type TRACES.TST
type TRCSAV.TST
type A1A0.TST
type BLDCRQ.TST
type XCOM04.TST
type INCW2.204
type INCW.204
type INCW1.204
type FWFROG.204
type SDLCDM.204
type FHWTRC.204
