-LOGFILE NW2026.LOG
?LOGFILE?

-R NAD
1.5
;X   NW2026.CMD

;;......................................................................
;;.                                                                    .
;;.                      Global Data NetwoRk II                        .
;;.                          10/30 I/O NODE                            .
;;.                                                                    .
;;.                            KeRnel File                             .
;;.                                                                    .
;;.        NODE: 2026                            KERNEL: 026           .
;;.       HOSTS: 026                               SLOT: 0             .
;;. APPLICATION: ISIS KERNAL                    VERSION: 7.03          .
;;.     NWEATED: 16-Sep-88                       AUTHOR: CAR           .
;;.LAST REVISED:                                REVISOR:               .
;;.        SITE: New YoRk OFFICE                 STATUS: PRODUCTION    .
;;.                                                                    .
;;......................................................................
;; T-II/ISIS NODE CODE COMMAND FILE
;@   (SOURCE)I2IS07.I03

End of assembly
;@   NW2026.TYM

End of assembly
;@   STATS.NAD

===========================
Slot	Ticks	Core	LUs 
===========================
  0	4	255	4
  1	5	60	1
  2	6	275	3
  3	6	115	3
  4	5	200	2 
=========================== 
Tots:	26	905	13 
===========================
Warning, more ticks allocated than available!
 
End of assembly
;@   GOODGY.ZZZ

End of assembly
;@   (SOURCE)I2IS07.R03

SYNC 1BD6 2442
CLOCKS 2442 2FFC
MBOARD 2FFC 31B6
FLASH 31B6 365A
KCAREA 365A 3904
TTY 3904 3C00
KERNEL 3C00 8FF0
EXIT

-SEND UL6NET
