-R NAD
1.5
;X   NW2163.CMD

;;......................................................................
;;.                                                                    .
;;.                                                                    .
;;.                           [  KERNEL  ]                             .
;;.    Node : 2163                                 Updated: 11-Mar-88  .
;;.  Kernal : 163                                       By: KPH        .
;;.   Hosts :                                      Version: 7.03       .
;;.                                                                    .
;;......................................................................
;@   (SOURCE)I2IS07.I03

End of assembly
;@   nw2163.TYM

End of assembly
;@   STATS.NAD

===========================
Slot	Ticks	Core	LUs 
===========================
  0	3	250	2
  1	5	50	1
  2	5	110	2
  3	6	150	3 
=========================== 
Tots:	19	560	8 
===========================
Warning, more ticks allocated than available!
 
End of assembly
;@   GOODGY.ZZZ

End of assembly
;@   (SOURCE)I2IS07.R03

SYNC 1BD2 2418
CLOCKS 2418 2E42
MBOARD 2E42 2FC4
FLASH 2FC4 3462
KCAREA 3462 36F4
TTY 36F4 3A00
KERNEL 3A00 88A4
DDT 88A4 0B900
   3331d bufferlets allocated to dispatcher
DISPAT 0B900 17400
.............................................



    ***  ISIS-II  ***
      Version 7.3d

TYMNET-II Node 2163, Kernel Host 163
Maximum slot number is 3

       >>> HARDWARE CONFIGURATION <<<

Expects enhanced sync microcode
Expects enhanced async microcode
Expects MAC II
Expects maximum baud rate of 4800
Expects 1 sync board(s)
Expects 1 async board(s), device address is 0C1
Supports both old and new async driver
Expects 1 SIO mother-board processor(s)
   Board 0 has 4 channel(s), device address 80

       >>> SLOT CONFIGURATIONS <<<

SLOT 0, NODE CODE, has 250 K-bytes of core, from 19200 to 579FF
   2 logical unit(s)
   L.U. 0 is sync line 0
   L.U. 1 is sync line 1

SLOT 1 has 50 K-bytes of core, from 57A00 to 641FF
   1 logical unit(s)
   L.U. 0 is async group 0

SLOT 2 has 110 K-bytes of core, from 64200 to 7F9FF
   2 logical unit(s)
   L.U. 0 is sync line 2
   L.U. 1 is sync line 3

SLOT 3 has 150 K-bytes of core, from 7FA00 to 0A51FF
   3 logical unit(s)
   L.U. 0 is M.Board channel 0
   L.U. 1 is M.Board channel 1
   L.U. 2 is M.Board channel 2

***Highest location used in this configuration is 0A5200

Requires 665d k-bytes of core


.............................................


Code Generated:  09/18/89  14:30:19 GMT

.............................................

End of assembly
;X   (SOURCE)I2IS07.P03

;; ISIS-II Version 7.03 Patch File

;@   (SOURCE)I2IS07.Q03

ISIS 7.03 PATCH 1
  Fixes reversed CTS and DSR on HDLC micro.

ISIS 7.03 PATCH 2
  This patch is superseded by patch 4.

ISIS 7.03 PATCH 3
  Causes ISIS to read memory error log before crashing.

ISIS 7.03 PATCH 4
  Refreshes CPU and MAC registers to avoid degradation.
  (Updated version of patch 2)

ISIS 7.03 PATCH 5
  Correctly initializes registers for checking newlog bit array

ISIS 7.03 PATCH 6
  Wraps around accounting char counts when count exceeds 28 bits

ISIS 7.03 PATCH 7
Patch to prevent disk from doing retries on a 
controller errror

ISIS 7.03 PATCH 8
  Corrects initialization order of Emulated Sync.
  Also it allows window for interrupts to be flushed
  during initialization.

ISIS 7.03 PATCH 9
have DCSLOT free channels for ports in time-out
or clean-up

ISIS 7.03 PATCH 10
Have KRASHI report crashes to dispatcher
and pause slot for 4 seconds

ISIS 7.03 PATCH 11
Keep DDT Mask command from crashing machine

ISIS 7.03 PATCH 12
Have restart SVC disable watch-frog timer

ISIS 7.03 PATCH 13
Crash ISIS on DMA parity error

ISIS 7.03 PATCH 14 
 CLEAR DHANG ON SYSTEM CRASH 

ISIS 7.03 PATCH 15 
THIS PATCH IS USED TO CORRECT  A TID RECOGNITION5 
FOR 300 BAUD WHEN USING HIGH SPEED INTERRUPTS.

ISIS 7.03 PATCH 16 
ISIS VERSION GREATER 6 ALLOWS WRITING PAST SEGMENT 
BOUNDARIES WITHOUT PROTECTION.  CHANGES MADE FOR  
MULTIMEG SUPPORT INDUCED THIS PROBLEM.  THIS PATCH 
PROTECTS ISIS FROM OVER WRITING BOUNDARIES. 
See NSR 1772 

ISIS 7.03 PATCH 17
This patch fixes timing problems associated
with the initialization of HDLC micro-engine
channels that are emulation TYMNET sync.

End of assembly


1;F   nw2163.NIB

70;T
0,SUMTBL;P
INTLEN,IEND-INTLEN;P
%P
SEGF,SFSIZE;P

;;
;;  -- E.O.F.
;;
%Q
EXIT

-R NAD
1.5
;X   NW2163.C00

;;......................................................................
;;.                                                                    .
;;.                                                                    .
;;.                          [  NODE CODE  ]                           .
;;.    Node : 2163                                 Updated: 24-Aug-88  .
;;.  Kernal : 163                                       By: KPH        .
;;.   Hosts :                                      Version: 5.22       .
;;.                                                                    .
;;......................................................................
;; T-II/ISIS NODE CODE COMMAND FILE
;@   (SOURCE)TII05.I22

End of assembly
;@   nw2163.TYM

End of assembly
;@   GOODGY.ZZZ

End of assembly
;@   (SOURCE)TII05.R22

End of assembly
;@   (SOURCE)TII05.F22


TYMNET-II Node Code, Version 5.22, ISIS Node

Node: 2163  Kernel Host: 163

Ports:		Lines:		Links:
   256d Pthru	     2d Sync	     1d TIILNK
     3d Xray	     0d SIO	     1d XLNK
		     2d Total	     2d Total
   256d Disp
     4d Krnl

Maximum number of circuits =  560d 


Bufferlet storage space:

  7A80x bytes (  31d KB) for  560d circuit buffers ( 56d bytes per circuit)
 0A2B2x bytes ( 41d KB) for  272d history buffers (153d bytes per termination)
 11D32x bytes ( 72d KB) for  560d total circuits  (130d bytes per circuit)


Memory used by this configuration = 3E800x, 250d KB.

Optimal amount of memory for this configuration =   238d  KB.

End of assembly
;@   (SOURCE)TII05.P22


       NETID is 21d.  This is a MGT network node.




PATCH added on 870811 at 0900 by JLADEN.
     Starts at ATTLI0+20 and is 10x bytes long
<<< FIX RESET VERSION COMPATIBILTY PROBLEM >>>

PATCH added on 870907 at 0138 by SDW.
     Starts at RTBFA2+4 and is 6x bytes long
<<< PATCH TO FIX REGISTER USAGE BY IMPROVED REBUILD ROUTINE >>>

PATCH added on 870211 at 1800 by SDW.
     Starts at HSTDI4+0C and is 4x bytes long
<<< Patch to have XRAY HS U command display up hosts that have no ports >>>

PATCH added on 880121 at 1301 by sdw.RESET1.
     Starts at ATTL05-8 and is 6x bytes long
	Continues at PATCH1+0 and is 3Ax bytes long
<<< Make old style reset packet always have old style reset data >>>

PATCH added on 880829 at 1400 by sdw.RESET2.
     Starts at ATTLIN+8 and is 6x bytes long
	Continues at PATCH1+3A and is 54x bytes long
<<< Handle neighbor switching between old and expanded resets >>>

PATCH added on 880126 at 1756 by sdw.RES4M1.
     Starts at G04MIN and is 6x bytes long
	Continues at PATCH0+0 and is 0Ex bytes long
	Continues at PATCH1+74 and is 0D8x bytes long
<<< Send a old style reset every four minutes to help lines to come up >>>

PATCH added on 880126 at 1845 by sdw.RES4M2.
     Starts at G01SE3 and is 6x bytes long
	Continues at PATCH1+12C and is 8Ax bytes long
<<< Part 2 of patch to occasionally send old style resets. >>>

PATCH added on 880306 at 109 by sdw.FIX DB.
     Starts at DBEGIN and is 6x bytes long
	Continues at PATCH1+1B6 and is 1Cx bytes long
<<< Disable DB command from local Xray to prevent crash or corrupted data >>>

PATCH added on 880305 at 123 by sdw.FIX WB.
     Starts at XWRBUF and is 6x bytes long
	Continues at PATCH1+1D2 and is 30x bytes long
	Continues at xwrbuf+6 and is 12x bytes long
<<< Disable WB command from local Xray to prevent crash or corrupted data >>>

PATCH added on 880305 at 134 by sdw.REMZAP.
     Starts at REMZA6+2 and is 6x bytes long
	Continues at PATCH1+1F4 and is 10x bytes long
<<< Fix potential crash when Xray user zaps before clearing delay circuits >>>

PATCH added on 880307 at 0934 by sdw.NETIDBG.
     Starts at ATTNID and is 12x bytes long
	Continues at PATCH0+12 and is 8x bytes long
<<< Do not put neighbor with bad NETID on node's bad guy list >>>

PATCH added on 880317 at 1523 by sdw.XRAYIN.
     Starts at XRYIN7 and is 4x bytes long
<<< Fix local XRAY to have a dismiss when waiting for character >>>

PATCH added on 880408 at 1500 by SLN.FNDLNK.
     Starts at CRQZOG+6 and is 0Ex bytes long
	Continues at LEP9V2-20 and is 0Ex bytes long
	Continues at PATCH1+204 and is 4Cx bytes long
<<< Fix crash 0007 from Qexec corruption >>>

PATCH added on 880410 at 1525 by sdw.ATT.R2.
     Starts at ATTLDW and is 6x bytes long
	Continues at PATCH1+250 and is 14x bytes long
<<< Fix crash in line attach logic due to corrupted register >>>

PATCH added on 880405 at 2334 by sdw.WSZDWN.
     Starts at MCHD04+4 and is 6x bytes long
	Continues at TRLINZ and is 6x bytes long
	Continues at PATCH1+264 and is 66x bytes long
	Continues at PATCH0+1A and is 10x bytes long
<<< Fix windowsize matchdown to restore to original when link goes down >>>

PATCH added on 880425 at 1713 by sdw.HSecNS.
     Starts at XSTMS0 and is 4Cx bytes long
<<< Fix NS to show proper time spent in H-SEC process >>>

PATCH added on 880426 at 2214 by sdw.KDCMTS.
     Starts at XNEI7B and is 6x bytes long
	Continues at PATCH1+2CA and is 1Ax bytes long
<<< Fix Xray KD command to correctly count number of command circuits >>>

PATCH added on 880623 at 1330 by sdw.OOPS.
     Starts at SFAIL-0a and is 6x bytes long
	Continues at PATCH1+2E4 and is 10x bytes long
<<< Save R0 and R1 when doing software crashes >>>

PATCH added on 880706 at 1301 by CMR.XRDBRM.
     Starts at DBEGI8 and is 6x bytes long
	Continues at PATCH1+2F4 and is 20x bytes long
<<< Reset INTXRF flag when entering 'DB' command >>>

PATCH added on 880725 at 1500 by sdw.DBFILL.
     Starts at DBEGI5 and is 6x bytes long
	Continues at PATCH1+304 and is 1Ex bytes long
<<< Prevent crash caused by delay circuits using all bufferlets >>>

PATCH added on 880729 at 1600 by SDW.ZR7263.
     Starts at dsozw7 and is 6x bytes long
	Continues at PATCH1+322 and is 1Cx bytes long
<<< Fix problem with Zap With Reason which leads to a 7263 crash >>>

PATCH added on 880930 at 115 by sdw.NI cmd.
     Starts at XNID+10 and is 6x bytes long
	Continues at qrychn-6 and is 6x bytes long
	Continues at PATCH1+33E and is 100x bytes long
<<< Change Xray NI command to also display the NETIDs for each line >>>

PATCH added on 881128 at 0113 by sdw.GETPWR.
     Starts at getpwr+18 and is 0Ex bytes long
<<< Fix Xray GP to work for all Node and Host numbers >>>

PATCH added on 890625 at 1645 by sdw.ExpOld.
     Starts at atl061+4 and is 6x bytes long
	Continues at PATCH1+436 and is 50x bytes long
<<< Don't let links between v5.20+ neighbors come up on old style resets >>>

PATCH added on 881202 at 2313 by sdw.?slot.
     Starts at 0e00a4 and is 6x bytes long
<<< Set up Segment E so that DDT ?SLOT command works properly >>>

PATCH added on 881202 at 2255 by sdw.W.SegE.
     Starts at write4+0a and is 6x bytes long
	Continues at writf4+0a and is 6x bytes long
	Continues at chkdat+0f*4 and is 4x bytes long
	Continues at PATCH1+472 and is 40x bytes long
<<< Prevent Xray W or WS command from writing to Seg E or Seg F >>>

PATCH added on 881213 at 1655 by sdw.FIX RB.
     Starts at xrdbu3+4 and is 6x bytes long
	Continues at PATCH1+4A2 and is 40x bytes long
<<< Put a range check on Xray RB command >>>

PATCH added on 881213 at 1655 by sdw.FIX SM.
     Starts at setme0+6 and is 6x bytes long
	Continues at PATCH1+4C2 and is 40x bytes long
<<< Put a range check on Xray SM command >>>

PATCH added on 881213 at 1655 by sdw.FIX AP.
     Starts at setpr0+6 and is 6x bytes long
	Continues at PATCH1+4D4 and is 40x bytes long
<<< Put a range check on Xray AP command >>>

PATCH added on 890207 at 250 by sdw.HSslot.
     Starts at hstdi5+8 and is 4x bytes long
<<< Fix Xray HS <value> S command to display all hosts for that slot >>>

PATCH added on 890222 at 141 by sdw.KD r8.
     Starts at xneig2-16 and is 12x bytes long
<<< Fix potential crash due to improperly orderred instructions >>>
End of assembly
1;F   nw2163.N00

;X   (SOURCE)TIII05.WRT

SEG0,RSEG0;P
SEG1,S1SIZE;P
SEGD,SDSIZE;P
SEGF,SFSIZE;P
CTA,CTASIZ;P
%P
%Q
EXIT

-R NAD
1.5
;X   NW2163.C03

;;......................................................................
;;.                                                                    .
;;.			  Global Data Network                          .
;;.                                                                    .
;;.                          [   X.25   ]                              .
;;.    Node : 2163 	                           Updated: 29-DEC-88  .
;;.  Kernal : 163                                       By: AJF        .
;;.   Hosts :                                      Version: 4.03       .
;;.                                                                    .
;;......................................................................
 TITLE TYMSHARE X.25/X.75 COMMUNICATIONS INTERFACE -- VERSION 04.03 / F36
1[   0   DDTDIA:   
GL PHSIZE
400[   0   PHSIZE:   
400[   0   P0SIZE:   
GL P1SIZE
1000[   0   p1size:   
;@   (SOURCE)XCOM04.I03

End of assembly
;@   nw2163.T04
   ?
DEL *.TMP

Undefined opcode   ?
UN/P

Undefined not allowed
Undefined not allowed   ?
R MERLIN

Undefined opcode   ?
@NW2163.MER

Undefined not allowed   ?


EXIT

-SEND UL6NET
Type letter:
; PCOM v1.63 - processed: (UL6NET)LOFILE.LOG = (UL6NET)NW2163.GEN
; Options: DETACH  LOG NOAPPEND SUPERSEDE LICENSE 
; Limits: TIME:60 TRULIMIT:0 
; Status: completed.
; Output recorded in file (UL6NET)LOFILE.LOG.

End of SAIL execution
-LOGOUT
1456.26 tru
terminal time: 0:07:07
 